1607115184 5.6
1607115186 5.8
1607115187 5.9
1607115188 5.9
1607115189 6.0
1607115190 6.0
1607115191 6.0
1607115192 6.0
1607115193 6.1
1607115194 6.2
1607115195 6.2
1607115196 6.2
1607115197 6.2
1607115198 6.3
1607115199 6.3
1607115200 6.3
1607115201 6.2
1607115202 6.3
1607115203 6.3
1607115204 6.3
1607115205 6.0
1607115206 5.8
1607115207 5.6
1607115208 5.5
1607115209 5.6
1607115210 5.7
1607115211 5.8
1607115212 5.9
1607115213 5.9
1607115214 6.0
1607115215 6.0
1607115216 6.1
1607115217 6.1
1607115218 6.1
1607115219 6.1
1607115220 6.1
1607115221 6.2
1607115222 6.1
1607115223 5.9
1607115224 5.8
1607115225 5.6
1607115226 5.3
1607115227 5.5
1607115228 5.7
1607115229 5.8
1607115230 5.9
1607115231 5.9
1607115232 6.0
1607115233 6.1
1607115234 6.1
1607115235 6.1
1607115236 5.9
1607115237 5.6
1607115238 5.3
1607115239 5.0
1607115240 4.9
1607115241 5.2
1607115242 5.4
1607115243 5.6
1607115244 5.7
1607115245 5.9
1607115246 6.0
1607115247 6.1
1607115248 6.1
1607115249 6.1
1607115250 6.1
1607115251 6.1
1607115252 6.1
1607115253 5.8
1607115254 5.7
1607115255 5.6
1607115256 5.6
1607115257 5.6
1607115258 5.7
1607115259 5.8
1607115260 5.8
1607115261 5.9
1607115262 6.0
1607115263 6.0
1607115264 6.0
1607115265 6.1
1607115266 6.1
1607115267 6.1
1607115268 6.1
1607115269 5.8
1607115270 5.6
1607115271 5.4
1607115272 5.3
1607115273 5.1
1607115274 5.3
1607115275 5.5
1607115276 5.6
1607115277 5.7
1607115278 5.8
1607115279 5.9
1607115280 6.0
1607115281 6.0
1607115282 6.0
1607115283 6.0
1607115284 6.0
1607115285 6.0
1607115286 6.1
1607115287 6.1
1607115288 6.0
1607115289 6.1
1607115290 6.1
1607115291 5.9
1607115292 5.6
1607115293 5.7
1607115294 5.8
1607115295 5.9
1607115296 5.9
1607115297 6.0
1607115298 6.0
1607115299 6.0
1607115300 6.0
1607115301 6.1
1607115302 6.1
1607115303 6.1
1607115304 6.0
1607115305 5.8
1607115306 5.8
1607115307 5.6
1607115308 5.6
1607115309 5.4
1607115310 5.6
1607115311 5.8
1607115312 5.8
1607115313 5.9
1607115314 6.0
1607115315 6.0
1607115316 6.0
1607115317 6.0
1607115318 6.1
1607115319 6.1
1607115320 6.1
1607115321 6.1
1607115322 6.1
1607115323 6.1
1607115324 6.1
1607115325 6.1
1607115326 6.1
1607115327 6.1
1607115328 6.1
1607115329 6.1
1607115330 6.0
1607115331 5.8
1607115332 5.5
1607115333 5.2
1607115334 5.0
1607115335 5.0
1607115336 5.2
1607115337 5.3
1607115338 5.1
1607115339 5.2
1607115340 5.2
1607115341 5.0
1607115342 4.9
1607115343 5.2
1607115344 5.4
1607115345 5.6
1607115346 5.7
1607115347 5.7
1607115348 5.8
1607115349 5.9
1607115350 5.9
1607115351 6.0
1607115352 6.0
1607115353 6.0
1607115354 6.1
1607115355 6.1
1607115356 6.1
1607115357 5.9
1607115358 5.6
1607115359 5.3
1607115360 5.1
1607115361 4.8
1607115362 5.0
1607115363 5.3
1607115364 5.4
1607115365 5.6
1607115366 5.7
1607115367 5.9
1607115368 5.9
1607115369 5.9
1607115370 6.1
1607115371 6.1
1607115372 6.2
1607115373 6.2
1607115374 6.2
1607115375 6.2
1607115376 6.2
1607115377 6.2
1607115378 6.2
1607115379 6.2
1607115380 6.2
1607115381 6.2
1607115382 6.1
1607115383 6.1
1607115384 6.0
1607115385 5.9
1607115386 6.1
1607115387 6.0
1607115388 5.9
1607115389 6.0
1607115390 6.0
1607115391 5.9
1607115392 6.0
1607115393 5.9
1607115394 5.9
1607115395 5.8
1607115396 5.8
1607115397 5.8
1607115398 5.8
1607115399 5.8
1607115400 5.8
1607115401 5.8
1607115402 5.7
1607115403 5.7
1607115404 5.8
1607115405 5.8
1607115406 5.7
1607115407 5.7
1607115408 5.7
1607115409 5.7
1607115410 5.8
1607115411 5.8
1607115412 5.6
1607115413 5.3
1607115414 5.1
1607115415 4.9
1607115416 4.9
1607115417 4.9
1607115418 4.8
1607115419 4.7
1607115420 4.5
1607115421 4.6
1607115422 4.8
1607115423 4.6
1607115424 4.6
1607115427 5.0
1607115429 4.7
1607115436 5.7
1607115437 5.8
1607115438 5.9
1607115439 5.9
1607115440 6.0
1607115441 6.0
1607115442 6.1
1607115443 6.1
1607115444 6.1
1607115445 6.2
1607115446 6.2
1607115447 6.2
1607115448 6.2
1607115449 6.3
1607115450 6.3
1607115451 6.3
1607115452 6.3
1607115453 6.3
1607115454 6.0
1607115455 5.7
1607115456 5.4
1607115457 5.2
1607115458 5.1
1607115459 5.3
1607115460 5.5
1607115461 5.3
1607115462 5.1
1607115463 5.0
1607115464 4.9
1607115465 4.8
1607115466 5.1
1607115467 5.3
1607115468 5.5
1607115469 5.6
1607115470 5.8
1607115471 5.9
1607115472 5.9
1607115473 6.0
1607115474 6.1
1607115475 6.1
1607115476 6.1
1607115477 6.2
1607115478 6.2
1607115479 6.2
1607115480 6.2
1607115481 6.2
1607115482 6.2
1607115483 6.2
1607115484 6.2
1607115485 6.1
1607115486 6.1
1607115487 6.0
1607115488 6.0
1607115489 6.0
1607115490 6.0
1607115491 6.0
1607115492 6.0
1607115493 6.0
1607115494 6.0
1607115495 6.0
1607115496 6.0
1607115497 6.0
1607115498 6.0
1607115499 6.1
1607115500 6.1
1607115501 6.0
1607115502 6.0
1607115503 5.9
1607115504 5.9
1607115505 5.9
1607115506 6.0
1607115507 5.9
1607115508 5.9
1607115509 5.9
1607115510 5.8
1607115511 5.9
1607115512 5.9
1607115513 5.8
1607115514 5.6
1607115515 5.4
1607115516 5.1
1607115517 5.0
1607115518 5.3
1607115519 5.5
1607115520 5.6
1607115521 5.7
1607115522 5.8
1607115523 5.9
1607115524 5.9
1607115525 6.0
1607115526 6.0
1607115527 6.0
1607115528 6.0
1607115529 6.0
1607115530 6.0
1607115531 6.0
1607115532 6.0
1607115533 6.1
1607115534 6.0
1607115535 6.0
1607115536 5.8
1607115537 5.8
1607115538 5.9
1607115539 5.9
1607115540 5.9
1607115541 6.0
1607115542 6.0
1607115543 6.0
1607115544 6.1
1607115545 6.0
1607115546 6.1
1607115547 6.1
1607115548 6.1
1607115549 6.1
1607115550 6.1
1607115551 6.1
1607115552 6.1
1607115553 6.0
1607115554 6.1
1607115555 6.0
1607115556 6.0
1607115557 6.0
1607115558 6.0
1607115559 5.9
1607115560 5.6
1607115561 5.4
1607115562 5.3
1607115563 5.3
1607115564 5.5
1607115565 5.6
1607115566 5.7
1607115567 5.8
1607115568 5.8
1607115569 5.8
1607115570 5.9
1607115571 5.9
1607115572 5.9
1607115573 6.0
1607115574 6.0
1607115575 6.0
1607115576 6.0
1607115577 6.0
1607115578 6.0
1607115579 5.9
1607115580 5.9
1607115581 5.6
1607115582 5.4
1607115583 5.1
1607115584 4.9
1607115585 5.0
1607115586 5.2
1607115587 5.4
1607115588 5.5
1607115589 5.6
1607115590 5.7
1607115591 5.8
1607115592 5.9
1607115593 5.9
1607115594 6.0
1607115595 6.0
1607115596 5.9
1607115597 5.7
1607115598 5.4
1607115599 5.2
1607115600 5.0
1607115601 5.1
1607115602 5.4
1607115603 5.5
1607115604 5.7
1607115605 5.8
1607115606 5.8
1607115607 5.9
1607115608 5.9
1607115609 6.0
1607115610 6.0
1607115611 6.0
1607115612 6.0
1607115613 6.0
1607115614 5.6
1607115615 5.4
1607115616 5.2
1607115617 5.0
1607115618 5.0
1607115619 5.3
1607115620 5.5
1607115621 5.6
1607115622 5.8
1607115623 5.9
1607115624 6.0
1607115625 6.0
1607115626 6.1
1607115627 6.1
1607115628 6.0
1607115629 5.7
1607115630 5.6
1607115631 5.5
1607115632 5.3
1607115633 5.5
1607115634 5.6
1607115635 5.7
1607115636 5.8
1607115637 5.9
1607115638 5.9
1607115639 6.0
1607115640 6.0
1607115641 6.0
1607115642 6.0
1607115643 6.0
1607115644 6.0
1607115645 5.8
1607115646 5.6
1607115647 5.4
1607115648 5.3
1607115649 5.1
1607115650 5.3
1607115651 5.5
1607115652 5.6
1607115653 5.7
1607115654 5.8
1607115655 5.8
1607115656 5.8
1607115657 5.8
1607115658 5.6
1607115659 5.4
1607115660 5.2
1607115661 5.0
1607115662 4.7
1607115663 4.5
1607115664 4.4
1607115665 4.3
1607115666 4.1
1607115667 4.3
1607115668 4.5
1607115669 4.4
1607115670 4.6
1607115673 5.0