1607103461 5.0
1607103462 4.8
1607103463 4.6
1607103464 4.8
1607103465 5.1
1607103466 5.4
1607103467 5.6
1607103468 5.7
1607103469 5.8
1607103470 5.8
1607103471 5.9
1607103472 6.0
1607103473 6.0
1607103474 6.1
1607103475 6.1
1607103476 6.2
1607103477 6.2
1607103478 6.3
1607103479 6.3
1607103480 6.3
1607103481 6.3
1607103482 6.3
1607103483 6.2
1607103484 6.3
1607103485 6.3
1607103486 6.2
1607103487 6.2
1607103488 6.3
1607103489 6.3
1607103490 6.2
1607103491 6.2
1607103492 6.2
1607103493 6.2
1607103494 6.3
1607103495 6.3
1607103496 6.0
1607103497 6.0
1607103498 6.0
1607103499 6.1
1607103500 6.1
1607103501 6.1
1607103502 6.1
1607103503 6.1
1607103504 6.0
1607103505 6.0
1607103506 6.1
1607103507 6.1
1607103508 6.1
1607103509 5.8
1607103510 5.6
1607103511 5.6
1607103512 5.4
1607103513 5.6
1607103514 5.7
1607103515 5.8
1607103516 5.9
1607103517 5.9
1607103518 6.0
1607103519 6.0
1607103520 5.7
1607103521 5.5
1607103522 5.4
1607103523 5.2
1607103524 5.0
1607103525 5.3
1607103526 5.5
1607103527 5.6
1607103528 5.8
1607103529 5.9
1607103530 6.0
1607103531 6.0
1607103532 6.1
1607103533 6.1
1607103534 6.1
1607103535 6.1
1607103536 6.1
1607103537 6.1
1607103538 6.1
1607103539 6.1
1607103540 6.1
1607103541 6.1
1607103542 6.0
1607103543 6.1
1607103544 6.1
1607103545 6.1
1607103546 6.1
1607103547 6.1
1607103548 6.1
1607103549 5.8
1607103550 5.5
1607103551 5.3
1607103552 5.0
1607103553 5.1
1607103554 5.3
1607103555 5.3
1607103556 5.1
1607103557 4.8
1607103558 4.8
1607103559 4.7
1607103560 4.9
1607103561 5.2
1607103562 5.4
1607103563 5.5
1607103564 5.7
1607103566 5.8
1607103567 5.8
1607103568 6.0
1607103569 6.0
1607103570 6.1
1607103572 6.1
1607103573 5.8
1607103574 5.5
1607103575 5.3
1607103576 5.1
1607103577 5.0
1607103578 5.3
1607103579 5.5
1607103580 5.6
1607103581 5.7
1607103582 5.8
1607103583 5.9
1607103585 6.1
1607103587 6.1
1607103589 6.1
1607103591 6.2
1607103593 6.3
1607103595 6.2
1607103596 6.2
1607103598 6.2
1607103600 6.1
1607103602 6.1
1607103604 6.0
1607103606 5.9
1607103608 5.9
1607103610 5.8
1607103612 5.9
1607103614 5.9
1607103616 5.9
1607103623 5.8
1607103625 5.8
1607103627 5.6
1607103629 5.1
1607103631 4.9
1607103633 5.4
1607103640 6.0
1607103647 6.1
1607103654 5.4
1607103656 5.8
1607103658 5.9
1607103660 5.9
1607103662 5.8
1607103664 5.5
1607103666 5.3
1607103668 5.6
1607103670 5.8
1607103671 5.8
1607103672 5.9
1607103673 5.9
1607103674 5.9
1607103675 6.0
1607103676 6.0
1607103677 6.0
1607103678 6.0
1607103679 6.0
1607103680 5.8
1607103681 5.7
1607103682 5.6
1607103683 5.3
1607103684 5.2
1607103685 5.5
1607103686 5.6
1607103687 5.7
1607103688 5.8
1607103689 5.8
1607103690 5.9
1607103691 5.9
1607103692 5.9
1607103693 5.9
1607103694 6.0
1607103695 6.0
1607103696 6.1
1607103697 5.9
1607103698 5.6
1607103699 5.4
1607103700 5.3
1607103701 5.1
1607103702 4.9
1607103703 4.7
1607103704 4.5
1607103705 4.5
1607103706 4.7
1607103707 4.9
1607103708 5.0
1607103709 5.0
1607103710 5.2
1607103711 5.3
1607103712 5.3
1607103713 5.3
1607103720 5.5
1607103727 6.0
1607103728 6.1
1607103729 6.2
1607103730 6.2
1607103731 6.3
1607103732 6.3
1607103733 6.3
1607103734 6.3
1607103735 6.3
1607103736 6.2
1607103737 6.2
1607103738 6.2
1607103739 6.2
1607103740 6.3
1607103741 6.2
1607103742 6.2
1607103743 6.1
1607103744 5.7
1607103745 5.6
1607103746 5.5
1607103747 5.3
1607103748 5.4
1607103749 5.7
1607103750 5.7
1607103751 5.8
1607103752 5.9
1607103753 6.0
1607103754 6.0
1607103755 6.0
1607103756 6.1
1607103757 6.1
1607103758 6.1
1607103759 6.1
1607103760 6.1
1607103761 6.1
1607103762 6.1
1607103763 6.1
1607103764 6.1
1607103765 6.1
1607103766 6.1
1607103767 6.1
1607103768 6.2
1607103769 6.1
1607103770 6.2
1607103771 6.1
1607103772 5.8
1607103773 5.5
1607103774 5.3
1607103775 5.0
1607103776 5.2
1607103777 5.4
1607103778 5.6
1607103779 5.8
1607103780 5.9
1607103781 6.0
1607103782 6.0
1607103783 6.1
1607103784 6.1
1607103785 6.1
1607103786 6.1
1607103787 6.0
1607103788 5.7
1607103789 5.6
1607103790 5.5
1607103791 5.6
1607103792 5.8
1607103793 5.8
1607103794 5.9
1607103795 5.9
1607103796 6.0
1607103797 6.0
1607103798 5.9
1607103799 6.0
1607103800 6.0
1607103801 6.0
1607103802 6.0
1607103803 6.0
1607103804 6.0
1607103805 6.0
1607103806 6.0
1607103807 6.0
1607103808 5.8
1607103809 5.7
1607103810 5.5
1607103811 5.4
1607103812 5.2
1607103813 5.4
1607103814 5.6
1607103815 5.7
1607103816 5.7
1607103817 5.8
1607103818 5.9
1607103819 5.8
1607103820 5.5
1607103821 5.4
1607103822 5.4
1607103823 5.3
1607103824 5.3
1607103825 5.5
1607103826 5.6
1607103827 5.7
1607103828 5.8
1607103829 5.8
1607103830 5.8
1607103831 5.9
1607103832 6.0
1607103833 6.0
1607103834 6.0
1607103835 6.0
1607103836 6.0
1607103837 6.0
1607103838 6.0
1607103839 6.0
1607103840 6.0
1607103841 6.1
1607103842 6.1
1607103843 6.1
1607103844 6.1
1607103845 6.1
1607103846 5.9
1607103847 6.0
1607103848 6.0
1607103849 6.1
1607103850 6.0
1607103851 5.9
1607103852 6.0
1607103853 6.0
1607103854 5.9
1607103855 5.9
1607103856 5.9
1607103857 5.9
1607103858 5.9
1607103859 5.8
1607103860 5.8
1607103861 5.6
1607103862 5.4
1607103863 5.3
1607103864 5.1
1607103865 4.9
1607103866 5.0
1607103867 4.9
1607103868 4.7
1607103869 4.7
1607103870 4.7
1607103871 4.8
1607103872 4.9
1607103873 4.9
1607103874 4.8
1607103875 4.8
1607103876 4.9
1607103877 4.7
1607103878 4.9
1607103879 4.9
1607103880 4.7
1607103881 4.6
1607103882 4.4
1607103883 4.3
1607103884 4.5
1607103885 4.5
1607103886 4.5
1607103887 4.3
1607103888 4.2
1607103889 4.1
1607103890 4.5
1607103891 4.6
1607103892 4.5
1607103893 4.3
1607103894 4.2
1607103895 4.1
1607103896 4.6
1607103897 5.0
1607103898 5.4
1607103899 5.6
1607103900 5.7
1607103901 5.9
1607103902 6.0
1607103903 6.1
1607103904 6.3
1607103905 6.3
1607103906 6.4
1607103907 6.5
1607103908 6.3
1607103909 6.0
1607103910 5.8
1607103911 5.6
1607103912 5.3
1607103913 5.4
1607103914 5.7
1607103915 5.9
1607103916 6.0
1607103917 6.1
1607103918 6.1
1607103919 6.2
1607103920 6.2
1607103921 6.2
1607103922 6.2
1607103923 5.9
1607103924 5.6
1607103925 5.4
1607103926 5.3
1607103927 5.4
1607103928 5.6
1607103929 5.8
1607103930 5.9
1607103931 6.0
1607103932 6.1
1607103933 6.1
1607103934 6.1
1607103935 6.2
1607103936 6.2
1607103937 6.3
1607103938 6.3
1607103939 6.2
1607103940 5.8
1607103941 5.5
1607103942 5.3
1607103943 5.0
1607103944 5.1
1607103945 5.4
1607103946 5.5
1607103947 5.4
1607103948 5.2
1607103949 5.0
1607103950 4.9
1607103951 4.8
1607103952 4.6
1607103953 4.4
1607103954 4.3
1607103955 4.3
1607103956 4.3
1607103957 4.6
1607103958 4.6
1607103959 4.6
1607103960 5.0
1607103962 5.2
1607103964 4.9