1607102958 4.8
1607102959 4.6
1607102960 4.5
1607102961 4.8
1607102962 5.1
1607102963 5.3
1607102964 5.5
1607102965 5.7
1607102966 5.8
1607102967 5.9
1607102968 5.9
1607102969 6.0
1607102970 6.0
1607102971 6.1
1607102972 6.2
1607102973 6.3
1607102974 6.3
1607102975 6.4
1607102976 6.4
1607102977 6.4
1607102978 6.4
1607102979 6.4
1607102980 6.3
1607102981 6.3
1607102982 6.4
1607102983 6.4
1607102984 6.3
1607102985 6.3
1607102986 6.3
1607102987 6.3
1607102988 6.3
1607102989 6.3
1607102990 6.3
1607102991 6.2
1607102992 6.2
1607102993 6.2
1607102994 6.3
1607102995 6.2
1607102996 6.2
1607102997 6.1
1607102998 6.1
1607102999 6.1
1607103000 6.1
1607103001 6.0
1607103002 6.0
1607103003 6.0
1607103004 6.0
1607103005 5.9
1607103006 5.9
1607103007 5.9
1607103008 5.9
1607103009 5.9
1607103010 5.9
1607103011 6.0
1607103012 6.0
1607103013 5.9
1607103014 5.9
1607103015 5.8
1607103016 5.8
1607103017 5.8
1607103018 5.9
1607103019 5.9
1607103020 5.9
1607103021 5.9
1607103022 5.9
1607103023 6.0
1607103024 6.0
1607103025 5.8
1607103026 5.6
1607103027 5.5
1607103028 5.3
1607103029 5.3
1607103030 5.6
1607103031 5.6
1607103032 5.7
1607103033 5.8
1607103034 5.8
1607103035 5.9
1607103036 6.0
1607103037 6.0
1607103038 6.0
1607103039 6.0
1607103040 6.0
1607103041 6.1
1607103042 6.1
1607103043 6.1
1607103044 6.1
1607103045 6.1
1607103046 6.1
1607103047 6.1
1607103048 6.0
1607103049 5.9
1607103050 6.0
1607103051 6.0
1607103052 5.7
1607103053 5.4
1607103054 5.2
1607103055 5.2
1607103056 5.3
1607103057 5.5
1607103058 5.7
1607103059 5.8
1607103060 5.8
1607103061 5.9
1607103062 6.0
1607103063 6.0
1607103064 6.1
1607103065 6.1
1607103066 6.1
1607103067 6.1
1607103068 6.1
1607103069 6.1
1607103070 6.1
1607103071 6.1
1607103072 6.1
1607103073 6.1
1607103074 6.1
1607103075 6.1
1607103076 6.1
1607103077 6.1
1607103078 6.1
1607103079 6.1
1607103080 6.0
1607103081 5.7
1607103082 5.4
1607103083 5.1
1607103084 4.9
1607103085 5.3
1607103086 5.5
1607103087 5.6
1607103088 5.8
1607103089 5.8
1607103090 5.9
1607103091 6.0
1607103092 6.0
1607103093 6.0
1607103094 6.0
1607103095 6.1
1607103096 6.1
1607103097 6.0
1607103098 6.0
1607103099 6.1
1607103100 6.1
1607103101 6.1
1607103102 5.9
1607103103 5.6
1607103104 5.4
1607103105 5.1
1607103106 4.9
1607103107 5.1
1607103108 5.4
1607103109 5.6
1607103110 5.7
1607103111 5.8
1607103112 5.8
1607103113 5.9
1607103114 5.9
1607103115 6.0
1607103116 6.0
1607103117 6.1
1607103118 6.0
1607103119 5.8
1607103120 5.6
1607103121 5.4
1607103122 5.4
1607103123 5.6
1607103124 5.6
1607103125 5.7
1607103126 5.7
1607103127 5.8
1607103128 5.9
1607103129 5.9
1607103130 5.9
1607103131 6.0
1607103132 5.9
1607103133 5.6
1607103134 5.3
1607103135 5.0
1607103136 4.8
1607103137 5.1
1607103138 5.4
1607103139 5.5
1607103140 5.7
1607103141 5.7
1607103142 5.8
1607103143 5.9
1607103144 5.9
1607103145 6.0
1607103146 6.0
1607103147 6.0
1607103148 6.0
1607103149 6.0
1607103150 5.8
1607103151 5.6
1607103152 5.6
1607103153 5.5
1607103154 5.5
1607103155 5.7
1607103156 5.8
1607103157 5.9
1607103158 6.0
1607103159 6.0
1607103160 6.0
1607103161 6.1
1607103162 6.1
1607103163 6.1
1607103164 6.1
1607103165 6.1
1607103166 5.8
1607103167 5.5
1607103168 5.3
1607103169 5.1
1607103170 5.1
1607103171 5.3
1607103172 5.5
1607103173 5.7
1607103174 5.8
1607103175 5.9
1607103176 5.9
1607103177 6.0
1607103178 6.1
1607103179 6.1
1607103180 6.1
1607103181 6.1
1607103182 6.1
1607103183 5.8
1607103184 5.7
1607103185 5.5
1607103186 5.4
1607103187 5.5
1607103188 5.6
1607103189 5.7
1607103190 5.7
1607103191 5.8
1607103192 5.9
1607103193 6.0
1607103194 5.9
1607103195 5.7
1607103196 5.4
1607103197 5.2
1607103198 4.9
1607103199 4.7
1607103200 4.6
1607103201 4.4
1607103202 4.2
1607103203 4.1
1607103204 4.2
1607103205 4.5
1607103206 4.4
1607103207 4.4
1607103215 4.9