1607068742 4.9
1607068743 4.7
1607068744 4.5
1607068745 4.5
1607068746 4.7
1607068747 5.0
1607068748 5.2
1607068749 5.4
1607068750 5.5
1607068751 5.6
1607068752 5.8
1607068753 5.9
1607068754 6.0
1607068755 6.0
1607068756 6.0
1607068757 6.1
1607068758 6.1
1607068759 6.1
1607068760 6.2
1607068761 6.2
1607068762 6.2
1607068763 6.2
1607068764 6.1
1607068765 6.1
1607068766 6.0
1607068767 6.1
1607068768 6.1
1607068770 6.1
1607068771 6.0
1607068772 5.8
1607068773 5.5
1607068774 5.3
1607068775 5.2
1607068776 5.4
1607068777 5.6
1607068778 5.6
1607068779 5.7
1607068780 5.8
1607068781 5.9
1607068782 5.9
1607068783 5.9
1607068784 5.9
1607068785 6.0
1607068786 6.0
1607068787 6.0
1607068788 6.0
1607068789 5.9
1607068790 5.8
1607068791 5.7
1607068792 5.5
1607068793 5.2
1607068794 5.1
1607068795 5.4
1607068796 5.5
1607068797 5.6
1607068798 5.7
1607068799 5.8
1607068800 5.9
1607068801 5.9
1607068802 5.9
1607068803 6.0
1607068804 6.0
1607068805 6.0
1607068806 6.0
1607068807 6.0
1607068808 6.0
1607068809 6.0
1607068810 5.9
1607068811 5.8
1607068812 5.5
1607068813 5.4
1607068814 5.4
1607068815 5.6
1607068816 5.7
1607068817 5.8
1607068818 5.8
1607068819 5.9
1607068820 6.0
1607068821 6.0
1607068822 6.0
1607068823 6.0
1607068824 6.1
1607068825 6.0
1607068826 6.0
1607068827 5.9
1607068828 5.6
1607068829 5.4
1607068830 5.1
1607068831 4.9
1607068832 5.0
1607068833 5.3
1607068834 5.4
1607068835 5.5
1607068836 5.6
1607068837 5.7
1607068838 5.8
1607068839 5.8
1607068840 5.9
1607068841 5.9
1607068842 5.9
1607068843 6.0
1607068844 6.0
1607068845 6.0
1607068846 6.0
1607068847 6.0
1607068848 6.1
1607068849 6.0
1607068850 5.8
1607068851 5.7
1607068852 5.8
1607068853 5.9
1607068854 5.9
1607068855 5.9
1607068856 5.9
1607068857 5.9
1607068858 5.9
1607068859 5.9
1607068860 6.0
1607068861 5.9
1607068862 5.9
1607068863 5.9
1607068864 5.9
1607068865 5.9
1607068866 5.9
1607068867 5.9
1607068868 5.9
1607068869 5.9
1607068870 5.9
1607068871 5.9
1607068872 5.8
1607068873 5.9
1607068874 5.8
1607068875 5.8
1607068876 5.7
1607068877 5.7
1607068878 5.8
1607068879 5.9
1607068880 5.8
1607068881 5.8
1607068882 5.7
1607068883 5.7
1607068884 5.7
1607068885 5.7
1607068886 5.7
1607068887 5.7
1607068888 5.7
1607068889 5.7
1607068890 5.7
1607068891 5.7
1607068892 5.7
1607068893 5.7
1607068894 5.7
1607068895 5.7
1607068896 5.7
1607068897 5.7
1607068898 5.7
1607068899 5.7
1607068900 5.7
1607068901 5.7
1607068902 5.7
1607068903 5.5
1607068904 5.2
1607068905 5.0
1607068906 4.8
1607068907 5.0
1607068908 5.3
1607068909 5.4
1607068910 5.6
1607068911 5.7
1607068912 5.7
1607068913 5.8
1607068914 5.8
1607068915 5.9
1607068916 5.9
1607068917 5.9
1607068918 5.9
1607068919 5.8
1607068920 5.7
1607068921 5.5
1607068922 5.2
1607068923 5.3
1607068924 5.4
1607068925 5.6
1607068926 5.6
1607068927 5.7
1607068928 5.8
1607068929 5.8
1607068930 5.8
1607068931 5.9
1607068932 5.9
1607068933 5.9
1607068934 5.9
1607068935 5.8
1607068936 5.6
1607068937 5.3
1607068938 5.0
1607068939 4.8
1607068940 5.2
1607068941 5.4
1607068942 5.6
1607068943 5.7
1607068944 5.8
1607068945 5.8
1607068946 5.9
1607068947 5.9
1607068948 5.9
1607068949 5.9
1607068950 5.7
1607068951 5.4
1607068952 5.2
1607068953 4.9
1607068954 4.9
1607068955 5.2
1607068956 5.2
1607068957 5.0
1607068958 4.9
1607068959 4.8
1607068960 4.7
1607068961 4.9
1607068962 5.2
1607068963 5.4
1607068964 5.6
1607068965 5.7
1607068966 5.8
1607068967 5.9
1607068968 5.9
1607068969 6.0
1607068970 6.0
1607068971 6.0
1607068972 6.1
1607068973 6.1
1607068974 6.1
1607068975 6.2
1607068976 6.1
1607068977 6.2
1607068978 6.1
1607068979 6.2
1607068980 6.1
1607068981 6.2
1607068982 6.1
1607068983 5.9
1607068984 5.7
1607068985 5.4
1607068986 5.3
1607068987 5.2
1607068988 5.0
1607068989 4.7
1607068990 4.6
1607068991 4.4
1607068992 4.4
1607068993 4.7
1607068994 4.7
1607068995 4.7
1607068996 5.0
1607068998 5.1
1607069000 4.8
1607069007 5.6
1607069008 5.7
1607069009 5.8
1607069010 5.9
1607069011 5.9
1607069012 5.9
1607069013 6.0
1607069014 6.0
1607069015 6.1
1607069016 6.2
1607069017 6.2
1607069018 6.2
1607069019 6.2
1607069020 6.2
1607069021 6.1
1607069022 6.2
1607069023 6.2
1607069024 6.2
1607069025 6.2
1607069026 6.2
1607069027 6.2
1607069028 6.1
1607069029 5.8
1607069030 5.6
1607069031 5.5
1607069032 5.3
1607069033 5.1
1607069034 5.4
1607069035 5.5
1607069036 5.6
1607069037 5.7
1607069038 5.8
1607069039 5.9
1607069040 5.9
1607069041 5.9
1607069042 5.9
1607069043 6.0
1607069044 6.0
1607069045 6.0
1607069046 6.0
1607069047 6.0
1607069048 6.0
1607069049 6.1
1607069050 6.0
1607069051 5.8
1607069052 5.4
1607069053 5.2
1607069054 4.9
1607069055 4.9
1607069056 5.2
1607069057 5.3
1607069058 5.5
1607069059 5.6
1607069060 5.6
1607069061 5.7
1607069062 5.8
1607069063 5.5
1607069064 5.2
1607069065 5.0
1607069066 4.9
1607069067 5.0
1607069068 5.4
1607069069 5.6
1607069070 5.7
1607069071 5.7
1607069072 5.8
1607069073 5.9
1607069074 5.9
1607069075 6.0
1607069076 6.1
1607069077 6.1
1607069078 6.1
1607069079 5.8
1607069080 5.5
1607069081 5.4
1607069082 5.3
1607069083 5.1
1607069084 5.4
1607069085 5.5
1607069086 5.7
1607069087 5.8
1607069088 5.8
1607069089 5.9
1607069090 5.9
1607069091 5.9
1607069092 6.0
1607069093 6.0
1607069094 6.1
1607069095 5.8
1607069096 5.6
1607069097 5.3
1607069098 5.1
1607069099 5.3
1607069100 5.5
1607069101 5.6
1607069102 5.7
1607069103 5.8
1607069104 5.8
1607069105 5.9
1607069106 5.9
1607069107 5.9
1607069108 6.0
1607069109 6.0
1607069110 6.0
1607069111 6.0
1607069112 6.1
1607069113 6.0
1607069114 6.1
1607069115 6.1
1607069116 6.0
1607069117 6.0
1607069118 6.0
1607069119 6.0
1607069120 6.1
1607069121 6.0
1607069122 6.1
1607069123 5.8
1607069124 5.6
1607069125 5.5
1607069126 5.3
1607069127 5.2
1607069128 5.4
1607069129 5.6
1607069130 5.7
1607069131 5.8
1607069132 5.8
1607069133 5.9
1607069134 5.9
1607069135 5.9
1607069136 5.9
1607069137 5.9
1607069138 5.8
1607069139 5.7
1607069140 5.4
1607069141 5.2
1607069142 5.2
1607069143 5.4
1607069144 5.6
1607069145 5.6
1607069146 5.7
1607069147 5.8
1607069148 5.8
1607069149 5.8
1607069150 5.9
1607069151 6.0
1607069152 6.0
1607069153 6.0
1607069154 6.0
1607069155 6.1
1607069156 6.0
1607069157 6.0
1607069158 6.0
1607069159 6.0
1607069160 6.0
1607069161 6.0
1607069162 6.0
1607069163 5.8
1607069164 5.7
1607069165 5.9
1607069166 5.9
1607069167 5.8
1607069168 5.8
1607069169 5.9
1607069170 5.9
1607069171 6.0
1607069172 6.0
1607069173 6.0
1607069174 6.0
1607069175 6.0
1607069176 6.0
1607069177 5.9
1607069178 5.6
1607069179 5.6
1607069180 5.5
1607069181 5.3
1607069182 5.3
1607069183 5.2
1607069184 5.0
1607069185 4.8
1607069186 4.6
1607069187 4.6
1607069188 4.8
1607069189 4.8
1607069190 4.8
1607069191 4.8
1607069192 4.9
1607069193 4.8
1607069194 4.9
1607069195 5.0
1607069196 4.9
1607069197 4.8
1607069198 4.6
1607069199 4.4
1607069200 4.5
1607069201 4.6
1607069202 4.6
1607069203 4.4
1607069204 4.3
1607069205 4.1
1607069206 4.3
1607069207 4.5
1607069208 4.6
1607069209 4.5
1607069210 4.3
1607069211 4.2
1607069212 4.4
1607069213 4.7
1607069214 5.1
1607069215 5.4
1607069216 5.5
1607069217 5.7
1607069218 5.8
1607069219 5.9
1607069220 6.0
1607069221 6.1
1607069222 6.2
1607069223 6.2
1607069224 6.3
1607069225 6.1
1607069226 5.8
1607069227 5.7
1607069228 5.5
1607069229 5.3
1607069230 5.5
1607069231 5.7
1607069232 5.5
1607069233 5.3
1607069234 5.0
1607069235 5.0
1607069236 4.9
1607069237 4.7
1607069238 4.6
1607069239 4.6
1607069240 4.6
1607069241 4.5
1607069242 4.7
1607069243 4.7
1607069244 4.7
1607069245 5.0
1607069247 5.2