1607134500 5.0
1607134501 4.8
1607134502 4.6
1607134503 4.6
1607134504 4.8
1607134505 5.1
1607134506 5.2
1607134507 5.4
1607134508 5.5
1607134509 5.6
1607134510 5.7
1607134511 5.8
1607134512 5.8
1607134513 5.9
1607134514 6.0
1607134515 6.0
1607134516 6.1
1607134517 6.1
1607134518 6.1
1607134519 6.2
1607134520 6.2
1607134521 6.1
1607134522 6.2
1607134523 6.3
1607134524 6.4
1607134525 6.3
1607134526 6.3
1607134527 6.2
1607134528 6.3
1607134529 6.3
1607134530 6.2
1607134531 5.9
1607134532 5.7
1607134533 5.6
1607134534 5.3
1607134535 5.2
1607134536 5.4
1607134537 5.6
1607134538 5.7
1607134539 5.9
1607134540 5.9
1607134541 5.9
1607134542 5.9
1607134543 6.0
1607134544 6.1
1607134545 6.1
1607134546 5.8
1607134547 5.5
1607134548 5.2
1607134549 5.0
1607134550 5.0
1607134551 5.3
1607134552 5.5
1607134553 5.6
1607134554 5.8
1607134555 5.9
1607134556 5.9
1607134557 6.0
1607134558 6.0
1607134559 6.1
1607134560 6.1
1607134561 6.2
1607134562 6.2
1607134563 6.2
1607134564 6.2
1607134565 6.2
1607134566 6.2
1607134567 6.2
1607134568 6.1
1607134569 6.1
1607134570 6.0
1607134571 6.0
1607134572 6.0
1607134573 6.0
1607134574 6.0
1607134575 6.0
1607134576 6.0
1607134577 6.0
1607134578 6.0
1607134579 6.0
1607134580 6.0
1607134581 6.0
1607134582 6.0
1607134583 6.0
1607134584 6.0
1607134585 6.0
1607134586 6.0
1607134587 6.1
1607134588 6.1
1607134589 6.1
1607134590 6.1
1607134591 6.0
1607134592 6.0
1607134593 6.0
1607134594 5.9
1607134595 5.9
1607134596 5.9
1607134597 6.0
1607134598 5.9
1607134599 5.7
1607134600 5.4
1607134601 5.2
1607134602 5.1
1607134603 5.3
1607134604 5.4
1607134605 5.5
1607134606 5.7
1607134607 5.7
1607134608 5.8
1607134609 5.8
1607134610 5.9
1607134611 6.0
1607134612 6.0
1607134613 6.0
1607134614 6.0
1607134615 6.1
1607134616 6.1
1607134617 6.1
1607134618 6.1
1607134619 6.1
1607134620 6.1
1607134621 6.2
1607134622 6.1
1607134623 6.2
1607134624 6.1
1607134625 6.1
1607134626 6.1
1607134627 6.1
1607134628 6.1
1607134629 6.1
1607134630 6.2
1607134631 6.1
1607134632 5.9
1607134633 5.6
1607134634 5.6
1607134635 5.5
1607134636 5.5
1607134637 5.7
1607134638 5.8
1607134639 5.8
1607134640 5.9
1607134641 5.9
1607134642 5.9
1607134643 5.9
1607134644 6.0
1607134645 6.0
1607134646 6.0
1607134647 6.0
1607134648 6.1
1607134649 6.1
1607134650 6.1
1607134651 6.1
1607134652 6.1
1607134653 6.0
1607134654 5.7
1607134655 5.5
1607134656 5.2
1607134657 5.1
1607134658 5.3
1607134659 5.5
1607134660 5.4
1607134661 5.2
1607134662 5.0
1607134663 4.9
1607134664 4.8
1607134665 5.0
1607134666 5.3
1607134667 5.5
1607134668 5.7
1607134669 5.8
1607134670 5.9
1607134671 5.9
1607134672 6.0
1607134673 6.1
1607134674 6.1
1607134675 6.1
1607134676 6.1
1607134677 6.1
1607134678 6.2
1607134679 6.1
1607134680 6.1
1607134681 6.1
1607134682 6.1
1607134683 6.1
1607134684 6.1
1607134685 6.1
1607134686 6.1
1607134687 5.9
1607134688 5.6
1607134689 5.4
1607134690 5.3
1607134691 5.3
1607134692 5.5
1607134693 5.6
1607134694 5.7
1607134695 5.8
1607134696 5.8
1607134697 5.9
1607134698 5.9
1607134699 5.9
1607134700 5.9
1607134701 6.0
1607134702 6.0
1607134703 6.0
1607134704 5.9
1607134705 5.7
1607134706 5.6
1607134707 5.4
1607134708 5.1
1607134709 5.2
1607134710 5.4
1607134711 5.6
1607134712 5.8
1607134713 5.9
1607134714 5.9
1607134715 6.0
1607134716 6.1
1607134717 6.0
1607134718 6.1
1607134719 6.1
1607134720 6.2
1607134721 6.1
1607134722 6.1
1607134723 5.8
1607134724 5.6
1607134725 5.6
1607134726 5.4
1607134727 5.5
1607134728 5.7
1607134729 5.7
1607134730 5.7
1607134731 5.8
1607134732 5.8
1607134733 5.9
1607134735 5.9
1607134736 5.7
1607134737 5.4
1607134738 5.2
1607134739 5.0
1607134740 4.9
1607134741 4.7
1607134742 4.5
1607134743 4.3
1607134744 4.2
1607134745 4.3
1607134746 4.6
1607134747 4.7
1607134748 4.7
1607134749 4.7
1607134750 4.7
1607134751 4.6
1607134752 4.4
1607134753 4.3
1607134754 4.2
1607134755 4.0
1607134756 4.0
1607134757 3.8
1607134758 3.8
1607134759 3.7
1607134760 3.6
1607134761 3.6
1607134762 3.5
1607134763 3.5
1607134764 3.4
1607134765 3.4
1607134766 3.4
1607134767 3.3
1607134768 3.3
1607134769 3.3
1607134770 3.3
1607134771 3.2
1607134772 3.2
1607134773 3.2
1607134774 3.2
1607134775 3.2
1607134776 3.3
1607134777 3.3
1607134778 3.5
1607134779 3.6
1607134780 3.6
1607134781 3.5
1607134782 3.5
1607134783 3.4
1607134784 3.4
1607134785 3.4
1607134786 3.3
1607134787 3.3
1607134788 3.3
1607134789 3.2
1607134790 3.2
1607134791 3.2
1607134792 3.2
1607134793 3.2
1607134794 3.1
1607134795 3.1
1607134796 3.1
1607134797 3.1
1607134798 3.1
1607134799 3.1
1607134800 3.1
1607134801 3.1
1607134802 3.1
1607134803 3.1
1607134804 3.0
1607134805 3.1
1607134806 3.0
1607134807 3.0
1607134808 3.0
1607134809 3.0
1607134810 3.1
1607134811 3.0
1607134812 3.0
1607134813 3.0
1607134814 3.0
1607134815 3.0
1607134816 3.0
1607134817 3.0
1607134818 3.0
1607134819 3.0
1607134820 3.0
1607134821 3.0
1607134822 3.0
1607134823 3.0
1607134824 3.0
1607134825 3.1
1607134826 3.1
1607134827 3.1
1607134828 3.1
1607134829 3.1
1607134830 3.0
1607134831 3.0
1607134832 3.0
1607134833 3.0
1607134834 3.0
1607134835 3.0
1607134836 3.0
1607134837 3.0
1607134838 3.1
1607134839 3.1
1607134840 3.2
1607134841 3.3
1607134842 3.3
1607134843 3.3
1607134844 3.3
1607134845 3.2
1607134846 3.2
1607134847 3.1
1607134848 3.1
1607134849 3.1
1607134850 3.1
1607134851 3.1
1607134852 3.1