1607117313 4.8
1607117314 4.6
1607117315 4.5
1607117316 4.8
1607117317 5.1
1607117318 5.3
1607117319 5.5
1607117320 5.7
1607117321 5.9
1607117322 5.9
1607117323 6.0
1607117324 6.1
1607117325 6.1
1607117326 6.2
1607117327 6.3
1607117328 6.3
1607117329 6.4
1607117330 6.4
1607117331 6.4
1607117332 6.4
1607117333 6.4
1607117334 6.4
1607117335 6.4
1607117336 6.4
1607117337 6.4
1607117338 6.4
1607117339 6.4
1607117340 6.4
1607117341 6.4
1607117342 6.3
1607117343 6.3
1607117344 6.3
1607117345 6.3
1607117346 6.3
1607117347 6.3
1607117348 6.2
1607117349 6.2
1607117350 6.1
1607117351 6.1
1607117352 5.7
1607117353 5.4
1607117354 5.2
1607117355 4.9
1607117356 5.1
1607117357 5.4
1607117358 5.6
1607117359 5.7
1607117360 5.8
1607117361 5.9
1607117362 6.0
1607117363 6.0
1607117364 6.0
1607117365 6.1
1607117366 6.1
1607117367 5.9
1607117368 5.6
1607117369 5.4
1607117370 5.2
1607117371 5.3
1607117372 5.5
1607117373 5.7
1607117374 5.8
1607117375 5.9
1607117376 6.0
1607117377 6.0
1607117378 6.1
1607117379 6.1
1607117380 6.0
1607117381 5.8
1607117382 5.6
1607117383 5.4
1607117384 5.2
1607117385 5.4
1607117386 5.6
1607117387 5.5
1607117388 5.3
1607117389 5.2
1607117390 5.2
1607117391 5.1
1607117392 5.3
1607117393 5.5
1607117394 5.7
1607117395 5.8
1607117396 5.9
1607117397 5.9
1607117398 6.0
1607117399 6.1
1607117400 6.1
1607117401 6.1
1607117402 6.1
1607117403 5.8
1607117404 5.5
1607117405 5.3
1607117406 5.1
1607117407 4.9
1607117408 5.3
1607117409 5.5
1607117410 5.7
1607117411 5.8
1607117412 5.8
1607117413 5.9
1607117414 6.0
1607117415 6.1
1607117416 6.1
1607117417 6.1
1607117418 6.2
1607117419 6.2
1607117420 6.2
1607117421 6.2
1607117422 6.2
1607117423 6.2
1607117424 6.0
1607117425 5.7
1607117426 5.9
1607117427 5.9
1607117428 5.9
1607117429 6.1
1607117430 6.1
1607117431 6.1
1607117432 6.1
1607117433 6.1
1607117434 6.2
1607117435 6.2
1607117436 6.2
1607117437 6.2
1607117438 6.2
1607117439 6.2
1607117440 6.2
1607117441 6.2
1607117442 6.1
1607117443 6.1
1607117444 6.1
1607117445 6.0
1607117446 6.0
1607117447 5.9
1607117448 5.9
1607117449 5.9
1607117450 5.9
1607117451 5.9
1607117452 6.0
1607117453 5.9
1607117454 6.0
1607117455 6.0
1607117456 5.9
1607117457 5.9
1607117458 5.9
1607117459 5.9
1607117460 6.0
1607117461 5.9
1607117462 5.9
1607117463 5.8
1607117464 5.8
1607117465 5.8
1607117466 5.9
1607117467 5.8
1607117468 5.8
1607117469 5.8
1607117470 5.8
1607117471 5.8
1607117472 5.8
1607117473 5.9
1607117474 5.7
1607117475 5.5
1607117476 5.2
1607117477 5.0
1607117478 5.0
1607117479 5.2
1607117480 5.4
1607117481 5.5
1607117482 5.7
1607117483 5.8
1607117484 5.8
1607117485 5.9
1607117486 6.0
1607117487 6.1
1607117488 6.1
1607117489 6.1
1607117490 6.1
1607117491 6.1
1607117492 6.1
1607117493 6.0
1607117494 5.8
1607117495 5.7
1607117496 5.6
1607117497 5.6
1607117498 5.7
1607117499 5.8
1607117500 5.8
1607117501 5.9
1607117502 6.0
1607117503 6.0
1607117504 6.0
1607117505 6.1
1607117506 6.1
1607117507 6.1
1607117508 6.1
1607117509 6.1
1607117510 5.8
1607117511 5.6
1607117512 5.5
1607117513 5.5
1607117514 5.3
1607117515 5.6
1607117516 5.7
1607117517 5.8
1607117518 5.9
1607117519 5.9
1607117520 6.0
1607117521 6.0
1607117522 6.1
1607117523 6.0
1607117524 6.1
1607117525 6.0
1607117526 6.0
1607117527 5.8
1607117528 5.6
1607117529 5.5
1607117530 5.2
1607117531 5.2
1607117532 5.4
1607117533 5.5
1607117534 5.7
1607117535 5.8
1607117536 5.8
1607117537 5.9
1607117538 5.9
1607117539 5.6
1607117540 5.4
1607117541 5.2
1607117542 5.0
1607117543 4.8
1607117544 4.6
1607117545 4.4
1607117546 4.3
1607117547 4.1
1607117548 4.3
1607117549 4.5
1607117550 4.4
1607117551 4.5
1607117553 5.0