		g3log created log at: Sat Dec 05 02:14:47 2020
		LOG format: [YYYY/MM/DD hh:mm:ss uuu* LEVEL FILE->FUNCTION:LINE] messagen
		(uuu*: microseconds fractions of the seconds value)

2020/12/05 02:14:47 251410	INFO [experimenter.cc->experiment_fentry:301]	2411805:	ParseSheet	00001100	4
2020/12/05 02:14:47 599783	INFO [experimenter.cc->experiment_fexit:326]	2411805:	ParseSheet	11111010	0	333.126
2020/12/05 02:14:47 601629	INFO [experimenter.cc->experiment_fentry:301]	2411805:	ParseSheet	00001100	4
2020/12/05 02:14:47 604324	INFO [experimenter.cc->experiment_fexit:326]	2411805:	ParseSheet	11111010	4	2.61105
2020/12/05 02:14:47 794742	INFO [experimenter.cc->experiment_fentry:301]	2411805:	UpdateStyleAndLayoutTree	00001100	5
2020/12/05 02:14:47 795307	INFO [experimenter.cc->experiment_fexit:326]	2411805:	UpdateStyleAndLayoutTree	11111010	1	0.256964
2020/12/05 02:14:48 005972	INFO [experimenter.cc->experiment_fentry:301]	2411805:	ResumeParsingAfterYield	00001100	4
2020/12/05 02:14:48 014715	INFO [experimenter.cc->experiment_fentry:301]	2411805:	ParseSheet	00001100	4
2020/12/05 02:14:48 033677	INFO [experimenter.cc->experiment_fexit:326]	2411805:	ParseSheet	11111010	4	18.8634
2020/12/05 02:14:48 035622	INFO [experimenter.cc->experiment_fentry:301]	2411805:	ParseSheet	00001100	4
2020/12/05 02:14:48 103011	INFO [experimenter.cc->experiment_fexit:326]	2411805:	ParseSheet	11111010	4	67.2901
2020/12/05 02:14:48 106019	INFO [experimenter.cc->experiment_fentry:301]	2411805:	ParseSheet	00001100	4
2020/12/05 02:14:48 194622	INFO [experimenter.cc->experiment_fexit:326]	2411805:	ParseSheet	11111010	4	88.5061
2020/12/05 02:14:48 197166	INFO [experimenter.cc->experiment_fentry:301]	2411805:	ExecuteScriptInMainWorld	00001100	4
2020/12/05 02:14:48 200382	INFO [experimenter.cc->experiment_fexit:326]	2411805:	ExecuteScriptInMainWorld	11111010	4	3.11419
2020/12/05 02:14:48 202848	INFO [experimenter.cc->experiment_fentry:301]	2411805:	ExecuteScriptInMainWorld	00001100	4
2020/12/05 02:14:48 204905	INFO [experimenter.cc->experiment_fexit:326]	2411805:	ExecuteScriptInMainWorld	11111010	4	1.95887
2020/12/05 02:14:48 207393	INFO [experimenter.cc->experiment_fentry:301]	2411805:	ExecuteScriptInMainWorld	00001100	4
2020/12/05 02:14:48 223212	INFO [experimenter.cc->experiment_fexit:326]	2411805:	ExecuteScriptInMainWorld	11111010	4	15.7159
2020/12/05 02:14:48 226168	INFO [experimenter.cc->experiment_fentry:301]	2411805:	ExecuteScriptInMainWorld	00001100	4
2020/12/05 02:14:48 248851	INFO [experimenter.cc->experiment_fexit:326]	2411805:	ExecuteScriptInMainWorld	11111010	4	22.5839
2020/12/05 02:14:48 295086	INFO [experimenter.cc->experiment_fexit:326]	2411805:	ResumeParsingAfterYield	11111010	4	289.019
2020/12/05 02:14:48 316434	INFO [experimenter.cc->experiment_fentry:301]	2411805:	UpdateStyleAndLayoutTree	00001100	4
2020/12/05 02:14:48 372126	INFO [experimenter.cc->experiment_fexit:326]	2411805:	UpdateStyleAndLayoutTree	11111010	4	55.5928
2020/12/05 02:14:48 372391	INFO [experimenter.cc->experiment_fentry:301]	2411805:	UpdateStyleAndLayoutTree	00001100	4
2020/12/05 02:14:48 372473	INFO [experimenter.cc->experiment_fexit:326]	2411805:	UpdateStyleAndLayoutTree	11111010	4	0.0379171
2020/12/05 02:14:48 414705	INFO [experimenter.cc->experiment_fentry:301]	2411805:	ResumeParsingAfterYield	00001100	4
2020/12/05 02:14:48 416394	INFO [experimenter.cc->experiment_fentry:301]	2411805:	ExecuteScriptInMainWorld	00001100	4
2020/12/05 02:14:48 420268	INFO [experimenter.cc->experiment_fexit:326]	2411805:	ExecuteScriptInMainWorld	11111010	4	3.76316
2020/12/05 02:14:48 422392	INFO [experimenter.cc->experiment_fentry:301]	2411805:	ExecuteScriptInMainWorld	00001100	4
2020/12/05 02:14:48 423877	INFO [experimenter.cc->experiment_fexit:326]	2411805:	ExecuteScriptInMainWorld	11111010	4	1.38515
2020/12/05 02:14:48 426155	INFO [experimenter.cc->experiment_fentry:301]	2411805:	ExecuteScriptInMainWorld	00001100	4
2020/12/05 02:14:48 430019	INFO [experimenter.cc->experiment_fexit:326]	2411805:	ExecuteScriptInMainWorld	11111010	4	3.7022
2020/12/05 02:14:48 432208	INFO [experimenter.cc->experiment_fentry:301]	2411805:	ExecuteScriptInMainWorld	00001100	4
2020/12/05 02:14:48 544549	INFO [experimenter.cc->experiment_fexit:326]	2411805:	ExecuteScriptInMainWorld	11111010	4	112.234
2020/12/05 02:14:48 550357	INFO [experimenter.cc->experiment_fentry:301]	2411805:	CallFunction	00001100	4
2020/12/05 02:14:48 556362	INFO [experimenter.cc->experiment_fexit:326]	2411805:	CallFunction	11111010	4	5.89908
2020/12/05 02:14:48 556729	INFO [experimenter.cc->experiment_fentry:301]	2411805:	CallFunction	00001100	4
2020/12/05 02:14:48 559727	INFO [experimenter.cc->experiment_fexit:326]	2411805:	CallFunction	11111010	4	2.90243
2020/12/05 02:14:48 578023	INFO [experimenter.cc->experiment_fexit:326]	2411805:	ResumeParsingAfterYield	11111010	4	163.224
2020/12/05 02:14:48 580709	INFO [experimenter.cc->experiment_fentry:301]	2411805:	UpdateStyleAndLayoutTree	00001100	4
2020/12/05 02:14:48 580806	INFO [experimenter.cc->experiment_fexit:326]	2411805:	UpdateStyleAndLayoutTree	11111010	4	0.0344172
2020/12/05 02:14:48 580947	INFO [experimenter.cc->experiment_fentry:301]	2411805:	UpdateStyleAndLayoutTree	00001100	4
2020/12/05 02:14:48 581008	INFO [experimenter.cc->experiment_fexit:326]	2411805:	UpdateStyleAndLayoutTree	11111010	4	0.0242081
