		g3log created log at: Sat Dec 05 07:04:30 2020
		LOG format: [YYYY/MM/DD hh:mm:ss uuu* LEVEL FILE->FUNCTION:LINE] messagen
		(uuu*: microseconds fractions of the seconds value)

2020/12/05 07:04:30 823881	INFO [experimenter.cc->experiment_fentry:301]	2434289:	UpdateStyleAndLayoutTree	11110000	3
2020/12/05 07:04:30 836783	INFO [experimenter.cc->experiment_fentry:301]	2434289:	ParseSheet	11110000	3
2020/12/05 07:04:31 066514	INFO [experimenter.cc->experiment_fexit:326]	2434289:	ParseSheet	11110110	3	229.196
2020/12/05 07:04:31 067501	INFO [experimenter.cc->experiment_fentry:301]	2434289:	ParseSheet	11110000	3
2020/12/05 07:04:31 070619	INFO [experimenter.cc->experiment_fexit:326]	2434289:	ParseSheet	11110110	3	2.99198
2020/12/05 07:04:31 170042	INFO [experimenter.cc->experiment_fexit:326]	2434289:	UpdateStyleAndLayoutTree	11110110	3	345.594
2020/12/05 07:04:31 170625	INFO [experimenter.cc->experiment_fentry:301]	2434289:	UpdateStyleAndLayoutTree	11110000	3
2020/12/05 07:04:31 170734	INFO [experimenter.cc->experiment_fexit:326]	2434289:	UpdateStyleAndLayoutTree	11110110	3	0.0469589
2020/12/05 07:04:31 816363	INFO [experimenter.cc->experiment_fentry:301]	2434289:	ResumeParsingAfterYield	00000101	5
2020/12/05 07:04:32 145798	INFO [experimenter.cc->experiment_fexit:326]	2434289:	ResumeParsingAfterYield	11111100	5	329.324
2020/12/05 07:04:32 200428	INFO [experimenter.cc->experiment_fentry:301]	2434289:	ExecuteScriptInMainWorld	11110000	0
2020/12/05 07:04:32 204205	INFO [experimenter.cc->experiment_fexit:326]	2434289:	ExecuteScriptInMainWorld	11110110	0	3.60275
2020/12/05 07:04:32 207133	INFO [experimenter.cc->experiment_fentry:301]	2434289:	ExecuteScriptInMainWorld	11110000	0
2020/12/05 07:04:32 208749	INFO [experimenter.cc->experiment_fexit:326]	2434289:	ExecuteScriptInMainWorld	11110110	0	1.37728
2020/12/05 07:04:32 231721	INFO [experimenter.cc->experiment_fentry:301]	2434289:	UpdateStyleAndLayoutTree	11110000	0
2020/12/05 07:04:32 240875	INFO [experimenter.cc->experiment_fexit:326]	2434289:	UpdateStyleAndLayoutTree	11110110	0	8.98616
2020/12/05 07:04:32 241312	INFO [experimenter.cc->experiment_fentry:301]	2434289:	UpdateStyleAndLayoutTree	11110000	0
2020/12/05 07:04:32 241412	INFO [experimenter.cc->experiment_fexit:326]	2434289:	UpdateStyleAndLayoutTree	11110110	0	0.0452089
2020/12/05 07:04:32 564328	INFO [experimenter.cc->experiment_fentry:301]	2434289:	ParseSheet	11110000	0
2020/12/05 07:04:32 577066	INFO [experimenter.cc->experiment_fexit:326]	2434289:	ParseSheet	11110110	0	12.5627
2020/12/05 07:04:32 697886	INFO [experimenter.cc->experiment_fentry:301]	2434289:	ParseSheet	11110000	0
2020/12/05 07:04:32 700514	INFO [experimenter.cc->experiment_fexit:326]	2434289:	ParseSheet	11110110	0	2.50314
2020/12/05 07:04:32 714104	INFO [experimenter.cc->experiment_fentry:301]	2434289:	ParseSheet	11110000	0
2020/12/05 07:04:32 751083	INFO [experimenter.cc->experiment_fexit:326]	2434289:	ParseSheet	11110110	0	36.8016
2020/12/05 07:04:32 765829	INFO [experimenter.cc->experiment_fentry:301]	2434289:	ParseSheet	11110000	0
2020/12/05 07:04:32 785148	INFO [experimenter.cc->experiment_fexit:326]	2434289:	ParseSheet	11110110	0	19.1408
2020/12/05 07:04:32 806555	INFO [experimenter.cc->experiment_fentry:301]	2434289:	ParseSheet	11110000	0
2020/12/05 07:04:32 807168	INFO [experimenter.cc->experiment_fexit:326]	2434289:	ParseSheet	11110110	0	0.504594
2020/12/05 07:04:32 827924	INFO [experimenter.cc->experiment_fentry:301]	2434289:	ParseSheet	11110000	0
2020/12/05 07:04:32 849604	INFO [experimenter.cc->experiment_fexit:326]	2434289:	ParseSheet	11110110	0	21.4765
2020/12/05 07:04:32 923188	INFO [experimenter.cc->experiment_fentry:301]	2434289:	ParseSheet	11110000	0
2020/12/05 07:04:33 018540	INFO [experimenter.cc->experiment_fexit:326]	2434289:	ParseSheet	11110110	0	95.177
2020/12/05 07:04:33 035079	INFO [experimenter.cc->experiment_fentry:301]	2434289:	ExecuteScriptInMainWorld	11110000	0
2020/12/05 07:04:33 038017	INFO [experimenter.cc->experiment_fexit:326]	2434289:	ExecuteScriptInMainWorld	11110110	0	2.78139
2020/12/05 07:04:33 048311	INFO [experimenter.cc->experiment_fentry:301]	2434289:	UpdateStyleAndLayoutTree	11110000	0
2020/12/05 07:04:33 132671	INFO [experimenter.cc->experiment_fexit:326]	2434289:	UpdateStyleAndLayoutTree	11110110	0	84.1821
2020/12/05 07:04:33 132968	INFO [experimenter.cc->experiment_fentry:301]	2434289:	UpdateStyleAndLayoutTree	11110000	0
2020/12/05 07:04:33 133057	INFO [experimenter.cc->experiment_fexit:326]	2434289:	UpdateStyleAndLayoutTree	11110110	0	0.0390844
2020/12/05 07:04:33 195707	INFO [experimenter.cc->experiment_fentry:301]	2434289:	ExecuteScriptInMainWorld	11110000	0
2020/12/05 07:04:33 198644	INFO [experimenter.cc->experiment_fexit:326]	2434289:	ExecuteScriptInMainWorld	11110110	0	2.77352
