1607151857 5.2
1607151858 4.9
1607151859 4.7
1607151860 4.7
1607151861 5.0
1607151862 5.3
1607151863 5.4
1607151864 5.6
1607151865 5.7
1607151866 5.7
1607151867 5.8
1607151868 5.9
1607151869 5.9
1607151870 6.0
1607151871 6.1
1607151872 6.1
1607151873 6.2
1607151874 6.2
1607151875 6.3
1607151876 6.3
1607151877 6.4
1607151878 6.4
1607151879 6.4
1607151880 6.4
1607151881 6.4
1607151882 6.4
1607151883 6.3
1607151884 6.3
1607151885 6.3
1607151886 6.3
1607151887 6.3
1607151888 6.3
1607151889 6.3
1607151890 6.3
1607151891 6.3
1607151892 6.3
1607151893 6.3
1607151894 6.2
1607151895 5.9
1607151896 5.6
1607151897 5.5
1607151898 5.3
1607151899 5.4
1607151900 5.6
1607151901 5.7
1607151902 5.8
1607151903 5.9
1607151904 5.9
1607151905 6.0
1607151906 6.1
1607151907 6.1
1607151908 6.2
1607151909 6.2
1607151910 6.2
1607151911 6.3
1607151912 6.3
1607151913 6.3
1607151914 6.2
1607151915 6.2
1607151916 6.2
1607151917 6.2
1607151918 6.1
1607151919 6.0
1607151920 6.0
1607151921 6.0
1607151922 6.0
1607151923 6.1
1607151924 6.0
1607151925 6.0
1607151926 6.0
1607151927 6.0
1607151928 6.0
1607151929 6.0
1607151930 6.0
1607151931 6.0
1607151932 6.0
1607151933 6.0
1607151934 6.0
1607151935 6.0
1607151936 6.0
1607151937 6.0
1607151938 5.9
1607151939 6.0
1607151940 5.9
1607151941 5.9
1607151942 5.9
1607151943 5.9
1607151944 5.9
1607151945 5.9
1607151946 6.0
1607151947 5.8
1607151948 5.6
1607151949 5.3
1607151950 5.1
1607151951 5.1
1607151952 5.3
1607151953 5.5
1607151954 5.7
1607151955 5.8
1607151956 5.9
1607151957 5.9
1607151958 5.9
1607151959 6.0
1607151960 6.1
1607151961 6.1
1607151962 6.1
1607151963 6.0
1607151964 5.9
1607151965 5.6
1607151966 5.3
1607151967 5.3
1607151968 5.5
1607151969 5.6
1607151970 5.8
1607151971 5.9
1607151972 5.9
1607151973 6.0
1607151974 6.1
1607151975 6.2
1607151976 6.2
1607151977 6.1
1607151978 6.1
1607151979 6.1
1607151980 6.1
1607151981 6.1
1607151982 6.1
1607151983 6.2
1607151984 6.2
1607151985 6.2
1607151986 6.1
1607151987 6.1
1607151988 6.1
1607151989 6.0
1607151990 6.0
1607151991 6.1
1607151992 6.0
1607151993 6.0
1607151994 6.0
1607151995 6.0
1607151996 5.9
1607151997 5.8
1607151998 5.7
1607151999 5.7
1607152000 5.7
1607152001 5.6
1607152002 5.6
1607152003 5.7
1607152004 5.8
1607152005 5.8
1607152006 5.9
1607152007 5.9
1607152008 5.9
1607152009 6.0
1607152010 6.0
1607152011 6.0
1607152012 6.0
1607152013 6.0
1607152014 5.8
1607152015 5.6
1607152016 5.6
1607152017 5.4
1607152018 5.6
1607152019 5.7
1607152020 5.8
1607152021 5.8
1607152022 5.9
1607152023 5.9
1607152024 6.0
1607152025 6.0
1607152026 6.0
1607152027 6.0
1607152028 5.9
1607152029 5.8
1607152030 5.5
1607152031 5.2
1607152032 5.2
1607152033 5.4
1607152034 5.4
1607152035 5.2
1607152036 5.1
1607152037 5.0
1607152038 5.0
1607152039 5.0
1607152040 5.3
1607152041 5.5
1607152042 5.6
1607152043 5.7
1607152044 5.8
1607152045 5.9
1607152046 5.9
1607152047 6.0
1607152048 6.0
1607152049 6.0
1607152050 6.1
1607152051 6.1
1607152052 6.1
1607152053 6.1
1607152054 6.1
1607152055 5.8
1607152056 5.5
1607152057 5.2
1607152058 5.0
1607152059 4.9
1607152060 5.2
1607152061 5.4
1607152062 5.5
1607152063 5.7
1607152064 5.7
1607152065 5.9
1607152066 6.0
1607152067 6.0
1607152068 6.0
1607152069 6.0
1607152070 6.0
1607152071 5.9
1607152072 5.6
1607152073 5.6
1607152074 5.5
1607152075 5.2
1607152076 5.3
1607152077 5.5
1607152078 5.6
1607152079 5.7
1607152080 5.9
1607152081 5.9
1607152082 5.9
1607152083 5.7
1607152084 5.4
1607152085 5.4
1607152086 5.4
1607152087 5.2
1607152088 5.0
1607152089 4.9
1607152090 4.8
1607152091 4.6
1607152092 4.5
1607152093 4.7
1607152094 4.7
1607152095 4.8
1607152096 5.0
1607152099 5.2