1607151154 4.8
1607151155 4.7
1607151156 4.9
1607151157 5.1
1607151158 5.3
1607151159 5.4
1607151160 5.6
1607151161 5.7
1607151162 5.8
1607151163 5.8
1607151164 5.9
1607151165 5.9
1607151166 6.0
1607151167 6.1
1607151168 6.1
1607151169 6.2
1607151170 6.2
1607151171 6.2
1607151172 6.2
1607151173 6.3
1607151174 6.3
1607151175 6.3
1607151176 6.3
1607151177 6.3
1607151178 6.3
1607151179 6.3
1607151180 6.3
1607151181 6.3
1607151182 6.3
1607151183 6.2
1607151184 6.2
1607151185 6.3
1607151186 6.2
1607151187 6.1
1607151188 6.1
1607151189 6.0
1607151190 6.0
1607151191 6.0
1607151192 6.0
1607151193 6.0
1607151194 5.9
1607151195 5.9
1607151196 5.9
1607151197 6.0
1607151198 5.9
1607151199 5.9
1607151200 5.9
1607151201 5.9
1607151202 5.8
1607151203 5.9
1607151204 5.9
1607151205 5.9
1607151206 5.8
1607151207 5.8
1607151208 5.8
1607151209 5.9
1607151210 5.9
1607151211 5.9
1607151212 5.9
1607151213 5.8
1607151214 5.8
1607151215 5.9
1607151216 5.9
1607151217 5.7
1607151218 5.5
1607151219 5.5
1607151220 5.4
1607151221 5.6
1607151222 5.7
1607151223 5.8
1607151224 5.9
1607151225 5.9
1607151226 5.9
1607151227 6.0
1607151228 6.0
1607151229 6.0
1607151230 6.0
1607151231 6.0
1607151232 6.0
1607151233 6.0
1607151234 5.9
1607151235 5.8
1607151236 5.7
1607151237 5.5
1607151238 5.3
1607151239 5.5
1607151240 5.7
1607151241 5.7
1607151242 5.8
1607151243 5.9
1607151244 5.9
1607151245 6.0
1607151246 6.0
1607151247 6.1
1607151248 6.1
1607151249 6.1
1607151250 6.1
1607151251 6.0
1607151252 6.1
1607151253 6.0
1607151254 6.0
1607151255 6.0
1607151256 6.0
1607151257 6.0
1607151258 6.0
1607151259 6.0
1607151260 6.0
1607151261 5.8
1607151262 5.5
1607151263 5.3
1607151264 5.1
1607151265 5.1
1607151266 5.3
1607151267 5.5
1607151268 5.6
1607151269 5.7
1607151270 5.8
1607151271 5.8
1607151272 5.9
1607151273 5.9
1607151274 6.0
1607151275 6.0
1607151276 6.0
1607151277 6.0
1607151278 6.1
1607151279 5.9
1607151280 5.8
1607151281 5.7
1607151282 5.6
1607151283 5.5
1607151284 5.7
1607151285 5.8
1607151286 5.8
1607151287 5.9
1607151288 5.9
1607151289 5.9
1607151290 5.9
1607151291 5.6
1607151292 5.4
1607151293 5.2
1607151294 5.1
1607151295 5.1
1607151296 5.3
1607151297 5.5
1607151298 5.7
1607151299 5.7
1607151300 5.8
1607151301 5.9
1607151302 5.9
1607151303 6.0
1607151304 6.0
1607151305 6.0
1607151306 6.0
1607151307 6.0
1607151308 6.0
1607151309 6.1
1607151310 6.1
1607151311 6.1
1607151312 6.1
1607151313 6.1
1607151314 6.2
1607151315 6.1
1607151316 6.0
1607151317 6.0
1607151318 6.0
1607151319 5.8
1607151320 5.8
1607151321 5.9
1607151322 5.9
1607151323 5.9
1607151324 5.9
1607151325 5.7
1607151326 5.4
1607151327 5.2
1607151328 5.1
1607151329 5.3
1607151330 5.4
1607151331 5.6
1607151332 5.7
1607151333 5.8
1607151334 5.8
1607151335 5.9
1607151336 5.9
1607151337 6.0
1607151338 6.0
1607151339 6.0
1607151340 6.0
1607151341 5.9
1607151342 5.6
1607151343 5.4
1607151344 5.3
1607151345 5.2
1607151346 5.4
1607151347 5.5
1607151348 5.7
1607151349 5.7
1607151350 5.8
1607151351 5.9
1607151352 5.9
1607151353 6.0
1607151354 6.0
1607151355 6.0
1607151356 6.0
1607151357 6.0
1607151358 5.9
1607151359 5.7
1607151360 5.6
1607151361 5.4
1607151362 5.1
1607151363 5.3
1607151364 5.5
1607151365 5.7
1607151366 5.7
1607151367 5.8
1607151368 5.9
1607151369 6.0
1607151370 6.0
1607151371 6.0
1607151372 5.7
1607151373 5.5
1607151374 5.2
1607151375 5.0
1607151376 5.0
1607151377 5.2
1607151378 5.3
1607151379 5.3
1607151380 5.3
1607151381 5.1
1607151382 5.0
1607151383 4.9
1607151384 4.8
1607151385 4.6
1607151386 4.4
1607151387 4.3
1607151388 4.4
1607151389 4.6
1607151390 4.6
1607151391 4.6
1607151392 4.6
1607151393 4.5
1607151394 4.4
1607151395 4.2
1607151396 4.1
1607151397 4.0
1607151398 3.9
1607151399 3.8
1607151400 3.7
1607151401 3.7
1607151402 3.6
1607151403 3.6
1607151404 3.5
1607151405 3.4
1607151406 3.5
1607151407 3.5
1607151408 3.5
1607151409 3.5
1607151410 3.5
1607151411 3.4
1607151412 3.4
1607151413 3.4
1607151414 3.3
1607151415 3.3
1607151416 3.3
1607151417 3.2
1607151418 3.2
1607151419 3.2
1607151420 3.2
1607151421 3.2
1607151422 3.2
1607151423 3.1
1607151424 3.1
1607151425 3.1
1607151426 3.1
1607151427 3.1
1607151428 3.1
1607151429 3.1
1607151430 3.1
1607151431 3.1
1607151432 3.1
1607151433 3.1
1607151434 3.1
1607151435 3.1
1607151436 3.1
1607151437 3.0
1607151438 3.0
1607151439 3.0
1607151440 3.1
1607151441 3.0
1607151442 3.0
1607151443 3.0
1607151444 3.0
1607151445 3.1
1607151446 3.0
1607151447 3.0
1607151448 3.0
1607151449 3.0
1607151450 3.1
1607151451 3.0
1607151452 3.0
1607151453 3.0
1607151454 3.0
1607151455 3.0
1607151456 3.0
1607151457 3.0
1607151458 3.0
1607151459 3.0
1607151460 3.0
1607151461 3.0
1607151462 3.0
1607151463 3.0
1607151464 3.0
1607151465 3.0
1607151466 3.0
1607151467 3.0
1607151468 3.0
1607151469 3.0
1607151470 3.1
1607151471 3.1
1607151472 3.3
1607151473 3.3
1607151474 3.4
1607151475 3.3
1607151476 3.2
1607151477 3.2
1607151478 3.2
1607151479 3.2
1607151480 3.1
1607151481 3.1
1607151482 3.1
1607151483 3.1
1607151484 3.1
1607151485 3.0
1607151486 3.0
1607151487 3.0
1607151488 3.0
1607151489 3.0
1607151490 3.0
1607151491 3.0
1607151492 3.0
1607151493 3.0
1607151494 3.0
1607151495 3.0
1607151496 3.0
1607151497 3.0
1607151498 3.0
1607151499 2.9
1607151500 2.9
1607151501 2.9
1607151502 2.9
1607151503 2.9
1607151504 2.9
1607151505 2.9
1607151506 2.9
1607151507 2.9
1607151508 3.0
1607151509 3.0
1607151510 2.9
1607151511 2.9
1607151512 2.9
1607151513 3.0
1607151514 3.0