1607156542 5.1
1607156543 4.9
1607156544 4.7
1607156545 4.6
1607156546 4.8
1607156547 5.1
1607156548 5.2
1607156549 5.4
1607156550 5.5
1607156551 5.6
1607156552 5.6
1607156553 5.7
1607156554 5.7
1607156555 5.8
1607156556 5.8
1607156557 5.9
1607156558 6.0
1607156559 6.0
1607156560 6.1
1607156561 6.0
1607156562 6.1
1607156563 6.1
1607156564 6.2
1607156565 6.2
1607156566 6.2
1607156567 6.2
1607156568 6.2
1607156569 6.1
1607156570 6.1
1607156571 6.1
1607156572 5.8
1607156573 5.6
1607156574 5.5
1607156575 5.5
1607156576 5.5
1607156577 5.6
1607156578 5.7
1607156579 5.8
1607156580 5.8
1607156581 5.9
1607156582 5.9
1607156583 5.9
1607156584 5.6
1607156585 5.3
1607156586 5.1
1607156587 5.0
1607156588 4.9
1607156589 5.1
1607156590 5.4
1607156591 5.5
1607156592 5.6
1607156593 5.8
1607156594 5.8
1607156595 5.9
1607156596 5.9
1607156597 5.9
1607156598 6.0
1607156599 6.0
1607156600 5.9
1607156601 5.9
1607156602 5.7
1607156603 5.6
1607156604 5.4
1607156605 5.1
1607156606 5.1
1607156607 5.3
1607156608 5.5
1607156609 5.6
1607156610 5.7
1607156611 5.8
1607156612 5.9
1607156613 6.0
1607156614 6.0
1607156615 6.1
1607156616 6.1
1607156617 6.1
1607156618 6.1
1607156619 6.1
1607156620 6.1
1607156621 6.1
1607156622 6.1
1607156623 6.1
1607156624 6.1
1607156625 6.1
1607156626 6.1
1607156627 5.9
1607156628 5.7
1607156629 5.5
1607156630 5.4
1607156631 5.2
1607156632 5.4
1607156633 5.6
1607156634 5.7
1607156635 5.8
1607156636 5.9
1607156637 6.0
1607156638 6.0
1607156639 6.0
1607156640 6.0
1607156641 6.1
1607156642 6.0
1607156643 5.7
1607156644 5.6
1607156645 5.5
1607156646 5.4
1607156647 5.6
1607156648 5.7
1607156649 5.8
1607156650 5.8
1607156651 5.9
1607156652 5.9
1607156653 6.0
1607156654 6.0
1607156655 6.0
1607156656 6.1
1607156657 6.1
1607156658 6.1
1607156659 6.1
1607156660 6.1
1607156661 6.0
1607156662 6.0
1607156663 5.8
1607156664 5.6
1607156665 5.3
1607156666 5.0
1607156667 5.0
1607156668 5.2
1607156669 5.4
1607156670 5.6
1607156671 5.7
1607156672 5.7
1607156673 5.8
1607156674 5.9
1607156675 5.9
1607156676 5.9
1607156677 5.9
1607156678 5.9
1607156679 6.0
1607156680 6.0
1607156681 6.0
1607156682 5.9
1607156683 6.0
1607156684 6.0
1607156685 5.7
1607156686 5.6
1607156687 5.7
1607156688 5.8
1607156689 5.8
1607156690 5.8
1607156691 5.9
1607156692 5.9
1607156693 5.9
1607156694 6.0
1607156695 6.0
1607156696 6.0
1607156697 6.0
1607156698 6.0
1607156699 5.7
1607156700 5.5
1607156701 5.4
1607156702 5.4
1607156703 5.3
1607156704 5.5
1607156705 5.6
1607156706 5.7
1607156707 5.7
1607156708 5.8
1607156709 5.8
1607156710 5.8
1607156711 5.9
1607156712 5.9
1607156713 6.0
1607156714 5.9
1607156715 5.9
1607156716 6.0
1607156717 6.0
1607156718 6.0
1607156719 5.9
1607156720 5.9
1607156721 6.0
1607156722 5.9
1607156723 5.9
1607156724 5.8
1607156725 5.8
1607156726 5.8
1607156727 5.8
1607156728 5.8
1607156729 5.7
1607156730 5.7
1607156731 5.7
1607156732 5.7
1607156733 5.7
1607156734 5.7
1607156735 5.8
1607156736 5.8
1607156737 5.7
1607156738 5.8
1607156739 5.7
1607156740 5.7
1607156741 5.7
1607156742 5.7
1607156743 5.7
1607156744 5.7
1607156745 5.7
1607156746 5.7
1607156747 5.7
1607156748 5.6
1607156749 5.6
1607156750 5.7
1607156751 5.7
1607156752 5.5
1607156753 5.3
1607156754 5.0
1607156755 4.9
1607156756 5.1
1607156757 5.3
1607156758 5.4
1607156759 5.5
1607156760 5.6
1607156761 5.7
1607156762 5.8
1607156763 5.9
1607156764 5.9
1607156765 6.0
1607156766 5.8
1607156767 5.7
1607156768 5.5
1607156769 5.2
1607156770 5.3
1607156771 5.5
1607156772 5.4
1607156773 5.2
1607156774 5.0
1607156775 4.9
1607156776 4.9
1607156777 4.7
1607156778 4.5
1607156779 4.4
1607156780 4.3
1607156781 4.1
1607156782 4.3
1607156783 4.5
1607156784 4.5
1607156785 4.6