1607142277 5.2
1607142278 5.0
1607142279 4.8
1607142280 4.9
1607142281 5.1
1607142282 5.3
1607142283 5.4
1607142284 5.5
1607142285 5.6
1607142286 5.7
1607142287 5.7
1607142288 5.8
1607142289 5.8
1607142290 5.8
1607142291 5.8
1607142292 5.9
1607142293 5.9
1607142294 6.0
1607142295 6.0
1607142296 6.1
1607142297 6.1
1607142298 6.1
1607142299 6.1
1607142300 6.1
1607142301 6.1
1607142302 6.1
1607142303 6.1
1607142304 6.1
1607142305 6.1
1607142306 6.0
1607142307 6.0
1607142308 6.0
1607142309 6.1
1607142310 6.1
1607142311 6.1
1607142312 6.1
1607142313 6.0
1607142314 6.0
1607142315 6.0
1607142316 6.0
1607142317 6.0
1607142318 6.0
1607142319 6.0
1607142320 6.0
1607142321 6.0
1607142322 6.0
1607142323 5.9
1607142324 5.9
1607142325 5.7
1607142326 5.5
1607142327 5.5
1607142328 5.4
1607142329 5.2
1607142330 5.3
1607142331 5.5
1607142332 5.6
1607142333 5.7
1607142334 5.8
1607142335 5.8
1607142336 6.0
1607142337 6.0
1607142338 6.0
1607142339 6.0
1607142340 6.0
1607142341 6.0
1607142342 5.8
1607142343 5.5
1607142344 5.3
1607142345 5.3
1607142346 5.3
1607142347 5.5
1607142348 5.6
1607142349 5.7
1607142350 5.7
1607142351 5.8
1607142352 5.9
1607142353 5.9
1607142354 5.9
1607142355 6.0
1607142356 6.0
1607142357 5.9
1607142358 5.6
1607142359 5.5
1607142360 5.4
1607142361 5.3
1607142362 5.5
1607142363 5.6
1607142364 5.7
1607142365 5.8
1607142366 5.8
1607142367 5.9
1607142368 5.9
1607142369 5.9
1607142370 5.9
1607142371 6.0
1607142372 5.9
1607142373 5.9
1607142374 5.6
1607142375 5.3
1607142376 5.1
1607142377 4.9
1607142378 5.0
1607142379 5.2
1607142380 5.4
1607142381 5.5
1607142382 5.6
1607142383 5.7
1607142384 5.8
1607142385 5.6
1607142386 5.4
1607142387 5.3
1607142388 5.2
1607142389 5.0
1607142390 5.1
1607142391 5.4
1607142392 5.5
1607142393 5.6
1607142394 5.7
1607142395 5.8
1607142396 5.9
1607142397 6.0
1607142398 6.1
1607142399 6.2
1607142400 6.2
1607142401 6.1
1607142402 6.1
1607142403 6.1
1607142404 6.1
1607142405 6.1
1607142406 6.1
1607142407 6.1
1607142408 6.1
1607142409 6.1
1607142410 6.1
1607142411 6.0
1607142412 5.7
1607142413 5.4
1607142414 5.2
1607142415 5.1
1607142416 5.3
1607142417 5.5
1607142418 5.5
1607142419 5.6
1607142420 5.7
1607142421 5.8
1607142422 5.8
1607142423 5.9
1607142424 5.9
1607142425 5.9
1607142426 5.9
1607142427 5.9
1607142428 6.0
1607142429 6.0
1607142430 6.0
1607142431 6.0
1607142432 6.0
1607142433 6.0
1607142434 6.0
1607142435 6.0
1607142436 6.0
1607142437 5.9
1607142438 5.9
1607142439 5.8
1607142440 5.8
1607142441 5.8
1607142442 5.8
1607142443 5.8
1607142444 5.8
1607142445 5.7
1607142446 5.8
1607142447 5.8
1607142448 5.8
1607142449 5.8
1607142450 5.8
1607142451 5.8
1607142452 5.8
1607142453 5.8
1607142454 5.8
1607142455 5.7
1607142456 5.7
1607142457 5.7
1607142458 5.7
1607142459 5.7
1607142460 5.8
1607142461 5.8
1607142462 5.8
1607142463 5.8
1607142464 5.8
1607142465 5.8
1607142466 5.9
1607142467 5.7
1607142468 5.4
1607142469 5.1
1607142470 4.9
1607142471 4.9
1607142472 5.1
1607142473 5.3
1607142474 5.5
1607142475 5.6
1607142476 5.6
1607142477 5.7
1607142478 5.8
1607142479 5.8
1607142480 5.9
1607142481 5.8
1607142482 5.7
1607142483 5.6
1607142484 5.5
1607142485 5.2
1607142486 5.4
1607142487 5.5
1607142488 5.4
1607142489 5.1
1607142490 5.0
1607142491 4.9
1607142492 4.9
1607142493 5.2
1607142494 5.4
1607142495 5.5
1607142496 5.7
1607142497 5.7
1607142498 5.9
1607142499 5.9
1607142500 6.0
1607142501 6.0
1607142502 6.1
1607142503 6.1
1607142504 6.1
1607142505 6.1
1607142506 6.1
1607142507 6.1
1607142508 5.8
1607142509 5.5
1607142510 5.2
1607142511 5.0
1607142512 4.8
1607142513 4.6
1607142514 4.4
1607142515 4.2
1607142516 4.4
1607142517 4.5
1607142518 4.8
1607142519 4.7
1607142520 4.8
1607142521 5.2
1607142522 5.3
1607142523 5.2
1607142530 5.5