1607136618 4.9
1607136619 4.7
1607136620 4.5
1607136621 4.7
1607136622 5.0
1607136623 5.3
1607136624 5.5
1607136625 5.6
1607136626 5.7
1607136627 5.8
1607136628 5.8
1607136629 5.9
1607136630 5.9
1607136631 6.0
1607136632 6.1
1607136633 6.1
1607136634 6.2
1607136635 6.2
1607136636 6.2
1607136637 6.2
1607136638 6.2
1607136639 6.2
1607136640 6.2
1607136641 6.2
1607136642 6.2
1607136643 6.2
1607136644 6.2
1607136645 6.2
1607136646 5.9
1607136647 5.6
1607136648 5.3
1607136649 5.2
1607136650 5.4
1607136651 5.6
1607136652 5.5
1607136653 5.3
1607136654 5.1
1607136655 5.1
1607136656 5.1
1607136657 5.1
1607136658 5.4
1607136659 5.6
1607136660 5.8
1607136661 5.9
1607136662 5.9
1607136663 6.0
1607136664 6.1
1607136665 6.1
1607136666 6.3
1607136667 6.3
1607136668 6.3
1607136669 6.3
1607136670 5.9
1607136671 5.7
1607136672 5.4
1607136673 5.2
1607136674 5.2
1607136675 5.5
1607136676 5.6
1607136677 5.7
1607136678 5.9
1607136679 5.9
1607136680 6.1
1607136681 6.1
1607136682 6.1
1607136683 6.2
1607136684 6.2
1607136685 6.2
1607136686 6.2
1607136687 6.2
1607136688 6.2
1607136689 6.2
1607136690 6.2
1607136691 6.2
1607136692 6.2
1607136693 6.2
1607136694 6.1
1607136695 6.1
1607136696 6.0
1607136697 6.0
1607136698 6.0
1607136699 5.9
1607136700 5.7
1607136701 5.4
1607136702 5.2
1607136703 5.0
1607136704 4.9
1607136705 5.2
1607136706 5.3
1607136707 5.4
1607136708 5.6
1607136709 5.7
1607136710 5.7
1607136711 5.8
1607136712 5.8
1607136713 5.9
1607136714 5.9
1607136715 5.9
1607136716 6.0
1607136717 6.0
1607136718 6.0
1607136719 6.0
1607136720 6.0
1607136721 6.0
1607136722 6.0
1607136723 6.0
1607136724 6.0
1607136725 6.0
1607136726 6.0
1607136727 6.0
1607136728 6.0
1607136729 6.0
1607136730 6.1
1607136731 6.0
1607136732 6.0
1607136733 6.0
1607136734 5.9
1607136735 5.9
1607136736 5.9
1607136737 5.9
1607136738 5.9
1607136739 5.8
1607136740 5.8
1607136741 5.8
1607136742 5.9
1607136743 5.8
1607136744 5.8
1607136745 5.8
1607136746 5.8
1607136747 5.8
1607136748 5.8
1607136749 5.8
1607136750 5.9
1607136751 5.9
1607136752 5.8
1607136753 5.9
1607136754 5.9
1607136755 5.8
1607136756 5.6
1607136757 5.3
1607136758 5.1
1607136759 4.9
1607136760 5.3
1607136761 5.5
1607136762 5.6
1607136763 5.7
1607136764 5.8
1607136765 5.9
1607136766 5.9
1607136767 5.9
1607136768 6.0
1607136769 6.0
1607136770 6.0
1607136771 6.0
1607136772 6.1
1607136773 6.1
1607136774 6.1
1607136775 6.1
1607136776 6.1
1607136777 6.1
1607136778 6.1
1607136779 6.1
1607136780 6.1
1607136781 6.1
1607136782 6.0
1607136783 6.1
1607136784 6.0
1607136785 5.9
1607136786 5.9
1607136787 5.7
1607136788 5.4
1607136789 5.4
1607136790 5.6
1607136791 5.7
1607136792 5.8
1607136793 5.9
1607136794 6.0
1607136795 6.0
1607136796 6.0
1607136797 6.0
1607136798 6.0
1607136799 6.0
1607136800 6.0
1607136801 6.0
1607136802 6.0
1607136803 5.8
1607136804 5.5
1607136805 5.3
1607136806 5.2
1607136807 5.2
1607136808 5.5
1607136809 5.6
1607136810 5.7
1607136811 5.8
1607136812 5.8
1607136813 5.9
1607136814 5.9
1607136815 5.9
1607136816 5.9
1607136817 6.0
1607136818 5.8
1607136819 5.5
1607136820 5.3
1607136821 5.0
1607136822 4.8
1607136823 5.1
1607136824 5.4
1607136825 5.6
1607136826 5.7
1607136827 5.8
1607136828 5.9
1607136829 5.9
1607136830 6.0
1607136831 6.1
1607136832 6.2
1607136833 6.2
1607136834 6.2
1607136835 6.2
1607136836 6.2
1607136837 6.2
1607136838 5.9
1607136839 5.6
1607136840 5.4
1607136841 5.1
1607136842 4.9
1607136843 5.2
1607136844 5.4
1607136845 5.6
1607136846 5.7
1607136847 5.8
1607136848 5.9
1607136849 6.0
1607136850 6.1
1607136851 6.1
1607136852 6.2
1607136853 6.2
1607136854 6.2
1607136855 6.2
1607136856 6.0
1607136857 5.8
1607136858 5.6
1607136859 5.4
1607136860 5.2
1607136861 4.9
1607136862 4.8
1607136863 4.8
1607136864 4.7
1607136865 4.8
1607136866 5.0
1607136867 5.0
1607136868 5.0
1607136870 5.4