1607145508 5.0
1607145509 4.9
1607145510 4.6
1607145511 4.8
1607145512 5.1
1607145513 5.3
1607145514 5.4
1607145515 5.5
1607145516 5.6
1607145517 5.7
1607145518 5.8
1607145519 5.8
1607145520 5.9
1607145521 5.9
1607145522 6.0
1607145523 6.0
1607145524 6.1
1607145525 6.1
1607145526 6.1
1607145527 6.2
1607145528 6.2
1607145529 6.1
1607145530 6.2
1607145531 6.2
1607145532 6.2
1607145533 6.1
1607145534 6.1
1607145535 6.1
1607145536 6.1
1607145537 6.2
1607145538 6.1
1607145539 6.1
1607145540 6.1
1607145541 6.0
1607145542 5.7
1607145543 5.4
1607145544 5.2
1607145545 5.0
1607145546 5.1
1607145547 5.4
1607145548 5.6
1607145549 5.7
1607145550 5.8
1607145551 5.8
1607145552 5.9
1607145553 5.9
1607145554 6.0
1607145555 6.0
1607145556 6.0
1607145557 6.0
1607145558 5.8
1607145559 5.6
1607145560 5.5
1607145561 5.3
1607145562 5.5
1607145563 5.7
1607145564 5.7
1607145565 5.8
1607145566 5.8
1607145567 5.8
1607145568 5.9
1607145569 5.9
1607145570 5.9
1607145571 5.9
1607145572 5.8
1607145573 5.5
1607145574 5.2
1607145575 5.0
1607145576 5.1
1607145577 5.3
1607145578 5.6
1607145579 5.7
1607145580 5.8
1607145581 5.9
1607145582 5.9
1607145583 6.0
1607145584 6.0
1607145585 6.0
1607145586 6.1
1607145587 6.0
1607145588 5.7
1607145589 5.5
1607145590 5.3
1607145591 5.2
1607145592 5.2
1607145593 5.4
1607145594 5.5
1607145595 5.6
1607145596 5.7
1607145597 5.8
1607145598 5.9
1607145599 5.9
1607145600 5.7
1607145601 5.7
1607145602 5.4
1607145603 5.1
1607145604 5.2
1607145605 5.4
1607145606 5.5
1607145607 5.7
1607145608 5.7
1607145609 5.8
1607145610 5.9
1607145611 6.0
1607145612 6.1
1607145613 6.1
1607145614 6.1
1607145615 6.1
1607145616 6.1
1607145617 6.1
1607145618 6.1
1607145619 6.1
1607145620 6.1
1607145621 6.1
1607145622 6.1
1607145623 6.1
1607145624 6.0
1607145625 6.1
1607145626 6.0
1607145627 6.0
1607145628 6.0
1607145629 5.9
1607145630 5.6
1607145631 5.3
1607145632 5.2
1607145633 5.1
1607145634 5.3
1607145635 5.5
1607145636 5.3
1607145637 5.1
1607145638 4.9
1607145639 4.8
1607145640 4.8
1607145641 5.1
1607145642 5.3
1607145643 5.5
1607145644 5.6
1607145645 5.7
1607145646 5.8
1607145647 5.9
1607145648 5.9
1607145649 5.9
1607145650 5.9
1607145651 6.0
1607145652 6.0
1607145653 5.9
1607145654 5.7
1607145655 5.4
1607145656 5.1
1607145657 4.9
1607145658 5.0
1607145659 5.3
1607145660 5.5
1607145661 5.6
1607145662 5.7
1607145663 5.7
1607145664 5.8
1607145665 5.8
1607145666 5.9
1607145667 5.9
1607145668 5.9
1607145669 6.0
1607145670 6.0
1607145671 6.0
1607145672 6.0
1607145673 6.1
1607145674 6.1
1607145675 6.2
1607145676 6.2
1607145677 6.2
1607145678 6.1
1607145679 6.1
1607145680 6.0
1607145681 6.0
1607145682 6.0
1607145683 6.0
1607145684 5.9
1607145685 6.0
1607145686 6.0
1607145687 6.0
1607145688 6.0
1607145689 6.0
1607145690 5.9
1607145691 5.9
1607145692 5.8
1607145693 5.8
1607145694 5.7
1607145695 5.5
1607145696 5.2
1607145697 5.0
1607145698 4.9
1607145699 5.0
1607145700 4.9
1607145701 4.9
1607145702 4.8
1607145703 4.9
1607145704 4.9
1607145705 5.0
1607145706 4.9
1607145707 4.8
1607145708 4.8
1607145709 4.7
1607145710 4.6
1607145711 4.7
1607145712 4.7
1607145713 4.7
1607145714 4.5
1607145715 4.3
1607145716 4.2
1607145717 4.4
1607145718 4.4
1607145719 4.4
1607145720 4.3
1607145721 4.1
1607145722 4.0
1607145723 4.2
1607145724 4.5
1607145725 4.5
1607145726 4.5
1607145727 4.3
1607145728 4.2
1607145729 4.5
1607145730 4.9
1607145731 5.2
1607145732 5.5
1607145733 5.7
1607145734 5.8
1607145735 6.0
1607145736 6.1
1607145737 6.2
1607145738 6.3
1607145739 6.4
1607145740 6.4
1607145741 6.4
1607145742 6.3
1607145743 6.1
1607145744 5.9
1607145745 5.6
1607145746 5.3
1607145747 5.1
1607145748 4.8
1607145749 4.7
1607145750 4.5
1607145751 4.3
1607145753 4.7
1607145754 4.7
1607145755 4.7
1607145756 4.7
1607145757 4.7
1607145758 4.5
1607145759 4.4
1607145760 4.2
1607145761 4.1
1607145762 4.0
1607145763 3.9
1607145764 3.8
1607145765 3.7
1607145766 3.7
1607145767 3.6
1607145768 3.5
1607145769 3.5
1607145770 3.5
1607145771 3.4
1607145772 3.4
1607145773 3.3
1607145774 3.3
1607145775 3.3
1607145776 3.3
1607145777 3.3
1607145778 3.2
1607145779 3.2
1607145780 3.2
1607145781 3.2
1607145782 3.2
1607145783 3.2
1607145784 3.1
1607145785 3.1
1607145786 3.1
1607145787 3.1
1607145788 3.1
1607145789 3.1
1607145790 3.1
1607145791 3.1
1607145792 3.1
1607145793 3.1
1607145794 3.1
1607145795 3.1
1607145796 3.1
1607145797 3.1
1607145798 3.1
1607145799 3.1
1607145800 3.1
1607145801 3.1
1607145802 3.2
1607145803 3.3
1607145804 3.4
1607145805 3.4
1607145806 3.3
1607145807 3.3
1607145808 3.3
1607145809 3.2
1607145810 3.2
1607145811 3.2
1607145812 3.2
1607145813 3.1
1607145814 3.1
1607145815 3.1
1607145816 3.1