1607132137 5.0
1607132138 4.8
1607132139 4.6
1607132140 4.9
1607132141 5.1
1607132142 5.4
1607132143 5.6
1607132144 5.8
1607132145 5.9
1607132146 5.9
1607132147 6.0
1607132148 6.1
1607132149 6.1
1607132150 6.2
1607132151 6.3
1607132152 6.4
1607132153 6.4
1607132154 6.4
1607132155 6.4
1607132156 6.4
1607132157 6.4
1607132158 6.4
1607132159 6.4
1607132160 6.5
1607132161 6.5
1607132162 6.4
1607132163 6.4
1607132164 6.4
1607132165 6.3
1607132166 6.2
1607132167 5.9
1607132168 5.7
1607132169 5.5
1607132170 5.2
1607132171 5.4
1607132172 5.6
1607132173 5.8
1607132174 5.9
1607132175 6.0
1607132176 6.1
1607132177 6.2
1607132178 6.2
1607132179 6.3
1607132180 6.0
1607132181 5.7
1607132182 5.4
1607132183 5.1
1607132184 5.0
1607132185 5.3
1607132186 5.6
1607132187 5.7
1607132188 5.8
1607132189 5.9
1607132190 6.0
1607132191 6.1
1607132192 6.3
1607132193 6.4
1607132194 6.4
1607132195 6.4
1607132196 6.1
1607132197 5.8
1607132198 5.7
1607132199 5.5
1607132200 5.7
1607132201 5.9
1607132202 5.9
1607132203 6.0
1607132204 6.0
1607132205 6.1
1607132206 6.1
1607132207 6.2
1607132208 6.1
1607132209 6.2
1607132210 6.3
1607132211 6.2
1607132212 6.3
1607132213 6.3
1607132214 6.3
1607132215 6.2
1607132216 6.1
1607132217 5.8
1607132218 5.6
1607132219 5.3
1607132220 5.1
1607132221 5.3
1607132222 5.4
1607132223 5.5
1607132224 5.3
1607132225 5.2
1607132226 4.9
1607132227 4.7
1607132228 4.8
1607132229 5.2
1607132230 5.4
1607132231 5.6
1607132232 5.7
1607132233 5.9
1607132234 6.0
1607132235 6.0
1607132236 6.0
1607132237 6.1
1607132238 6.1
1607132239 6.2
1607132240 6.2
1607132241 6.2
1607132242 6.2
1607132243 6.3
1607132244 6.2
1607132245 6.2
1607132246 6.3
1607132247 6.3
1607132248 6.3
1607132249 6.2
1607132250 6.2
1607132251 6.1
1607132252 6.0
1607132253 6.1
1607132254 6.1
1607132255 6.1
1607132256 6.1
1607132257 6.1
1607132258 6.1
1607132259 6.1
1607132260 6.0
1607132261 6.0
1607132262 6.0
1607132263 6.0
1607132264 6.0
1607132265 6.0
1607132266 6.0
1607132267 6.0
1607132268 5.9
1607132269 5.8
1607132270 5.8
1607132271 5.9
1607132272 5.8
1607132273 5.8
1607132274 5.8
1607132275 5.8
1607132276 5.8
1607132277 5.9
1607132278 5.8
1607132279 5.6
1607132280 5.4
1607132281 5.1
1607132282 4.9
1607132283 5.2
1607132284 5.4
1607132285 5.6
1607132286 5.6
1607132287 5.7
1607132288 5.9
1607132289 5.9
1607132290 6.0
1607132291 6.0
1607132292 6.0
1607132293 6.0
1607132294 6.1
1607132295 6.1
1607132296 6.1
1607132297 6.1
1607132298 6.1
1607132299 6.1
1607132300 6.1
1607132301 6.2
1607132302 6.2
1607132303 6.2
1607132304 6.2
1607132305 6.2
1607132306 6.1
1607132307 6.1
1607132308 6.1
1607132309 6.1
1607132310 6.1
1607132311 6.1
1607132312 6.1
1607132313 6.1
1607132314 6.0
1607132315 6.1
1607132316 6.1
1607132317 6.1
1607132318 6.1
1607132319 6.1
1607132320 6.2
1607132321 5.9
1607132322 5.5
1607132323 5.3
1607132324 5.1
1607132325 5.1
1607132326 5.3
1607132327 5.5
1607132328 5.6
1607132329 5.6
1607132330 5.7
1607132331 5.8
1607132332 5.9
1607132333 5.9
1607132334 5.9
1607132335 5.9
1607132336 5.9
1607132337 5.9
1607132338 5.7
1607132339 5.6
1607132340 5.5
1607132341 5.3
1607132342 5.1
1607132343 5.4
1607132344 5.6
1607132345 5.6
1607132346 5.7
1607132347 5.7
1607132348 5.8
1607132349 5.9
1607132350 5.7
1607132351 5.6
1607132352 5.4
1607132353 5.4
1607132354 5.3
1607132355 5.3
1607132356 5.6
1607132357 5.7
1607132358 5.7
1607132359 5.8
1607132360 5.9
1607132361 6.0
1607132362 6.0
1607132363 6.1
1607132364 6.1
1607132365 6.1
1607132366 6.1
1607132367 5.9
1607132368 5.7
1607132369 5.4
1607132370 5.2
1607132371 5.0
1607132372 4.9
1607132373 4.9
1607132374 4.9
1607132375 4.7
1607132376 4.5
1607132377 4.8
1607132378 4.9
1607132379 4.7
1607132380 4.9
1607132382 5.3