1607118813 5.1
1607118814 4.9
1607118815 4.7
1607118816 4.7
1607118817 5.0
1607118818 5.2
1607118819 5.4
1607118820 5.5
1607118821 5.6
1607118822 5.7
1607118823 5.8
1607118824 5.9
1607118825 5.9
1607118826 6.0
1607118827 6.0
1607118828 6.1
1607118829 6.1
1607118830 6.2
1607118831 6.2
1607118832 6.2
1607118833 6.3
1607118834 6.2
1607118835 6.3
1607118836 6.3
1607118837 6.2
1607118838 6.0
1607118839 5.9
1607118840 5.5
1607118841 5.3
1607118842 5.3
1607118843 5.5
1607118844 5.7
1607118845 5.8
1607118846 5.9
1607118847 6.0
1607118848 6.0
1607118849 6.1
1607118850 6.1
1607118851 6.2
1607118852 6.1
1607118853 6.0
1607118854 5.8
1607118855 5.5
1607118856 5.3
1607118857 5.3
1607118858 5.5
1607118859 5.6
1607118860 5.3
1607118861 5.1
1607118862 5.1
1607118863 5.1
1607118864 5.2
1607118865 5.4
1607118866 5.6
1607118867 5.8
1607118868 5.8
1607118869 5.9
1607118870 6.0
1607118871 6.1
1607118872 6.1
1607118873 6.2
1607118874 6.2
1607118875 6.1
1607118876 5.9
1607118877 5.7
1607118878 5.6
1607118879 5.4
1607118880 5.3
1607118881 5.5
1607118882 5.7
1607118883 5.9
1607118884 5.9
1607118885 6.0
1607118886 6.0
1607118887 6.1
1607118888 6.1
1607118889 6.1
1607118890 6.2
1607118891 6.2
1607118892 6.2
1607118893 6.2
1607118894 6.2
1607118895 6.2
1607118896 6.2
1607118897 6.2
1607118898 6.2
1607118899 6.2
1607118900 6.2
1607118901 6.2
1607118902 5.9
1607118903 5.8
1607118904 5.7
1607118905 5.4
1607118906 5.6
1607118907 5.7
1607118908 5.8
1607118909 5.9
1607118910 6.0
1607118911 6.0
1607118912 6.0
1607118913 6.1
1607118914 6.1
1607118915 6.1
1607118916 6.1
1607118917 6.1
1607118918 6.1
1607118919 6.0
1607118920 6.1
1607118921 6.0
1607118922 6.0
1607118923 6.0
1607118924 6.0
1607118925 5.9
1607118926 5.9
1607118927 5.9
1607118928 5.9
1607118929 5.9
1607118930 5.8
1607118931 5.8
1607118932 5.8
1607118933 5.8
1607118934 5.8
1607118935 5.8
1607118936 5.8
1607118937 5.8
1607118938 5.9
1607118939 5.8
1607118940 5.9
1607118941 5.8
1607118942 5.8
1607118943 5.8
1607118944 5.8
1607118945 5.8
1607118946 5.8
1607118947 5.8
1607118948 5.7
1607118949 5.7
1607118950 5.7
1607118951 5.8
1607118952 5.8
1607118953 5.8
1607118954 5.6
1607118955 5.4
1607118956 5.1
1607118957 4.9
1607118958 5.2
1607118959 5.4
1607118960 5.5
1607118961 5.6
1607118962 5.8
1607118963 5.9
1607118964 6.0
1607118965 6.0
1607118966 6.0
1607118967 6.0
1607118968 6.0
1607118969 6.1
1607118970 6.1
1607118971 5.9
1607118972 5.7
1607118973 5.4
1607118974 5.2
1607118975 5.2
1607118976 5.5
1607118977 5.6
1607118978 5.7
1607118979 5.8
1607118980 5.8
1607118981 5.9
1607118982 6.0
1607118983 6.0
1607118984 6.0
1607118985 6.0
1607118986 6.0
1607118987 6.1
1607118988 6.1
1607118989 6.1
1607118990 6.1
1607118991 6.1
1607118992 6.1
1607118993 6.1
1607118994 6.1
1607118995 6.1
1607118996 6.0
1607118997 6.0
1607118998 6.0
1607118999 6.0
1607119000 6.0
1607119001 6.0
1607119002 5.9
1607119003 5.9
1607119004 5.9
1607119005 5.8
1607119006 5.8
1607119007 5.8
1607119008 5.6
1607119009 5.4
1607119010 5.1
1607119011 4.9
1607119012 4.8
1607119013 5.1
1607119014 5.3
1607119015 5.5
1607119016 5.6
1607119017 5.7
1607119018 5.8
1607119019 5.8
1607119020 5.9
1607119021 5.9
1607119022 5.9
1607119023 6.0
1607119024 5.8
1607119025 5.5
1607119026 5.5
1607119027 5.4
1607119028 5.3
1607119029 5.4
1607119030 5.5
1607119031 5.7
1607119032 5.8
1607119033 5.9
1607119034 6.0
1607119035 6.0
1607119036 6.0
1607119037 6.1
1607119038 6.0
1607119039 5.7
1607119040 5.4
1607119041 5.1
1607119042 4.9
1607119043 5.2
1607119044 5.1
1607119045 5.0
1607119046 4.9
1607119047 4.7
1607119048 4.7
1607119049 4.9
1607119050 4.8
1607119051 4.8
1607119052 4.8
1607119053 4.8
1607119054 4.6
1607119055 4.5
1607119056 4.3
1607119057 4.2
1607119058 4.1
1607119059 4.0
1607119060 3.8
1607119061 3.8
1607119062 3.7
1607119063 3.6
1607119064 3.6
1607119065 3.5
1607119066 3.5
1607119067 3.4
1607119068 3.4
1607119069 3.4
1607119070 3.4
1607119071 3.3
1607119072 3.3
1607119073 3.3
1607119074 3.2
1607119075 3.3
1607119076 3.2
1607119077 3.2
1607119078 3.2
1607119079 3.2
1607119080 3.2
1607119081 3.1
1607119082 3.1
1607119083 3.2
1607119084 3.1
1607119085 3.2
1607119086 3.1
1607119087 3.1
1607119088 3.2
1607119089 3.2
1607119090 3.4
1607119091 3.5
1607119092 3.5
1607119093 3.4
1607119094 3.4
1607119095 3.3
1607119096 3.3
1607119097 3.3
1607119098 3.3
1607119099 3.2
1607119100 3.2
1607119101 3.2
1607119102 3.2
1607119103 3.1
1607119104 3.1
1607119105 3.1
1607119106 3.1
1607119107 3.1
1607119108 3.1
1607119109 3.1
1607119110 3.1
1607119111 3.1
1607119112 3.1
1607119113 3.0
1607119114 3.0
1607119115 3.0
1607119116 3.0
1607119117 3.0
1607119118 3.0
1607119119 3.0
1607119120 3.0
1607119121 3.0
1607119122 3.0
1607119123 3.0
1607119124 3.0
1607119125 3.0
1607119126 3.0
1607119127 3.0
1607119128 3.0
1607119129 3.0
1607119130 3.0
1607119131 3.0
1607119132 3.0
1607119133 3.0
1607119134 3.0
1607119135 3.0
1607119136 3.0
1607119137 3.0
1607119138 3.0
1607119139 3.0
1607119140 3.0
1607119141 3.0
1607119142 2.9
1607119143 2.9
1607119144 2.9
1607119145 2.9
1607119146 2.9
1607119147 2.9
1607119148 3.0
1607119149 3.0
1607119150 3.0
1607119151 3.0
1607119152 3.0
1607119153 3.2
1607119154 3.3
1607119155 3.3
1607119156 3.2
1607119157 3.2
1607119158 3.2
1607119159 3.1
1607119160 3.1
1607119161 3.1
1607119162 3.1
1607119163 3.0
1607119164 3.0
1607119165 3.0
1607119166 3.0
1607119167 3.0
1607119168 3.0
1607119169 3.0
1607119170 3.0
1607119171 3.0
1607119172 2.9
1607119173 2.9
1607119174 2.9
1607119175 2.9
1607119176 2.9
1607119177 2.9
1607119178 2.9
1607119179 2.9
1607119180 2.9
1607119181 2.9
1607119182 2.9
1607119183 2.9
1607119184 2.9
1607119185 2.9
1607119186 2.9
1607119187 2.9
1607119188 2.9
1607119189 2.9
1607119190 2.9
1607119191 2.9
1607119192 2.9
1607119193 2.9
1607119194 2.9
1607119195 2.9
1607119196 2.9
1607119197 2.9
1607119198 2.9
1607119199 2.9
1607119200 2.9
1607119201 2.9
1607119202 2.9
1607119203 2.9
1607119204 2.9
1607119205 2.9
1607119206 2.9
1607119207 2.9
1607119208 2.9
1607119209 2.9
1607119210 2.9
1607119211 2.9
1607119212 2.9
1607119213 2.9
1607119214 3.0
1607119215 3.0
1607119216 3.1
1607119217 3.2
1607119218 3.2
1607119219 3.2
1607119220 3.1
1607119221 3.1
1607119222 3.1
1607119223 3.0
1607119224 3.0
1607119225 3.0
1607119226 3.0
1607119227 3.0
1607119228 2.9
1607119229 2.9
1607119230 2.9
1607119231 2.9
1607119232 2.9
1607119233 2.9
1607119234 2.9
1607119235 2.9
1607119236 2.9
1607119237 2.9
1607119238 2.9
1607119239 2.9
1607119240 2.9
1607119241 2.9
1607119242 2.9
1607119243 2.9
1607119244 2.9
1607119245 2.9
1607119246 2.9
1607119247 2.9
1607119248 2.8
1607119249 2.9
1607119250 2.9
1607119251 2.9
1607119252 2.8
1607119253 2.8
1607119254 2.9
1607119255 2.9
1607119256 2.9
1607119257 2.8
1607119258 2.8
1607119259 2.9
1607119260 2.9
1607119261 2.9
1607119262 2.8
1607119263 2.8
1607119264 2.9
1607119265 2.9
1607119266 2.9
1607119267 2.9
1607119268 2.8
1607119269 2.8
1607119270 2.9
1607119271 2.8
1607119272 2.8
1607119273 2.8
1607119274 2.8
1607119275 2.9
1607119276 2.9
1607119277 2.9
1607119278 2.9
1607119279 3.0
1607119280 3.1
1607119281 3.2
1607119282 3.1
1607119283 3.1
1607119284 3.1
1607119285 3.0
1607119286 3.0
1607119287 3.0
1607119288 3.0
1607119289 3.0
1607119290 2.9
1607119291 2.9
1607119292 2.9
1607119293 2.9
1607119294 2.9
1607119295 2.9
1607119296 2.9
1607119297 2.9
1607119298 2.8
1607119299 2.9
1607119300 2.9
1607119301 2.9
1607119302 2.8
1607119303 2.8
1607119304 2.9
1607119305 2.8
1607119306 2.8
1607119307 2.8
1607119308 2.8
1607119309 2.9
1607119310 2.9
1607119311 2.9
1607119312 2.8
1607119313 2.8
1607119314 2.8
1607119315 2.8
1607119316 2.8
1607119317 2.8
1607119318 2.8
1607119319 2.8
1607119320 2.9
1607119321 2.8
1607119322 2.8
1607119323 2.8
1607119324 2.8
1607119325 2.8
1607119326 2.8
1607119327 2.9
1607119328 2.8
1607119329 2.8
1607119330 2.8
1607119331 2.8
1607119332 2.8
1607119333 2.8
1607119334 2.9
1607119335 2.8
1607119336 2.8
1607119337 2.9
1607119338 2.8
1607119339 2.9
1607119340 2.9
1607119341 2.9
1607119342 3.0
1607119343 3.1
1607119344 3.2
1607119345 3.1
1607119346 3.1
1607119347 3.0
1607119348 3.0
1607119349 3.0
1607119350 3.0
1607119351 2.9
1607119352 2.9
1607119353 2.9
1607119354 2.9
1607119355 2.9
1607119356 2.9
1607119357 2.9
1607119358 2.9
1607119359 2.8
1607119360 2.9
1607119361 2.9
1607119362 2.9
1607119363 2.8
1607119364 2.8
1607119365 2.8
1607119366 2.8
1607119367 2.8
1607119368 2.8
1607119369 2.8
1607119370 2.8
1607119371 2.8
1607119372 2.8
1607119373 2.8
1607119374 2.8
1607119375 2.8
1607119376 2.8
1607119377 2.8
1607119378 2.8
1607119379 2.8
1607119380 2.8
1607119381 2.8
1607119382 2.8
1607119383 2.8
1607119384 2.8
1607119385 2.8
1607119386 2.8
1607119387 2.8
1607119388 2.8
1607119389 2.8
1607119390 2.8
1607119391 2.8
1607119392 2.8
1607119393 2.8
1607119394 2.8
1607119395 2.8
1607119396 2.8
1607119397 2.8
1607119398 2.8
1607119399 2.8
1607119400 2.8
1607119401 2.8
1607119402 2.9
1607119403 2.9
1607119404 2.9
1607119405 3.0
1607119406 3.1
1607119407 3.1
1607119408 3.1
1607119409 3.1
1607119410 3.0
1607119411 3.0
1607119412 3.0
1607119413 2.9
1607119414 2.9
1607119415 2.9
1607119416 2.9
1607119417 2.9
1607119418 2.9
1607119419 2.9
1607119420 2.8
1607119421 2.8
1607119422 2.8
1607119423 2.8
1607119424 2.8
1607119425 2.8
1607119426 2.8
1607119427 2.9
1607119428 2.8
1607119429 2.8
1607119430 2.8
1607119431 2.8
1607119432 2.8
1607119433 2.8
1607119434 2.8
1607119435 2.8
1607119436 2.8
1607119437 2.8
1607119438 2.8
1607119439 2.8
1607119440 2.8
1607119441 2.8
1607119442 2.8
1607119443 2.8
1607119444 2.8
1607119445 2.8
1607119446 2.8
1607119447 2.8
1607119448 2.8
1607119449 2.8
1607119450 2.8
1607119451 2.8
1607119452 2.8
1607119453 2.8
1607119454 2.8
1607119455 2.8
1607119456 2.8
1607119457 2.8
1607119458 2.8
1607119459 2.8
1607119460 2.8
1607119461 2.8
1607119462 2.8
1607119463 2.8
1607119464 2.8
1607119465 2.8
1607119466 2.9
1607119467 2.9
1607119468 3.0
1607119469 3.1
1607119470 3.1
1607119471 3.0
1607119472 3.0
1607119473 3.0
1607119474 3.0
1607119475 2.9
1607119476 2.9
1607119477 2.9
1607119478 2.9
1607119479 2.9
1607119480 2.9
1607119481 2.9
1607119482 2.8
1607119483 2.8
1607119484 2.8
1607119485 2.8
1607119486 2.8
1607119487 2.8
1607119488 2.8
1607119489 2.8
1607119490 2.8
1607119491 2.8
1607119492 2.8
1607119493 2.8
1607119494 2.8
1607119495 2.8
1607119496 2.8
1607119497 2.8
1607119498 2.8
1607119499 2.8
1607119500 2.8
1607119501 2.8
1607119502 2.8
1607119503 2.8
1607119504 2.8
1607119505 2.8
1607119506 2.8
1607119507 2.8
1607119508 2.8
1607119509 2.8
1607119510 2.8
1607119511 2.8
1607119512 2.8
1607119513 2.8
1607119514 2.8
1607119515 2.8
1607119516 2.8
1607119517 2.8
1607119518 2.7
1607119519 2.8
1607119520 2.8
1607119521 2.8
1607119522 2.8
1607119523 2.7
1607119524 2.7
1607119525 2.8
1607119526 2.8
1607119527 2.8
1607119528 2.8
1607119529 2.8
1607119530 2.8
1607119531 2.9
1607119532 3.0
1607119533 3.1
1607119534 3.0
1607119535 3.0
1607119536 3.0
1607119537 2.9
1607119538 2.9
1607119539 2.9
1607119540 2.9
1607119541 2.9
1607119542 2.8
1607119543 2.8
1607119544 2.8
1607119545 2.9
1607119546 2.8
1607119547 2.8
1607119548 2.8
1607119549 2.8
1607119550 2.8
1607119551 2.8
1607119552 2.8
1607119553 2.8
1607119554 2.8
1607119555 2.8
1607119556 2.8
1607119557 2.8
1607119558 2.8
1607119559 2.7
1607119560 2.7
1607119561 2.7
1607119562 2.8
1607119563 2.8
1607119564 2.8
1607119565 2.8
1607119566 2.7
1607119567 2.8
1607119568 2.8
1607119569 2.7
1607119570 2.7
1607119571 2.8
1607119572 2.8
1607119573 2.7
1607119574 2.7
1607119575 2.8
1607119576 2.8
1607119577 2.7
1607119578 2.7
1607119579 2.8
1607119580 2.8
1607119581 2.8
1607119582 2.8
1607119583 2.7
1607119584 2.8
1607119585 2.8
1607119586 2.7
1607119587 2.7
1607119588 2.8
1607119589 2.8
1607119590 2.8
1607119591 2.8
1607119592 2.8
1607119593 2.9
1607119594 2.9
1607119595 3.0
1607119596 3.1
1607119597 3.0
1607119598 3.0
1607119599 3.0
1607119600 3.0
1607119601 2.9
1607119602 2.9
1607119603 2.9
1607119604 2.9
1607119605 2.8
1607119606 2.8
1607119607 2.8
1607119608 2.8
1607119609 2.8
1607119610 2.8
1607119611 2.8
1607119612 2.8
1607119613 2.8
1607119614 2.8
1607119615 2.8
1607119616 2.8
1607119617 2.8
1607119618 2.8
1607119619 2.8
1607119620 2.8
1607119621 2.8
1607119622 2.8
1607119623 2.8
1607119624 2.8
1607119625 2.7
1607119626 2.8
1607119627 2.8
1607119628 2.7
1607119629 2.7
1607119630 2.7
1607119631 2.8
1607119632 2.8
1607119633 2.7
1607119634 2.8
1607119635 2.8
1607119636 2.8
1607119637 2.8
1607119638 2.7
1607119639 2.7
1607119640 2.8
1607119641 2.8
1607119642 2.7
1607119643 2.7
1607119644 2.8
1607119645 2.8
1607119646 2.8
1607119647 2.8
1607119648 2.7
1607119649 2.8
1607119650 2.8
1607119651 2.8
1607119652 2.8
1607119653 2.7
1607119654 2.8
1607119655 2.8
1607119656 2.9
1607119657 2.9
1607119658 3.0
1607119659 3.1
1607119660 3.0
1607119661 3.0
1607119662 3.0
1607119663 2.9
1607119664 2.9
1607119665 2.9
1607119666 2.9
1607119667 2.8
1607119668 2.9
1607119669 2.8
1607119670 2.8
1607119671 2.8
1607119672 2.8
1607119673 2.8
1607119674 2.8
1607119675 2.8
1607119676 2.8
1607119677 2.8
1607119678 2.8
1607119679 2.8
1607119680 2.8
1607119681 2.8
1607119682 2.8
1607119683 2.8
1607119684 2.8
1607119685 2.8
1607119686 2.8
1607119687 2.8
1607119688 2.7
1607119689 2.7
1607119690 2.8
1607119691 2.8
1607119692 2.7
1607119693 2.7
1607119694 2.8
1607119695 2.8
1607119696 2.8
1607119697 2.8
1607119698 2.7
1607119699 2.7
1607119700 2.8
1607119701 2.8
1607119702 2.7
1607119703 2.7
1607119704 2.8
1607119705 2.8
1607119706 2.8
1607119707 2.8
1607119708 2.7