PROCESS_START initial 2389343
PERF_DUMP 2389343 1607113563285.750488
0	0
1	0
2	0
3	0
4	0
5	0
6	0
PERF_DUMP 2389343 1607113563386.088379
0	0
1	0
2	0
3	0
4	0
5	0
6	0
[2389343:2389343:1204/202603.430725:INFO:content_main_runner_impl.cc(961)] Chrome is running in full browser mode.
PERF_DUMP 2389343 1607113563486.315674
0	0
1	0
2	0
3	0
4	0
5	0
6	0
PERF_DUMP 2389343 1607113563586.540771
0	0
1	0
2	0
3	0
4	0
5	0
6	0
PERF_DUMP 2389343 1607113563686.756348
0	0
1	0
2	0
3	0
4	0
5	0
6	0
[2389343:2389343:1204/202603.688457:ERROR:edid_parser.cc(102)] Too short EDID data: manufacturer id
PERF_DUMP 2389343 1607113563786.971924
0	0
1	0
2	0
3	0
4	0
5	0
6	0
PERF_DUMP 2389343 1607113563889.622559
0	0
1	0
2	0
3	0
4	0
5	0
6	0
PERF_DUMP 2389343 1607113563989.896729
0	0
1	0
2	0
3	0
4	0
5	0
6	0
PERF_DUMP 2389343 1607113564090.153809
0	0
1	0
2	0
3	0
4	0
5	0
6	0
PERF_DUMP 2389343 1607113564190.375000
0	0
1	0
2	0
3	0
4	0
5	0
6	0
PERF_DUMP 2389343 1607113564290.609131
0	0
1	0
2	0
3	0
4	0
5	0
6	0
PERF_DUMP 2389343 1607113564401.581787
0	0
1	0
2	0
3	0
4	0
5	0
6	0
PERF_DUMP 2389343 1607113564501.800049
0	0
1	0
2	0
3	0
4	0
5	0
6	0
PERF_DUMP 2389343 1607113564608.738770
0	0
1	0
2	0
3	0
4	0
5	0
6	0
PERF_DUMP 2389343 1607113564709.586182
0	0
1	0
2	0
3	0
4	0
5	0
6	0
PERF_DUMP 2389343 1607113564809.802246
0	0
1	0
2	0
3	0
4	0
5	0
6	0
PERF_DUMP 2389343 1607113564913.593018
0	0
1	0
2	0
3	0
4	0
5	0
6	0
PERF_DUMP 2389343 1607113565013.812744
0	0
1	0
2	0
3	0
4	0
5	0
6	0
PERF_DUMP 2389343 1607113565121.579834
0	0
1	0
2	0
3	0
4	0
5	0
6	0
PERF_DUMP 2389343 1607113565221.795166
0	0
1	0
2	0
3	0
4	0
5	0
6	0
PERF_DUMP 2389343 1607113565322.016357
0	0
1	0
2	0
3	0
4	0
5	0
6	0
PERF_DUMP 2389343 1607113565422.239014
0	0
1	0
2	0
3	0
4	0
5	0
6	0
PERF_DUMP 2389343 1607113565522.468750
0	0
1	0
2	0
3	0
4	0
5	0
6	0
PERF_DUMP 2389343 1607113565622.697754
0	0
1	0
2	0
3	0
4	0
5	0
6	0
PERF_DUMP 2389343 1607113565722.928467
0	0
1	0
2	0
3	0
4	0
5	0
6	0
PERF_DUMP 2389343 1607113565823.137695
0	0
1	0
2	0
3	0
4	0
5	0
6	0
PERF_DUMP 2389343 1607113565923.350586
0	0
1	0
2	0
3	0
4	0
5	0
6	0
PERF_DUMP 2389343 1607113566023.579102
0	0
1	0
2	0
3	0
4	0
5	0
6	0
PERF_DUMP 2389343 1607113566123.814697
0	0
1	0
2	0
3	0
4	0
5	0
6	0
PERF_DUMP 2389343 1607113566224.039062
0	0
1	0
2	0
3	0
4	0
5	0
6	0
PERF_DUMP 2389343 1607113566324.265381
0	0
1	0
2	0
3	0
4	0
5	0
6	0
PERF_DUMP 2389343 1607113566424.496338
0	0
1	0
2	0
3	0
4	0
5	0
6	0
PERF_DUMP 2389343 1607113566524.731445
0	0
1	0
2	0
3	0
4	0
5	0
6	0
PERF_DUMP 2389343 1607113566624.962646
0	0
1	0
2	0
3	0
4	0
5	0
6	0
PERF_DUMP 2389343 1607113566725.207764
0	0
1	0
2	0
3	0
4	0
5	0
6	0
PERF_DUMP 2389343 1607113566825.465088
0	0
1	0
2	0
3	0
4	0
5	0
6	0
PERF_DUMP 2389343 1607113566925.733154
0	0
1	0
2	0
3	0
4	0
5	0
6	0
PERF_DUMP 2389343 1607113567025.957031
0	0
1	0
2	0
3	0
4	0
5	0
6	0
PERF_DUMP 2389343 1607113567126.179932
0	0
1	0
2	0
3	0
4	0
5	0
6	0
PERF_DUMP 2389343 1607113567226.415771
0	0
1	0
2	0
3	0
4	0
5	0
6	0
PERF_DUMP 2389343 1607113567326.907715
0	0
1	0
2	0
3	0
4	0
5	0
6	0
PERF_DUMP 2389343 1607113567427.135254
0	0
1	0
2	0
3	0
4	0
5	0
6	0
PERF_DUMP 2389343 1607113567527.386475
0	0
1	0
2	0
3	0
4	0
5	0
6	0
PERF_DUMP 2389343 1607113567627.609863
0	0
1	0
2	0
3	0
4	0
5	0
6	0
[2389387:2389387:1204/202607.711594:ERROR:gl_surface_egl.cc(642)] No suitable EGL configs found.
[2389387:2389387:1204/202607.712290:ERROR:gl_surface_egl.cc(690)] EGL Driver message (Error) eglGetConfigAttrib: Bad config.
[2389387:2389387:1204/202607.712414:ERROR:gl_context_egl.cc(84)] eglGetConfigAttrib failed with error EGL_BAD_CONFIG
[2389387:2389387:1204/202607.713360:ERROR:gl_surface_egl.cc(642)] No suitable EGL configs found.
[2389387:2389387:1204/202607.713619:ERROR:gl_surface_egl.cc(690)] EGL Driver message (Error) eglCreatePbufferSurface: Bad config.
[2389387:2389387:1204/202607.713730:ERROR:gl_surface_egl.cc(1963)] eglCreatePbufferSurface failed with error EGL_BAD_CONFIG
[2389387:2389387:1204/202607.713866:ERROR:gpu_info_collector.cc(61)] gl::GLContext::CreateOffscreenGLSurface failed
[2389387:2389387:1204/202607.713950:ERROR:gpu_info_collector.cc(200)] Could not create surface for info collection.
[2389387:2389387:1204/202607.714069:ERROR:gpu_init.cc(66)] gpu::CollectGraphicsInfo failed.
PERF_DUMP 2389343 1607113567727.840820
0	0
1	0
2	0
3	0
4	0
5	0
6	0
[2389387:2389387:1204/202607.782454:ERROR:viz_main_impl.cc(158)] Exiting GPU process due to errors during initialization
PERF_DUMP 2389343 1607113567828.076172
0	0
1	0
2	0
3	0
4	0
5	0
6	0
PERF_DUMP 2389343 1607113567928.321045
0	0
1	0
2	0
3	0
4	0
5	0
6	0
PERF_DUMP 2389343 1607113568028.578613
0	0
1	0
2	0
3	0
4	0
5	0
6	0
PERF_DUMP 2389343 1607113568128.808350
0	0
1	0
2	0
3	0
4	0
5	0
6	0
PERF_DUMP 2389343 1607113568229.040039
0	0
1	0
2	0
3	0
4	0
5	0
6	0
PERF_DUMP 2389343 1607113568329.275146
0	0
1	0
2	0
3	0
4	0
5	0
6	0
PERF_DUMP 2389343 1607113568429.505371
0	0
1	0
2	0
3	0
4	0
5	0
6	0
PERF_DUMP 2389343 1607113568529.739502
0	0
1	0
2	0
3	0
4	0
5	0
6	0
PERF_DUMP 2389343 1607113568629.958984
0	0
1	0
2	0
3	0
4	0
5	0
6	0
PERF_DUMP 2389343 1607113568730.168457
0	0
1	0
2	0
3	0
4	0
5	0
6	0
PERF_DUMP 2389343 1607113568830.388672
0	0
1	0
2	0
3	0
4	0
5	0
6	0
PERF_DUMP 2389343 1607113568930.588379
0	0
1	0
2	0
3	0
4	0
5	0
6	0
PERF_DUMP 2389343 1607113569030.830322
0	0
1	0
2	0
3	0
4	0
5	0
6	0
PERF_DUMP 2389343 1607113569131.072754
0	0
1	0
2	0
3	0
4	0
5	0
6	0
PERF_DUMP 2389343 1607113569231.291992
0	0
1	0
2	0
3	0
4	0
5	0
6	0
PERF_DUMP 2389343 1607113569331.520508
0	0
1	0
2	0
3	0
4	0
5	0
6	0
PERF_DUMP 2389343 1607113569431.750732
0	0
1	0
2	0
3	0
4	0
5	0
6	0
PERF_DUMP 2389343 1607113569533.147217
0	0
1	0
2	0
3	0
4	0
5	0
6	0
PERF_DUMP 2389343 1607113569633.392334
0	0
1	0
2	0
3	0
4	0
5	0
6	0
[2389343:2389385:1204/202609.690786:ERROR:process_posix.cc(333)] Unable to terminate process 2389391: No such process (3)
[2389343:2389385:1204/202609.691259:WARNING:internal_linux.cc(64)] Failed to read /proc/2389391/stat
[2389343:2389343:1204/202609.736167:WARNING:pref_notifier_impl.cc(40)] Pref observer for browser.relaunch_notification_period found at shutdown.
PERF_DUMP 2389343 1607113569737.581055
0	0
1	0
2	0
3	0
4	0
5	0
6	0
g3log g3FileSink shutdown at: 20:26:09 786720
Log file at: [./logs/exp-c34736a8/data.g3log.20201204-202603.log]
[2389343:2389445:1204/202609.789130:WARNING:internal_linux.cc(64)] Failed to read /proc/2389424/stat
