1607155568 5.5
1607155570 5.7
1607155571 5.7
1607155572 5.8
1607155573 5.8
1607155574 5.8
1607155575 5.8
1607155576 5.9
1607155577 6.0
1607155578 6.0
1607155579 6.0
1607155580 6.0
1607155581 6.0
1607155582 6.1
1607155583 6.1
1607155584 6.1
1607155585 6.1
1607155586 6.1
1607155587 6.1
1607155588 6.0
1607155589 5.7
1607155590 5.4
1607155591 5.1
1607155592 4.9
1607155593 5.1
1607155594 5.3
1607155595 5.5
1607155596 5.7
1607155597 5.8
1607155598 5.9
1607155599 5.9
1607155600 6.0
1607155601 6.0
1607155602 6.0
1607155603 6.0
1607155604 5.9
1607155605 5.7
1607155606 5.4
1607155607 5.2
1607155608 5.0
1607155609 5.1
1607155610 5.3
1607155611 5.5
1607155612 5.6
1607155613 5.7
1607155614 5.8
1607155615 5.9
1607155616 5.9
1607155617 5.9
1607155618 6.0
1607155619 6.0
1607155620 6.0
1607155621 6.0
1607155622 6.1
1607155623 6.0
1607155624 6.0
1607155625 5.8
1607155626 5.6
1607155627 5.5
1607155628 5.4
1607155629 5.5
1607155630 5.6
1607155631 5.7
1607155632 5.8
1607155633 5.8
1607155634 5.9
1607155635 6.0
1607155636 6.0
1607155637 6.0
1607155638 6.0
1607155639 6.0
1607155640 6.0
1607155641 5.9
1607155642 5.7
1607155643 5.5
1607155644 5.4
1607155645 5.3
1607155646 5.4
1607155647 5.5
1607155648 5.6
1607155649 5.7
1607155650 5.8
1607155651 5.9
1607155652 5.9
1607155653 6.0
1607155654 6.0
1607155655 6.0
1607155656 6.0
1607155657 6.0
1607155658 6.1
1607155659 6.0
1607155660 6.1
1607155661 6.0
1607155662 5.9
1607155663 5.7
1607155664 5.7
1607155665 5.8
1607155666 5.9
1607155667 5.9
1607155668 5.9
1607155669 6.0
1607155670 6.0
1607155671 6.0
1607155672 6.0
1607155673 6.0
1607155674 6.0
1607155675 6.1
1607155676 6.0
1607155677 6.0
1607155678 6.0
1607155679 6.0
1607155680 6.0
1607155681 6.0
1607155682 6.0
1607155683 6.0
1607155684 6.0
1607155685 5.9
1607155686 5.7
1607155687 5.6
1607155688 5.4
1607155689 5.2
1607155690 5.3
1607155691 5.5
1607155692 5.7
1607155693 5.8
1607155694 5.8
1607155695 5.8
1607155696 5.9
1607155697 5.9
1607155698 6.0
1607155699 6.0
1607155700 6.0
1607155701 5.9
1607155702 5.9
1607155703 5.8
1607155704 5.7
1607155705 5.5
1607155706 5.2
1607155707 5.0
1607155708 5.1
1607155709 5.2
1607155710 5.4
1607155711 5.5
1607155712 5.6
1607155713 5.7
1607155714 5.7
1607155715 5.6
1607155716 5.3
1607155717 5.3
1607155718 5.4
1607155719 5.2
1607155720 5.2
1607155721 5.4
1607155722 5.5
1607155723 5.6
1607155724 5.7
1607155725 5.8
1607155726 5.9
1607155727 5.9
1607155728 5.9
1607155729 6.0
1607155730 6.0
1607155731 6.0
1607155732 6.0
1607155733 6.0
1607155734 6.0
1607155735 6.0
1607155736 6.0
1607155737 5.9
1607155738 6.0
1607155739 5.9
1607155740 5.8
1607155741 5.8
1607155742 5.8
1607155743 5.8
1607155744 5.7
1607155745 5.7
1607155746 5.7
1607155747 5.7
1607155748 5.7
1607155749 5.8
1607155750 5.7
1607155751 5.7
1607155752 5.8
1607155753 5.8
1607155754 5.8
1607155755 5.8
1607155756 5.8
1607155757 5.8
1607155758 5.8
1607155759 5.8
1607155760 5.8
1607155761 5.8
1607155762 5.8
1607155763 5.7
1607155764 5.6
1607155765 5.7
1607155766 5.8
1607155767 5.7
1607155768 5.5
1607155769 5.2
1607155770 4.9
1607155771 4.8
1607155772 5.0
1607155773 5.2
1607155774 5.3
1607155775 5.5
1607155776 5.6
1607155777 5.7
1607155778 5.7
1607155779 5.8
1607155780 5.8
1607155781 5.8
1607155782 5.9
1607155783 5.9
1607155784 5.6
1607155785 5.4
1607155786 5.2
1607155787 5.2
1607155788 5.4
1607155789 5.5
1607155790 5.4
1607155791 5.2
1607155792 5.0
1607155793 4.9
1607155794 4.9
1607155795 4.7
1607155796 4.6
1607155797 4.5
1607155798 4.5
1607155799 4.3
1607155800 4.5
1607155801 4.6
1607155802 4.5
1607155803 4.7
1607155806 5.1