1607131417 4.7
1607131418 4.5
1607131419 4.5
1607131420 4.7
1607131421 5.0
1607131422 5.2
1607131423 5.4
1607131424 5.5
1607131425 5.7
1607131426 5.7
1607131427 5.8
1607131428 5.9
1607131429 5.9
1607131430 6.1
1607131431 6.1
1607131432 6.2
1607131433 6.3
1607131434 6.3
1607131435 6.3
1607131436 6.4
1607131437 6.4
1607131438 6.4
1607131439 6.4
1607131440 6.4
1607131441 6.4
1607131442 6.4
1607131443 6.4
1607131444 6.3
1607131445 6.0
1607131446 5.9
1607131447 5.7
1607131448 5.4
1607131449 5.5
1607131450 5.6
1607131451 5.8
1607131452 5.9
1607131453 6.0
1607131454 6.1
1607131455 6.1
1607131456 6.2
1607131457 6.2
1607131458 6.2
1607131459 6.1
1607131460 6.1
1607131461 5.8
1607131462 5.6
1607131463 5.4
1607131464 5.2
1607131465 5.2
1607131466 5.5
1607131467 5.5
1607131468 5.2
1607131469 5.0
1607131470 4.9
1607131471 4.8
1607131472 5.0
1607131473 5.3
1607131474 5.5
1607131475 5.7
1607131476 5.8
1607131477 5.9
1607131478 6.0
1607131479 6.1
1607131480 6.1
1607131481 6.1
1607131482 6.2
1607131483 6.2
1607131484 6.2
1607131485 6.2
1607131486 6.2
1607131487 6.2
1607131488 6.2
1607131489 6.1
1607131490 6.2
1607131491 6.1
1607131492 6.1
1607131493 6.1
1607131494 6.1
1607131495 6.1
1607131496 6.1
1607131497 6.1
1607131498 6.0
1607131499 6.0
1607131500 6.0
1607131501 6.1
1607131502 6.0
1607131503 6.0
1607131504 6.0
1607131505 5.9
1607131506 5.9
1607131507 5.9
1607131508 5.9
1607131509 5.9
1607131510 5.9
1607131511 5.9
1607131512 5.9
1607131513 5.9
1607131514 5.9
1607131515 5.9
1607131516 5.8
1607131517 5.8
1607131518 5.8
1607131519 5.9
1607131520 5.9
1607131521 5.7
1607131522 5.4
1607131523 5.2
1607131524 5.0
1607131525 5.0
1607131526 5.2
1607131527 5.4
1607131528 5.6
1607131529 5.7
1607131530 5.8
1607131531 5.9
1607131532 6.0
1607131533 6.0
1607131534 6.0
1607131535 6.1
1607131536 6.1
1607131537 6.0
1607131538 5.9
1607131539 5.6
1607131540 5.5
1607131541 5.6
1607131542 5.7
1607131543 5.8
1607131544 5.9
1607131545 6.0
1607131546 6.0
1607131547 6.1
1607131548 6.1
1607131549 6.1
1607131550 6.2
1607131551 6.1
1607131552 6.2
1607131553 6.2
1607131554 6.1
1607131555 6.1
1607131556 6.1
1607131557 6.0
1607131558 5.8
1607131559 5.6
1607131560 5.3
1607131561 5.1
1607131562 5.3
1607131563 5.5
1607131564 5.7
1607131565 5.8
1607131566 5.9
1607131567 6.0
1607131568 6.0
1607131569 6.1
1607131570 6.1
1607131571 5.9
1607131572 5.6
1607131573 5.3
1607131574 5.1
1607131575 4.9
1607131576 5.3
1607131577 5.5
1607131578 5.6
1607131579 5.8
1607131580 5.9
1607131581 6.0
1607131582 6.1
1607131583 6.1
1607131584 6.2
1607131585 6.2
1607131586 6.2
1607131587 6.2
1607131588 6.2
1607131589 6.2
1607131590 6.2
1607131591 6.3
1607131592 6.3
1607131593 6.2
1607131594 6.2
1607131595 6.3
1607131596 6.0
1607131597 5.7
1607131598 5.6
1607131599 5.6
1607131600 5.7
1607131601 5.8
1607131602 5.8
1607131603 5.9
1607131604 6.0
1607131605 6.0
1607131606 6.0
1607131607 6.1
1607131608 6.1
1607131609 6.1
1607131610 6.1
1607131611 6.1
1607131612 6.1
1607131613 6.1
1607131614 6.1
1607131615 6.1
1607131616 6.1
1607131617 6.0
1607131618 6.0
1607131619 6.0
1607131620 6.0
1607131621 6.1
1607131622 6.1
1607131623 6.1
1607131624 6.1
1607131625 6.1
1607131626 5.8
1607131627 5.6
1607131628 5.6
1607131629 5.4
1607131630 5.3
1607131631 5.5
1607131632 5.6
1607131633 5.7
1607131634 5.8
1607131635 5.8
1607131636 5.9
1607131637 5.9
1607131638 6.0
1607131639 6.0
1607131640 6.0
1607131641 6.0
1607131642 6.0
1607131643 5.8
1607131644 5.5
1607131645 5.3
1607131646 5.0
1607131647 4.8
1607131648 4.6
1607131649 4.5
1607131650 4.4
1607131651 4.6
1607131652 4.7
1607131653 4.9
1607131654 4.9
1607131655 4.8
1607131656 4.8
1607131657 4.7
1607131658 4.5
1607131659 4.3
1607131660 4.2
1607131661 4.1
1607131662 4.0
1607131663 3.9
1607131664 3.8
1607131665 3.7
1607131666 3.6
1607131667 3.6
1607131668 3.5
1607131669 3.5
1607131670 3.4
1607131671 3.4
1607131672 3.4
1607131673 3.3
1607131674 3.3
1607131675 3.3
1607131676 3.3
1607131677 3.3
1607131678 3.2
1607131679 3.2
1607131680 3.2
1607131681 3.2
1607131682 3.2
1607131683 3.2
1607131684 3.2
1607131685 3.1
1607131686 3.2
1607131687 3.1
1607131688 3.2
1607131689 3.2
1607131690 3.3
1607131691 3.4
1607131692 3.5
1607131693 3.5
1607131694 3.4
1607131695 3.3
1607131696 3.3
1607131697 3.3
1607131698 3.3
1607131699 3.2
1607131700 3.2
1607131701 3.2
1607131702 3.2
1607131703 3.2
1607131704 3.2
1607131705 3.1
1607131706 3.1
1607131707 3.1
1607131708 3.1
1607131709 3.1
1607131710 3.1
1607131711 3.1
1607131712 3.1
1607131713 3.0
1607131714 3.1
1607131715 3.1
1607131716 3.0
1607131717 3.0
1607131718 3.0
1607131719 3.0
1607131720 3.0
1607131721 3.0
1607131722 3.0
1607131723 3.0
1607131724 3.0
1607131725 3.0
1607131726 3.0
1607131727 3.0
1607131728 3.0
1607131729 3.0
1607131730 3.0
1607131731 3.0
1607131732 3.0
1607131733 3.0
1607131734 3.0
1607131735 3.0
1607131736 3.0
1607131737 3.0
1607131738 3.0
1607131739 3.0
1607131740 3.0
1607131741 3.0
1607131742 3.0
1607131743 3.0
1607131744 3.0
1607131745 2.9
1607131746 2.9
1607131747 2.9
1607131748 2.9
1607131749 3.0
1607131750 3.0
1607131751 3.0
1607131752 3.0
1607131753 3.1
1607131754 3.2
1607131755 3.3
1607131756 3.3
1607131757 3.3
1607131758 3.2
1607131759 3.1
1607131760 3.1
1607131761 3.1
1607131762 3.1
1607131763 3.1
1607131764 3.0
1607131765 3.0
1607131766 3.0
1607131767 3.0
1607131768 3.0
1607131769 3.0
1607131770 3.0
1607131771 3.0
1607131772 3.0
1607131773 3.0
1607131774 3.0
1607131775 3.0
1607131776 2.9
1607131777 2.9
1607131778 2.9
1607131779 2.9
1607131780 2.9
1607131781 2.9
1607131782 2.9
1607131783 2.9
1607131784 2.9
1607131785 2.9
1607131786 2.9
1607131787 2.9
1607131788 2.9