1607135176 5.1
1607135177 4.8
1607135178 4.7
1607135179 4.6
1607135180 4.9
1607135181 5.3
1607135182 5.5
1607135183 5.6
1607135184 5.8
1607135185 5.8
1607135186 5.9
1607135187 6.0
1607135188 6.1
1607135189 6.1
1607135190 6.2
1607135191 6.3
1607135192 6.3
1607135193 6.3
1607135194 6.4
1607135195 6.4
1607135196 6.4
1607135197 6.4
1607135198 6.4
1607135199 6.4
1607135200 6.4
1607135201 6.4
1607135202 6.4
1607135203 6.0
1607135204 5.8
1607135205 5.4
1607135206 5.2
1607135207 5.2
1607135208 5.5
1607135209 5.5
1607135210 5.2
1607135211 5.0
1607135212 4.9
1607135213 4.8
1607135214 4.8
1607135215 5.3
1607135216 5.5
1607135217 5.8
1607135218 5.9
1607135219 6.1
1607135220 6.1
1607135221 6.2
1607135222 6.2
1607135223 6.3
1607135224 6.4
1607135225 6.4
1607135226 6.3
1607135227 6.0
1607135228 5.9
1607135229 5.6
1607135230 5.3
1607135231 5.5
1607135232 5.7
1607135233 5.9
1607135234 6.0
1607135235 6.0
1607135236 6.1
1607135237 6.1
1607135238 6.1
1607135239 6.3
1607135240 6.3
1607135241 6.3
1607135242 6.0
1607135243 5.8
1607135244 5.7
1607135245 5.6
1607135246 5.6
1607135247 5.7
1607135248 5.9
1607135249 5.9
1607135250 6.1
1607135251 6.1
1607135252 6.2
1607135253 6.2
1607135254 6.2
1607135255 6.2
1607135256 6.3
1607135257 6.3
1607135258 6.3
1607135259 6.3
1607135260 6.2
1607135261 6.2
1607135262 6.3
1607135263 6.3
1607135264 6.3
1607135265 6.3
1607135266 6.3
1607135267 6.3
1607135268 6.2
1607135269 6.2
1607135270 6.2
1607135271 6.1
1607135272 6.1
1607135273 6.1
1607135274 6.0
1607135275 6.1
1607135276 6.0
1607135277 6.0
1607135278 6.0
1607135279 6.0
1607135280 5.9
1607135281 5.7
1607135282 5.5
1607135283 5.2
1607135284 5.4
1607135285 5.6
1607135286 5.7
1607135287 5.8
1607135288 5.9
1607135289 6.0
1607135290 6.0
1607135291 6.0
1607135292 6.0
1607135293 6.1
1607135294 6.2
1607135295 6.1
1607135296 6.1
1607135297 6.1
1607135298 6.1
1607135299 6.2
1607135300 6.2
1607135301 6.2
1607135302 6.2
1607135303 6.2
1607135304 6.2
1607135305 6.2
1607135306 6.1
1607135307 6.1
1607135308 6.0
1607135309 6.0
1607135310 6.0
1607135311 6.0
1607135312 5.9
1607135313 5.9
1607135314 5.9
1607135315 5.9
1607135316 5.9
1607135317 5.9
1607135318 5.9
1607135319 5.9
1607135320 5.9
1607135321 5.9
1607135322 5.9
1607135323 5.9
1607135324 5.9
1607135325 5.8
1607135326 5.8
1607135327 5.9
1607135328 5.9
1607135329 5.8
1607135330 5.8
1607135331 5.8
1607135332 5.8
1607135333 5.9
1607135334 5.9
1607135335 5.8
1607135336 5.4
1607135337 5.2
1607135338 5.0
1607135339 4.9
1607135340 5.2
1607135341 5.4
1607135342 5.6
1607135343 5.8
1607135344 5.9
1607135345 5.9
1607135346 6.0
1607135347 6.0
1607135348 6.1
1607135349 6.2
1607135350 6.2
1607135351 6.2
1607135352 6.1
1607135353 6.0
1607135355 5.8
1607135356 5.6
1607135357 5.6
1607135358 5.7
1607135359 5.8
1607135360 5.9
1607135361 5.9
1607135362 6.0
1607135363 6.0
1607135364 6.1
1607135365 6.1
1607135366 6.1
1607135367 6.1
1607135368 6.1
1607135369 6.1
1607135370 6.1
1607135371 6.2
1607135372 6.2
1607135373 6.2
1607135374 6.1
1607135375 6.0
1607135376 6.1
1607135377 6.1
1607135378 6.1
1607135379 6.1
1607135380 6.1
1607135381 6.1
1607135382 6.0
1607135383 5.9
1607135384 5.8
1607135385 5.5
1607135386 5.5
1607135387 5.6
1607135388 5.7
1607135389 5.8
1607135390 5.9
1607135391 5.8
1607135392 5.9
1607135393 5.9
1607135394 6.0
1607135395 5.9
1607135396 6.0
1607135397 6.0
1607135398 6.0
1607135399 5.8
1607135400 5.5
1607135401 5.2
1607135402 5.0
1607135403 4.8
1607135404 5.1
1607135405 5.4
1607135406 5.5
1607135407 5.7
1607135408 5.8
1607135409 5.9
1607135410 5.9
1607135411 5.8
1607135412 5.7
1607135413 5.5
1607135414 5.2
1607135415 5.0
1607135416 4.8
1607135417 4.6
1607135418 4.4
1607135419 4.3
1607135420 4.2
1607135421 4.4
1607135422 4.5
1607135423 4.5
1607135424 4.6
1607135426 5.1