1607120521 4.8
1607120522 4.6
1607120523 4.6
1607120524 4.9
1607120525 5.2
1607120526 5.4
1607120527 5.6
1607120528 5.7
1607120529 5.8
1607120530 5.9
1607120531 6.0
1607120532 6.0
1607120533 6.1
1607120534 6.2
1607120535 6.3
1607120536 6.4
1607120537 6.4
1607120538 6.5
1607120539 6.5
1607120540 6.5
1607120541 6.5
1607120542 6.5
1607120543 6.5
1607120544 6.6
1607120545 6.5
1607120546 6.3
1607120547 6.0
1607120548 5.8
1607120549 5.7
1607120550 5.6
1607120551 5.8
1607120552 5.9
1607120553 6.0
1607120554 6.0
1607120555 6.1
1607120556 6.1
1607120557 6.1
1607120558 6.1
1607120559 6.1
1607120560 6.2
1607120561 6.2
1607120562 6.2
1607120563 6.2
1607120564 6.2
1607120565 6.2
1607120566 6.2
1607120567 6.1
1607120568 6.1
1607120569 6.2
1607120570 6.2
1607120571 6.2
1607120572 6.1
1607120573 6.1
1607120574 6.1
1607120575 5.9
1607120576 5.8
1607120577 5.5
1607120578 5.3
1607120579 5.1
1607120580 5.4
1607120581 5.6
1607120582 5.4
1607120583 5.3
1607120584 5.2
1607120585 5.1
1607120586 5.0
1607120587 5.2
1607120588 5.4
1607120589 5.5
1607120590 5.7
1607120591 5.8
1607120592 5.8
1607120593 5.9
1607120594 5.7
1607120595 5.4
1607120596 5.2
1607120597 5.1
1607120598 5.0
1607120599 5.3
1607120600 5.6
1607120601 5.8
1607120602 5.9
1607120603 5.9
1607120604 6.0
1607120605 6.1
1607120606 6.1
1607120607 6.1
1607120608 6.2
1607120609 6.1
1607120610 6.1
1607120611 6.0
1607120612 5.9
1607120613 5.6
1607120614 5.3
1607120615 5.0
1607120616 5.2
1607120617 5.5
1607120618 5.7
1607120619 5.8
1607120620 5.9
1607120621 5.9
1607120622 5.9
1607120623 6.0
1607120624 6.1
1607120625 6.1
1607120626 6.1
1607120627 6.1
1607120628 6.1
1607120629 6.1
1607120630 6.1
1607120631 6.1
1607120632 6.2
1607120633 6.2
1607120634 6.2
1607120635 6.2
1607120636 6.2
1607120637 6.2
1607120638 6.1
1607120639 6.0
1607120640 6.0
1607120641 5.9
1607120642 6.0
1607120643 5.9
1607120644 5.6
1607120645 5.5
1607120646 5.3
1607120647 5.1
1607120648 5.1
1607120649 5.3
1607120650 5.5
1607120651 5.6
1607120652 5.7
1607120653 5.7
1607120654 5.8
1607120655 5.8
1607120656 5.9
1607120657 6.0
1607120658 6.0
1607120659 6.0
1607120660 6.0
1607120661 6.0
1607120662 5.8
1607120663 5.6
1607120664 5.3
1607120665 5.2
1607120666 5.3
1607120667 5.5
1607120668 5.7
1607120669 5.8
1607120670 5.8
1607120671 5.9
1607120672 6.0
1607120673 6.1
1607120674 6.1
1607120675 6.1
1607120676 6.1
1607120677 6.1
1607120678 6.1
1607120679 6.1
1607120680 6.1
1607120681 6.1
1607120682 6.1
1607120683 6.1
1607120684 6.1
1607120685 6.1
1607120686 6.0
1607120687 6.1
1607120688 6.1
1607120689 6.0
1607120690 6.1
1607120691 6.0
1607120692 5.6
1607120693 5.4
1607120694 5.1
1607120695 4.9
1607120696 5.2
1607120697 5.4
1607120698 5.6
1607120699 5.7
1607120700 5.7
1607120701 5.8
1607120702 5.8
1607120703 5.9
1607120704 5.9
1607120705 6.0
1607120706 6.0
1607120707 6.0
1607120708 6.0
1607120709 6.0
1607120710 6.0
1607120711 6.0
1607120712 5.9
1607120713 5.7
1607120714 5.7
1607120715 5.6
1607120716 5.5
1607120717 5.6
1607120718 5.7
1607120719 5.8
1607120720 5.9
1607120721 5.9
1607120722 5.9
1607120723 5.9
1607120724 6.0
1607120725 6.0
1607120726 6.1
1607120727 6.2
1607120728 6.1
1607120729 6.0
1607120730 5.7
1607120731 5.5
1607120732 5.3
1607120733 5.2
1607120734 5.2
1607120735 5.2
1607120736 5.1
1607120737 5.0
1607120738 4.9
1607120739 5.1
1607120740 5.2
1607120741 5.1
1607120742 5.3
1607120744 5.5