1607108717 5.0
1607108718 4.8
1607108719 4.6
1607108720 4.6
1607108721 4.9
1607108722 5.2
1607108723 5.4
1607108724 5.5
1607108725 5.6
1607108726 5.7
1607108727 5.8
1607108728 5.9
1607108729 5.9
1607108730 6.0
1607108731 6.1
1607108732 6.2
1607108733 6.2
1607108734 6.2
1607108735 6.3
1607108736 6.3
1607108737 6.3
1607108738 6.3
1607108739 6.3
1607108740 6.4
1607108741 6.4
1607108742 6.3
1607108743 6.3
1607108744 6.3
1607108745 6.2
1607108746 6.0
1607108747 5.8
1607108748 5.6
1607108749 5.3
1607108750 5.2
1607108751 5.4
1607108752 5.6
1607108753 5.8
1607108754 5.9
1607108755 6.0
1607108756 6.1
1607108757 6.2
1607108758 6.2
1607108759 6.2
1607108760 6.3
1607108761 6.3
1607108762 6.2
1607108763 6.3
1607108764 6.3
1607108765 6.3
1607108766 6.2
1607108767 6.2
1607108768 6.2
1607108769 6.2
1607108770 6.2
1607108771 6.2
1607108772 6.1
1607108773 5.8
1607108774 5.5
1607108775 5.4
1607108776 5.3
1607108777 5.3
1607108778 5.5
1607108779 5.6
1607108780 5.7
1607108781 5.9
1607108782 5.9
1607108783 6.0
1607108784 6.0
1607108785 6.0
1607108786 6.1
1607108787 6.1
1607108788 6.1
1607108789 6.0
1607108790 5.8
1607108791 5.6
1607108792 5.3
1607108793 5.2
1607108794 5.2
1607108795 5.4
1607108796 5.6
1607108797 5.7
1607108798 5.8
1607108799 5.8
1607108800 5.9
1607108801 6.0
1607108802 5.7
1607108803 5.4
1607108804 5.2
1607108805 5.0
1607108806 4.9
1607108807 5.2
1607108808 5.4
1607108809 5.6
1607108810 5.7
1607108811 5.8
1607108812 5.9
1607108813 6.0
1607108814 6.1
1607108815 6.1
1607108816 5.8
1607108817 5.5
1607108818 5.3
1607108819 5.1
1607108820 5.1
1607108821 5.4
1607108822 5.6
1607108823 5.9
1607108824 6.0
1607108825 6.1
1607108826 6.1
1607108827 6.1
1607108828 6.2
1607108829 6.2
1607108830 6.2
1607108831 6.2
1607108832 6.2
1607108833 6.2
1607108834 6.2
1607108835 6.2
1607108836 6.2
1607108837 6.2
1607108838 6.2
1607108839 6.1
1607108840 6.2
1607108841 6.1
1607108842 6.0
1607108843 6.1
1607108844 6.1
1607108845 6.0
1607108846 6.0
1607108847 5.9
1607108848 5.9
1607108849 5.9
1607108850 6.0
1607108851 5.9
1607108852 5.8
1607108853 5.8
1607108854 5.9
1607108855 5.9
1607108856 5.9
1607108857 5.9
1607108858 5.9
1607108859 5.8
1607108860 5.9
1607108861 5.9
1607108862 5.8
1607108863 5.8
1607108864 5.8
1607108865 5.8
1607108866 5.8
1607108867 5.9
1607108868 5.8
1607108869 5.5
1607108870 5.2
1607108871 5.0
1607108872 4.9
1607108873 5.1
1607108874 5.4
1607108875 5.6
1607108876 5.7
1607108877 5.7
1607108878 5.8
1607108879 5.9
1607108880 6.0
1607108881 6.0
1607108882 6.1
1607108883 6.1
1607108884 5.8
1607108885 5.6
1607108886 5.5
1607108887 5.3
1607108888 5.5
1607108889 5.7
1607108890 5.8
1607108891 5.9
1607108892 6.0
1607108893 6.0
1607108894 6.0
1607108895 6.1
1607108896 6.1
1607108897 6.1
1607108898 6.0
1607108899 6.0
1607108900 6.1
1607108901 6.1
1607108902 6.1
1607108903 6.1
1607108904 6.0
1607108905 5.8
1607108906 5.8
1607108907 5.9
1607108908 6.0
1607108909 6.0
1607108910 6.0
1607108911 6.0
1607108912 6.1
1607108913 6.1
1607108914 6.1
1607108915 6.1
1607108916 6.1
1607108917 6.1
1607108918 5.9
1607108919 5.6
1607108920 5.3
1607108921 5.1
1607108922 5.1
1607108923 5.3
1607108924 5.5
1607108925 5.5
1607108926 5.4
1607108927 5.3
1607108928 5.2
1607108929 5.1
1607108930 5.3
1607108931 5.5
1607108932 5.6
1607108933 5.7
1607108934 5.8
1607108935 5.9
1607108936 5.9
1607108937 6.0
1607108938 6.0
1607108939 6.1
1607108940 6.1
1607108941 6.1
1607108942 6.1
1607108943 6.1
1607108944 6.1
1607108945 6.0
1607108946 5.8
1607108947 5.7
1607108948 5.6
1607108949 5.5
1607108950 5.2
1607108951 5.0
1607108952 4.8
1607108953 4.6
1607108954 4.4
1607108955 4.7
1607108956 4.7
1607108957 4.7
1607108958 5.0
1607108961 5.2