1607141521 5.0
1607141522 4.8
1607141523 4.6
1607141524 4.6
1607141525 4.8
1607141526 5.1
1607141527 5.3
1607141528 5.5
1607141529 5.6
1607141530 5.6
1607141531 5.7
1607141532 5.8
1607141533 5.9
1607141534 5.9
1607141535 5.9
1607141536 6.0
1607141537 6.1
1607141538 6.1
1607141539 6.1
1607141540 6.1
1607141541 6.2
1607141542 6.2
1607141543 6.2
1607141544 6.2
1607141545 6.3
1607141546 6.3
1607141547 6.2
1607141548 6.2
1607141549 6.3
1607141550 6.3
1607141551 6.2
1607141552 6.2
1607141553 6.2
1607141554 6.2
1607141555 6.2
1607141556 6.2
1607141557 6.2
1607141558 6.1
1607141559 6.1
1607141560 6.0
1607141561 6.0
1607141562 6.0
1607141563 6.0
1607141564 5.9
1607141565 5.9
1607141566 5.9
1607141567 5.9
1607141568 5.9
1607141569 5.9
1607141570 5.9
1607141571 5.9
1607141572 5.8
1607141573 5.8
1607141574 5.9
1607141575 5.9
1607141576 5.8
1607141577 5.8
1607141578 5.8
1607141579 5.9
1607141580 6.0
1607141581 6.0
1607141582 5.9
1607141583 5.9
1607141584 5.9
1607141585 5.9
1607141586 6.0
1607141587 5.9
1607141588 5.6
1607141589 5.5
1607141590 5.4
1607141591 5.2
1607141592 5.4
1607141593 5.5
1607141594 5.6
1607141595 5.7
1607141596 5.8
1607141597 5.8
1607141598 5.9
1607141599 6.0
1607141600 6.0
1607141601 6.0
1607141602 6.0
1607141603 6.0
1607141604 6.0
1607141605 6.0
1607141606 6.0
1607141607 6.0
1607141608 6.0
1607141609 6.0
1607141610 6.0
1607141611 5.8
1607141612 5.6
1607141613 5.7
1607141614 5.7
1607141615 5.8
1607141616 5.8
1607141617 5.9
1607141618 5.9
1607141619 6.0
1607141620 6.0
1607141621 6.0
1607141622 6.0
1607141623 6.0
1607141624 6.0
1607141625 5.8
1607141626 5.6
1607141627 5.3
1607141628 5.1
1607141629 5.0
1607141630 5.2
1607141631 5.4
1607141632 5.5
1607141633 5.7
1607141634 5.7
1607141635 5.8
1607141636 5.9
1607141637 5.9
1607141638 5.9
1607141639 5.9
1607141640 6.0
1607141641 5.8
1607141642 5.6
1607141643 5.4
1607141644 5.2
1607141645 5.2
1607141646 5.4
1607141647 5.5
1607141648 5.6
1607141649 5.7
1607141650 5.7
1607141651 5.8
1607141652 5.9
1607141653 5.8
1607141654 5.7
1607141655 5.6
1607141656 5.5
1607141657 5.2
1607141658 5.5
1607141659 5.6
1607141660 5.7
1607141661 5.8
1607141662 5.9
1607141663 5.9
1607141664 5.9
1607141665 6.0
1607141666 6.0
1607141667 6.0
1607141668 6.0
1607141669 5.9
1607141670 5.7
1607141671 5.4
1607141672 5.2
1607141673 5.0
1607141674 5.2
1607141675 5.4
1607141676 5.5
1607141677 5.7
1607141678 5.7
1607141679 5.8
1607141680 5.9
1607141681 6.0
1607141682 6.0
1607141683 6.0
1607141684 6.1
1607141685 6.1
1607141686 6.0
1607141687 6.1
1607141688 6.1
1607141689 6.1
1607141690 6.1
1607141691 6.1
1607141692 6.1
1607141693 6.0
1607141694 6.0
1607141695 6.0
1607141696 6.0
1607141697 5.9
1607141698 5.6
1607141699 5.3
1607141700 5.1
1607141701 4.9
1607141702 5.2
1607141703 5.4
1607141704 5.2
1607141705 5.2
1607141706 5.1
1607141707 5.1
1607141708 5.0
1607141709 5.3
1607141710 5.5
1607141711 5.6
1607141712 5.7
1607141713 5.8
1607141714 5.8
1607141715 5.9
1607141716 5.9
1607141717 6.0
1607141718 6.0
1607141719 6.0
1607141720 6.0
1607141721 5.9
1607141722 5.7
1607141723 5.6
1607141724 5.4
1607141725 5.4
1607141726 5.5
1607141727 5.6
1607141728 5.7
1607141729 5.8
1607141730 5.8
1607141731 5.9
1607141732 5.9
1607141733 6.0
1607141734 6.0
1607141735 6.0
1607141736 6.0
1607141737 6.0
1607141738 6.0
1607141739 6.0
1607141740 6.0
1607141741 6.0
1607141742 5.7
1607141743 5.5
1607141744 5.5
1607141745 5.4
1607141746 5.4
1607141747 5.6
1607141748 5.7
1607141749 5.7
1607141750 5.8
1607141751 5.8
1607141752 5.8
1607141753 5.9
1607141754 5.9
1607141755 5.9
1607141756 5.7
1607141757 5.4
1607141758 5.2
1607141759 4.9
1607141760 4.8
1607141761 4.5
1607141762 4.4
1607141763 4.4
1607141764 4.5
1607141765 4.6
1607141766 4.8
1607141767 4.7
1607141768 4.8
1607141769 5.2
1607141770 5.3
1607141771 5.2
1607141778 5.3
1607141785 5.8
1607141786 5.9
1607141787 6.0
1607141788 6.1
1607141789 6.1
1607141790 6.1
1607141791 6.2
1607141792 6.2
1607141793 6.2
1607141794 6.2
1607141795 6.2
1607141796 6.2
1607141797 6.2
1607141798 6.2
1607141799 6.2
1607141800 6.2
1607141801 6.2
1607141802 6.2
1607141803 6.2
1607141804 6.1
1607141805 6.1
1607141806 5.9
1607141807 5.7
1607141808 5.5
1607141809 5.3
1607141810 5.1
1607141811 5.3
1607141812 5.5
1607141813 5.7
1607141814 5.8
1607141815 5.8
1607141816 6.0
1607141817 5.9
1607141818 6.0
1607141819 6.0
1607141820 6.0
1607141821 5.8
1607141822 5.5
1607141823 5.2
1607141824 4.9
1607141825 5.0
1607141826 5.3
1607141827 5.4
1607141828 5.6
1607141829 5.7
1607141830 5.8
1607141831 6.0
1607141832 6.1
1607141833 6.1
1607141834 6.2
1607141835 6.2
1607141836 6.2
1607141837 6.2
1607141838 6.1
1607141839 6.1
1607141840 6.1
1607141841 6.1
1607141842 6.1
1607141843 6.0
1607141844 5.8
1607141845 5.9
1607141846 6.0
1607141847 6.0
1607141848 6.0
1607141849 6.0
1607141850 6.1
1607141851 6.0
1607141852 6.1
1607141853 6.1
1607141854 6.1
1607141855 6.1
1607141856 6.0
1607141857 5.9
1607141858 5.7
1607141859 5.6
1607141860 5.4
1607141861 5.1
1607141862 5.3
1607141863 5.4
1607141864 5.5
1607141865 5.7
1607141866 5.7
1607141867 5.8
1607141868 5.8
1607141869 5.8
1607141870 5.5
1607141871 5.3
1607141872 5.1
1607141873 4.9
1607141874 4.9
1607141875 5.2
1607141876 5.4
1607141877 5.6
1607141878 5.7
1607141879 5.8
1607141880 5.8
1607141881 5.9
1607141882 6.0
1607141883 6.0
1607141884 6.1
1607141885 6.1
1607141886 5.8
1607141887 5.6
1607141888 5.3
1607141889 5.2
1607141890 5.3
1607141891 5.5
1607141892 5.6
1607141893 5.7
1607141894 5.9
1607141895 6.0
1607141896 6.1
1607141897 6.1
1607141898 6.0
1607141899 6.1
1607141900 6.2
1607141901 6.2
1607141902 6.2
1607141903 6.2
1607141904 6.2
1607141905 6.2
1607141906 6.1
1607141907 6.1
1607141908 6.2
1607141909 6.2
1607141910 6.1
1607141911 6.1
1607141912 5.7
1607141913 5.5
1607141914 5.4
1607141915 5.2
1607141916 5.4
1607141917 5.5
1607141918 5.7
1607141919 5.7
1607141920 5.8
1607141921 5.9
1607141922 5.9
1607141923 5.9
1607141924 6.0
1607141925 6.0
1607141926 6.0
1607141927 6.0
1607141928 5.9
1607141929 5.7
1607141930 5.4
1607141931 5.2
1607141932 4.9
1607141933 5.2
1607141934 5.4
1607141935 5.2
1607141936 5.0
1607141937 4.8
1607141938 4.7
1607141939 4.7
1607141940 4.9
1607141941 5.2
1607141942 5.3
1607141943 5.5
1607141944 5.7
1607141945 5.8
1607141946 5.8
1607141947 5.9
1607141948 6.0
1607141949 6.0
1607141950 6.0
1607141951 6.1
1607141952 6.1
1607141953 6.1
1607141954 6.1
1607141955 6.2
1607141956 6.2
1607141957 6.2
1607141958 6.2
1607141959 6.2
1607141960 6.1
1607141961 6.1
1607141962 6.0
1607141963 6.0
1607141964 6.1
1607141965 6.0
1607141966 6.0
1607141967 5.9
1607141968 5.9
1607141969 5.9
1607141970 5.9
1607141971 5.9
1607141972 5.9
1607141973 5.8
1607141974 5.8
1607141975 5.8
1607141976 5.8
1607141977 5.8
1607141978 5.8
1607141979 5.8
1607141980 5.8
1607141981 5.8
1607141982 5.8
1607141983 5.8
1607141984 5.8
1607141985 5.8
1607141986 5.8
1607141987 5.8
1607141988 5.8
1607141989 5.8
1607141990 5.6
1607141991 5.3
1607141992 5.0
1607141993 4.9
1607141994 5.1
1607141995 5.3
1607141996 5.5
1607141997 5.6
1607141998 5.7
1607141999 5.8
1607142000 5.8
1607142001 5.9
1607142002 5.9
1607142003 5.9
1607142004 6.0
1607142005 6.0
1607142006 5.9
1607142007 5.8
1607142008 5.6
1607142009 5.3
1607142010 5.1
1607142011 4.9
1607142012 4.7
1607142013 4.5
1607142014 4.4
1607142015 4.7
1607142016 4.8
1607142017 4.8
1607142018 5.1
1607142020 5.3
1607142027 5.3