1607071907 5.0
1607071908 4.8
1607071909 4.6
1607071910 4.6
1607071911 4.8
1607071912 5.1
1607071913 5.3
1607071914 5.4
1607071915 5.5
1607071916 5.6
1607071917 5.7
1607071918 5.8
1607071919 5.8
1607071920 5.9
1607071921 6.0
1607071922 6.0
1607071923 6.1
1607071924 6.1
1607071925 6.1
1607071926 6.2
1607071927 6.2
1607071928 6.2
1607071929 6.2
1607071930 6.2
1607071931 6.2
1607071932 6.2
1607071933 6.3
1607071934 6.3
1607071935 6.1
1607071936 5.8
1607071937 5.6
1607071938 5.3
1607071939 5.1
1607071940 5.3
1607071941 5.5
1607071942 5.6
1607071943 5.7
1607071944 5.9
1607071945 5.9
1607071946 5.9
1607071947 6.0
1607071948 6.0
1607071949 6.0
1607071950 6.0
1607071951 5.8
1607071952 5.7
1607071953 5.6
1607071954 5.4
1607071955 5.6
1607071956 5.7
1607071957 5.8
1607071958 5.9
1607071959 5.9
1607071960 6.0
1607071961 6.0
1607071962 6.0
1607071963 6.0
1607071964 6.1
1607071965 6.1
1607071966 6.2
1607071967 6.2
1607071968 6.2
1607071969 6.1
1607071970 6.1
1607071971 6.0
1607071972 5.8
1607071973 5.9
1607071974 5.9
1607071975 6.0
1607071976 6.0
1607071977 6.0
1607071978 6.0
1607071979 6.0
1607071980 6.0
1607071981 6.1
1607071982 6.0
1607071983 6.0
1607071984 5.8
1607071985 5.6
1607071986 5.4
1607071987 5.2
1607071988 5.0
1607071989 5.3
1607071990 5.5
1607071991 5.6
1607071992 5.7
1607071993 5.8
1607071994 5.8
1607071995 5.9
1607071996 5.9
1607071997 6.0
1607071998 6.0
1607071999 6.0
1607072000 6.0
1607072001 6.0
1607072002 5.9
1607072003 6.0
1607072004 6.0
1607072005 6.0
1607072006 6.0
1607072007 6.0
1607072008 6.0
1607072009 6.0
1607072010 5.8
1607072011 5.7
1607072012 5.5
1607072013 5.3
1607072014 5.2
1607072015 5.4
1607072016 5.5
1607072017 5.6
1607072018 5.7
1607072019 5.7
1607072020 5.8
1607072021 5.8
1607072022 5.8
1607072023 5.8
1607072024 5.9
1607072025 5.9
1607072026 5.9
1607072027 6.0
1607072028 6.1
1607072029 6.1
1607072030 6.1
1607072031 6.0
1607072032 6.0
1607072033 6.1
1607072034 6.0
1607072035 5.9
1607072036 5.9
1607072037 5.8
1607072038 5.9
1607072039 5.9
1607072040 5.9
1607072041 5.8
1607072042 5.8
1607072043 5.7
1607072044 5.8
1607072045 5.8
1607072046 5.8
1607072047 5.8
1607072048 5.7
1607072049 5.6
1607072050 5.7
1607072051 5.7
1607072052 5.7
1607072053 5.7
1607072054 5.7
1607072055 5.7
1607072056 5.6
1607072057 5.7
1607072058 5.7
1607072059 5.7
1607072060 5.7
1607072061 5.6
1607072062 5.7
1607072063 5.8
1607072064 5.7
1607072065 5.4
1607072066 5.2
1607072067 5.0
1607072068 4.9
1607072069 5.1
1607072070 5.3
1607072071 5.4
1607072072 5.5
1607072073 5.6
1607072074 5.7
1607072075 5.7
1607072076 5.8
1607072077 5.8
1607072078 5.8
1607072079 5.8
1607072080 5.9
1607072081 5.8
1607072082 5.7
1607072083 5.4
1607072084 5.2
1607072085 5.2
1607072086 5.3
1607072087 5.4
1607072088 5.6
1607072089 5.7
1607072090 5.8
1607072091 5.9
1607072092 5.9
1607072093 6.0
1607072094 6.0
1607072095 6.0
1607072096 6.1
1607072097 6.1
1607072098 6.1
1607072099 6.1
1607072100 6.1
1607072101 5.9
1607072102 5.6
1607072103 5.3
1607072104 5.0
1607072105 4.8
1607072106 5.1
1607072107 5.3
1607072108 5.1
1607072109 4.9
1607072110 4.7
1607072111 4.7
1607072112 4.8
1607072113 5.1
1607072114 5.3
1607072115 5.5
1607072116 5.6
1607072117 5.7
1607072118 5.7
1607072119 5.8
1607072120 5.9
1607072121 5.9
1607072122 5.7
1607072123 5.6
1607072124 5.3
1607072125 5.1
1607072126 5.0
1607072127 5.3
1607072128 5.4
1607072129 5.6
1607072130 5.6
1607072131 5.7
1607072132 5.8
1607072133 5.7
1607072134 5.4
1607072135 5.2
1607072136 5.0
1607072137 5.0
1607072138 4.9
1607072139 4.7
1607072140 4.5
1607072141 4.4
1607072142 4.2
1607072143 4.4
1607072144 4.6
1607072145 4.6
1607072146 4.6
1607072147 5.1
1607072148 5.1
1607072149 4.9
1607072151 4.6