1607108236 4.8
1607108237 4.6
1607108238 4.4
1607108239 4.7
1607108240 5.0
1607108241 5.3
1607108242 5.5
1607108243 5.7
1607108244 5.8
1607108245 6.0
1607108246 6.1
1607108247 6.1
1607108248 6.1
1607108249 6.2
1607108250 6.3
1607108251 6.4
1607108252 6.5
1607108253 6.5
1607108254 6.4
1607108255 6.1
1607108256 5.9
1607108257 5.8
1607108258 5.4
1607108259 5.6
1607108260 5.9
1607108261 6.0
1607108262 6.2
1607108263 6.2
1607108264 6.3
1607108265 6.3
1607108266 6.4
1607108267 6.5
1607108268 6.5
1607108269 6.5
1607108270 6.5
1607108271 6.5
1607108272 6.5
1607108273 6.5
1607108274 6.2
1607108275 5.9
1607108276 5.6
1607108277 5.3
1607108278 5.0
1607108279 5.3
1607108280 5.5
1607108281 5.7
1607108282 5.9
1607108283 6.0
1607108284 6.1
1607108285 6.1
1607108286 5.8
1607108287 5.5
1607108288 5.2
1607108289 5.1
1607108290 5.0
1607108291 5.3
1607108292 5.5
1607108293 5.7
1607108294 5.9
1607108295 6.0
1607108296 6.1
1607108297 6.1
1607108298 6.2
1607108299 6.2
1607108300 6.3
1607108301 6.3
1607108302 6.3
1607108303 6.3
1607108304 6.3
1607108305 6.4
1607108306 6.3
1607108307 6.3
1607108308 6.3
1607108309 6.2
1607108310 6.2
1607108311 6.1
1607108312 6.1
1607108313 6.1
1607108314 6.2
1607108315 6.2
1607108316 6.1
1607108317 6.2
1607108318 6.2
1607108319 6.2
1607108320 6.2
1607108321 6.2
1607108322 6.1
1607108323 6.1
1607108324 6.0
1607108325 6.1
1607108326 6.1
1607108327 6.0
1607108328 6.0
1607108329 6.0
1607108330 5.9
1607108331 6.0
1607108332 6.0
1607108333 6.0
1607108334 6.0
1607108335 5.9
1607108336 5.9
1607108337 6.0
1607108338 6.0
1607108339 5.7
1607108340 5.4
1607108341 5.1
1607108342 4.9
1607108343 5.2
1607108344 5.4
1607108345 5.6
1607108346 5.7
1607108347 5.9
1607108348 6.0
1607108349 6.0
1607108350 6.1
1607108351 6.1
1607108352 6.2
1607108353 6.2
1607108354 6.2
1607108355 6.1
1607108356 5.8
1607108357 5.6
1607108358 5.3
1607108359 5.1
1607108360 5.4
1607108361 5.6
1607108362 5.7
1607108363 5.8
1607108364 5.9
1607108365 6.0
1607108366 6.1
1607108367 6.2
1607108368 6.2
1607108369 6.0
1607108370 5.8
1607108371 5.6
1607108372 5.4
1607108373 5.1
1607108374 5.4
1607108375 5.6
1607108376 5.8
1607108377 5.9
1607108378 6.0
1607108379 6.2
1607108380 6.3
1607108381 6.3
1607108382 6.3
1607108383 6.3
1607108384 6.1
1607108385 5.9
1607108386 5.7
1607108387 5.5
1607108388 5.3
1607108389 5.4
1607108390 5.6
1607108391 5.8
1607108392 5.9
1607108393 6.0
1607108394 6.1
1607108395 6.1
1607108396 6.2
1607108397 6.1
1607108398 6.2
1607108399 6.2
1607108400 6.3
1607108401 6.1
1607108402 5.9
1607108403 5.8
1607108404 5.6
1607108405 5.2
1607108406 5.5
1607108407 5.7
1607108408 5.8
1607108409 5.9
1607108410 6.0
1607108411 6.1
1607108412 6.1
1607108413 6.1
1607108414 6.2
1607108415 6.2
1607108416 6.2
1607108417 6.2
1607108418 6.2
1607108419 6.2
1607108420 6.2
1607108421 6.2
1607108422 6.2
1607108423 6.2
1607108424 6.2
1607108425 6.1
1607108426 6.2
1607108427 6.1
1607108428 5.8
1607108429 5.7
1607108430 5.6
1607108431 5.5
1607108432 5.6
1607108433 5.7
1607108434 5.8
1607108435 5.9
1607108436 5.9
1607108437 6.0
1607108438 6.0
1607108439 6.1
1607108440 6.1
1607108441 6.1
1607108442 6.2
1607108443 6.2
1607108444 6.2
1607108445 6.2
1607108446 6.1
1607108447 6.1
1607108448 6.2
1607108449 6.2
1607108450 6.2
1607108451 6.1
1607108452 6.1
1607108453 6.1
1607108454 6.0
1607108455 6.0
1607108456 6.0
1607108457 6.0
1607108458 6.0
1607108459 6.1
1607108460 6.0
1607108461 5.9
1607108462 5.8
1607108463 5.6
1607108464 5.3
1607108465 5.1
1607108466 4.9
1607108467 4.7
1607108468 4.7
1607108469 4.8
1607108470 5.0
1607108471 5.1
1607108472 5.0
1607108473 5.2
1607108475 5.4