		g3log created log at: Fri Dec 04 17:25:22 2020
		LOG format: [YYYY/MM/DD hh:mm:ss uuu* LEVEL FILE->FUNCTION:LINE] messagen
		(uuu*: microseconds fractions of the seconds value)

2020/12/04 17:25:22 427383	INFO [experimenter.cc->experiment_fentry:301]	2374959:	UpdateStyleAndLayoutTree	00001100	4
2020/12/04 17:25:22 454584	INFO [experimenter.cc->experiment_fentry:301]	2374959:	ParseSheet	11110000	0
2020/12/04 17:25:22 585472	INFO [experimenter.cc->experiment_fexit:326]	2374959:	ParseSheet	11110011	0	130.382
2020/12/04 17:25:22 586516	INFO [experimenter.cc->experiment_fentry:301]	2374959:	ParseSheet	11110000	0
2020/12/04 17:25:22 589708	INFO [experimenter.cc->experiment_fexit:326]	2374959:	ParseSheet	11110011	0	3.00219
2020/12/04 17:25:22 690960	INFO [experimenter.cc->experiment_fexit:326]	2374959:	UpdateStyleAndLayoutTree	11110110	0	263.302
2020/12/04 17:25:22 697648	INFO [experimenter.cc->experiment_fentry:301]	2374959:	UpdateStyleAndLayoutTree	00001100	4
2020/12/04 17:25:22 697847	INFO [experimenter.cc->experiment_fexit:326]	2374959:	UpdateStyleAndLayoutTree	11110110	1	0.0498762
2020/12/04 17:25:23 431925	INFO [experimenter.cc->experiment_fentry:301]	2374959:	ResumeParsingAfterYield	00001100	4
2020/12/04 17:25:23 687317	INFO [experimenter.cc->experiment_fexit:326]	2374959:	ResumeParsingAfterYield	11110110	2	255.172
2020/12/04 17:25:23 720602	INFO [experimenter.cc->experiment_fentry:301]	2374959:	ExecuteScriptInMainWorld	11110000	2
2020/12/04 17:25:23 724492	INFO [experimenter.cc->experiment_fexit:326]	2374959:	ExecuteScriptInMainWorld	11110011	2	3.73137
2020/12/04 17:25:23 727248	INFO [experimenter.cc->experiment_fentry:301]	2374959:	ExecuteScriptInMainWorld	11110000	2
2020/12/04 17:25:23 728833	INFO [experimenter.cc->experiment_fexit:326]	2374959:	ExecuteScriptInMainWorld	11110011	2	1.44261
2020/12/04 17:25:23 757658	INFO [experimenter.cc->experiment_fentry:301]	2374959:	UpdateStyleAndLayoutTree	00001100	4
2020/12/04 17:25:23 765223	INFO [experimenter.cc->experiment_fexit:326]	2374959:	UpdateStyleAndLayoutTree	11110110	3	7.36502
2020/12/04 17:25:23 775913	INFO [experimenter.cc->experiment_fentry:301]	2374959:	UpdateStyleAndLayoutTree	00001100	5
2020/12/04 17:25:23 776150	INFO [experimenter.cc->experiment_fexit:326]	2374959:	UpdateStyleAndLayoutTree	11110110	5	0.0533762
2020/12/04 17:25:23 997075	INFO [experimenter.cc->experiment_fentry:301]	2374959:	ParseSheet	11110000	0
2020/12/04 17:25:24 009753	INFO [experimenter.cc->experiment_fexit:326]	2374959:	ParseSheet	11110011	0	12.52
2020/12/04 17:25:24 296747	INFO [experimenter.cc->experiment_fentry:301]	2374959:	ParseSheet	11110000	0
2020/12/04 17:25:24 299538	INFO [experimenter.cc->experiment_fexit:326]	2374959:	ParseSheet	11110011	0	2.6656
2020/12/04 17:25:24 311793	INFO [experimenter.cc->experiment_fentry:301]	2374959:	ParseSheet	11110000	0
2020/12/04 17:25:24 350045	INFO [experimenter.cc->experiment_fexit:326]	2374959:	ParseSheet	11110011	0	38.0811
2020/12/04 17:25:24 365427	INFO [experimenter.cc->experiment_fentry:301]	2374959:	ParseSheet	11110000	0
2020/12/04 17:25:24 384617	INFO [experimenter.cc->experiment_fexit:326]	2374959:	ParseSheet	11110011	0	19.0243
2020/12/04 17:25:24 405415	INFO [experimenter.cc->experiment_fentry:301]	2374959:	ParseSheet	11110000	0
2020/12/04 17:25:24 406064	INFO [experimenter.cc->experiment_fexit:326]	2374959:	ParseSheet	11110011	0	0.540761
2020/12/04 17:25:24 418311	INFO [experimenter.cc->experiment_fentry:301]	2374959:	ParseSheet	11110000	0
2020/12/04 17:25:24 440139	INFO [experimenter.cc->experiment_fexit:326]	2374959:	ParseSheet	11110011	0	21.6681
2020/12/04 17:25:24 448698	INFO [experimenter.cc->experiment_fentry:301]	2374959:	UpdateStyleAndLayoutTree	00001100	4
2020/12/04 17:25:24 553747	INFO [experimenter.cc->experiment_fexit:326]	2374959:	UpdateStyleAndLayoutTree	11110110	2	99.0441
2020/12/04 17:25:24 662398	INFO [experimenter.cc->experiment_fentry:301]	2374959:	ParseSheet	11110000	0
2020/12/04 17:25:24 759467	INFO [experimenter.cc->experiment_fexit:326]	2374959:	ParseSheet	11110011	0	96.9132
