1607104214 5.2
1607104215 5.0
1607104216 4.7
1607104217 4.7
1607104218 4.9
1607104219 5.2
1607104220 5.4
1607104221 5.6
1607104222 5.7
1607104223 5.9
1607104224 5.9
1607104225 5.9
1607104226 6.0
1607104227 6.0
1607104228 6.1
1607104229 6.1
1607104230 6.2
1607104231 6.2
1607104232 6.2
1607104233 6.3
1607104234 6.3
1607104235 6.3
1607104236 6.3
1607104237 6.3
1607104238 6.3
1607104239 6.3
1607104240 6.3
1607104241 6.3
1607104242 6.3
1607104243 6.1
1607104244 5.9
1607104245 5.6
1607104246 5.3
1607104247 5.2
1607104248 5.3
1607104249 5.5
1607104250 5.7
1607104251 5.7
1607104252 5.9
1607104253 5.9
1607104254 5.9
1607104255 6.0
1607104256 6.0
1607104257 6.0
1607104258 6.0
1607104259 6.0
1607104260 6.0
1607104261 6.0
1607104262 6.1
1607104263 6.1
1607104264 6.1
1607104265 6.1
1607104266 5.9
1607104267 5.7
1607104268 5.8
1607104269 5.9
1607104270 5.9
1607104271 6.0
1607104272 6.0
1607104273 6.1
1607104274 6.1
1607104275 6.1
1607104276 6.1
1607104277 6.1
1607104278 6.1
1607104279 6.0
1607104280 5.7
1607104281 5.5
1607104282 5.5
1607104283 5.4
1607104284 5.5
1607104285 5.7
1607104286 5.8
1607104287 5.8
1607104288 5.9
1607104289 5.9
1607104290 5.9
1607104291 6.0
1607104292 6.0
1607104293 6.1
1607104294 6.0
1607104295 5.8
1607104296 5.4
1607104297 5.2
1607104298 5.0
1607104299 5.0
1607104300 5.3
1607104301 5.2
1607104302 5.0
1607104303 4.8
1607104304 4.7
1607104305 4.7
1607104306 4.9
1607104307 5.2
1607104308 5.4
1607104309 5.6
1607104310 5.7
1607104311 5.8
1607104312 5.9
1607104313 6.0
1607104314 6.0
1607104315 6.1
1607104316 6.1
1607104317 5.8
1607104318 5.6
1607104319 5.6
1607104320 5.4
1607104321 5.6
1607104322 5.7
1607104323 5.8
1607104324 5.9
1607104325 6.0
1607104326 6.0
1607104327 6.0
1607104328 6.1
1607104329 6.1
1607104330 6.1
1607104331 6.1
1607104332 6.1
1607104333 6.0
1607104334 6.1
1607104335 6.1
1607104336 6.1
1607104337 6.1
1607104338 6.1
1607104339 6.1
1607104340 6.1
1607104341 6.0
1607104342 6.1
1607104343 6.0
1607104344 6.1
1607104345 5.9
1607104346 5.7
1607104347 5.5
1607104348 5.3
1607104349 5.4
1607104350 5.6
1607104351 5.7
1607104352 5.7
1607104353 5.8
1607104354 5.9
1607104355 5.9
1607104356 5.9
1607104357 6.0
1607104358 6.0
1607104359 6.1
1607104360 6.1
1607104361 6.1
1607104362 6.1
1607104363 6.1
1607104364 6.1
1607104365 6.1
1607104366 5.9
1607104367 5.6
1607104368 5.3
1607104369 5.1
1607104370 4.8
1607104371 5.1
1607104372 5.4
1607104373 5.5
1607104374 5.7
1607104375 5.7
1607104376 5.8
1607104377 5.9
1607104378 5.9
1607104379 5.9
1607104380 6.0
1607104381 6.0
1607104382 5.9
1607104383 6.0
1607104384 5.8
1607104385 5.6
1607104386 5.4
1607104387 5.1
1607104388 5.0
1607104389 5.3
1607104390 5.5
1607104391 5.6
1607104392 5.7
1607104393 5.8
1607104394 5.8
1607104395 5.9
1607104396 5.6
1607104397 5.3
1607104398 5.0
1607104399 4.8
1607104400 4.8
1607104401 5.1
1607104402 5.3
1607104403 5.5
1607104404 5.7
1607104405 5.8
1607104406 5.9
1607104407 5.9
1607104408 6.0
1607104409 6.1
1607104410 6.1
1607104411 6.2
1607104412 6.2
1607104413 6.2
1607104414 6.2
1607104415 6.1
1607104416 6.1
1607104417 6.2
1607104418 6.2
1607104419 6.2
1607104420 6.1
1607104421 6.1
1607104422 6.0
1607104423 6.0
1607104424 6.0
1607104425 6.0
1607104426 6.0
1607104427 6.0
1607104428 5.9
1607104429 5.8
1607104430 5.9
1607104431 5.9
1607104432 5.8
1607104433 5.9
1607104434 5.9
1607104435 5.8
1607104436 5.9
1607104437 5.8
1607104438 5.8
1607104439 5.8
1607104440 5.8
1607104441 5.7
1607104442 5.8
1607104443 5.8
1607104444 5.7
1607104445 5.7
1607104446 5.7
1607104447 5.7
1607104448 5.8
1607104449 5.8
1607104450 5.6
1607104451 5.4
1607104452 5.2
1607104453 5.0
1607104454 5.0
1607104455 4.9
1607104456 4.8
1607104457 4.7
1607104458 4.5
1607104459 4.6
1607104460 4.8
1607104461 4.8
1607104462 4.8
1607104463 5.2
1607104464 5.2
1607104465 5.2