1607123715 4.9
1607123716 4.7
1607123717 4.5
1607123718 4.8
1607123719 5.0
1607123720 5.2
1607123721 5.4
1607123722 5.5
1607123723 5.6
1607123724 5.7
1607123725 5.8
1607123726 5.9
1607123727 6.0
1607123728 6.0
1607123729 6.1
1607123730 6.1
1607123731 6.2
1607123732 6.2
1607123733 6.2
1607123734 5.9
1607123735 5.6
1607123736 5.5
1607123737 5.3
1607123738 5.1
1607123739 5.4
1607123740 5.6
1607123741 5.7
1607123742 5.8
1607123743 5.8
1607123744 5.9
1607123745 5.9
1607123746 6.0
1607123747 5.9
1607123748 5.9
1607123749 5.6
1607123750 5.4
1607123751 5.2
1607123752 5.1
1607123753 5.2
1607123754 5.4
1607123755 5.6
1607123756 5.7
1607123757 5.8
1607123758 5.9
1607123759 5.9
1607123760 6.0
1607123761 6.1
1607123762 6.1
1607123763 6.1
1607123764 6.2
1607123765 6.1
1607123766 6.2
1607123767 6.1
1607123768 6.1
1607123769 6.1
1607123770 5.8
1607123771 5.5
1607123772 5.2
1607123773 5.0
1607123774 5.0
1607123775 5.3
1607123776 5.5
1607123777 5.6
1607123778 5.7
1607123779 5.8
1607123780 5.9
1607123781 6.0
1607123782 6.0
1607123783 6.0
1607123784 6.1
1607123785 6.1
1607123786 6.1
1607123787 6.1
1607123788 6.1
1607123789 6.1
1607123790 6.2
1607123791 6.2
1607123792 6.2
1607123793 6.1
1607123794 6.1
1607123795 6.0
1607123796 6.0
1607123797 6.0
1607123798 6.0
1607123799 5.8
1607123800 5.5
1607123801 5.3
1607123802 5.1
1607123803 4.9
1607123804 5.3
1607123805 5.5
1607123806 5.6
1607123807 5.8
1607123808 5.9
1607123809 5.9
1607123810 6.0
1607123811 6.0
1607123812 6.1
1607123813 6.1
1607123814 6.1
1607123815 5.9
1607123816 5.6
1607123817 5.3
1607123818 5.1
1607123819 5.2
1607123820 5.5
1607123821 5.6
1607123822 5.8
1607123823 5.9
1607123824 5.9
1607123825 6.0
1607123826 6.0
1607123827 6.0
1607123828 6.0
1607123829 6.1
1607123830 6.0
1607123831 6.0
1607123832 5.8
1607123833 5.5
1607123834 5.4
1607123835 5.3
1607123836 5.0
1607123837 5.3
1607123838 5.5
1607123839 5.7
1607123840 5.8
1607123841 5.8
1607123842 5.9
1607123843 5.9
1607123844 6.0
1607123845 6.1
1607123846 6.1
1607123847 6.1
1607123848 6.0
1607123849 5.8
1607123850 5.5
1607123851 5.5
1607123852 5.4
1607123853 5.6
1607123854 5.7
1607123855 5.8
1607123856 5.9
1607123857 5.9
1607123858 6.0
1607123859 6.0
1607123860 6.1
1607123861 6.0
1607123862 6.1
1607123863 6.1
1607123864 6.0
1607123865 6.1
1607123866 6.1
1607123867 6.1
1607123868 6.0
1607123869 6.0
1607123870 6.0
1607123871 6.0
1607123872 6.0
1607123873 6.0
1607123874 5.9
1607123875 5.9
1607123876 5.9
1607123877 6.0
1607123878 6.0
1607123879 6.0
1607123880 6.0
1607123881 5.9
1607123882 5.9
1607123883 5.9
1607123884 5.9
1607123885 5.9
1607123886 5.9
1607123887 5.8
1607123888 5.8
1607123889 5.8
1607123890 5.8
1607123891 5.8
1607123892 5.7
1607123893 5.8
1607123894 5.7
1607123895 5.7
1607123896 5.8
1607123897 5.8
1607123898 5.8
1607123899 5.8
1607123900 5.8
1607123901 5.8
1607123902 5.8
1607123903 5.6
1607123904 5.4
1607123905 5.1
1607123906 4.9
1607123907 4.8
1607123908 5.1
1607123909 5.3
1607123910 5.5
1607123911 5.6
1607123912 5.7
1607123913 5.8
1607123914 5.8
1607123915 5.9
1607123916 5.9
1607123917 5.9
1607123918 6.0
1607123919 6.0
1607123920 5.7
1607123921 5.5
1607123922 5.4
1607123923 5.3
1607123924 5.3
1607123925 5.4
1607123926 5.6
1607123927 5.7
1607123928 5.7
1607123929 5.8
1607123930 5.9
1607123931 5.9
1607123932 5.9
1607123933 6.0
1607123934 6.0
1607123935 6.0
1607123936 5.9
1607123937 6.0
1607123938 6.0
1607123939 6.1
1607123940 6.1
1607123941 6.2
1607123942 6.2
1607123943 6.1
1607123944 6.1
1607123945 6.1
1607123946 6.1
1607123947 6.0
1607123948 6.0
1607123949 6.0
1607123950 5.8
1607123951 5.8
1607123952 5.5
1607123953 5.3
1607123954 5.0
1607123955 4.9
1607123956 4.9
1607123957 4.7
1607123958 4.5
1607123959 4.8
1607123960 4.8
1607123961 4.8
1607123962 5.1
1607123964 5.3