1607112836 4.9
1607112837 4.7
1607112838 4.5
1607112839 4.8
1607112840 5.1
1607112841 5.3
1607112842 5.5
1607112843 5.6
1607112844 5.7
1607112845 5.8
1607112846 5.9
1607112847 5.9
1607112848 6.0
1607112849 6.0
1607112850 6.2
1607112851 6.2
1607112852 6.3
1607112853 6.4
1607112854 6.4
1607112855 6.4
1607112856 6.4
1607112857 6.3
1607112858 6.3
1607112859 6.3
1607112860 6.3
1607112861 6.3
1607112862 6.3
1607112863 6.2
1607112864 6.2
1607112865 6.2
1607112866 6.2
1607112867 6.2
1607112868 6.2
1607112869 6.1
1607112870 5.8
1607112871 5.5
1607112872 5.2
1607112873 5.0
1607112874 5.1
1607112875 5.4
1607112876 5.6
1607112877 5.7
1607112878 5.8
1607112879 5.9
1607112880 6.0
1607112881 6.0
1607112882 6.1
1607112883 6.0
1607112884 6.1
1607112885 6.1
1607112886 6.1
1607112887 6.1
1607112888 5.8
1607112889 5.5
1607112890 5.3
1607112891 5.0
1607112892 5.0
1607112893 5.3
1607112894 5.5
1607112895 5.7
1607112896 5.8
1607112897 5.9
1607112898 6.0
1607112899 6.1
1607112900 6.1
1607112901 6.1
1607112902 6.1
1607112903 6.1
1607112904 5.9
1607112905 5.6
1607112906 5.3
1607112907 5.1
1607112908 5.1
1607112909 5.3
1607112910 5.5
1607112911 5.6
1607112912 5.7
1607112913 5.9
1607112914 6.0
1607112915 6.1
1607112916 6.1
1607112917 6.2
1607112918 6.2
1607112919 5.9
1607112920 5.6
1607112921 5.3
1607112922 5.0
1607112923 5.1
1607112924 5.3
1607112925 5.5
1607112926 5.7
1607112927 5.8
1607112928 5.8
1607112929 5.9
1607112930 6.0
1607112931 6.0
1607112932 6.0
1607112933 6.1
1607112934 6.1
1607112935 5.9
1607112936 5.6
1607112937 5.3
1607112938 5.1
1607112939 4.9
1607112940 5.2
1607112941 5.5
1607112942 5.6
1607112943 5.8
1607112944 5.9
1607112945 6.0
1607112946 6.1
1607112947 6.1
1607112948 6.1
1607112949 6.1
1607112950 6.2
1607112951 6.0
1607112952 5.7
1607112953 5.5
1607112954 5.6
1607112955 5.6
1607112956 5.7
1607112957 5.8
1607112958 5.9
1607112959 6.0
1607112960 6.1
1607112961 6.1
1607112962 6.1
1607112963 6.1
1607112964 6.2
1607112965 6.2
1607112966 6.2
1607112967 6.2
1607112968 6.2
1607112969 6.2
1607112970 6.1
1607112971 6.1
1607112972 6.2
1607112973 6.1
1607112974 6.1
1607112975 6.1
1607112976 6.1
1607112977 6.1
1607112978 6.0
1607112979 5.9
1607112980 5.8
1607112981 5.7
1607112982 5.5
1607112983 5.7
1607112984 5.7
1607112985 5.8
1607112986 5.8
1607112987 5.9
1607112988 5.9
1607112989 5.9
1607112990 5.9
1607112991 6.0
1607112992 6.0
1607112993 6.0
1607112994 6.0
1607112995 6.0
1607112996 6.0
1607112997 6.0
1607112998 6.0
1607112999 6.0
1607113000 6.0
1607113001 6.0
1607113002 5.9
1607113003 5.9
1607113004 6.0
1607113005 6.0
1607113006 5.9
1607113007 5.8
1607113008 5.9
1607113009 5.8
1607113010 5.8
1607113011 5.8
1607113012 5.8
1607113013 5.8
1607113014 5.8
1607113015 5.8
1607113016 5.8
1607113017 5.8
1607113018 5.9
1607113019 5.8
1607113020 5.8
1607113021 5.8
1607113022 5.7
1607113023 5.7
1607113024 5.7
1607113025 5.7
1607113026 5.8
1607113027 5.8
1607113028 5.7
1607113029 5.7
1607113030 5.7
1607113031 5.8
1607113032 5.8
1607113033 5.8
1607113034 5.5
1607113035 5.3
1607113036 5.0
1607113037 4.8
1607113038 5.1
1607113039 5.4
1607113040 5.3
1607113041 5.1
1607113042 5.0
1607113043 5.0
1607113044 5.0
1607113045 5.2
1607113046 5.5
1607113047 5.6
1607113048 5.7
1607113049 5.8
1607113050 5.9
1607113051 6.0
1607113052 6.0
1607113053 6.0
1607113054 6.1
1607113055 6.1
1607113056 6.2
1607113057 6.2
1607113058 6.2
1607113059 6.2
1607113060 6.2
1607113061 6.2
1607113062 6.2
1607113063 6.2
1607113064 6.2
1607113065 6.1
1607113066 6.0
1607113067 5.9
1607113068 5.9
1607113069 5.9
1607113070 5.6
1607113071 5.4
1607113072 5.2
1607113073 5.0
1607113074 4.8
1607113075 4.6
1607113076 4.5
1607113077 4.3
1607113078 4.2
1607113079 4.2
1607113080 4.5
1607113081 4.6
1607113082 4.6
1607113084 5.1
1607113086 4.8