1607156053 4.9
1607156054 4.6
1607156055 4.6
1607156056 4.7
1607156057 5.0
1607156058 5.2
1607156059 5.4
1607156060 5.5
1607156061 5.6
1607156062 5.6
1607156063 5.7
1607156064 5.8
1607156065 5.8
1607156066 5.9
1607156067 5.9
1607156068 6.0
1607156069 6.1
1607156070 6.2
1607156071 6.1
1607156072 6.2
1607156073 6.2
1607156074 6.2
1607156075 6.2
1607156076 6.1
1607156077 6.2
1607156078 6.2
1607156079 6.2
1607156080 6.2
1607156081 6.2
1607156082 6.1
1607156083 6.1
1607156084 6.1
1607156085 6.1
1607156086 6.0
1607156087 6.0
1607156088 6.0
1607156089 5.9
1607156090 5.9
1607156091 5.8
1607156092 6.0
1607156093 5.9
1607156094 5.9
1607156095 5.8
1607156096 5.9
1607156097 5.8
1607156098 5.9
1607156099 5.8
1607156100 5.7
1607156101 5.7
1607156102 5.8
1607156103 5.8
1607156104 5.9
1607156105 5.8
1607156106 5.8
1607156107 5.7
1607156108 5.7
1607156109 5.7
1607156110 5.7
1607156111 5.7
1607156112 5.7
1607156113 5.7
1607156114 5.7
1607156115 5.7
1607156116 5.7
1607156117 5.7
1607156118 5.5
1607156119 5.2
1607156120 5.1
1607156121 5.0
1607156122 5.2
1607156123 5.4
1607156124 5.5
1607156125 5.6
1607156126 5.7
1607156127 5.8
1607156128 5.8
1607156129 5.8
1607156130 5.9
1607156131 6.0
1607156132 6.0
1607156133 6.1
1607156134 6.1
1607156135 6.1
1607156136 6.0
1607156137 6.0
1607156138 5.8
1607156139 5.5
1607156140 5.2
1607156141 5.0
1607156142 4.9
1607156143 5.2
1607156144 5.3
1607156145 5.5
1607156146 5.5
1607156147 5.6
1607156148 5.7
1607156149 5.7
1607156150 5.6
1607156151 5.6
1607156152 5.4
1607156153 5.2
1607156154 4.9
1607156155 5.2
1607156156 5.4
1607156157 5.5
1607156158 5.6
1607156159 5.7
1607156160 5.8
1607156161 5.8
1607156162 5.9
1607156163 5.9
1607156164 6.0
1607156165 5.9
1607156166 5.8
1607156167 5.6
1607156168 5.6
1607156169 5.6
1607156170 5.7
1607156171 5.8
1607156172 5.8
1607156173 5.9
1607156174 5.9
1607156175 6.0
1607156176 6.0
1607156177 6.0
1607156178 6.0
1607156179 6.0
1607156180 6.0
1607156181 6.0
1607156182 5.8
1607156183 5.5
1607156184 5.2
1607156185 5.0
1607156186 4.9
1607156187 5.2
1607156188 5.4
1607156189 5.5
1607156190 5.7
1607156191 5.8
1607156192 5.8
1607156193 5.9
1607156194 6.0
1607156195 6.1
1607156196 6.1
1607156197 6.2
1607156198 5.9
1607156199 5.7
1607156200 5.6
1607156201 5.5
1607156202 5.5
1607156203 5.7
1607156204 5.8
1607156205 5.9
1607156206 5.9
1607156207 6.0
1607156208 6.0
1607156209 6.0
1607156210 6.0
1607156211 6.1
1607156212 6.1
1607156213 6.1
1607156214 6.1
1607156215 6.1
1607156216 6.1
1607156217 6.1
1607156218 6.1
1607156219 6.1
1607156220 6.1
1607156221 6.1
1607156222 6.0
1607156223 6.0
1607156224 5.7
1607156225 5.4
1607156226 5.1
1607156227 4.9
1607156228 5.1
1607156229 5.3
1607156230 5.4
1607156231 5.6
1607156232 5.6
1607156233 5.7
1607156234 5.8
1607156235 5.9
1607156236 5.9
1607156237 5.9
1607156238 6.0
1607156239 6.0
1607156240 6.0
1607156241 6.0
1607156242 6.0
1607156243 6.0
1607156244 6.0
1607156245 5.8
1607156246 5.6
1607156247 5.7
1607156248 5.8
1607156249 5.8
1607156250 5.9
1607156251 5.9
1607156252 5.9
1607156253 5.9
1607156254 6.0
1607156255 6.0
1607156256 6.0
1607156257 6.1
1607156258 6.1
1607156259 6.1
1607156260 5.9
1607156261 5.7
1607156262 5.7
1607156263 5.6
1607156264 5.6
1607156265 5.7
1607156266 5.7
1607156267 5.8
1607156268 5.8
1607156269 5.8
1607156270 5.9
1607156271 5.9
1607156272 5.9
1607156273 5.9
1607156274 5.7
1607156275 5.5
1607156276 5.2
1607156277 5.0
1607156278 4.8
1607156279 5.1
1607156280 5.3
1607156281 5.0
1607156282 4.8
1607156283 4.7
1607156284 4.7
1607156285 4.6
1607156286 4.4
1607156287 4.3
1607156288 4.2
1607156289 4.1
1607156290 4.3
1607156291 4.6
1607156292 4.7
1607156293 4.7
1607156294 5.0
1607156296 5.2
1607156298 5.0