1607123212 5.4
1607123213 5.1
1607123214 4.9
1607123215 4.9
1607123216 5.0
1607123217 5.3
1607123218 5.4
1607123219 5.5
1607123220 5.6
1607123221 5.6
1607123222 5.7
1607123223 5.7
1607123224 5.8
1607123225 5.8
1607123226 5.9
1607123227 6.0
1607123228 6.0
1607123229 6.0
1607123230 6.1
1607123231 6.1
1607123232 6.0
1607123233 6.1
1607123234 6.1
1607123235 6.1
1607123236 6.1
1607123237 5.9
1607123238 5.6
1607123239 5.4
1607123240 5.3
1607123241 5.2
1607123242 5.4
1607123243 5.6
1607123244 5.6
1607123245 5.8
1607123246 5.9
1607123247 5.9
1607123248 6.0
1607123249 6.0
1607123250 6.0
1607123251 6.0
1607123252 6.1
1607123253 6.1
1607123254 6.0
1607123255 6.0
1607123256 6.1
1607123257 6.1
1607123258 6.0
1607123259 5.9
1607123260 5.7
1607123261 5.4
1607123262 5.1
1607123263 4.9
1607123264 5.1
1607123265 5.4
1607123266 5.5
1607123267 5.7
1607123268 5.7
1607123269 5.8
1607123270 5.8
1607123271 5.9
1607123272 6.0
1607123273 6.0
1607123274 6.0
1607123275 6.0
1607123276 5.7
1607123277 5.5
1607123278 5.4
1607123279 5.2
1607123280 5.4
1607123281 5.5
1607123282 5.7
1607123283 5.8
1607123284 5.8
1607123285 5.9
1607123286 5.9
1607123287 6.0
1607123288 6.0
1607123289 6.0
1607123290 6.0
1607123291 6.0
1607123292 6.0
1607123293 6.1
1607123294 6.1
1607123295 6.1
1607123296 6.1
1607123297 6.1
1607123298 6.1
1607123299 6.1
1607123300 6.1
1607123301 6.1
1607123302 6.0
1607123303 6.0
1607123304 5.8
1607123305 5.5
1607123306 5.2
1607123307 5.0
1607123308 5.0
1607123309 5.3
1607123310 5.6
1607123311 5.7
1607123312 5.7
1607123313 5.8
1607123314 5.9
1607123315 5.9
1607123316 5.9
1607123317 6.0
1607123318 5.7
1607123319 5.4
1607123320 5.1
1607123321 4.9
1607123322 4.8
1607123323 5.2
1607123324 5.4
1607123325 5.5
1607123326 5.6
1607123327 5.8
1607123328 5.9
1607123329 6.0
1607123330 6.0
1607123331 6.1
1607123332 6.1
1607123333 6.1
1607123334 6.1
1607123335 6.1
1607123336 6.1
1607123337 6.2
1607123338 6.1
1607123339 6.1
1607123340 6.1
1607123341 6.1
1607123342 6.1
1607123343 6.1
1607123344 6.0
1607123345 5.9
1607123346 5.9
1607123347 5.9
1607123348 5.9
1607123349 5.9
1607123350 5.8
1607123351 5.8
1607123352 5.8
1607123353 5.8
1607123354 5.8
1607123355 5.8
1607123356 5.8
1607123357 5.8
1607123358 5.7
1607123359 5.8
1607123360 5.8
1607123361 5.8
1607123362 5.8
1607123363 5.8
1607123364 5.7
1607123365 5.8
1607123366 5.8
1607123367 5.8
1607123368 5.7
1607123369 5.8
1607123370 5.7
1607123371 5.8
1607123372 5.8
1607123373 5.6
1607123374 5.4
1607123375 5.2
1607123376 5.0
1607123377 5.3
1607123378 5.5
1607123379 5.3
1607123380 5.1
1607123381 4.9
1607123382 4.8
1607123383 4.8
1607123384 5.1
1607123385 5.3
1607123386 5.5
1607123387 5.7
1607123388 5.7
1607123389 5.8
1607123390 5.8
1607123391 5.9
1607123392 6.0
1607123393 6.0
1607123394 6.1
1607123395 6.1
1607123396 6.1
1607123397 6.1
1607123398 6.1
1607123399 6.1
1607123400 6.1
1607123401 6.1
1607123402 6.1
1607123403 5.9
1607123404 6.0
1607123405 6.0
1607123406 6.0
1607123407 6.0
1607123408 6.1
1607123409 6.1
1607123410 6.0
1607123411 6.0
1607123412 6.0
1607123413 6.0
1607123414 6.1
1607123415 6.1
1607123416 5.9
1607123417 5.6
1607123418 5.4
1607123419 5.1
1607123420 5.4
1607123421 5.5
1607123422 5.7
1607123423 5.7
1607123424 5.8
1607123425 5.8
1607123426 5.9
1607123427 5.9
1607123428 6.0
1607123429 6.0
1607123430 5.9
1607123431 6.0
1607123432 6.0
1607123433 5.9
1607123434 5.6
1607123435 5.5
1607123436 5.3
1607123437 5.3
1607123438 5.5
1607123439 5.6
1607123440 5.7
1607123441 5.8
1607123442 5.9
1607123443 6.0
1607123444 6.0
1607123445 6.0
1607123446 6.0
1607123447 6.1
1607123448 6.1
1607123449 6.0
1607123450 5.7
1607123451 5.4
1607123452 5.2
1607123453 5.0
1607123454 4.8
1607123455 4.7
1607123456 4.8
1607123457 4.7
1607123458 4.7
1607123459 4.8
1607123460 5.0
1607123461 4.9
1607123462 5.1
1607123464 5.4