1607155320 5.0
1607155321 4.8
1607155322 4.6
1607155323 4.9
1607155324 5.2
1607155325 5.4
1607155326 5.5
1607155327 5.6
1607155328 5.8
1607155329 5.9
1607155330 5.9
1607155331 6.0
1607155332 6.0
1607155333 6.0
1607155334 6.1
1607155335 6.2
1607155336 6.2
1607155337 6.2
1607155338 6.2
1607155339 6.3
1607155340 6.3
1607155341 6.3
1607155342 6.3
1607155343 6.1
1607155344 5.8
1607155345 5.5
1607155346 5.4
1607155347 5.3
1607155348 5.2
1607155349 5.5
1607155350 5.6
1607155351 5.8
1607155352 5.9
1607155353 6.0
1607155354 6.0
1607155355 6.1
1607155356 6.2
1607155357 6.2
1607155358 6.2
1607155359 6.2
1607155360 6.2
1607155361 6.1
1607155362 6.1
1607155363 6.2
1607155364 5.9
1607155365 5.7
1607155366 5.7
1607155367 5.4
1607155368 5.2
1607155369 5.4
1607155370 5.6
1607155371 5.3
1607155372 5.3
1607155373 5.2
1607155374 5.1
1607155375 4.9
1607155376 5.3
1607155377 5.5
1607155378 5.7
1607155379 5.8
1607155380 5.9
1607155381 6.0
1607155382 6.0
1607155383 6.1
1607155384 6.1
1607155385 6.1
1607155386 6.1
1607155387 6.0
1607155388 5.7
1607155389 5.4
1607155390 5.2
1607155391 4.9
1607155392 5.1
1607155393 5.4
1607155394 5.6
1607155395 5.7
1607155396 5.8
1607155397 5.9
1607155398 6.0
1607155399 6.0
1607155400 6.1
1607155401 6.1
1607155402 6.1
1607155403 6.0
1607155404 5.8
1607155405 5.5
1607155406 5.2
1607155407 5.1
1607155408 5.3
1607155409 5.5
1607155410 5.6
1607155411 5.7
1607155412 5.9
1607155413 5.9
1607155414 6.0
1607155415 6.1
1607155416 6.1
1607155417 6.2
1607155418 6.1
1607155419 6.2
1607155420 6.2
1607155421 6.2
1607155422 6.2
1607155423 6.2
1607155424 6.2
1607155425 6.2
1607155426 6.1
1607155427 6.1
1607155428 6.0
1607155429 5.9
1607155430 6.0
1607155431 6.0
1607155432 6.0
1607155433 5.9
1607155434 6.0
1607155435 6.0
1607155436 6.0
1607155437 6.0
1607155438 6.0
1607155439 6.0
1607155440 6.0
1607155441 6.0
1607155442 6.0
1607155443 6.0
1607155444 5.9
1607155445 5.9
1607155446 5.9
1607155447 5.9
1607155448 5.9
1607155449 5.9
1607155450 5.9
1607155451 5.9
1607155452 5.8
1607155453 5.8
1607155454 5.9
1607155455 5.9
1607155456 5.8
1607155457 5.5
1607155458 5.3
1607155459 5.1
1607155460 4.9
1607155461 5.2
1607155462 5.4
1607155463 5.5
1607155464 5.6
1607155465 5.7
1607155466 5.8
1607155467 5.9
1607155468 6.0
1607155469 6.0
1607155470 5.9
1607155471 5.8
1607155472 5.7
1607155473 5.4
1607155474 5.2
1607155475 5.5
1607155476 5.6
1607155477 5.7
1607155478 5.8
1607155479 5.8
1607155480 5.9
1607155481 6.0
1607155482 6.0
1607155483 6.0
1607155484 6.0
1607155485 6.0
1607155486 5.8
1607155487 5.5
1607155488 5.3
1607155489 5.2
1607155490 5.2
1607155491 5.4
1607155492 5.6
1607155493 5.7
1607155494 5.8
1607155495 5.9
1607155496 5.9
1607155497 6.0
1607155498 6.0
1607155499 6.1
1607155500 6.1
1607155501 6.1
1607155502 6.2
1607155503 6.3
1607155504 6.3
1607155505 6.2
1607155506 6.2
1607155507 6.2
1607155508 6.2
1607155509 6.2
1607155510 6.2
1607155511 6.1
1607155512 5.9
1607155513 5.6
1607155514 5.4
1607155515 5.2
1607155516 5.3
1607155517 5.5
1607155518 5.6
1607155519 5.7
1607155520 5.8
1607155521 5.9
1607155522 5.9
1607155523 6.0
1607155524 6.0
1607155525 6.0
1607155526 6.0
1607155527 6.0
1607155528 6.0
1607155529 6.0
1607155530 6.0
1607155531 6.0
1607155532 6.0
1607155533 5.8
1607155534 5.7
1607155535 5.8
1607155536 5.8
1607155537 5.9
1607155538 5.9
1607155539 5.9
1607155540 6.0
1607155541 6.0
1607155542 6.0
1607155543 6.0
1607155544 6.0
1607155545 5.9
1607155546 5.6
1607155547 5.4
1607155548 5.2
1607155549 5.1
1607155550 5.0
1607155551 5.1
1607155552 5.1
1607155553 5.1
1607155554 5.1
1607155555 5.3
1607155556 5.3
1607155557 5.2
1607155558 5.5
1607155559 5.5
1607155560 5.4