1607115919 5.0
1607115920 4.7
1607115921 4.5
1607115922 4.7
1607115923 4.9
1607115924 5.2
1607115925 5.4
1607115926 5.5
1607115927 5.6
1607115928 5.7
1607115929 5.8
1607115930 5.8
1607115931 5.9
1607115932 6.0
1607115933 6.1
1607115934 6.1
1607115935 6.2
1607115936 6.2
1607115937 6.2
1607115938 5.9
1607115939 5.8
1607115940 5.7
1607115941 5.6
1607115942 5.6
1607115943 5.8
1607115944 5.9
1607115945 5.9
1607115946 6.0
1607115947 6.1
1607115948 6.1
1607115949 6.1
1607115950 6.1
1607115951 6.2
1607115952 6.2
1607115953 6.0
1607115954 5.8
1607115955 5.5
1607115956 5.5
1607115957 5.5
1607115958 5.6
1607115959 5.7
1607115960 5.8
1607115961 5.9
1607115962 6.0
1607115963 6.0
1607115964 6.1
1607115965 6.1
1607115966 6.1
1607115967 6.2
1607115968 6.2
1607115969 6.2
1607115970 6.1
1607115971 6.1
1607115972 6.1
1607115973 6.2
1607115974 6.2
1607115975 6.2
1607115976 6.1
1607115977 6.1
1607115978 6.1
1607115979 6.1
1607115980 6.1
1607115981 6.0
1607115982 6.0
1607115983 6.0
1607115984 6.0
1607115985 6.0
1607115986 6.0
1607115987 6.0
1607115988 6.0
1607115989 6.0
1607115990 6.0
1607115991 5.8
1607115992 5.6
1607115993 5.5
1607115994 5.3
1607115995 5.1
1607115996 5.3
1607115997 5.5
1607115998 5.6
1607115999 5.7
1607116000 5.8
1607116001 6.0
1607116002 5.9
1607116003 5.8
1607116004 5.6
1607116005 5.3
1607116006 5.1
1607116007 5.4
1607116008 5.6
1607116009 5.7
1607116010 5.8
1607116011 5.9
1607116012 5.9
1607116013 5.9
1607116014 6.0
1607116015 6.0
1607116016 6.0
1607116017 5.7
1607116018 5.4
1607116019 5.2
1607116020 5.0
1607116021 4.9
1607116022 5.2
1607116023 5.4
1607116024 5.5
1607116025 5.6
1607116026 5.7
1607116027 5.8
1607116028 5.9
1607116029 6.0
1607116030 6.0
1607116031 6.1
1607116032 6.1
1607116033 6.1
1607116034 6.1
1607116035 6.2
1607116036 6.2
1607116037 6.2
1607116038 6.2
1607116039 6.2
1607116040 6.2
1607116041 6.2
1607116042 6.1
1607116043 5.8
1607116044 5.6
1607116045 5.3
1607116046 5.0
1607116047 5.1
1607116048 5.3
1607116049 5.6
1607116050 5.6
1607116051 5.8
1607116052 5.8
1607116053 5.9
1607116054 5.9
1607116055 6.0
1607116056 6.1
1607116057 6.1
1607116058 5.8
1607116059 5.6
1607116060 5.3
1607116061 5.1
1607116062 4.9
1607116063 5.2
1607116064 5.5
1607116065 5.6
1607116066 5.7
1607116067 5.9
1607116068 5.9
1607116069 6.0
1607116070 6.0
1607116071 6.1
1607116072 6.1
1607116073 6.1
1607116074 6.1
1607116075 6.1
1607116076 6.1
1607116077 6.2
1607116078 6.1
1607116079 6.1
1607116080 6.1
1607116081 6.1
1607116082 6.1
1607116083 6.0
1607116084 6.0
1607116085 5.9
1607116086 6.0
1607116087 6.0
1607116088 6.0
1607116089 5.9
1607116090 5.9
1607116091 5.8
1607116092 5.9
1607116093 5.9
1607116094 5.9
1607116095 5.8
1607116096 5.8
1607116097 5.8
1607116098 5.8
1607116099 5.9
1607116100 5.8
1607116101 5.8
1607116102 5.8
1607116103 5.8
1607116104 5.8
1607116105 5.9
1607116106 5.8
1607116107 5.8
1607116108 5.8
1607116109 5.8
1607116110 5.8
1607116111 5.9
1607116112 5.8
1607116113 5.6
1607116114 5.3
1607116115 5.1
1607116116 4.9
1607116117 5.2
1607116118 5.4
1607116119 5.6
1607116120 5.7
1607116121 5.8
1607116122 5.9
1607116123 5.9
1607116124 6.0
1607116125 6.0
1607116126 6.1
1607116127 6.1
1607116128 6.2
1607116129 6.0
1607116130 5.9
1607116131 5.8
1607116132 5.5
1607116133 5.4
1607116134 5.6
1607116135 5.7
1607116136 5.8
1607116137 5.9
1607116138 5.9
1607116139 6.0
1607116140 6.0
1607116141 6.1
1607116142 6.1
1607116143 6.1
1607116144 6.1
1607116145 6.1
1607116146 5.8
1607116147 5.7
1607116148 5.5
1607116149 5.2
1607116150 5.0
1607116151 4.8
1607116152 4.6
1607116153 4.4
1607116154 4.3
1607116155 4.6
1607116156 4.7
1607116157 4.6
1607116158 4.9
1607116160 5.0