1607143745 4.8
1607143746 4.6
1607143747 4.5
1607143748 4.7
1607143749 5.0
1607143750 5.2
1607143751 5.4
1607143752 5.5
1607143753 5.6
1607143754 5.7
1607143755 5.8
1607143756 5.8
1607143757 5.9
1607143758 5.9
1607143759 6.1
1607143760 6.2
1607143761 6.2
1607143762 6.2
1607143763 6.2
1607143764 6.2
1607143765 6.2
1607143766 6.2
1607143767 6.2
1607143768 6.2
1607143769 6.0
1607143776 5.8
1607143777 5.9
1607143779 6.0
1607143781 6.1
1607143783 6.2
1607143785 6.1
1607143787 5.6
1607143789 5.2
1607143791 5.6
1607143793 5.8
1607143795 5.9
1607143797 6.0
1607143798 6.0
1607143799 6.0
1607143800 5.7
1607143802 5.2
1607143803 4.9
1607143804 4.9
1607143805 5.2
1607143806 5.4
1607143807 5.6
1607143808 5.7
1607143809 5.8
1607143810 5.9
1607143811 6.0
1607143812 6.0
1607143813 6.0
1607143814 6.1
1607143815 6.0
1607143816 6.1
1607143817 5.9
1607143818 5.6
1607143819 5.6
1607143820 5.5
1607143821 5.3
1607143822 5.5
1607143823 5.6
1607143824 5.7
1607143825 5.8
1607143826 5.9
1607143827 5.9
1607143828 6.0
1607143829 6.0
1607143830 6.1
1607143831 6.1
1607143832 6.1
1607143833 5.8
1607143834 5.8
1607143836 5.5
1607143837 5.6
1607143838 5.7
1607143839 5.4
1607143840 5.2
1607143841 5.1
1607143842 5.1
1607143843 5.2
1607143844 5.4
1607143845 5.6
1607143846 5.8
1607143847 6.0
1607143848 6.0
1607143849 6.1
1607143850 6.1
1607143851 6.1
1607143852 6.1
1607143853 6.1
1607143854 6.1
1607143855 6.1
1607143856 6.1
1607143858 6.2
1607143860 6.2
1607143862 6.1
1607143864 6.2
1607143866 5.9
1607143868 5.4
1607143875 5.8
1607143877 5.9
1607143879 5.9
1607143886 6.0
1607143893 6.0
1607143900 5.9
1607143902 5.9
1607143904 5.8
1607143911 5.5
1607143913 5.7
1607143915 5.9
1607143917 5.9
1607143918 6.0
1607143919 6.0
1607143920 6.0
1607143921 6.0
1607143922 6.0
1607143923 6.1
1607143924 6.1
1607143925 6.0
1607143926 6.1
1607143927 6.1
1607143928 6.0
1607143929 6.0
1607143930 6.0
1607143931 6.0
1607143932 5.9
1607143933 5.9
1607143934 5.9
1607143935 5.9
1607143936 5.9
1607143937 5.9
1607143938 5.9
1607143939 5.9
1607143940 5.9
1607143941 5.9
1607143942 5.8
1607143943 5.8
1607143944 5.7
1607143945 5.8
1607143946 5.9
1607143947 5.8
1607143948 5.8
1607143949 5.8
1607143950 5.8
1607143951 5.8
1607143952 5.8
1607143953 5.8
1607143954 5.8
1607143955 5.8
1607143956 5.7
1607143957 5.8
1607143958 5.8
1607143959 5.8
1607143960 5.5
1607143961 5.3
1607143962 5.0
1607143963 4.9
1607143964 5.2
1607143965 5.4
1607143966 5.5
1607143967 5.6
1607143968 5.7
1607143969 5.7
1607143970 5.8
1607143971 5.8
1607143972 5.9
1607143973 6.0
1607143974 6.0
1607143975 6.1
1607143976 6.0
1607143977 5.9
1607143978 5.7
1607143979 5.5
1607143980 5.2
1607143981 4.9
1607143982 4.8
1607143983 4.6
1607143984 4.4
1607143985 4.3
1607143987 4.5
1607143988 4.7
1607143988 4.7
1607143989 4.8
1607143992 5.2