1607070453 3.8
1607070454 3.8
1607070455 3.8
1607070456 4.1
1607070457 4.5
1607070458 4.9
1607070459 5.2
1607070460 5.5
1607070461 5.8
1607070462 6.0
1607070463 6.3
1607070464 6.4
1607070465 6.7
1607070466 6.9
1607070467 7.1
1607070468 7.3
1607070469 7.5
1607070470 7.6
1607070471 7.7
1607070472 7.8
1607070473 7.8
1607070474 7.8
1607070475 7.9
1607070476 7.9
1607070477 7.9
1607070478 7.9
1607070479 7.9
1607070480 8.0
1607070481 7.8
1607070482 7.4
1607070483 6.8
1607070484 6.4
1607070485 6.0
1607070486 6.1
1607070487 6.4
1607070488 6.7
1607070489 6.8
1607070490 7.0
1607070491 7.1
1607070492 7.2
1607070493 7.3
1607070494 7.3
1607070495 7.0
1607070496 6.7
1607070497 6.4
1607070498 6.0
1607070499 6.0
1607070500 6.3
1607070501 6.5
1607070502 6.8
1607070503 6.9
1607070504 7.1
1607070505 7.0
1607070506 6.6
1607070507 6.3
1607070508 6.0
1607070509 5.8
1607070510 5.8
1607070511 6.1
1607070512 6.4
1607070513 6.6
1607070514 6.7
1607070515 6.8
1607070516 7.0
1607070517 7.1
1607070518 7.1
1607070519 7.2
1607070520 7.2
1607070521 7.1
1607070522 7.2
1607070523 7.2
1607070524 7.2
1607070525 7.2
1607070526 7.2
1607070527 7.2
1607070528 7.1
1607070529 7.0
1607070530 7.0
1607070531 7.0
1607070532 7.0
1607070533 7.0
1607070534 7.0
1607070535 6.9
1607070536 6.9
1607070537 6.7
1607070538 6.5
1607070539 6.2
1607070540 5.9
1607070541 5.9
1607070542 6.1
1607070543 6.2
1607070544 6.4
1607070545 6.5
1607070546 6.5
1607070547 6.5
1607070548 6.6
1607070549 6.6
1607070550 6.6
1607070551 6.6
1607070552 6.6
1607070553 6.2
1607070554 5.9
1607070555 6.0
1607070556 5.9
1607070557 5.7
1607070558 6.0
1607070559 6.1
1607070560 6.2
1607070561 6.3
1607070562 6.3
1607070563 6.4
1607070564 6.5
1607070565 6.5
1607070566 6.5
1607070567 6.5
1607070568 6.5
1607070569 6.4
1607070570 6.1
1607070571 5.9
1607070572 5.7
1607070573 5.4
1607070574 5.6
1607070575 5.8
1607070576 5.6
1607070577 5.5
1607070578 5.4
1607070579 5.2
1607070580 5.0
1607070581 5.4
1607070582 5.7
1607070583 5.9
1607070584 6.1
1607070585 6.2
1607070586 6.2
1607070587 6.2
1607070588 6.3
1607070589 6.3
1607070590 6.4
1607070591 6.4
1607070592 6.4
1607070593 6.4
1607070594 6.4
1607070595 6.4
1607070596 6.4
1607070597 6.4
1607070598 6.4
1607070599 6.3
1607070600 6.2
1607070601 6.1
1607070602 6.1
1607070603 6.1
1607070604 6.1
1607070605 6.1
1607070606 6.2
1607070607 6.2
1607070608 6.1
1607070609 6.2
1607070610 6.1
1607070611 6.1
1607070612 6.1
1607070613 6.1
1607070614 6.1
1607070615 6.1
1607070616 6.1
1607070617 6.0
1607070618 6.0
1607070619 6.0
1607070620 5.9
1607070621 6.0
1607070622 6.0
1607070623 6.0
1607070624 6.0
1607070625 6.0
1607070626 6.0
1607070627 6.0
1607070628 6.1
1607070629 6.0
1607070630 5.6
1607070631 5.3
1607070632 5.1
1607070633 5.0
1607070634 5.2
1607070635 5.5
1607070636 5.7
1607070637 5.8
1607070638 5.9
1607070639 6.0
1607070640 6.1
1607070641 6.1
1607070642 6.2
1607070643 6.4
1607070644 6.4
1607070645 6.4
1607070646 6.4
1607070647 6.3
1607070648 6.3
1607070649 6.3
1607070650 6.3
1607070651 6.3
1607070652 6.3
1607070653 6.3
1607070654 6.3
1607070655 6.0
1607070656 5.9
1607070657 5.7
1607070658 5.5
1607070659 5.6
1607070660 5.8
1607070661 5.8
1607070662 5.9
1607070663 6.0
1607070664 6.0
1607070665 6.1
1607070666 6.1
1607070667 6.1
1607070668 6.1
1607070669 6.1
1607070670 5.9
1607070671 5.7
1607070672 5.4
1607070673 5.1
1607070674 5.0
1607070675 4.9
1607070676 4.8
1607070677 4.7
1607070678 4.8
1607070679 4.8
1607070680 5.1
1607070681 5.1
1607070682 5.1
1607070683 5.2
1607070685 5.3