		g3log created log at: Fri Dec 04 16:26:27 2020
		LOG format: [YYYY/MM/DD hh:mm:ss uuu* LEVEL FILE->FUNCTION:LINE] messagen
		(uuu*: microseconds fractions of the seconds value)

2020/12/04 16:26:27 346864	INFO [experimenter.cc->experiment_fentry:301]	2371054:	ParseSheet	00001100	4
2020/12/04 16:26:27 562030	INFO [experimenter.cc->experiment_fexit:326]	2371054:	ParseSheet	11110101	3	195.398
2020/12/04 16:26:27 563077	INFO [experimenter.cc->experiment_fentry:301]	2371054:	ParseSheet	00001100	4
2020/12/04 16:26:27 569631	INFO [experimenter.cc->experiment_fexit:326]	2371054:	ParseSheet	11110101	5	1.64125
2020/12/04 16:26:27 705296	INFO [experimenter.cc->experiment_fentry:301]	2371054:	UpdateStyleAndLayoutTree	11110000	1
2020/12/04 16:26:27 705856	INFO [experimenter.cc->experiment_fexit:326]	2371054:	UpdateStyleAndLayoutTree	11110101	1	0.448302
2020/12/04 16:26:27 859630	INFO [experimenter.cc->experiment_fentry:301]	2371054:	ResumeParsingAfterYield	00001100	5
2020/12/04 16:26:27 865403	INFO [experimenter.cc->experiment_fentry:301]	2371054:	ParseSheet	00001100	5
2020/12/04 16:26:27 879322	INFO [experimenter.cc->experiment_fexit:326]	2371054:	ParseSheet	11110101	5	13.8239
2020/12/04 16:26:27 880924	INFO [experimenter.cc->experiment_fentry:301]	2371054:	ParseSheet	00001100	5
2020/12/04 16:26:27 930385	INFO [experimenter.cc->experiment_fexit:326]	2371054:	ParseSheet	11110101	5	49.3673
2020/12/04 16:26:27 932704	INFO [experimenter.cc->experiment_fentry:301]	2371054:	ParseSheet	00001100	5
2020/12/04 16:26:27 996453	INFO [experimenter.cc->experiment_fexit:326]	2371054:	ParseSheet	11110101	5	63.6646
2020/12/04 16:26:27 998759	INFO [experimenter.cc->experiment_fentry:301]	2371054:	ExecuteScriptInMainWorld	11110000	0
2020/12/04 16:26:28 003920	INFO [experimenter.cc->experiment_fexit:326]	2371054:	ExecuteScriptInMainWorld	11110101	0	5.034
2020/12/04 16:26:28 006791	INFO [experimenter.cc->experiment_fentry:301]	2371054:	ExecuteScriptInMainWorld	11110000	0
2020/12/04 16:26:28 010252	INFO [experimenter.cc->experiment_fexit:326]	2371054:	ExecuteScriptInMainWorld	11110101	0	3.342
2020/12/04 16:26:28 013286	INFO [experimenter.cc->experiment_fentry:301]	2371054:	ExecuteScriptInMainWorld	11110000	0
2020/12/04 16:26:28 037013	INFO [experimenter.cc->experiment_fexit:326]	2371054:	ExecuteScriptInMainWorld	11110101	0	23.5961
2020/12/04 16:26:28 040490	INFO [experimenter.cc->experiment_fentry:301]	2371054:	ExecuteScriptInMainWorld	11110000	0
2020/12/04 16:26:28 077085	INFO [experimenter.cc->experiment_fexit:326]	2371054:	ExecuteScriptInMainWorld	11110101	0	36.4657
2020/12/04 16:26:28 114842	INFO [experimenter.cc->experiment_fexit:326]	2371054:	ResumeParsingAfterYield	11110101	5	255.128
2020/12/04 16:26:28 133223	INFO [experimenter.cc->experiment_fentry:301]	2371054:	UpdateStyleAndLayoutTree	11110000	1
2020/12/04 16:26:28 207485	INFO [experimenter.cc->experiment_fexit:326]	2371054:	UpdateStyleAndLayoutTree	11110101	1	74.1076
2020/12/04 16:26:28 207912	INFO [experimenter.cc->experiment_fentry:301]	2371054:	UpdateStyleAndLayoutTree	11110000	2
2020/12/04 16:26:28 208016	INFO [experimenter.cc->experiment_fexit:326]	2371054:	UpdateStyleAndLayoutTree	11110101	2	0.0457935
2020/12/04 16:26:28 248426	INFO [experimenter.cc->experiment_fentry:301]	2371054:	ResumeParsingAfterYield	00001100	5
2020/12/04 16:26:28 249803	INFO [experimenter.cc->experiment_fentry:301]	2371054:	ExecuteScriptInMainWorld	11110000	0
2020/12/04 16:26:28 255045	INFO [experimenter.cc->experiment_fexit:326]	2371054:	ExecuteScriptInMainWorld	11110101	0	5.10284
2020/12/04 16:26:28 257830	INFO [experimenter.cc->experiment_fentry:301]	2371054:	ExecuteScriptInMainWorld	11110000	1
2020/12/04 16:26:28 260245	INFO [experimenter.cc->experiment_fexit:326]	2371054:	ExecuteScriptInMainWorld	11110101	1	2.25551
2020/12/04 16:26:28 263330	INFO [experimenter.cc->experiment_fentry:301]	2371054:	ExecuteScriptInMainWorld	11110000	1
2020/12/04 16:26:28 269300	INFO [experimenter.cc->experiment_fexit:326]	2371054:	ExecuteScriptInMainWorld	11110101	1	5.84923
2020/12/04 16:26:28 271886	INFO [experimenter.cc->experiment_fentry:301]	2371054:	ExecuteScriptInMainWorld	11110000	1
2020/12/04 16:26:28 468175	INFO [experimenter.cc->experiment_fexit:326]	2371054:	ExecuteScriptInMainWorld	11110101	1	196.131
2020/12/04 16:26:28 475496	INFO [experimenter.cc->experiment_fentry:301]	2371054:	CallFunction	11110000	2
2020/12/04 16:26:28 485721	INFO [experimenter.cc->experiment_fexit:326]	2371054:	CallFunction	11110101	2	10.0009
2020/12/04 16:26:28 486378	INFO [experimenter.cc->experiment_fentry:301]	2371054:	CallFunction	11110000	2
2020/12/04 16:26:28 492331	INFO [experimenter.cc->experiment_fexit:326]	2371054:	CallFunction	11110101	2	5.78681
2020/12/04 16:26:28 516336	INFO [experimenter.cc->experiment_fexit:326]	2371054:	ResumeParsingAfterYield	11110101	5	267.826
2020/12/04 16:26:28 518991	INFO [experimenter.cc->experiment_fentry:301]	2371054:	UpdateStyleAndLayoutTree	11110000	3
2020/12/04 16:26:28 519171	INFO [experimenter.cc->experiment_fexit:326]	2371054:	UpdateStyleAndLayoutTree	11110101	3	0.0723343
2020/12/04 16:26:28 519559	INFO [experimenter.cc->experiment_fentry:301]	2371054:	UpdateStyleAndLayoutTree	11110000	3
2020/12/04 16:26:28 519643	INFO [experimenter.cc->experiment_fexit:326]	2371054:	UpdateStyleAndLayoutTree	11110101	3	0.0344172
2020/12/04 16:26:28 673547	INFO [experimenter.cc->experiment_fentry:301]	2371054:	UpdateStyleAndLayoutTree	11110000	0
2020/12/04 16:26:28 673778	INFO [experimenter.cc->experiment_fexit:326]	2371054:	UpdateStyleAndLayoutTree	11110101	0	0.0907116
