1607099143 3.6
1607099144 3.6
1607099145 3.5
1607099146 3.7
1607099147 4.0
1607099148 4.4
1607099149 4.8
1607099150 5.1
1607099151 5.4
1607099152 5.6
1607099153 5.9
1607099154 6.1
1607099155 6.3
1607099156 6.5
1607099157 6.7
1607099158 6.9
1607099159 7.0
1607099160 7.0
1607099161 7.1
1607099162 7.1
1607099163 7.1
1607099164 7.0
1607099165 7.1
1607099166 7.2
1607099167 7.2
1607099168 6.8
1607099169 6.5
1607099170 6.1
1607099171 5.8
1607099172 6.0
1607099173 6.3
1607099174 6.6
1607099175 6.7
1607099176 6.7
1607099177 6.8
1607099178 7.0
1607099179 7.0
1607099180 7.2
1607099181 7.3
1607099182 7.5
1607099183 7.5
1607099184 7.5
1607099185 7.6
1607099186 7.8
1607099187 7.9
1607099188 8.0
1607099189 7.9
1607099190 7.9
1607099191 7.8
1607099192 7.5
1607099193 7.4
1607099194 7.5
1607099195 7.4
1607099196 7.3
1607099197 7.4
1607099198 7.1
1607099199 6.7
1607099200 6.3
1607099201 5.9
1607099202 5.7
1607099203 5.9
1607099204 6.3
1607099205 6.6
1607099206 6.9
1607099207 7.1
1607099208 7.2
1607099209 7.3
1607099210 7.5
1607099211 7.7
1607099212 7.8
1607099213 7.9
1607099214 7.9
1607099215 8.0
1607099216 8.0
1607099217 8.0
1607099218 8.0
1607099219 7.8
1607099220 7.6
1607099221 7.4
1607099222 7.3
1607099223 7.2
1607099224 7.2
1607099225 7.1
1607099226 7.0
1607099227 6.9
1607099228 6.8
1607099229 6.7
1607099230 6.9
1607099231 6.8
1607099232 6.7
1607099233 6.7
1607099234 6.7
1607099235 6.7
1607099236 6.8
1607099237 6.8
1607099238 6.9
1607099239 6.9
1607099240 6.8
1607099241 6.8
1607099242 6.9
1607099243 6.9
1607099244 6.8
1607099245 6.8
1607099246 6.8
1607099247 6.8
1607099248 6.9
1607099249 6.9
1607099250 6.8
1607099251 6.5
1607099252 6.1
1607099253 5.8
1607099254 5.7
1607099255 5.8
1607099256 6.1
1607099257 6.3
1607099258 6.5
1607099259 6.6
1607099260 6.7
1607099261 6.8
1607099262 7.0
1607099263 7.0
1607099264 7.1
1607099265 7.1
1607099266 6.9
1607099267 6.7
1607099268 6.5
1607099269 6.3
1607099270 6.0
1607099271 6.3
1607099272 6.4
1607099273 6.5
1607099274 6.6
1607099275 6.7
1607099276 6.7
1607099277 6.8
1607099278 6.8
1607099279 6.8
1607099280 6.8
1607099281 6.8
1607099282 6.7
1607099283 6.4
1607099284 6.1
1607099285 5.8
1607099286 5.6
1607099287 5.9
1607099288 6.1
1607099289 6.2
1607099290 6.3
1607099291 6.4
1607099292 6.5
1607099293 6.6
1607099294 6.7
1607099295 6.7
1607099296 6.7
1607099297 6.8
1607099298 6.7
1607099299 6.8
1607099300 6.8
1607099301 6.5
1607099302 6.2
1607099303 5.8
1607099304 5.6
1607099305 5.5
1607099306 5.8
1607099307 6.1
1607099308 6.2
1607099309 6.3
1607099310 6.4
1607099311 6.5
1607099312 6.5
1607099313 6.5
1607099314 6.6
1607099315 6.6
1607099316 6.7
1607099317 6.7
1607099318 6.6
1607099319 6.7
1607099320 6.7
1607099321 6.7
1607099322 6.7
1607099323 6.6
1607099324 6.6
1607099325 6.6
1607099326 6.6
1607099327 6.3
1607099328 6.0
1607099329 5.7
1607099330 5.4
1607099331 5.2
1607099332 5.6
1607099333 5.7
1607099334 5.6
1607099335 5.4
1607099336 5.1
1607099337 4.9
1607099338 4.7
1607099339 5.0
1607099340 5.3
1607099341 5.6
1607099342 5.8
1607099343 6.0
1607099344 6.0
1607099345 5.9
1607099346 5.6
1607099347 5.4
1607099348 5.2
1607099349 5.0
1607099350 5.2
1607099351 5.5
1607099352 5.7
1607099353 5.9
1607099354 6.1
1607099355 6.2
1607099356 6.3
1607099357 6.4
1607099358 6.3
1607099359 6.0
1607099360 5.7
1607099361 5.4
1607099362 5.1
1607099363 4.9
1607099364 4.7
1607099365 4.5
1607099366 4.3
1607099367 4.2
1607099368 4.4
1607099369 4.6
1607099370 4.6
1607099371 4.8
1607099373 5.2
1607099376 4.8