1607130930 4.9
1607130931 4.7
1607130932 4.6
1607130933 4.9
1607130934 5.2
1607130935 5.5
1607130936 5.6
1607130937 5.7
1607130938 5.8
1607130939 5.9
1607130940 5.9
1607130941 6.0
1607130942 6.0
1607130943 6.1
1607130944 6.1
1607130945 6.2
1607130946 6.3
1607130947 6.3
1607130948 6.3
1607130949 6.4
1607130950 6.3
1607130951 6.3
1607130952 6.3
1607130953 6.4
1607130954 6.4
1607130955 6.4
1607130956 6.4
1607130957 6.3
1607130958 6.3
1607130959 6.3
1607130960 6.3
1607130961 6.2
1607130962 5.9
1607130963 5.7
1607130964 5.5
1607130965 5.2
1607130966 5.4
1607130967 5.6
1607130968 5.8
1607130969 5.9
1607130970 5.9
1607130971 6.0
1607130972 6.0
1607130973 5.9
1607130974 5.7
1607130975 5.6
1607130976 5.5
1607130977 5.2
1607130978 5.3
1607130979 5.5
1607130980 5.7
1607130981 5.8
1607130982 5.9
1607130983 6.0
1607130984 6.0
1607130985 6.1
1607130986 6.1
1607130987 6.2
1607130988 5.9
1607130989 5.7
1607130990 5.4
1607130991 5.2
1607130992 5.3
1607130993 5.5
1607130994 5.6
1607130995 5.5
1607130996 5.3
1607130997 5.3
1607130998 5.2
1607130999 5.2
1607131000 5.4
1607131001 5.6
1607131002 5.8
1607131003 5.9
1607131004 6.0
1607131005 6.1
1607131006 6.2
1607131007 6.2
1607131008 6.3
1607131009 6.2
1607131010 6.3
1607131011 6.3
1607131012 6.3
1607131013 6.3
1607131014 6.3
1607131015 6.3
1607131016 6.2
1607131017 6.2
1607131018 6.2
1607131019 6.1
1607131020 5.8
1607131021 5.6
1607131022 5.5
1607131023 5.3
1607131024 5.5
1607131025 5.7
1607131026 5.8
1607131027 5.9
1607131028 6.0
1607131029 6.0
1607131030 6.0
1607131031 6.0
1607131032 6.1
1607131033 6.1
1607131034 6.1
1607131035 6.1
1607131036 6.1
1607131037 6.1
1607131038 6.1
1607131039 6.2
1607131040 6.2
1607131041 6.2
1607131042 6.1
1607131043 6.1
1607131044 6.1
1607131045 6.0
1607131046 6.0
1607131047 5.9
1607131048 6.0
1607131049 6.0
1607131050 6.0
1607131051 6.0
1607131052 5.9
1607131053 5.9
1607131054 6.0
1607131055 5.9
1607131056 5.9
1607131057 5.9
1607131058 5.9
1607131059 5.9
1607131060 6.0
1607131061 6.0
1607131062 5.9
1607131063 5.9
1607131064 5.8
1607131065 5.8
1607131066 6.0
1607131067 5.9
1607131068 5.9
1607131069 5.8
1607131070 5.8
1607131071 5.8
1607131072 5.9
1607131073 5.9
1607131074 5.6
1607131075 5.4
1607131076 5.1
1607131077 4.9
1607131078 5.1
1607131079 5.3
1607131080 5.5
1607131081 5.6
1607131082 5.7
1607131083 5.8
1607131084 5.9
1607131085 5.9
1607131086 5.9
1607131087 6.0
1607131088 6.0
1607131089 6.0
1607131090 6.0
1607131091 5.9
1607131092 5.7
1607131093 5.4
1607131094 5.2
1607131095 5.0
1607131096 5.3
1607131097 5.5
1607131098 5.6
1607131099 5.8
1607131100 5.8
1607131101 5.9
1607131102 6.0
1607131103 6.1
1607131104 6.0
1607131105 6.1
1607131106 6.1
1607131107 6.1
1607131108 6.1
1607131109 6.1
1607131110 6.1
1607131111 6.2
1607131112 6.2
1607131113 6.1
1607131114 6.2
1607131115 6.1
1607131116 6.1
1607131117 6.1
1607131118 6.1
1607131119 6.1
1607131120 6.0
1607131121 6.0
1607131122 6.1
1607131123 6.1
1607131124 6.1
1607131125 5.9
1607131126 5.7
1607131127 5.5
1607131128 5.4
1607131129 5.2
1607131130 5.5
1607131131 5.6
1607131132 5.7
1607131133 5.8
1607131134 5.9
1607131135 5.9
1607131136 6.0
1607131137 6.0
1607131138 6.0
1607131139 6.1
1607131140 6.0
1607131141 5.9
1607131142 5.6
1607131143 5.6
1607131144 5.5
1607131145 5.4
1607131146 5.6
1607131147 5.7
1607131148 5.8
1607131149 5.8
1607131150 5.9
1607131151 6.0
1607131152 6.0
1607131153 6.0
1607131154 6.1
1607131155 5.9
1607131156 5.6
1607131157 5.3
1607131158 5.0
1607131159 4.8
1607131160 4.8
1607131161 4.9
1607131162 4.8
1607131163 4.7
1607131164 4.6
1607131165 4.8
1607131166 4.9
1607131167 4.9
1607131168 5.1
1607131170 5.1