1607074539 5.0
1607074540 4.8
1607074541 4.6
1607074542 4.6
1607074543 4.9
1607074544 5.1
1607074545 5.3
1607074546 5.4
1607074547 5.6
1607074548 5.7
1607074549 5.8
1607074550 5.9
1607074551 5.9
1607074552 5.9
1607074553 6.0
1607074554 6.1
1607074555 6.1
1607074556 6.1
1607074557 6.1
1607074558 6.2
1607074559 6.2
1607074560 6.2
1607074561 6.2
1607074562 6.2
1607074563 6.2
1607074564 6.2
1607074565 6.2
1607074566 6.2
1607074567 6.2
1607074568 6.1
1607074569 6.1
1607074570 6.1
1607074571 6.1
1607074572 6.1
1607074573 5.8
1607074574 5.8
1607074575 5.9
1607074576 5.9
1607074577 5.9
1607074578 6.0
1607074579 6.0
1607074580 6.0
1607074581 6.0
1607074582 6.0
1607074583 6.0
1607074584 6.0
1607074585 6.0
1607074586 5.7
1607074587 5.5
1607074588 5.3
1607074589 5.3
1607074590 5.5
1607074591 5.5
1607074592 5.7
1607074593 5.7
1607074594 5.8
1607074595 5.8
1607074596 5.8
1607074597 5.9
1607074598 5.9
1607074599 5.7
1607074600 5.4
1607074601 5.2
1607074602 4.9
1607074603 4.8
1607074604 5.1
1607074605 5.3
1607074606 5.4
1607074607 5.6
1607074608 5.7
1607074609 5.8
1607074610 5.9
1607074611 6.0
1607074612 6.0
1607074613 6.1
1607074614 6.1
1607074615 6.1
1607074616 6.1
1607074617 6.1
1607074618 6.0
1607074619 5.8
1607074620 5.6
1607074621 5.5
1607074622 5.2
1607074623 5.2
1607074624 5.4
1607074625 5.6
1607074626 5.7
1607074627 5.7
1607074628 5.8
1607074629 5.8
1607074630 5.8
1607074631 5.4
1607074632 5.2
1607074633 5.1
1607074634 5.0
1607074635 4.8
1607074636 5.2
1607074637 5.4
1607074638 5.5
1607074639 5.6
1607074640 5.7
1607074641 5.8
1607074642 5.8
1607074643 5.9
1607074644 5.9
1607074645 6.0
1607074646 6.0
1607074647 6.0
1607074648 5.7
1607074649 5.4
1607074650 5.2
1607074651 5.0
1607074652 5.0
1607074653 5.3
1607074654 5.5
1607074655 5.6
1607074656 5.7
1607074657 5.8
1607074658 5.8
1607074659 5.9
1607074660 5.9
1607074661 6.0
1607074662 6.0
1607074663 6.0
1607074664 6.1
1607074665 6.1
1607074666 6.1
1607074667 6.1
1607074668 6.1
1607074669 6.0
1607074670 6.0
1607074671 6.0
1607074672 6.0
1607074673 6.0
1607074674 6.1
1607074675 5.8
1607074676 5.6
1607074677 5.4
1607074678 5.1
1607074679 5.2
1607074680 5.4
1607074681 5.5
1607074682 5.6
1607074683 5.7
1607074684 5.7
1607074685 5.8
1607074686 5.9
1607074687 5.9
1607074688 5.9
1607074689 5.9
1607074690 5.9
1607074691 5.9
1607074692 5.9
1607074693 5.9
1607074694 5.9
1607074695 5.9
1607074696 5.9
1607074697 5.9
1607074698 5.9
1607074699 5.8
1607074700 5.8
1607074701 5.8
1607074702 5.8
1607074703 5.8
1607074704 5.7
1607074705 5.7
1607074706 5.6
1607074707 5.7
1607074708 5.7
1607074709 5.7
1607074710 5.7
1607074711 5.6
1607074712 5.6
1607074713 5.7
1607074714 5.7
1607074715 5.7
1607074716 5.7
1607074717 5.7
1607074718 5.7
1607074719 5.7
1607074720 5.7
1607074721 5.7
1607074722 5.6
1607074723 5.7
1607074724 5.6
1607074725 5.6
1607074726 5.7
1607074727 5.8
1607074728 5.5
1607074729 5.2
1607074730 5.0
1607074731 4.8
1607074732 5.1
1607074733 5.3
1607074734 5.4
1607074735 5.6
1607074736 5.7
1607074737 5.8
1607074738 5.9
1607074739 5.9
1607074740 5.9
1607074741 5.9
1607074742 6.0
1607074743 6.0
1607074744 6.0
1607074745 5.9
1607074746 5.7
1607074747 5.5
1607074748 5.3
1607074749 5.2
1607074750 5.4
1607074751 5.5
1607074752 5.4
1607074753 5.2
1607074754 5.0
1607074755 4.9
1607074756 4.8
1607074757 5.0
1607074758 5.3
1607074759 5.5
1607074760 5.6
1607074761 5.7
1607074762 5.8
1607074763 5.8
1607074764 5.9
1607074765 5.9
1607074766 6.0
1607074767 6.0
1607074768 5.7
1607074769 5.6
1607074770 5.5
1607074771 5.3
1607074772 5.2
1607074773 5.1
1607074774 5.0
1607074775 4.7
1607074776 4.5
1607074777 4.4
1607074778 4.7
1607074779 4.8
1607074780 4.8
1607074781 5.1
1607074783 5.1
1607074785 4.7