		g3log created log at: Sat Dec 05 01:07:08 2020
		LOG format: [YYYY/MM/DD hh:mm:ss uuu* LEVEL FILE->FUNCTION:LINE] messagen
		(uuu*: microseconds fractions of the seconds value)

2020/12/05 01:07:08 019970	INFO [experimenter.cc->experiment_fentry:301]	2406579:	ParseSheet	11110000	0
2020/12/05 01:07:08 170610	INFO [experimenter.cc->experiment_fexit:326]	2406579:	ParseSheet	11110011	0	149.863
2020/12/05 01:07:08 171726	INFO [experimenter.cc->experiment_fentry:301]	2406579:	ParseSheet	11110000	0
2020/12/05 01:07:08 175376	INFO [experimenter.cc->experiment_fexit:326]	2406579:	ParseSheet	11110011	0	3.50885
2020/12/05 01:07:08 346738	INFO [experimenter.cc->experiment_fentry:301]	2406579:	UpdateStyleAndLayoutTree	11110000	0
2020/12/05 01:07:08 347201	INFO [experimenter.cc->experiment_fexit:326]	2406579:	UpdateStyleAndLayoutTree	11110011	0	0.371593
2020/12/05 01:07:08 545212	INFO [experimenter.cc->experiment_fentry:301]	2406579:	ResumeParsingAfterYield	11110000	0
2020/12/05 01:07:08 556155	INFO [experimenter.cc->experiment_fentry:301]	2406579:	ParseSheet	11110000	0
2020/12/05 01:07:08 580873	INFO [experimenter.cc->experiment_fexit:326]	2406579:	ParseSheet	11110011	0	24.5634
2020/12/05 01:07:08 584342	INFO [experimenter.cc->experiment_fentry:301]	2406579:	ParseSheet	11110000	0
2020/12/05 01:07:08 684423	INFO [experimenter.cc->experiment_fexit:326]	2406579:	ParseSheet	11110011	2	99.9508
2020/12/05 01:07:08 689460	INFO [experimenter.cc->experiment_fentry:301]	2406579:	ParseSheet	11110000	2
2020/12/05 01:07:08 797192	INFO [experimenter.cc->experiment_fexit:326]	2406579:	ParseSheet	11110011	2	107.579
2020/12/05 01:07:08 801363	INFO [experimenter.cc->experiment_fentry:301]	2406579:	ExecuteScriptInMainWorld	00000101	5
2020/12/05 01:07:08 804886	INFO [experimenter.cc->experiment_fexit:326]	2406579:	ExecuteScriptInMainWorld	11111001	1	3.23001
2020/12/05 01:07:08 808257	INFO [experimenter.cc->experiment_fentry:301]	2406579:	ExecuteScriptInMainWorld	00000101	5
2020/12/05 01:07:08 812315	INFO [experimenter.cc->experiment_fexit:326]	2406579:	ExecuteScriptInMainWorld	11111001	2	3.78565
2020/12/05 01:07:08 815618	INFO [experimenter.cc->experiment_fentry:301]	2406579:	ExecuteScriptInMainWorld	00000101	5
2020/12/05 01:07:08 833065	INFO [experimenter.cc->experiment_fexit:326]	2406579:	ExecuteScriptInMainWorld	11111001	4	17.205
2020/12/05 01:07:08 836078	INFO [experimenter.cc->experiment_fentry:301]	2406579:	ExecuteScriptInMainWorld	00000101	5
2020/12/05 01:07:08 864998	INFO [experimenter.cc->experiment_fexit:326]	2406579:	ExecuteScriptInMainWorld	11111001	0	28.7165
2020/12/05 01:07:08 926683	INFO [experimenter.cc->experiment_fexit:326]	2406579:	ResumeParsingAfterYield	11110011	0	381.261
2020/12/05 01:07:08 960698	INFO [experimenter.cc->experiment_fentry:301]	2406579:	UpdateStyleAndLayoutTree	11110000	0
2020/12/05 01:07:09 035083	INFO [experimenter.cc->experiment_fexit:326]	2406579:	UpdateStyleAndLayoutTree	11110011	0	74.2338
2020/12/05 01:07:09 035428	INFO [experimenter.cc->experiment_fentry:301]	2406579:	UpdateStyleAndLayoutTree	11110000	0
2020/12/05 01:07:09 035516	INFO [experimenter.cc->experiment_fexit:326]	2406579:	UpdateStyleAndLayoutTree	11110011	0	0.0408335
2020/12/05 01:07:09 115111	INFO [experimenter.cc->experiment_fentry:301]	2406579:	ResumeParsingAfterYield	11110000	0
2020/12/05 01:07:09 118088	INFO [experimenter.cc->experiment_fentry:301]	2406579:	ExecuteScriptInMainWorld	00000101	5
2020/12/05 01:07:09 121919	INFO [experimenter.cc->experiment_fexit:326]	2406579:	ExecuteScriptInMainWorld	11111001	2	3.58147
2020/12/05 01:07:09 125236	INFO [experimenter.cc->experiment_fentry:301]	2406579:	ExecuteScriptInMainWorld	00000101	5
2020/12/05 01:07:09 127153	INFO [experimenter.cc->experiment_fexit:326]	2406579:	ExecuteScriptInMainWorld	11111001	3	1.65759
2020/12/05 01:07:09 130870	INFO [experimenter.cc->experiment_fentry:301]	2406579:	ExecuteScriptInMainWorld	00000101	5
2020/12/05 01:07:09 134807	INFO [experimenter.cc->experiment_fexit:326]	2406579:	ExecuteScriptInMainWorld	11111001	0	3.6226
2020/12/05 01:07:09 138057	INFO [experimenter.cc->experiment_fentry:301]	2406579:	ExecuteScriptInMainWorld	00000101	5
2020/12/05 01:07:09 271131	INFO [experimenter.cc->experiment_fexit:326]	2406579:	ExecuteScriptInMainWorld	11111001	2	132.879
2020/12/05 01:07:09 278384	INFO [experimenter.cc->experiment_fentry:301]	2406579:	CallFunction	00000101	5
2020/12/05 01:07:09 285049	INFO [experimenter.cc->experiment_fexit:326]	2406579:	CallFunction	11111001	4	6.54984
2020/12/05 01:07:09 285533	INFO [experimenter.cc->experiment_fentry:301]	2406579:	CallFunction	00000101	5
2020/12/05 01:07:09 288617	INFO [experimenter.cc->experiment_fexit:326]	2406579:	CallFunction	11111001	0	2.95641
2020/12/05 01:07:09 307949	INFO [experimenter.cc->experiment_fexit:326]	2406579:	ResumeParsingAfterYield	11110011	0	192.708
2020/12/05 01:07:09 311659	INFO [experimenter.cc->experiment_fentry:301]	2406579:	UpdateStyleAndLayoutTree	11110000	0
2020/12/05 01:07:09 311800	INFO [experimenter.cc->experiment_fexit:326]	2406579:	UpdateStyleAndLayoutTree	11110011	0	0.0498762
2020/12/05 01:07:09 312031	INFO [experimenter.cc->experiment_fentry:301]	2406579:	UpdateStyleAndLayoutTree	11110000	0
2020/12/05 01:07:09 312087	INFO [experimenter.cc->experiment_fexit:326]	2406579:	UpdateStyleAndLayoutTree	11110011	0	0.0183764
