1607145005 5.2
1607145006 5.0
1607145007 4.8
1607145008 4.8
1607145009 4.9
1607145010 5.2
1607145011 5.4
1607145012 5.5
1607145013 5.6
1607145014 5.7
1607145015 5.8
1607145016 5.9
1607145017 5.9
1607145018 5.9
1607145019 6.0
1607145020 6.1
1607145021 6.1
1607145022 6.2
1607145023 6.2
1607145024 6.2
1607145025 6.2
1607145026 6.2
1607145027 6.2
1607145028 6.1
1607145029 6.2
1607145030 6.2
1607145031 6.2
1607145032 6.2
1607145033 6.2
1607145034 6.2
1607145035 5.9
1607145036 5.7
1607145037 5.6
1607145038 5.4
1607145039 5.4
1607145040 5.6
1607145041 5.7
1607145042 5.8
1607145043 5.9
1607145044 6.0
1607145045 6.1
1607145046 6.1
1607145047 6.1
1607145048 6.1
1607145049 6.1
1607145050 6.1
1607145051 6.1
1607145052 6.1
1607145053 6.1
1607145054 6.1
1607145055 6.1
1607145056 6.1
1607145057 6.0
1607145058 6.0
1607145059 6.0
1607145060 6.0
1607145061 6.0
1607145062 6.0
1607145063 6.0
1607145064 5.8
1607145065 5.5
1607145066 5.2
1607145067 5.0
1607145068 5.0
1607145069 5.2
1607145070 5.4
1607145071 5.5
1607145072 5.6
1607145073 5.7
1607145074 5.8
1607145075 5.9
1607145076 5.6
1607145077 5.4
1607145078 5.2
1607145079 5.0
1607145080 4.9
1607145081 5.2
1607145082 5.3
1607145083 5.1
1607145084 4.9
1607145085 4.7
1607145086 4.7
1607145087 4.7
1607145088 5.1
1607145089 5.3
1607145090 5.5
1607145091 5.7
1607145092 5.8
1607145093 5.9
1607145094 6.0
1607145095 6.0
1607145096 6.1
1607145097 6.1
1607145098 6.0
1607145099 5.7
1607145100 5.5
1607145101 5.3
1607145102 5.5
1607145103 5.7
1607145104 5.7
1607145105 5.8
1607145106 6.0
1607145107 6.1
1607145108 6.2
1607145109 6.2
1607145110 6.2
1607145111 6.2
1607145112 6.2
1607145113 6.2
1607145114 6.1
1607145115 6.2
1607145116 6.1
1607145117 6.1
1607145118 6.1
1607145119 6.2
1607145120 6.2
1607145121 6.2
1607145122 6.1
1607145123 6.1
1607145124 6.1
1607145125 6.0
1607145126 6.0
1607145127 6.1
1607145128 6.1
1607145129 6.0
1607145130 5.9
1607145131 5.9
1607145132 5.7
1607145133 5.4
1607145134 5.3
1607145135 5.2
1607145136 4.9
1607145137 5.1
1607145138 5.3
1607145139 5.4
1607145140 5.5
1607145141 5.6
1607145142 5.7
1607145143 5.8
1607145144 5.9
1607145145 5.9
1607145146 6.0
1607145147 6.0
1607145148 6.0
1607145149 6.0
1607145150 6.0
1607145151 6.1
1607145152 6.0
1607145153 6.0
1607145154 6.0
1607145155 6.1
1607145156 6.1
1607145157 6.0
1607145158 6.0
1607145159 6.0
1607145160 6.0
1607145161 5.9
1607145162 6.0
1607145163 5.9
1607145164 5.9
1607145165 5.8
1607145166 5.8
1607145167 5.8
1607145168 5.8
1607145169 5.9
1607145170 5.9
1607145171 5.9
1607145172 5.9
1607145173 5.9
1607145174 5.9
1607145175 5.8
1607145176 5.8
1607145177 5.8
1607145178 5.8
1607145179 5.8
1607145180 5.8
1607145181 5.8
1607145182 5.8
1607145183 5.7
1607145184 5.7
1607145185 5.8
1607145186 5.8
1607145187 5.7
1607145188 5.5
1607145189 5.3
1607145190 5.0
1607145191 4.8
1607145192 5.1
1607145193 5.4
1607145194 5.4
1607145195 5.6
1607145196 5.6
1607145197 5.7
1607145198 5.8
1607145199 5.8
1607145200 5.8
1607145201 5.9
1607145202 5.8
1607145203 5.6
1607145204 5.3
1607145205 5.1
1607145206 5.0
1607145207 5.3
1607145208 5.5
1607145209 5.6
1607145210 5.6
1607145211 5.7
1607145212 5.8
1607145213 5.9
1607145214 5.9
1607145215 6.0
1607145216 6.0
1607145217 6.0
1607145218 6.0
1607145219 5.7
1607145220 5.6
1607145221 5.6
1607145222 5.5
1607145223 5.3
1607145224 5.5
1607145225 5.6
1607145226 5.7
1607145227 5.8
1607145228 5.9
1607145229 5.9
1607145230 5.9
1607145231 5.9
1607145232 6.0
1607145233 6.1
1607145234 6.1
1607145235 6.1
1607145236 6.1
1607145237 6.1
1607145238 6.1
1607145239 6.1
1607145240 5.7
1607145241 5.5
1607145242 5.5
1607145243 5.4
1607145244 5.3
1607145245 5.1
1607145246 5.0
1607145247 4.8
1607145248 4.6
1607145249 4.6
1607145250 4.8
1607145251 4.8
1607145252 4.7
1607145253 5.1
1607145255 5.2
1607145262 5.2