PROCESS_START initial 2361729
PERF_DUMP 2361729 1607069891833.747559
0	0
1	0
2	0
3	0
4	0
5	0
6	0
PERF_DUMP 2361729 1607069891941.593994
0	0
1	0
2	0
3	0
4	0
5	0
6	0
PERF_DUMP 2361729 1607069892041.833984
0	0
1	0
2	0
3	0
4	0
5	0
6	0
[2361729:2361729:1204/081812.083772:INFO:content_main_runner_impl.cc(961)] Chrome is running in full browser mode.
PERF_DUMP 2361729 1607069892142.061279
0	0
1	0
2	0
3	0
4	0
5	0
6	0
PERF_DUMP 2361729 1607069892242.293213
0	0
1	0
2	0
3	0
4	0
5	0
6	0
PERF_DUMP 2361729 1607069892342.536377
0	0
1	0
2	0
3	0
4	0
5	0
6	0
[2361729:2361729:1204/081812.404031:ERROR:edid_parser.cc(102)] Too short EDID data: manufacturer id
PERF_DUMP 2361729 1607069892442.764893
0	0
1	0
2	0
3	0
4	0
5	0
6	0
PERF_DUMP 2361729 1607069892549.612549
0	0
1	0
2	0
3	0
4	0
5	0
6	0
PERF_DUMP 2361729 1607069892651.413818
0	0
1	0
2	0
3	0
4	0
5	0
6	0
PERF_DUMP 2361729 1607069892751.712402
0	0
1	0
2	0
3	0
4	0
5	0
6	0
PERF_DUMP 2361729 1607069892851.949951
0	0
1	0
2	0
3	0
4	0
5	0
6	0
PERF_DUMP 2361729 1607069892952.171631
0	0
1	0
2	0
3	0
4	0
5	0
6	0
PERF_DUMP 2361729 1607069893052.420166
0	0
1	0
2	0
3	0
4	0
5	0
6	0
PERF_DUMP 2361729 1607069893161.591309
0	0
1	0
2	0
3	0
4	0
5	0
6	0
PERF_DUMP 2361729 1607069893261.817139
0	0
1	0
2	0
3	0
4	0
5	0
6	0
PERF_DUMP 2361729 1607069893362.055176
0	0
1	0
2	0
3	0
4	0
5	0
6	0
PERF_DUMP 2361729 1607069893469.600342
0	0
1	0
2	0
3	0
4	0
5	0
6	0
PERF_DUMP 2361729 1607069893569.840576
0	0
1	0
2	0
3	0
4	0
5	0
6	0
PERF_DUMP 2361729 1607069893677.582764
0	0
1	0
2	0
3	0
4	0
5	0
6	0
PERF_DUMP 2361729 1607069893777.821777
0	0
1	0
2	0
3	0
4	0
5	0
6	0
PERF_DUMP 2361729 1607069893885.433594
0	0
1	0
2	0
3	0
4	0
5	0
6	0
PERF_DUMP 2361729 1607069893989.590820
0	0
1	0
2	0
3	0
4	0
5	0
6	0
PERF_DUMP 2361729 1607069894101.585938
0	0
1	0
2	0
3	0
4	0
5	0
6	0
PERF_DUMP 2361729 1607069894201.826416
0	0
1	0
2	0
3	0
4	0
5	0
6	0
PERF_DUMP 2361729 1607069894313.593506
0	0
1	0
2	0
3	0
4	0
5	0
6	0
PERF_DUMP 2361729 1607069894413.820557
0	0
1	0
2	0
3	0
4	0
5	0
6	0
PERF_DUMP 2361729 1607069894517.594971
0	0
1	0
2	0
3	0
4	0
5	0
6	0
PERF_DUMP 2361729 1607069894621.607422
0	0
1	0
2	0
3	0
4	0
5	0
6	0
PERF_DUMP 2361729 1607069894722.037354
0	0
1	0
2	0
3	0
4	0
5	0
6	0
PERF_DUMP 2361729 1607069894833.595703
0	0
1	0
2	0
3	0
4	0
5	0
6	0
PERF_DUMP 2361729 1607069894933.821533
0	0
1	0
2	0
3	0
4	0
5	0
6	0
PERF_DUMP 2361729 1607069895034.056641
0	0
1	0
2	0
3	0
4	0
5	0
6	0
PERF_DUMP 2361729 1607069895141.590332
0	0
1	0
2	0
3	0
4	0
5	0
6	0
PERF_DUMP 2361729 1607069895241.826172
0	0
1	0
2	0
3	0
4	0
5	0
6	0
PERF_DUMP 2361729 1607069895345.597656
0	0
1	0
2	0
3	0
4	0
5	0
6	0
PERF_DUMP 2361729 1607069895449.599609
0	0
1	0
2	0
3	0
4	0
5	0
6	0
PERF_DUMP 2361729 1607069895549.833740
0	0
1	0
2	0
3	0
4	0
5	0
6	0
PERF_DUMP 2361729 1607069895657.591797
0	0
1	0
2	0
3	0
4	0
5	0
6	0
PERF_DUMP 2361729 1607069895761.592041
0	0
1	0
2	0
3	0
4	0
5	0
6	0
PERF_DUMP 2361729 1607069895869.602783
0	0
1	0
2	0
3	0
4	0
5	0
6	0
PERF_DUMP 2361729 1607069895973.595459
0	0
1	0
2	0
3	0
4	0
5	0
6	0
PERF_DUMP 2361729 1607069896077.615479
0	0
1	0
2	0
3	0
4	0
5	0
6	0
PERF_DUMP 2361729 1607069896177.844238
0	0
1	0
2	0
3	0
4	0
5	0
6	0
PERF_DUMP 2361729 1607069896278.074707
0	0
1	0
2	0
3	0
4	0
5	0
6	0
PERF_DUMP 2361729 1607069896378.319580
0	0
1	0
2	0
3	0
4	0
5	0
6	0
PERF_DUMP 2361729 1607069896478.580566
0	0
1	0
2	0
3	0
4	0
5	0
6	0
PERF_DUMP 2361729 1607069896578.824707
0	0
1	0
2	0
3	0
4	0
5	0
6	0
PERF_DUMP 2361729 1607069896679.070068
0	0
1	0
2	0
3	0
4	0
5	0
6	0
PERF_DUMP 2361729 1607069896781.593018
0	0
1	0
2	0
3	0
4	0
5	0
6	0
[2361777:2361777:1204/081816.845917:ERROR:gl_surface_egl.cc(642)] No suitable EGL configs found.
[2361777:2361777:1204/081816.846690:ERROR:gl_surface_egl.cc(690)] EGL Driver message (Error) eglGetConfigAttrib: Bad config.
[2361777:2361777:1204/081816.846828:ERROR:gl_context_egl.cc(84)] eglGetConfigAttrib failed with error EGL_BAD_CONFIG
[2361777:2361777:1204/081816.847789:ERROR:gl_surface_egl.cc(642)] No suitable EGL configs found.
[2361777:2361777:1204/081816.848020:ERROR:gl_surface_egl.cc(690)] EGL Driver message (Error) eglCreatePbufferSurface: Bad config.
[2361777:2361777:1204/081816.848138:ERROR:gl_surface_egl.cc(1963)] eglCreatePbufferSurface failed with error EGL_BAD_CONFIG
[2361777:2361777:1204/081816.848352:ERROR:gpu_info_collector.cc(61)] gl::GLContext::CreateOffscreenGLSurface failed
[2361777:2361777:1204/081816.848477:ERROR:gpu_info_collector.cc(200)] Could not create surface for info collection.
[2361777:2361777:1204/081816.848580:ERROR:gpu_init.cc(66)] gpu::CollectGraphicsInfo failed.
PERF_DUMP 2361729 1607069896885.227295
0	0
1	0
2	0
3	0
4	0
5	0
6	0
[2361777:2361777:1204/081816.971545:ERROR:viz_main_impl.cc(158)] Exiting GPU process due to errors during initialization
PERF_DUMP 2361729 1607069896985.479736
0	0
1	0
2	0
3	0
4	0
5	0
6	0
PERF_DUMP 2361729 1607069897085.754395
0	0
1	0
2	0
3	0
4	0
5	0
6	0
PERF_DUMP 2361729 1607069897186.054688
0	0
1	0
2	0
3	0
4	0
5	0
6	0
PERF_DUMP 2361729 1607069897286.301025
0	0
1	0
2	0
3	0
4	0
5	0
6	0
[2361729:2361774:1204/081817.329827:ERROR:process_posix.cc(333)] Unable to terminate process 2361781: No such process (3)
[2361729:2361774:1204/081817.330311:WARNING:internal_linux.cc(64)] Failed to read /proc/2361781/stat
[2361729:2361836:1204/081817.356460:WARNING:internal_linux.cc(64)] Failed to read /proc/2361827/stat
PERF_DUMP 2361729 1607069897386.561035
0	0
1	0
2	0
3	0
4	0
5	0
6	0
PERF_DUMP 2361729 1607069897585.103760
0	0
1	0
2	0
3	0
4	0
5	0
6	0
[2361729:2361729:1204/081817.625829:WARNING:pref_notifier_impl.cc(40)] Pref observer for browser.relaunch_notification_period found at shutdown.
g3log g3FileSink shutdown at: 08:18:17 662479
Log file at: [./logs/exp-261cb8fc/data.g3log.20201204-081811.log]
