1607100045 5.3
1607100046 5.1
1607100047 4.9
1607100048 4.9
1607100049 5.1
1607100050 5.2
1607100051 5.4
1607100052 5.5
1607100053 5.6
1607100054 5.7
1607100055 5.7
1607100056 5.8
1607100057 5.8
1607100058 5.9
1607100059 5.9
1607100060 6.0
1607100061 6.0
1607100062 6.2
1607100063 6.2
1607100064 6.3
1607100065 6.2
1607100066 6.2
1607100067 6.3
1607100068 6.3
1607100069 6.3
1607100070 6.3
1607100071 6.2
1607100072 6.1
1607100073 6.2
1607100074 6.0
1607100075 5.9
1607100076 5.7
1607100077 5.4
1607100078 5.1
1607100079 5.4
1607100080 5.5
1607100081 5.7
1607100082 5.7
1607100083 5.9
1607100084 5.9
1607100085 6.0
1607100086 6.1
1607100087 6.1
1607100088 5.9
1607100089 5.6
1607100090 5.3
1607100091 5.1
1607100092 4.9
1607100093 5.1
1607100094 5.4
1607100095 5.5
1607100096 5.7
1607100097 5.8
1607100098 5.9
1607100099 6.0
1607100100 6.1
1607100101 6.1
1607100102 6.2
1607100103 6.2
1607100104 6.2
1607100105 6.2
1607100106 6.2
1607100107 6.2
1607100108 6.2
1607100109 6.2
1607100110 6.2
1607100111 6.2
1607100112 6.1
1607100113 6.1
1607100114 6.1
1607100115 5.8
1607100116 5.5
1607100117 5.2
1607100118 5.0
1607100119 5.2
1607100120 5.4
1607100121 5.5
1607100122 5.7
1607100123 5.8
1607100124 5.9
1607100125 6.0
1607100126 6.1
1607100127 6.2
1607100128 6.2
1607100129 6.2
1607100130 6.2
1607100131 6.2
1607100132 6.2
1607100133 6.2
1607100134 6.2
1607100135 6.1
1607100136 6.1
1607100137 6.1
1607100138 6.1
1607100139 6.1
1607100140 6.0
1607100141 6.0
1607100142 6.0
1607100143 5.9
1607100144 5.9
1607100145 5.8
1607100146 5.8
1607100147 5.9
1607100148 5.9
1607100149 5.8
1607100150 5.8
1607100151 5.8
1607100152 5.8
1607100153 5.9
1607100154 5.9
1607100155 5.8
1607100156 5.8
1607100157 5.7
1607100158 5.7
1607100159 5.8
1607100160 5.8
1607100161 5.8
1607100162 5.7
1607100163 5.7
1607100164 5.7
1607100165 5.8
1607100166 5.9
1607100167 5.7
1607100168 5.4
1607100169 5.1
1607100170 5.0
1607100171 5.2
1607100172 5.4
1607100173 5.5
1607100174 5.6
1607100175 5.7
1607100176 5.8
1607100177 5.8
1607100178 5.8
1607100179 5.7
1607100180 5.4
1607100181 5.2
1607100182 5.0
1607100183 4.8
1607100184 5.1
1607100185 5.3
1607100186 5.5
1607100187 5.7
1607100188 5.8
1607100189 6.0
1607100190 6.0
1607100191 6.1
1607100192 6.1
1607100193 6.2
1607100194 6.0
1607100195 5.7
1607100196 5.6
1607100197 5.5
1607100198 5.5
1607100199 5.6
1607100200 5.7
1607100201 5.8
1607100202 5.9
1607100203 6.0
1607100204 6.0
1607100205 6.1
1607100206 6.1
1607100207 6.1
1607100208 6.1
1607100209 6.1
1607100210 6.0
1607100211 5.8
1607100212 5.6
1607100213 5.5
1607100214 5.3
1607100215 5.4
1607100216 5.6
1607100217 5.6
1607100218 5.5
1607100219 5.2
1607100220 5.0
1607100221 4.9
1607100222 5.1
1607100223 5.4
1607100224 5.5
1607100225 5.7
1607100226 5.8
1607100227 5.9
1607100228 6.0
1607100229 6.0
1607100230 6.1
1607100231 6.1
1607100232 6.1
1607100233 6.0
1607100234 5.7
1607100235 5.5
1607100236 5.5
1607100237 5.2
1607100238 5.3
1607100239 5.5
1607100240 5.7
1607100241 5.8
1607100242 5.8
1607100243 5.9
1607100244 6.0
1607100245 6.1
1607100246 6.1
1607100247 6.2
1607100248 6.2
1607100249 6.2
1607100250 6.3
1607100251 6.3
1607100252 6.4
1607100253 6.3
1607100254 6.0
1607100255 5.8
1607100256 5.9
1607100257 6.0
1607100258 6.0
1607100259 6.1
1607100260 6.1
1607100261 6.1
1607100262 6.1
1607100263 6.1
1607100264 6.2
1607100265 6.2
1607100266 6.2
1607100267 6.2
1607100268 6.2
1607100269 6.2
1607100270 6.1
1607100271 6.0
1607100272 5.7
1607100273 5.4
1607100274 5.2
1607100275 4.9
1607100276 4.7
1607100277 4.5
1607100278 4.4
1607100279 4.3
1607100280 4.1
1607100281 4.3
1607100282 4.5
1607100283 4.5
1607100284 4.7
1607100286 5.0