		g3log created log at: Sat Dec 05 04:53:26 2020
		LOG format: [YYYY/MM/DD hh:mm:ss uuu* LEVEL FILE->FUNCTION:LINE] messagen
		(uuu*: microseconds fractions of the seconds value)

2020/12/05 04:53:26 277963	INFO [experimenter.cc->experiment_fentry:301]	2424060:	UpdateStyleAndLayoutTree	00001010	4
2020/12/05 04:53:26 282482	INFO [experimenter.cc->experiment_fentry:301]	2424060:	ParseSheet	00001010	4
2020/12/05 04:53:26 623978	INFO [experimenter.cc->experiment_fexit:326]	2424060:	ParseSheet	11111010	4	321.161
2020/12/05 04:53:26 624643	INFO [experimenter.cc->experiment_fentry:301]	2424060:	ParseSheet	00001010	4
2020/12/05 04:53:26 626614	INFO [experimenter.cc->experiment_fexit:326]	2424060:	ParseSheet	11111010	4	1.87225
2020/12/05 04:53:26 839781	INFO [experimenter.cc->experiment_fexit:326]	2424060:	UpdateStyleAndLayoutTree	11111010	0	561.46
2020/12/05 04:53:26 845643	INFO [experimenter.cc->experiment_fentry:301]	2424060:	UpdateStyleAndLayoutTree	00001010	4
2020/12/05 04:53:26 845777	INFO [experimenter.cc->experiment_fexit:326]	2424060:	UpdateStyleAndLayoutTree	11111010	4	0.0463753
2020/12/05 04:53:27 493653	INFO [experimenter.cc->experiment_fentry:301]	2424060:	ResumeParsingAfterYield	00001010	4
2020/12/05 04:53:27 727237	INFO [experimenter.cc->experiment_fexit:326]	2424060:	ResumeParsingAfterYield	11111010	4	233.444
2020/12/05 04:53:27 773303	INFO [experimenter.cc->experiment_fentry:301]	2424060:	ExecuteScriptInMainWorld	11110000	0
2020/12/05 04:53:27 776869	INFO [experimenter.cc->experiment_fexit:326]	2424060:	ExecuteScriptInMainWorld	11110110	0	3.38895
2020/12/05 04:53:27 779535	INFO [experimenter.cc->experiment_fentry:301]	2424060:	ExecuteScriptInMainWorld	11110000	0
2020/12/05 04:53:27 781095	INFO [experimenter.cc->experiment_fexit:326]	2424060:	ExecuteScriptInMainWorld	11110110	0	1.39653
2020/12/05 04:53:27 809754	INFO [experimenter.cc->experiment_fentry:301]	2424060:	UpdateStyleAndLayoutTree	00001010	4
2020/12/05 04:53:27 816975	INFO [experimenter.cc->experiment_fexit:326]	2424060:	UpdateStyleAndLayoutTree	11111010	4	7.07715
2020/12/05 04:53:27 826035	INFO [experimenter.cc->experiment_fentry:301]	2424060:	UpdateStyleAndLayoutTree	00001010	4
2020/12/05 04:53:27 826196	INFO [experimenter.cc->experiment_fexit:326]	2424060:	UpdateStyleAndLayoutTree	11111010	4	0.0551252
2020/12/05 04:53:28 123960	INFO [experimenter.cc->experiment_fentry:301]	2424060:	ParseSheet	00001010	4
2020/12/05 04:53:28 158392	INFO [experimenter.cc->experiment_fexit:326]	2424060:	ParseSheet	11111010	4	32.0817
2020/12/05 04:53:28 442519	INFO [experimenter.cc->experiment_fentry:301]	2424060:	ParseSheet	00001010	4
2020/12/05 04:53:28 448296	INFO [experimenter.cc->experiment_fexit:326]	2424060:	ParseSheet	11111010	4	5.64358
2020/12/05 04:53:28 469761	INFO [experimenter.cc->experiment_fentry:301]	2424060:	ParseSheet	00001010	4
2020/12/05 04:53:28 552530	INFO [experimenter.cc->experiment_fexit:326]	2424060:	ParseSheet	11111010	4	82.6216
2020/12/05 04:53:28 572977	INFO [experimenter.cc->experiment_fentry:301]	2424060:	ParseSheet	00001010	4
2020/12/05 04:53:28 607308	INFO [experimenter.cc->experiment_fexit:326]	2424060:	ParseSheet	11111010	4	34.1535
2020/12/05 04:53:28 610728	INFO [experimenter.cc->experiment_fentry:301]	2424060:	UpdateStyleAndLayoutTree	00001010	4
2020/12/05 04:53:28 763004	INFO [experimenter.cc->experiment_fexit:326]	2424060:	UpdateStyleAndLayoutTree	11111010	4	132.155
2020/12/05 04:53:28 801655	INFO [experimenter.cc->experiment_fentry:301]	2424060:	ParseSheet	00001010	4
2020/12/05 04:53:28 802143	INFO [experimenter.cc->experiment_fexit:326]	2424060:	ParseSheet	11111010	4	0.381509
2020/12/05 04:53:28 825656	INFO [experimenter.cc->experiment_fentry:301]	2424060:	ParseSheet	00001010	4
2020/12/05 04:53:28 844287	INFO [experimenter.cc->experiment_fexit:326]	2424060:	ParseSheet	11111010	4	18.4819
2020/12/05 04:53:28 978225	INFO [experimenter.cc->experiment_fentry:301]	2424060:	ParseSheet	00001010	4
2020/12/05 04:53:28 978394	INFO [experimenter.cc->experiment_fexit:326]	2424060:	ParseSheet	11111010	4	0.0732098
