1607110233 4.9
1607110234 4.8
1607110235 4.6
1607110236 4.9
1607110237 5.2
1607110238 5.4
1607110239 5.6
1607110240 5.7
1607110241 5.7
1607110242 5.8
1607110243 5.9
1607110244 5.9
1607110245 5.9
1607110246 6.0
1607110247 6.1
1607110248 6.2
1607110250 6.2
1607110251 6.3
1607110252 6.3
1607110253 6.3
1607110254 6.3
1607110255 6.3
1607110256 6.3
1607110257 6.3
1607110258 6.3
1607110259 6.3
1607110260 6.3
1607110261 6.3
1607110262 6.0
1607110263 5.7
1607110264 5.5
1607110265 5.3
1607110266 5.2
1607110267 5.5
1607110268 5.7
1607110269 5.9
1607110270 6.0
1607110271 6.1
1607110272 6.1
1607110273 6.2
1607110274 6.2
1607110275 6.2
1607110276 6.3
1607110277 6.3
1607110278 6.3
1607110279 6.2
1607110280 6.2
1607110281 6.2
1607110282 6.2
1607110283 6.2
1607110284 6.2
1607110285 6.2
1607110286 6.1
1607110287 6.2
1607110288 6.1
1607110289 5.9
1607110290 5.7
1607110291 5.5
1607110292 5.4
1607110293 5.2
1607110294 5.4
1607110295 5.6
1607110296 5.7
1607110297 5.8
1607110298 5.9
1607110299 6.0
1607110300 6.0
1607110301 6.1
1607110302 6.1
1607110303 6.1
1607110304 6.0
1607110305 5.7
1607110306 5.6
1607110307 5.5
1607110308 5.4
1607110309 5.6
1607110310 5.7
1607110311 5.8
1607110312 5.9
1607110313 5.9
1607110314 6.0
1607110315 6.1
1607110316 6.1
1607110317 6.1
1607110318 6.1
1607110319 6.2
1607110320 6.2
1607110321 6.2
1607110322 6.1
1607110323 6.1
1607110324 6.1
1607110325 6.1
1607110326 6.1
1607110327 6.1
1607110328 6.0
1607110329 5.9
1607110330 5.9
1607110331 5.9
1607110332 6.0
1607110333 6.0
1607110334 6.0
1607110335 5.9
1607110336 5.9
1607110337 5.9
1607110338 5.9
1607110339 5.9
1607110340 5.9
1607110341 5.8
1607110342 5.8
1607110343 5.8
1607110344 5.9
1607110345 5.9
1607110346 5.8
1607110347 5.8
1607110348 5.8
1607110349 5.7
1607110350 5.8
1607110351 5.8
1607110352 5.8
1607110353 5.7
1607110354 5.7
1607110355 5.7
1607110356 5.8
1607110357 5.7
1607110358 5.6
1607110359 5.4
1607110360 5.2
1607110361 5.1
1607110362 5.3
1607110363 5.5
1607110364 5.6
1607110365 5.7
1607110366 5.7
1607110367 5.8
1607110368 5.8
1607110369 5.9
1607110370 5.9
1607110371 6.0
1607110372 5.9
1607110373 6.0
1607110374 6.0
1607110375 5.7
1607110376 5.4
1607110377 5.3
1607110378 5.2
1607110379 5.4
1607110380 5.6
1607110381 5.7
1607110382 5.8
1607110383 5.8
1607110384 5.9
1607110385 6.0
1607110386 6.0
1607110387 6.0
1607110388 5.8
1607110389 5.5
1607110390 5.3
1607110391 5.0
1607110392 4.9
1607110393 5.2
1607110394 5.3
1607110395 5.1
1607110396 5.1
1607110397 5.1
1607110398 5.1
1607110399 5.1
1607110400 5.4
1607110401 5.6
1607110402 5.7
1607110403 5.8
1607110404 5.9
1607110405 6.0
1607110406 6.0
1607110407 6.1
1607110408 6.1
1607110409 6.2
1607110410 6.2
1607110411 6.2
1607110412 6.2
1607110413 6.2
1607110414 6.2
1607110415 5.9
1607110416 5.6
1607110417 5.3
1607110418 5.1
1607110419 5.0
1607110420 5.3
1607110421 5.5
1607110422 5.7
1607110423 5.8
1607110424 5.9
1607110425 5.9
1607110426 6.1
1607110427 6.1
1607110428 6.1
1607110429 6.1
1607110430 6.1
1607110431 5.9
1607110432 5.6
1607110433 5.5
1607110434 5.4
1607110435 5.3
1607110436 5.5
1607110437 5.6
1607110438 5.7
1607110439 5.8
1607110440 5.9
1607110441 6.0
1607110442 6.0
1607110443 5.8
1607110444 5.5
1607110445 5.3
1607110446 5.1
1607110447 4.9
1607110448 5.2
1607110449 5.5
1607110450 5.7
1607110451 5.8
1607110452 5.9
1607110453 6.0
1607110454 6.1
1607110455 6.1
1607110456 6.1
1607110457 6.2
1607110458 6.3
1607110459 6.3
1607110460 6.3
1607110461 6.3
1607110462 6.3
1607110463 6.3
1607110464 6.2
1607110465 5.9
1607110466 5.6
1607110467 5.4
1607110468 5.1
1607110469 4.9
1607110470 4.7
1607110471 5.0
1607110472 5.0
1607110473 4.8
1607110474 5.1
1607110475 5.2
1607110476 5.2
1607110483 5.3