		g3log created log at: Sat Dec 05 05:59:58 2020
		LOG format: [YYYY/MM/DD hh:mm:ss uuu* LEVEL FILE->FUNCTION:LINE] messagen
		(uuu*: microseconds fractions of the seconds value)

2020/12/05 05:59:58 977322	INFO [experimenter.cc->experiment_fentry:301]	2429319:	UpdateStyleAndLayoutTree	00000101	5
2020/12/05 05:59:58 991787	INFO [experimenter.cc->experiment_fentry:301]	2429319:	ParseSheet	00000101	5
2020/12/05 05:59:59 264388	INFO [experimenter.cc->experiment_fexit:326]	2429319:	ParseSheet	11110011	0	262.191
2020/12/05 05:59:59 273644	INFO [experimenter.cc->experiment_fentry:301]	2429319:	ParseSheet	00000101	5
2020/12/05 05:59:59 276230	INFO [experimenter.cc->experiment_fexit:326]	2429319:	ParseSheet	11110011	1	2.2803
2020/12/05 05:59:59 376430	INFO [experimenter.cc->experiment_fexit:326]	2429319:	UpdateStyleAndLayoutTree	11110011	1	388.762
2020/12/05 05:59:59 379354	INFO [experimenter.cc->experiment_fentry:301]	2429319:	UpdateStyleAndLayoutTree	00000101	5
2020/12/05 05:59:59 379672	INFO [experimenter.cc->experiment_fexit:326]	2429319:	UpdateStyleAndLayoutTree	11110011	2	0.0490007
2020/12/05 06:00:00 013649	INFO [experimenter.cc->experiment_fentry:301]	2429319:	ResumeParsingAfterYield	00000101	5
2020/12/05 06:00:00 261251	INFO [experimenter.cc->experiment_fexit:326]	2429319:	ResumeParsingAfterYield	11110011	3	247.243
2020/12/05 06:00:00 305181	INFO [experimenter.cc->experiment_fentry:301]	2429319:	ExecuteScriptInMainWorld	00000101	5
2020/12/05 06:00:00 307703	INFO [experimenter.cc->experiment_fexit:326]	2429319:	ExecuteScriptInMainWorld	11110011	0	2.18755
2020/12/05 06:00:00 320882	INFO [experimenter.cc->experiment_fentry:301]	2429319:	ExecuteScriptInMainWorld	00000101	5
2020/12/05 06:00:00 322102	INFO [experimenter.cc->experiment_fexit:326]	2429319:	ExecuteScriptInMainWorld	11110011	1	0.914103
2020/12/05 06:00:00 343268	INFO [experimenter.cc->experiment_fentry:301]	2429319:	UpdateStyleAndLayoutTree	00000101	5
2020/12/05 06:00:00 350516	INFO [experimenter.cc->experiment_fexit:326]	2429319:	UpdateStyleAndLayoutTree	11110011	2	6.91907
2020/12/05 06:00:00 352561	INFO [experimenter.cc->experiment_fentry:301]	2429319:	UpdateStyleAndLayoutTree	00000101	5
2020/12/05 06:00:00 354593	INFO [experimenter.cc->experiment_fexit:326]	2429319:	UpdateStyleAndLayoutTree	11110011	3	0.057168
2020/12/05 06:00:00 483528	INFO [experimenter.cc->experiment_fentry:301]	2429319:	ParseSheet	00000101	5
2020/12/05 06:00:00 509324	INFO [experimenter.cc->experiment_fexit:326]	2429319:	ParseSheet	11110011	0	25.4581
2020/12/05 06:00:00 617438	INFO [experimenter.cc->experiment_fentry:301]	2429319:	ParseSheet	00000101	5
2020/12/05 06:00:00 621045	INFO [experimenter.cc->experiment_fexit:326]	2429319:	ParseSheet	11110011	1	3.25361
2020/12/05 06:00:00 642061	INFO [experimenter.cc->experiment_fentry:301]	2429319:	ParseSheet	00000101	5
2020/12/05 06:00:00 784013	INFO [experimenter.cc->experiment_fexit:326]	2429319:	ParseSheet	11110011	2	141.599
2020/12/05 06:00:00 805832	INFO [experimenter.cc->experiment_fentry:301]	2429319:	ParseSheet	00000101	5
2020/12/05 06:00:00 839629	INFO [experimenter.cc->experiment_fexit:326]	2429319:	ParseSheet	11110011	3	33.4908
2020/12/05 06:00:00 864994	INFO [experimenter.cc->experiment_fentry:301]	2429319:	ParseSheet	00000101	5
2020/12/05 06:00:00 910968	INFO [experimenter.cc->experiment_fexit:326]	2429319:	ParseSheet	11110011	0	45.1697
2020/12/05 06:00:00 930326	INFO [experimenter.cc->experiment_fentry:301]	2429319:	ParseSheet	00000101	5
2020/12/05 06:00:00 930964	INFO [experimenter.cc->experiment_fexit:326]	2429319:	ParseSheet	11110011	1	0.374509
2020/12/05 06:00:01 021662	INFO [experimenter.cc->experiment_fentry:301]	2429319:	ParseSheet	00000101	5
2020/12/05 06:00:01 151261	INFO [experimenter.cc->experiment_fexit:326]	2429319:	ParseSheet	11110011	2	129.248
2020/12/05 06:00:01 177782	INFO [experimenter.cc->experiment_fentry:301]	2429319:	UpdateStyleAndLayoutTree	00000101	5
2020/12/05 06:00:01 344964	INFO [experimenter.cc->experiment_fexit:326]	2429319:	UpdateStyleAndLayoutTree	11110011	3	166.824
2020/12/05 06:00:01 353725	INFO [experimenter.cc->experiment_fentry:301]	2429319:	UpdateStyleAndLayoutTree	00000101	5
2020/12/05 06:00:01 354141	INFO [experimenter.cc->experiment_fexit:326]	2429319:	UpdateStyleAndLayoutTree	11110011	0	0.060668
2020/12/05 06:00:01 393653	INFO [experimenter.cc->experiment_fentry:301]	2429319:	ExecuteScriptInMainWorld	00000101	5
2020/12/05 06:00:01 395915	INFO [experimenter.cc->experiment_fexit:326]	2429319:	ExecuteScriptInMainWorld	11110011	1	1.91804
