1607147986 4.7
1607147987 4.6
1607147988 4.4
1607147989 4.6
1607147990 4.9
1607147991 5.2
1607147992 5.3
1607147993 5.4
1607147994 5.6
1607147995 5.7
1607147996 5.7
1607147997 5.8
1607147998 5.8
1607147999 5.9
1607148000 6.0
1607148001 6.0
1607148002 6.1
1607148003 6.1
1607148004 6.2
1607148005 6.2
1607148006 6.3
1607148007 6.3
1607148008 6.3
1607148009 6.2
1607148010 6.2
1607148011 6.3
1607148012 6.4
1607148013 6.3
1607148014 6.3
1607148015 6.2
1607148016 5.9
1607148017 5.7
1607148018 5.4
1607148019 5.2
1607148020 5.2
1607148021 5.4
1607148022 5.5
1607148023 5.3
1607148024 5.1
1607148025 5.0
1607148026 4.9
1607148027 4.9
1607148028 5.2
1607148029 5.4
1607148030 5.6
1607148031 5.7
1607148032 5.8
1607148033 5.9
1607148034 6.0
1607148035 6.0
1607148036 6.1
1607148037 6.1
1607148038 6.1
1607148039 5.9
1607148040 5.6
1607148041 5.4
1607148042 5.2
1607148043 5.4
1607148044 5.6
1607148045 5.7
1607148046 5.8
1607148047 5.9
1607148048 5.9
1607148049 5.9
1607148050 6.0
1607148051 6.1
1607148052 6.1
1607148053 6.1
1607148054 6.1
1607148055 6.0
1607148056 6.1
1607148057 6.1
1607148058 6.1
1607148060 6.1
1607148061 6.1
1607148062 6.1
1607148063 6.1
1607148064 6.1
1607148065 6.1
1607148066 6.0
1607148067 6.0
1607148068 6.0
1607148069 6.0
1607148070 6.1
1607148071 6.1
1607148072 6.0
1607148073 6.0
1607148074 5.9
1607148075 5.9
1607148076 5.9
1607148077 5.9
1607148078 5.9
1607148079 5.9
1607148080 5.9
1607148081 6.0
1607148082 6.0
1607148083 6.0
1607148084 5.9
1607148085 5.9
1607148086 5.8
1607148087 5.8
1607148088 5.9
1607148089 5.8
1607148090 5.8
1607148091 5.8
1607148092 5.8
1607148093 5.7
1607148094 5.8
1607148095 5.8
1607148096 5.5
1607148097 5.3
1607148098 5.0
1607148099 4.8
1607148100 5.0
1607148101 5.2
1607148102 5.4
1607148103 5.5
1607148104 5.6
1607148105 5.7
1607148106 5.8
1607148107 5.6
1607148108 5.3
1607148109 5.3
1607148110 5.3
1607148111 5.2
1607148112 5.3
1607148113 5.5
1607148114 5.6
1607148115 5.7
1607148116 5.7
1607148117 5.9
1607148118 5.9
1607148119 6.0
1607148120 5.9
1607148121 6.0
1607148122 6.0
1607148123 6.0
1607148124 5.9
1607148125 5.6
1607148126 5.4
1607148127 5.1
1607148128 4.9
1607148129 5.0
1607148130 5.3
1607148131 5.5
1607148132 5.7
1607148133 5.9
1607148134 6.0
1607148135 6.0
1607148136 6.1
1607148137 6.0
1607148138 6.1
1607148139 6.1
1607148140 6.1
1607148141 6.1
1607148142 6.1
1607148143 6.2
1607148144 6.1
1607148145 6.1
1607148146 6.1
1607148147 6.1
1607148148 6.1
1607148149 6.1
1607148150 6.1
1607148151 6.1
1607148152 6.0
1607148153 6.0
1607148154 5.8
1607148155 5.5
1607148156 5.2
1607148157 5.0
1607148158 5.2
1607148159 5.4
1607148160 5.6
1607148161 5.7
1607148162 5.8
1607148163 5.8
1607148164 5.9
1607148165 5.9
1607148166 5.9
1607148167 5.9
1607148168 5.9
1607148169 6.0
1607148170 6.0
1607148171 6.0
1607148172 6.0
1607148173 6.0
1607148174 6.1
1607148175 5.9
1607148176 5.7
1607148177 5.8
1607148178 5.9
1607148179 5.9
1607148180 5.9
1607148181 5.9
1607148182 6.0
1607148183 6.1
1607148184 6.1
1607148185 6.1
1607148186 6.0
1607148187 6.1
1607148188 6.1
1607148189 6.1
1607148190 6.0
1607148191 5.8
1607148192 5.7
1607148193 5.6
1607148194 5.4
1607148195 5.6
1607148196 5.8
1607148197 5.8
1607148198 5.9
1607148199 5.9
1607148200 6.0
1607148201 6.0
1607148202 6.0
1607148203 6.0
1607148204 6.1
1607148205 6.0
1607148206 6.0
1607148207 6.0
1607148208 6.1
1607148209 6.1
1607148210 6.0
1607148211 5.8
1607148212 5.5
1607148213 5.3
1607148214 5.0
1607148215 5.1
1607148216 5.3
1607148217 5.5
1607148218 5.6
1607148219 5.7
1607148220 5.7
1607148221 5.8
1607148222 5.8
1607148223 5.8
1607148224 5.9
1607148225 5.8
1607148226 5.6
1607148227 5.3
1607148228 5.0
1607148229 4.8
1607148230 4.6
1607148231 4.5
1607148232 4.3
1607148233 4.2
1607148234 4.1
1607148235 4.3
1607148236 4.4
1607148237 4.3
1607148238 4.4
1607148240 4.9