1607152584 5.0
1607152591 5.5
1607152592 5.6
1607152593 5.7
1607152594 5.7
1607152595 5.8
1607152596 5.9
1607152597 5.9
1607152598 6.0
1607152599 6.1
1607152600 6.1
1607152601 6.1
1607152602 6.2
1607152603 6.3
1607152604 6.3
1607152605 6.4
1607152606 6.4
1607152607 6.3
1607152608 6.3
1607152609 6.3
1607152610 6.3
1607152611 6.3
1607152612 6.2
1607152613 5.8
1607152614 5.6
1607152615 5.4
1607152616 5.3
1607152617 5.4
1607152618 5.5
1607152619 5.6
1607152620 5.8
1607152621 5.9
1607152622 6.0
1607152623 6.1
1607152624 6.1
1607152625 6.1
1607152626 6.1
1607152627 6.1
1607152628 6.1
1607152629 5.8
1607152630 5.5
1607152631 5.2
1607152632 5.0
1607152633 5.1
1607152634 5.4
1607152635 5.6
1607152636 5.7
1607152637 5.8
1607152638 5.8
1607152639 5.9
1607152640 6.0
1607152641 6.0
1607152642 6.1
1607152643 6.1
1607152644 6.1
1607152645 6.1
1607152646 6.1
1607152647 6.1
1607152648 6.1
1607152649 5.9
1607152650 5.6
1607152651 5.4
1607152652 5.1
1607152653 5.0
1607152654 5.3
1607152655 5.5
1607152656 5.7
1607152657 5.8
1607152658 5.8
1607152659 5.9
1607152660 6.0
1607152661 6.0
1607152662 6.0
1607152663 6.0
1607152664 6.0
1607152665 5.7
1607152666 5.5
1607152667 5.4
1607152668 5.3
1607152669 5.5
1607152670 5.7
1607152671 5.8
1607152672 5.9
1607152673 5.9
1607152674 6.0
1607152675 6.0
1607152676 6.0
1607152677 6.1
1607152678 6.1
1607152679 6.1
1607152680 6.1
1607152681 6.1
1607152682 6.0
1607152683 6.0
1607152684 6.1
1607152685 6.0
1607152686 5.9
1607152687 5.9
1607152688 5.9
1607152689 5.9
1607152690 6.0
1607152691 6.0
1607152692 6.0
1607152693 6.0
1607152694 6.0
1607152695 5.8
1607152696 5.5
1607152697 5.3
1607152698 5.2
1607152699 5.1
1607152700 5.3
1607152701 5.5
1607152702 5.6
1607152703 5.7
1607152704 5.8
1607152705 5.9
1607152706 5.9
1607152707 5.9
1607152708 6.0
1607152709 6.0
1607152710 6.0
1607152711 6.0
1607152712 6.0
1607152713 6.1
1607152714 6.1
1607152715 6.1
1607152716 6.1
1607152717 6.1
1607152718 6.1
1607152719 6.1
1607152720 6.0
1607152721 5.7
1607152722 5.5
1607152723 5.5
1607152724 5.3
1607152725 5.4
1607152726 5.6
1607152727 5.5
1607152728 5.3
1607152729 5.1
1607152730 5.0
1607152731 5.0
1607152732 5.1
1607152733 5.4
1607152734 5.5
1607152735 5.6
1607152736 5.7
1607152737 5.8
1607152738 5.9
1607152739 5.9
1607152740 6.0
1607152741 5.9
1607152742 5.9
1607152743 6.0
1607152744 5.9
1607152745 5.7
1607152746 5.6
1607152747 5.4
1607152748 5.1
1607152749 5.3
1607152750 5.5
1607152751 5.6
1607152752 5.7
1607152753 5.8
1607152754 5.8
1607152755 5.9
1607152756 6.0
1607152757 5.9
1607152758 5.7
1607152759 5.4
1607152760 5.1
1607152761 4.9
1607152762 5.1
1607152763 5.3
1607152764 5.5
1607152765 5.6
1607152766 5.8
1607152767 5.8
1607152768 5.9
1607152769 6.0
1607152770 6.0
1607152771 6.1
1607152772 6.0
1607152773 6.1
1607152774 6.0
1607152775 6.1
1607152776 6.0
1607152777 6.1
1607152778 6.1
1607152779 6.0
1607152780 5.9
1607152781 5.9
1607152782 5.9
1607152783 5.9
1607152784 5.9
1607152785 5.9
1607152786 5.8
1607152787 5.8
1607152788 5.8
1607152789 5.8
1607152790 5.9
1607152791 5.9
1607152792 5.8
1607152793 5.9
1607152794 5.9
1607152795 5.9
1607152796 5.9
1607152797 5.9
1607152798 5.8
1607152799 5.8
1607152800 5.8
1607152801 5.8
1607152802 5.8
1607152803 5.8
1607152804 5.8
1607152805 5.7
1607152806 5.7
1607152807 5.7
1607152808 5.8
1607152809 5.8
1607152810 5.7
1607152811 5.4
1607152812 5.2
1607152813 4.9
1607152814 5.0
1607152815 5.0
1607152816 5.0
1607152817 4.8
1607152818 4.6
1607152819 4.5
1607152820 4.8
1607152821 4.8
1607152822 4.8
1607152823 5.1
1607152825 5.2
1607152832 5.1
1607152839 5.8
1607152840 5.9
1607152841 6.0
1607152842 6.0
1607152843 6.1
1607152844 6.1
1607152845 6.1
1607152846 6.2
1607152847 6.2
1607152848 6.2
1607152849 6.2
1607152850 6.2
1607152851 6.2
1607152852 6.2
1607152853 6.2
1607152854 6.1
1607152855 6.2
1607152856 6.0
1607152857 5.8
1607152858 5.7
1607152859 5.5
1607152860 5.3
1607152861 5.5
1607152862 5.6
1607152863 5.7
1607152864 5.8
1607152865 5.9
1607152866 6.0
1607152867 6.0
1607152868 6.0
1607152869 6.1
1607152870 6.1
1607152871 6.1
1607152872 5.9
1607152873 5.7
1607152874 5.6
1607152875 5.4
1607152876 5.6
1607152877 5.8
1607152878 5.9
1607152879 5.9
1607152880 6.0
1607152881 6.0
1607152882 6.0
1607152883 6.0
1607152884 6.1
1607152885 6.1
1607152886 6.1
1607152887 6.1
1607152888 6.1
1607152889 6.2
1607152890 6.1
1607152891 6.1
1607152892 6.0
1607152893 6.0
1607152894 5.9
1607152895 5.9
1607152896 5.8
1607152897 5.8
1607152898 5.9
1607152899 5.8
1607152900 5.8
1607152901 5.7
1607152902 5.8
1607152903 5.7
1607152904 5.8
1607152905 5.8
1607152906 5.7
1607152907 5.8
1607152908 5.8
1607152909 5.8
1607152910 5.8
1607152911 5.8
1607152912 5.8
1607152913 5.7
1607152914 5.7
1607152915 5.8
1607152916 5.8
1607152917 5.8
1607152918 5.8
1607152919 5.8
1607152920 5.8
1607152921 5.9
1607152922 5.9
1607152923 5.9
1607152924 5.7
1607152925 5.4
1607152926 5.1
1607152927 4.9
1607152928 5.1
1607152929 5.3
1607152930 5.4
1607152931 5.6
1607152932 5.7
1607152933 5.8
1607152934 5.8
1607152935 5.9
1607152936 6.0
1607152937 6.0
1607152938 6.0
1607152939 6.0
1607152940 6.0
1607152941 6.0
1607152942 6.0
1607152943 6.1
1607152944 6.1
1607152945 6.1
1607152946 6.0
1607152947 6.0
1607152948 6.0
1607152949 6.0
1607152950 6.0
1607152951 6.0
1607152952 5.9
1607152953 5.9
1607152954 5.8
1607152955 5.9
1607152956 5.9
1607152957 5.8
1607152958 5.8
1607152959 5.7
1607152960 5.7
1607152961 5.5
1607152962 5.3
1607152963 5.2
1607152964 5.1
1607152965 5.1
1607152966 5.3
1607152967 5.5
1607152968 5.6
1607152969 5.7
1607152970 5.8
1607152971 5.9
1607152972 6.0
1607152973 6.0
1607152974 6.0
1607152975 6.1
1607152976 6.0
1607152977 5.7
1607152978 5.5
1607152979 5.2
1607152980 5.0
1607152981 5.2
1607152982 5.4
1607152983 5.7
1607152984 5.4
1607152985 5.2
1607152986 5.1
1607152987 5.0
1607152988 4.9
1607152989 5.1
1607152990 5.4
1607152991 5.6
1607152992 5.7
1607152993 5.9
1607152994 5.9
1607152995 5.9
1607152996 6.0
1607152997 6.0
1607152998 6.1
1607152999 6.1
1607153000 6.1
1607153001 6.2
1607153002 6.1
1607153003 6.1
1607153004 6.1
1607153005 6.2
1607153006 6.1
1607153007 6.1
1607153008 6.1
1607153009 6.1
1607153010 5.8
1607153011 5.6
1607153012 5.5
1607153013 5.2
1607153014 5.5
1607153015 5.6
1607153016 5.6
1607153017 5.7
1607153018 5.8
1607153019 5.9
1607153020 5.9
1607153021 5.8
1607153022 5.7
1607153023 5.5
1607153024 5.3
1607153025 5.0
1607153026 5.2
1607153027 5.4
1607153028 5.6
1607153029 5.7
1607153030 5.8
1607153031 5.8
1607153032 5.9
1607153033 6.0
1607153034 6.0
1607153035 6.1
1607153036 6.1
1607153037 5.8
1607153038 5.5
1607153039 5.4
1607153040 5.4
1607153041 5.4
1607153042 5.7
1607153043 5.7
1607153044 5.9
1607153045 5.9
1607153046 6.1
1607153047 6.1
1607153048 6.1
1607153049 6.1
1607153050 6.0
1607153051 5.8
1607153052 5.7
1607153053 5.4
1607153054 5.2
1607153055 5.0
1607153056 4.7
1607153057 4.6
1607153058 4.5
1607153059 4.6
1607153060 4.9
1607153061 4.9
1607153062 4.8
1607153063 5.0
1607153066 5.3