1607146471 5.2
1607146472 4.9
1607146473 4.7
1607146474 4.9
1607146475 5.2
1607146476 5.3
1607146477 5.5
1607146478 5.6
1607146479 5.7
1607146480 5.7
1607146481 5.8
1607146482 5.8
1607146483 5.9
1607146484 5.9
1607146485 6.0
1607146486 6.1
1607146487 6.1
1607146488 6.1
1607146489 6.2
1607146490 6.0
1607146491 5.8
1607146492 5.7
1607146493 5.4
1607146494 5.2
1607146495 5.5
1607146496 5.6
1607146497 5.8
1607146498 5.9
1607146499 6.0
1607146500 6.0
1607146501 6.0
1607146502 6.1
1607146503 6.1
1607146504 6.2
1607146505 6.1
1607146506 6.1
1607146507 5.8
1607146508 5.5
1607146509 5.2
1607146510 5.0
1607146511 5.1
1607146512 5.4
1607146513 5.6
1607146514 5.7
1607146515 5.8
1607146516 5.8
1607146517 5.9
1607146518 6.0
1607146519 6.0
1607146520 6.1
1607146521 6.1
1607146522 6.1
1607146523 6.1
1607146524 6.1
1607146525 6.1
1607146526 6.1
1607146527 6.1
1607146528 6.2
1607146529 6.1
1607146530 6.2
1607146531 6.1
1607146532 6.1
1607146533 6.0
1607146534 6.0
1607146535 6.0
1607146536 6.0
1607146537 6.0
1607146538 6.0
1607146539 6.0
1607146540 5.9
1607146541 6.0
1607146542 6.0
1607146543 5.9
1607146544 5.9
1607146545 5.8
1607146546 5.8
1607146547 5.6
1607146548 5.3
1607146549 5.1
1607146550 4.9
1607146551 4.7
1607146552 4.9
1607146553 4.9
1607146554 4.8
1607146555 5.0
1607146556 5.0
1607146557 5.1
1607146558 5.2
1607146559 5.1
1607146560 5.1
1607146561 5.0
1607146562 5.0
1607146563 4.9
1607146564 5.0
1607146565 5.0
1607146566 4.8
1607146567 4.7
1607146568 4.5
1607146569 4.5
1607146570 4.6
1607146571 4.5
1607146572 4.4
1607146573 4.2
1607146574 4.1
1607146575 4.0
1607146576 4.4
1607146577 4.6
1607146578 4.6
1607146579 4.5
1607146580 4.4
1607146581 4.2
1607146582 4.7
1607146583 5.1
1607146584 5.4
1607146585 5.7
1607146586 5.8
1607146587 5.9
1607146588 6.0
1607146589 5.9
1607146590 5.8
1607146591 5.8
1607146592 5.7
1607146593 5.5
1607146594 5.7
1607146595 5.9
1607146596 6.0
1607146597 6.1
1607146598 6.3
1607146599 6.3
1607146600 6.4
1607146601 6.4
1607146602 6.5
1607146603 6.5
1607146604 6.5
1607146605 6.5
1607146606 6.5
1607146607 6.4
1607146608 6.4
1607146609 6.4
1607146610 6.4
1607146611 6.4
1607146612 6.3
1607146613 6.3
1607146614 6.3
1607146615 6.2
1607146616 6.0
1607146617 5.7
1607146618 5.5
1607146619 5.4
1607146620 5.7
1607146621 5.9
1607146622 6.0
1607146623 6.1
1607146624 6.1
1607146625 6.1
1607146626 6.1
1607146627 6.2
1607146628 6.2
1607146629 6.2
1607146630 6.2
1607146631 5.9
1607146632 5.7
1607146633 5.5
1607146634 5.4
1607146635 5.3
1607146636 5.5
1607146637 5.7
1607146638 5.7
1607146639 5.8
1607146640 5.9
1607146641 5.9
1607146642 6.0
1607146643 6.0
1607146644 6.0
1607146646 6.0
1607146647 5.8
1607146648 5.5
1607146649 5.2
1607146649 5.0
1607146650 4.8
1607146651 5.2
1607146653 5.4
1607146654 5.6
1607146655 5.7
1607146656 5.7
1607146657 5.8
1607146658 5.9
1607146659 6.0
1607146660 6.0
1607146661 6.0
1607146662 5.9
1607146663 5.6
1607146664 5.6
1607146665 5.5
1607146666 5.5
1607146667 5.6
1607146668 5.8
1607146669 5.8
1607146670 5.8
1607146671 5.9
1607146672 5.9
1607146673 6.0
1607146674 5.9
1607146675 6.0
1607146676 6.0
1607146677 6.0
1607146678 6.0
1607146679 5.9
1607146680 5.9
1607146681 5.6
1607146682 5.4
1607146683 5.2
1607146684 5.4
1607146685 5.6
1607146686 5.7
1607146687 5.8
1607146688 5.8
1607146689 5.9
1607146690 6.0
1607146691 6.0
1607146692 5.9
1607146693 6.0
1607146694 6.0
1607146695 6.0
1607146696 6.0
1607146697 6.0
1607146698 6.1
1607146699 6.1
1607146700 6.0
1607146701 5.8
1607146702 5.7
1607146703 5.6
1607146704 5.5
1607146705 5.4
1607146706 5.2
1607146707 4.9
1607146708 4.8
1607146709 4.5
1607146710 4.6
1607146711 4.7
1607146712 4.7
1607146713 4.7
1607146715 5.2
1607146717 4.8