1607136112 4.7
1607136113 4.5
1607136114 4.6
1607136115 4.9
1607136116 5.2
1607136117 5.4
1607136118 5.5
1607136119 5.6
1607136120 5.7
1607136121 5.8
1607136122 5.9
1607136123 5.9
1607136124 6.0
1607136125 6.1
1607136126 6.2
1607136127 6.2
1607136128 6.2
1607136129 6.3
1607136130 6.3
1607136131 6.3
1607136132 6.3
1607136133 6.3
1607136134 6.3
1607136135 6.3
1607136136 6.4
1607136137 6.3
1607136138 6.3
1607136139 6.0
1607136140 5.7
1607136141 5.6
1607136142 5.4
1607136143 5.3
1607136144 5.5
1607136145 5.7
1607136146 5.8
1607136147 5.9
1607136148 6.0
1607136149 6.0
1607136150 6.0
1607136151 6.1
1607136152 6.1
1607136153 6.1
1607136154 6.1
1607136155 6.0
1607136156 5.7
1607136157 5.6
1607136158 5.6
1607136159 5.3
1607136160 5.5
1607136161 5.7
1607136162 5.9
1607136163 5.9
1607136164 6.0
1607136165 6.0
1607136166 6.0
1607136167 6.0
1607136168 6.1
1607136169 6.1
1607136170 6.1
1607136171 6.1
1607136172 6.1
1607136173 6.1
1607136174 6.1
1607136175 6.1
1607136176 6.1
1607136177 6.1
1607136178 6.1
1607136179 6.1
1607136180 6.1
1607136181 6.1
1607136182 6.1
1607136183 6.0
1607136184 6.0
1607136185 5.9
1607136186 6.0
1607136187 5.9
1607136188 5.9
1607136189 5.8
1607136190 5.8
1607136191 5.8
1607136192 5.8
1607136193 5.8
1607136194 5.8
1607136195 5.8
1607136196 5.8
1607136197 5.8
1607136198 5.9
1607136199 5.8
1607136200 5.8
1607136201 5.8
1607136202 5.7
1607136203 5.7
1607136204 5.8
1607136205 5.7
1607136206 5.7
1607136207 5.7
1607136208 5.8
1607136209 5.8
1607136210 5.8
1607136211 5.8
1607136212 5.6
1607136213 5.4
1607136214 5.1
1607136215 4.9
1607136216 4.9
1607136217 5.2
1607136218 5.4
1607136219 5.2
1607136220 5.0
1607136221 4.8
1607136222 4.8
1607136223 4.8
1607136224 5.0
1607136225 5.3
1607136226 5.5
1607136227 5.7
1607136228 5.8
1607136229 5.8
1607136230 5.8
1607136231 6.0
1607136232 6.0
1607136233 6.1
1607136234 6.1
1607136235 6.2
1607136236 6.2
1607136237 6.1
1607136238 6.1
1607136239 6.1
1607136240 6.2
1607136241 6.1
1607136242 6.0
1607136243 5.8
1607136244 5.9
1607136245 6.0
1607136246 6.0
1607136247 6.0
1607136248 6.1
1607136249 6.1
1607136250 6.1
1607136251 6.2
1607136252 6.0
1607136253 5.8
1607136254 5.5
1607136255 5.2
1607136256 5.0
1607136257 5.2
1607136258 5.4
1607136259 5.6
1607136260 5.7
1607136261 5.7
1607136262 5.8
1607136263 5.9
1607136264 5.9
1607136265 6.0
1607136266 6.0
1607136267 6.0
1607136268 6.0
1607136269 6.1
1607136270 6.0
1607136271 6.1
1607136272 6.1
1607136273 6.1
1607136274 6.1
1607136275 6.0
1607136276 6.0
1607136277 6.0
1607136278 6.1
1607136279 6.1
1607136280 6.0
1607136281 5.9
1607136282 5.6
1607136283 5.3
1607136284 5.1
1607136285 5.0
1607136286 5.3
1607136287 5.5
1607136288 5.7
1607136289 5.8
1607136290 5.8
1607136291 5.9
1607136292 5.9
1607136293 5.9
1607136294 5.9
1607136295 6.0
1607136296 6.0
1607136297 5.9
1607136298 6.0
1607136299 5.9
1607136300 5.7
1607136301 5.5
1607136302 5.3
1607136303 5.0
1607136304 5.2
1607136305 5.4
1607136306 5.6
1607136307 5.7
1607136308 5.8
1607136309 5.9
1607136310 5.9
1607136311 6.0
1607136312 6.0
1607136313 6.1
1607136314 6.1
1607136315 6.0
1607136316 5.8
1607136317 5.7
1607136318 5.5
1607136319 5.5
1607136320 5.6
1607136321 5.7
1607136322 5.8
1607136323 5.8
1607136324 5.9
1607136325 5.9
1607136326 5.9
1607136327 6.0
1607136328 6.0
1607136329 6.0
1607136330 6.1
1607136331 6.0
1607136332 6.0
1607136333 6.0
1607136334 6.0
1607136335 6.0
1607136336 5.8
1607136337 5.5
1607136338 5.6
1607136339 5.5
1607136340 5.3
1607136341 5.5
1607136342 5.7
1607136343 5.7
1607136344 5.8
1607136345 5.8
1607136346 5.9
1607136347 5.9
1607136348 5.6
1607136349 5.5
1607136350 5.4
1607136351 5.3
1607136352 5.1
1607136353 4.9
1607136354 4.7
1607136355 4.5
1607136356 4.3
1607136357 4.3
1607136358 4.6
1607136359 4.7
1607136360 4.7
1607136361 5.1
1607136363 5.2
1607136365 4.8