1607143255 3.8
1607143256 3.8
1607143257 3.7
1607143258 3.9
1607143259 4.3
1607143260 4.7
1607143261 5.1
1607143262 5.4
1607143263 5.7
1607143264 5.9
1607143265 6.2
1607143266 6.4
1607143267 6.6
1607143268 6.8
1607143269 7.0
1607143270 7.2
1607143271 7.4
1607143272 7.5
1607143273 7.6
1607143274 7.7
1607143275 7.8
1607143276 7.9
1607143277 7.9
1607143278 7.9
1607143279 8.0
1607143280 8.0
1607143281 7.6
1607143282 7.3
1607143283 6.9
1607143284 6.4
1607143285 6.2
1607143286 6.5
1607143287 6.7
1607143288 6.9
1607143289 7.0
1607143290 7.2
1607143291 7.3
1607143292 7.3
1607143293 7.4
1607143294 7.6
1607143295 7.6
1607143296 7.3
1607143297 7.0
1607143298 6.5
1607143299 6.1
1607143300 6.3
1607143301 6.6
1607143302 6.8
1607143303 6.9
1607143304 7.1
1607143305 7.2
1607143306 7.3
1607143307 7.3
1607143308 7.4
1607143309 7.4
1607143310 7.5
1607143311 7.4
1607143312 7.4
1607143313 7.4
1607143314 7.4
1607143315 7.4
1607143316 7.4
1607143317 7.4
1607143318 7.3
1607143319 7.3
1607143320 7.2
1607143321 7.0
1607143322 6.7
1607143323 6.5
1607143324 6.1
1607143325 5.8
1607143326 5.9
1607143327 6.2
1607143328 6.4
1607143329 6.5
1607143330 6.6
1607143331 6.6
1607143332 6.6
1607143333 6.7
1607143334 6.7
1607143335 6.8
1607143336 6.8
1607143337 6.8
1607143338 6.8
1607143339 6.8
1607143340 6.7
1607143341 6.7
1607143342 6.4
1607143343 6.0
1607143344 5.7
1607143345 5.6
1607143346 5.6
1607143347 5.9
1607143348 6.0
1607143349 6.2
1607143350 6.2
1607143351 6.3
1607143352 6.4
1607143353 6.5
1607143354 6.4
1607143355 6.5
1607143356 6.1
1607143357 5.8
1607143358 5.5
1607143359 5.2
1607143360 5.1
1607143361 5.4
1607143362 5.7
1607143363 5.8
1607143364 6.0
1607143365 6.1
1607143366 6.2
1607143367 6.3
1607143368 6.4
1607143369 6.4
1607143370 6.5
1607143371 6.5
1607143372 6.5
1607143373 6.5
1607143374 6.5
1607143375 6.6
1607143376 6.6
1607143377 6.6
1607143378 6.6
1607143379 6.6
1607143380 6.5
1607143381 6.5
1607143382 6.5
1607143383 6.5
1607143384 6.6
1607143385 6.4
1607143386 6.4
1607143387 6.4
1607143388 6.4
1607143389 6.3
1607143390 6.3
1607143391 6.3
1607143392 6.2
1607143393 6.1
1607143394 6.1
1607143395 6.2
1607143396 5.9
1607143397 5.8
1607143398 5.7
1607143399 5.4
1607143400 5.2
1607143401 5.3
1607143402 5.2
1607143403 5.1
1607143404 5.0
1607143405 5.1
1607143406 5.1
1607143407 5.2
1607143408 5.1
1607143409 4.9
1607143410 4.8
1607143411 4.8
1607143412 4.6
1607143413 4.8
1607143414 4.8
1607143415 4.6
1607143416 4.5
1607143417 4.3
1607143418 4.3
1607143419 4.5
1607143420 4.4
1607143421 4.3
1607143422 4.1
1607143423 4.0
1607143424 3.9
1607143425 4.2
1607143426 4.5
1607143427 4.4
1607143428 4.4
1607143429 4.2
1607143430 4.1
1607143431 4.6
1607143432 5.1
1607143433 5.5
1607143434 5.7
1607143435 5.9
1607143436 6.1
1607143437 6.2
1607143438 5.9
1607143439 5.5
1607143440 5.5
1607143441 5.5
1607143442 5.5
1607143443 5.8
1607143444 5.8
1607143445 5.5
1607143446 5.2
1607143447 5.0
1607143448 4.9
1607143449 5.0
1607143450 5.4
1607143451 5.7
1607143452 6.0
1607143453 6.2
1607143454 6.3
1607143455 6.3
1607143456 6.4
1607143457 6.5
1607143458 6.5
1607143459 6.5
1607143460 6.4
1607143461 6.2
1607143462 6.0
1607143463 5.7
1607143464 5.4
1607143465 5.2
1607143466 5.6
1607143467 5.8
1607143468 6.0
1607143469 6.2
1607143470 6.3
1607143471 6.3
1607143472 6.4
1607143473 6.4
1607143474 6.5
1607143475 6.5
1607143476 6.5
1607143477 6.4
1607143478 6.1
1607143479 5.9
1607143480 5.8
1607143481 5.5
1607143482 5.2
1607143483 4.9
1607143484 4.7
1607143485 4.5
1607143486 4.4
1607143487 4.6
1607143488 4.7
1607143489 4.7
1607143490 4.8
1607143492 5.3