1607129706 5.1
1607129707 4.9
1607129708 4.7
1607129709 4.7
1607129710 5.0
1607129711 5.2
1607129712 5.4
1607129713 5.6
1607129714 5.7
1607129715 5.8
1607129716 5.9
1607129717 6.0
1607129718 6.1
1607129719 6.1
1607129720 6.2
1607129721 6.3
1607129722 6.3
1607129723 6.3
1607129724 6.4
1607129725 6.4
1607129726 6.4
1607129727 6.4
1607129728 6.4
1607129729 6.4
1607129730 6.4
1607129731 6.4
1607129732 6.4
1607129733 6.4
1607129734 6.1
1607129735 5.9
1607129736 5.8
1607129737 5.6
1607129738 5.8
1607129739 6.0
1607129740 5.8
1607129741 5.5
1607129742 5.2
1607129743 5.2
1607129744 5.2
1607129745 5.3
1607129746 5.5
1607129747 5.7
1607129748 5.8
1607129749 5.9
1607129750 5.9
1607129751 6.1
1607129752 5.9
1607129753 5.8
1607129754 5.5
1607129755 5.3
1607129756 5.2
1607129757 5.5
1607129758 5.7
1607129759 5.8
1607129760 5.9
1607129761 6.0
1607129762 6.1
1607129763 6.1
1607129764 6.2
1607129765 6.3
1607129766 6.3
1607129767 6.3
1607129768 6.3
1607129769 6.3
1607129770 6.3
1607129771 6.3
1607129772 6.3
1607129773 6.3
1607129774 6.3
1607129775 6.3
1607129776 6.2
1607129777 6.2
1607129778 6.2
1607129779 5.9
1607129780 5.6
1607129781 5.5
1607129782 5.3
1607129783 5.5
1607129784 5.6
1607129785 5.8
1607129786 5.9
1607129787 6.0
1607129788 6.1
1607129789 6.1
1607129790 6.1
1607129791 6.2
1607129792 6.2
1607129793 6.2
1607129794 6.1
1607129795 5.8
1607129796 5.5
1607129797 5.3
1607129798 5.2
1607129799 5.4
1607129800 5.6
1607129801 5.7
1607129802 5.9
1607129803 5.9
1607129804 6.0
1607129805 6.1
1607129806 6.1
1607129807 6.2
1607129808 6.2
1607129809 6.3
1607129810 6.3
1607129811 6.3
1607129812 6.3
1607129813 6.3
1607129814 6.2
1607129815 5.9
1607129816 5.6
1607129817 5.3
1607129818 5.1
1607129819 5.0
1607129820 5.3
1607129821 5.5
1607129822 5.7
1607129823 5.8
1607129824 5.9
1607129825 6.1
1607129826 6.1
1607129827 6.2
1607129828 6.1
1607129829 6.1
1607129830 6.1
1607129831 6.1
1607129832 5.9
1607129833 5.8
1607129834 5.6
1607129835 5.3
1607129836 5.3
1607129837 5.6
1607129838 5.8
1607129839 5.8
1607129840 5.9
1607129841 6.0
1607129842 6.0
1607129843 6.1
1607129844 6.2
1607129845 6.2
1607129846 6.2
1607129847 6.2
1607129848 6.2
1607129849 6.2
1607129850 6.2
1607129851 6.2
1607129852 6.2
1607129853 6.2
1607129854 6.2
1607129855 6.1
1607129856 6.1
1607129857 6.1
1607129858 6.1
1607129859 6.1
1607129860 6.1
1607129861 6.1
1607129862 6.0
1607129863 6.1
1607129864 6.1
1607129865 6.0
1607129866 6.0
1607129867 6.0
1607129868 5.9
1607129869 6.0
1607129870 6.0
1607129871 6.0
1607129872 6.0
1607129873 6.0
1607129874 5.9
1607129875 5.9
1607129876 5.9
1607129877 5.9
1607129878 6.0
1607129879 6.0
1607129880 5.9
1607129881 5.9
1607129882 6.0
1607129883 5.9
1607129884 5.7
1607129885 5.4
1607129886 5.1
1607129887 5.1
1607129888 5.3
1607129889 5.5
1607129890 5.7
1607129891 5.8
1607129892 5.9
1607129893 5.9
1607129894 6.0
1607129895 6.0
1607129896 6.0
1607129897 6.0
1607129898 6.0
1607129899 6.0
1607129900 5.9
1607129901 5.7
1607129902 5.4
1607129903 5.2
1607129904 5.2
1607129905 5.5
1607129906 5.6
1607129907 5.7
1607129908 5.8
1607129909 5.9
1607129910 5.9
1607129911 6.0
1607129912 6.0
1607129913 6.1
1607129914 5.9
1607129915 5.8
1607129916 5.5
1607129917 5.2
1607129918 5.1
1607129919 5.4
1607129920 5.6
1607129921 5.7
1607129922 5.8
1607129923 5.9
1607129924 6.1
1607129925 6.2
1607129926 6.2
1607129927 6.2
1607129928 6.2
1607129929 6.2
1607129930 6.2
1607129931 6.2
1607129932 6.2
1607129933 6.2
1607129934 6.1
1607129935 5.9
1607129936 5.6
1607129937 5.5
1607129938 5.3
1607129939 5.1
1607129940 4.8
1607129941 5.0
1607129942 5.2
1607129943 5.1
1607129944 5.1
1607129945 5.4
1607129946 5.5
1607129947 5.4
1607129954 5.3
1607129961 5.9
1607129962 6.0
1607129963 6.1
1607129964 6.2
1607129965 6.2
1607129966 6.2
1607129967 6.1
1607129968 5.8
1607129969 5.6
1607129970 5.6
1607129971 5.5
1607129972 5.5
1607129973 5.7
1607129974 5.8
1607129975 5.9
1607129976 5.9
1607129977 6.0
1607129978 6.1
1607129979 6.1
1607129980 6.2
1607129981 6.0
1607129982 5.9
1607129983 5.6
1607129984 5.4
1607129985 5.2
1607129986 5.5
1607129987 5.7
1607129988 5.9
1607129989 6.0
1607129990 6.0
1607129991 6.1
1607129992 6.1
1607129993 6.2
1607129994 6.2
1607129995 6.2
1607129996 6.2
1607129997 6.1
1607129998 5.9
1607129999 5.6
1607130000 5.4
1607130001 5.1
1607130002 5.0
1607130003 5.3
1607130004 5.5
1607130005 5.6
1607130006 5.8
1607130007 5.9
1607130008 6.0
1607130009 6.0
1607130010 6.1
1607130011 6.1
1607130012 6.1
1607130013 6.1
1607130014 5.9
1607130015 5.6
1607130016 5.4
1607130017 5.3
1607130018 5.2
1607130019 5.5
1607130020 5.6
1607130021 5.7
1607130022 5.8
1607130023 5.9
1607130024 6.0
1607130025 6.1
1607130026 6.1
1607130027 6.1
1607130028 6.2
1607130029 6.2
1607130030 6.2
1607130031 6.2
1607130032 6.2
1607130033 6.2
1607130034 6.2
1607130035 6.2
1607130036 6.2
1607130037 6.2
1607130038 6.1
1607130039 6.1
1607130040 6.1
1607130041 5.9
1607130042 5.6
1607130043 5.4
1607130044 5.4
1607130045 5.4
1607130046 5.6
1607130047 5.7
1607130048 5.8
1607130049 6.0
1607130050 6.1
1607130051 6.1
1607130052 6.2
1607130053 6.2
1607130054 6.2
1607130055 6.1
1607130056 6.1
1607130057 5.9
1607130058 5.6
1607130059 5.5
1607130060 5.4
1607130061 5.2
1607130062 5.4
1607130063 5.6
1607130064 5.7
1607130065 5.8
1607130066 5.9
1607130067 5.9
1607130068 5.9
1607130069 6.0
1607130070 6.0
1607130071 6.0
1607130072 6.1
1607130073 6.1
1607130074 6.1
1607130075 6.1
1607130076 6.1
1607130077 6.0
1607130078 5.7
1607130079 5.4
1607130080 5.2
1607130081 4.9
1607130082 5.2
1607130083 5.4
1607130084 5.6
1607130085 5.7
1607130086 5.8
1607130087 5.9
1607130088 6.0
1607130089 6.0
1607130090 6.1
1607130091 6.1
1607130092 6.1
1607130093 5.8
1607130094 5.6
1607130095 5.4
1607130096 5.4
1607130097 5.5
1607130098 5.7
1607130099 5.8
1607130100 5.8
1607130101 5.9
1607130102 6.0
1607130103 6.0
1607130104 6.1
1607130105 6.1
1607130106 6.1
1607130107 6.1
1607130108 6.2
1607130109 6.2
1607130110 6.2
1607130111 6.3
1607130112 6.3
1607130113 6.3
1607130114 6.3
1607130115 6.3
1607130116 6.3
1607130117 6.2
1607130118 6.1
1607130119 6.0
1607130120 6.1
1607130121 6.1
1607130122 6.1
1607130123 6.1
1607130124 6.0
1607130125 6.0
1607130126 6.0
1607130127 6.0
1607130128 6.0
1607130129 5.9
1607130130 5.9
1607130131 5.9
1607130132 5.9
1607130133 5.9
1607130134 5.9
1607130135 5.9
1607130136 5.9
1607130137 5.9
1607130138 5.9
1607130139 5.9
1607130140 5.8
1607130141 5.8
1607130142 5.8
1607130143 5.8
1607130144 5.9
1607130145 5.9
1607130146 5.8
1607130147 5.6
1607130148 5.3
1607130149 5.1
1607130150 5.1
1607130151 5.3
1607130152 5.4
1607130153 5.6
1607130154 5.7
1607130155 5.8
1607130156 5.9
1607130157 5.8
1607130158 5.7
1607130159 5.4
1607130160 5.5
1607130161 5.5
1607130162 5.4
1607130163 5.5
1607130164 5.6
1607130165 5.7
1607130166 5.8
1607130167 5.9
1607130168 6.0
1607130169 6.0
1607130170 6.0
1607130171 6.1
1607130172 6.1
1607130173 6.1
1607130174 6.1
1607130175 6.1
1607130176 6.2
1607130177 6.2
1607130178 6.2
1607130179 6.2
1607130180 6.2
1607130181 6.2
1607130182 6.1
1607130183 6.0
1607130184 5.6
1607130185 5.4
1607130186 5.4
1607130187 5.5
1607130188 5.4
1607130189 5.3
1607130190 5.6
1607130191 5.6
1607130192 5.5
1607130194 5.0