1607121200 4.8
1607121201 4.6
1607121202 4.5
1607121203 4.8
1607121204 5.1
1607121205 5.2
1607121206 5.4
1607121207 5.6
1607121208 5.7
1607121209 5.7
1607121210 5.8
1607121211 5.8
1607121212 5.9
1607121213 6.0
1607121214 6.1
1607121215 6.2
1607121216 6.2
1607121217 6.3
1607121218 6.3
1607121219 6.3
1607121220 6.3
1607121221 6.3
1607121222 6.3
1607121223 6.3
1607121224 6.3
1607121225 6.3
1607121226 6.3
1607121227 6.0
1607121228 5.8
1607121229 5.6
1607121230 5.3
1607121231 5.2
1607121232 5.5
1607121233 5.7
1607121234 5.8
1607121235 5.8
1607121236 5.9
1607121237 6.0
1607121238 6.0
1607121239 6.0
1607121240 6.1
1607121241 6.1
1607121242 6.1
1607121243 6.1
1607121244 6.1
1607121245 6.1
1607121246 6.1
1607121247 6.1
1607121248 6.1
1607121249 6.1
1607121250 6.1
1607121251 6.1
1607121252 6.1
1607121253 6.1
1607121254 6.0
1607121255 6.1
1607121256 6.0
1607121257 5.7
1607121258 5.4
1607121259 5.2
1607121260 4.9
1607121261 5.2
1607121262 5.4
1607121263 5.6
1607121264 5.7
1607121265 5.8
1607121266 5.8
1607121267 5.9
1607121268 5.9
1607121269 5.9
1607121270 6.0
1607121271 6.0
1607121272 6.0
1607121273 6.0
1607121274 6.0
1607121275 6.0
1607121276 6.0
1607121277 6.0
1607121278 6.0
1607121279 6.0
1607121280 6.0
1607121281 6.1
1607121282 6.1
1607121283 6.0
1607121284 6.0
1607121285 6.0
1607121286 5.8
1607121287 5.7
1607121288 5.6
1607121289 5.5
1607121290 5.4
1607121291 5.6
1607121292 5.7
1607121293 5.9
1607121294 6.0
1607121295 6.0
1607121296 6.0
1607121297 6.0
1607121298 6.0
1607121299 6.1
1607121300 6.1
1607121301 6.0
1607121302 6.0
1607121303 5.7
1607121304 5.5
1607121305 5.5
1607121306 5.3
1607121307 5.3
1607121308 5.5
1607121309 5.6
1607121310 5.7
1607121311 5.8
1607121312 5.9
1607121313 5.9
1607121314 6.0
1607121315 6.0
1607121316 6.0
1607121317 6.0
1607121318 6.1
1607121319 6.1
1607121320 6.1
1607121321 6.1
1607121322 6.1
1607121323 6.1
1607121324 5.9
1607121325 5.7
1607121326 5.7
1607121327 5.9
1607121328 5.9
1607121329 5.9
1607121330 5.9
1607121331 6.0
1607121332 6.0
1607121333 6.0
1607121334 6.0
1607121335 5.9
1607121336 6.0
1607121337 6.0
1607121338 6.0
1607121339 6.0
1607121340 5.9
1607121341 6.0
1607121342 6.0
1607121343 5.8
1607121344 5.8
1607121345 5.6
1607121346 5.4
1607121347 5.4
1607121348 5.6
1607121349 5.6
1607121350 5.7
1607121351 5.7
1607121352 5.8
1607121353 5.9
1607121354 5.8
1607121355 5.6
1607121356 5.5
1607121357 5.5
1607121358 5.5
1607121359 5.5
1607121360 5.6
1607121361 5.7
1607121362 5.7
1607121363 5.8
1607121364 5.9
1607121365 5.9
1607121366 5.9
1607121367 5.9
1607121368 5.9
1607121369 5.8
1607121370 5.5
1607121371 5.2
1607121372 5.0
1607121373 4.8
1607121374 5.0
1607121375 5.3
1607121376 5.4
1607121377 5.6
1607121378 5.7
1607121379 5.8
1607121380 5.9
1607121381 6.0
1607121382 6.0
1607121383 6.0
1607121384 6.0
1607121385 5.8
1607121386 5.6
1607121387 5.4
1607121388 5.3
1607121389 5.5
1607121390 5.6
1607121391 5.5
1607121392 5.3
1607121393 5.0
1607121394 4.8
1607121395 4.8
1607121396 4.9
1607121397 5.2
1607121398 5.4
1607121399 5.6
1607121400 5.7
1607121401 5.8
1607121402 5.9
1607121403 6.0
1607121404 6.0
1607121405 6.1
1607121406 6.1
1607121407 6.0
1607121408 6.1
1607121409 5.8
1607121410 5.7
1607121411 5.6
1607121412 5.3
1607121413 5.0
1607121414 4.8
1607121415 4.6
1607121416 4.6
1607121417 4.6
1607121418 4.9
1607121419 5.0
1607121420 5.0
1607121421 5.1
1607121424 5.4