1607113967 7.2
1607113968 6.8
1607113969 6.4
1607113970 6.1
1607113971 6.2
1607113972 6.4
1607113973 6.6
1607113974 6.8
1607113975 6.9
1607113976 7.0
1607113977 7.2
1607113978 7.3
1607113979 7.4
1607113980 7.5
1607113981 7.6
1607113982 7.8
1607113983 8.0
1607113984 8.1
1607113985 8.2
1607113986 8.1
1607113987 8.1
1607113988 8.1
1607113989 8.1
1607113990 8.0
1607113991 7.8
1607113992 7.3
1607113993 6.8
1607113994 6.4
1607113995 6.4
1607113996 6.6
1607113997 6.8
1607113998 7.0
1607113999 7.1
1607114000 7.2
1607114001 7.3
1607114002 7.4
1607114003 7.4
1607114004 7.5
1607114005 7.5
1607114006 7.2
1607114007 6.9
1607114008 6.5
1607114009 6.1
1607114010 5.7
1607114011 6.0
1607114012 6.2
1607114013 6.5
1607114014 6.6
1607114015 6.8
1607114016 6.9
1607114017 6.9
1607114018 7.0
1607114019 7.1
1607114020 7.1
1607114021 7.1
1607114022 7.0
1607114023 7.1
1607114024 7.0
1607114025 6.8
1607114026 6.6
1607114027 6.3
1607114028 6.0
1607114029 5.6
1607114030 5.7
1607114031 6.0
1607114032 6.2
1607114033 6.3
1607114034 6.5
1607114035 6.5
1607114036 6.6
1607114037 6.6
1607114038 6.7
1607114039 6.7
1607114040 6.6
1607114041 6.4
1607114042 6.1
1607114043 5.8
1607114044 5.8
1607114045 6.0
1607114046 6.1
1607114047 6.3
1607114048 6.5
1607114049 6.6
1607114050 6.6
1607114051 6.6
1607114052 6.6
1607114053 6.6
1607114054 6.6
1607114055 6.6
1607114056 6.6
1607114057 6.6
1607114058 6.6
1607114059 6.6
1607114060 6.6
1607114061 6.6
1607114062 6.6
1607114063 6.5
1607114064 6.4
1607114065 6.3
1607114066 6.3
1607114067 6.2
1607114068 6.3
1607114069 6.2
1607114070 6.2
1607114071 6.1
1607114072 6.1
1607114073 6.1
1607114074 6.1
1607114075 6.1
1607114076 6.1
1607114077 6.1
1607114078 6.2
1607114079 6.2
1607114080 6.2
1607114081 6.2
1607114082 6.2
1607114083 6.2
1607114084 6.1
1607114085 6.1
1607114086 6.1
1607114087 6.1
1607114088 6.1
1607114089 6.0
1607114090 6.0
1607114091 6.0
1607114092 6.1
1607114093 6.0
1607114094 5.6
1607114095 5.3
1607114096 5.1
1607114097 4.9
1607114098 5.3
1607114099 5.5
1607114100 5.7
1607114101 5.8
1607114102 5.9
1607114103 6.0
1607114104 6.1
1607114105 6.2
1607114106 6.2
1607114107 6.3
1607114108 6.2
1607114109 6.2
1607114110 6.1
1607114111 5.9
1607114112 5.7
1607114113 5.6
1607114114 5.4
1607114115 5.7
1607114116 5.8
1607114117 5.6
1607114118 5.3
1607114119 5.1
1607114120 5.0
1607114121 4.9
1607114122 5.1
1607114123 5.5
1607114124 5.6
1607114125 5.8
1607114126 5.9
1607114127 6.1
1607114128 6.1
1607114129 6.2
1607114130 6.3
1607114131 6.3
1607114132 6.4
1607114133 6.4
1607114134 6.4
1607114135 6.4
1607114136 6.4
1607114137 6.4
1607114138 6.4
1607114139 6.4
1607114140 6.3
1607114141 6.3
1607114142 6.2
1607114143 5.9
1607114144 5.7
1607114145 5.3
1607114146 5.1
1607114147 5.3
1607114148 5.5
1607114149 5.7
1607114150 5.9
1607114151 6.0
1607114152 6.0
1607114153 6.1
1607114154 6.1
1607114155 6.2
1607114156 6.3
1607114157 6.3
1607114158 6.3
1607114159 6.2
1607114160 6.3
1607114161 6.3
1607114162 6.3
1607114163 6.3
1607114164 6.2
1607114165 6.3
1607114166 6.3
1607114167 6.3
1607114168 6.3
1607114169 6.2
1607114170 6.2
1607114171 6.2
1607114172 6.2
1607114173 6.2
1607114174 6.3
1607114175 6.1
1607114176 5.9
1607114177 5.7
1607114178 5.4
1607114179 5.3
1607114180 5.4
1607114181 5.6
1607114182 5.8
1607114183 5.9
1607114184 5.9
1607114185 6.0
1607114186 6.0
1607114187 5.9
1607114188 5.8
1607114189 5.5
1607114190 5.3
1607114191 5.1
1607114192 4.8
1607114193 4.7
1607114194 4.5
1607114195 4.3
1607114196 4.2
1607114197 4.2
1607114198 4.5
1607114199 4.5
1607114200 4.6
1607114201 5.0
1607114202 5.1
1607114203 5.1
1607114205 4.7