1607153308 4.6
1607153309 4.5
1607153310 4.3
1607153311 4.6
1607153312 4.9
1607153313 5.1
1607153314 5.4
1607153315 5.5
1607153316 5.7
1607153317 5.8
1607153318 5.9
1607153319 5.9
1607153320 6.0
1607153321 6.0
1607153322 6.1
1607153323 6.2
1607153324 6.2
1607153325 6.2
1607153326 6.3
1607153327 6.3
1607153328 6.3
1607153329 6.3
1607153330 6.2
1607153331 6.2
1607153332 6.3
1607153333 6.3
1607153334 6.2
1607153335 6.0
1607153336 5.8
1607153337 5.7
1607153338 5.5
1607153339 5.8
1607153340 5.9
1607153341 5.9
1607153342 6.0
1607153343 6.1
1607153344 6.1
1607153345 6.1
1607153346 6.1
1607153347 6.1
1607153348 5.8
1607153349 5.5
1607153350 5.2
1607153351 5.0
1607153352 5.1
1607153353 5.3
1607153354 5.5
1607153355 5.7
1607153356 5.8
1607153357 5.9
1607153358 5.9
1607153359 6.0
1607153360 6.1
1607153361 6.2
1607153362 6.2
1607153363 6.3
1607153364 6.2
1607153365 6.2
1607153366 6.2
1607153367 6.2
1607153368 6.2
1607153369 6.2
1607153370 6.2
1607153371 6.2
1607153372 6.2
1607153373 6.1
1607153374 6.1
1607153375 6.1
1607153376 6.1
1607153377 6.1
1607153378 6.0
1607153379 6.0
1607153380 6.0
1607153381 5.9
1607153382 6.0
1607153383 5.9
1607153384 5.8
1607153385 5.8
1607153386 5.8
1607153387 5.9
1607153388 5.8
1607153389 5.8
1607153390 5.7
1607153391 5.5
1607153392 5.3
1607153393 5.0
1607153394 4.8
1607153395 5.0
1607153396 5.3
1607153397 5.5
1607153398 5.6
1607153399 5.7
1607153400 5.8
1607153401 5.9
1607153402 5.9
1607153403 6.0
1607153404 6.0
1607153405 6.0
1607153406 6.0
1607153407 5.7
1607153408 5.6
1607153409 5.6
1607153410 5.5
1607153411 5.5
1607153412 5.7
1607153413 5.8
1607153414 5.9
1607153415 5.9
1607153416 5.9
1607153417 6.0
1607153418 6.0
1607153419 6.1
1607153420 6.1
1607153421 6.1
1607153422 6.0
1607153423 5.8
1607153424 5.6
1607153425 5.6
1607153426 5.3
1607153427 5.4
1607153428 5.6
1607153429 5.7
1607153430 5.7
1607153431 5.9
1607153432 5.9
1607153433 6.0
1607153434 6.0
1607153435 6.0
1607153436 6.0
1607153437 6.1
1607153438 6.0
1607153439 6.0
1607153440 5.8
1607153441 5.5
1607153442 5.3
1607153443 5.0
1607153444 5.0
1607153445 5.3
1607153446 5.4
1607153447 5.6
1607153448 5.7
1607153449 5.8
1607153450 5.8
1607153451 5.9
1607153452 6.0
1607153453 6.0
1607153454 6.1
1607153455 6.1
1607153456 6.1
1607153457 6.1
1607153458 6.1
1607153459 6.1
1607153460 5.9
1607153461 5.6
1607153462 5.3
1607153463 5.1
1607153464 4.8
1607153465 5.2
1607153466 5.3
1607153467 5.1
1607153468 5.2
1607153469 5.1
1607153470 5.1
1607153471 4.9
1607153472 5.1
1607153473 5.3
1607153474 5.5
1607153475 5.6
1607153476 5.7
1607153477 5.8
1607153478 5.7
1607153479 5.5
1607153480 5.2
1607153481 5.1
1607153482 5.0
1607153483 4.9
1607153484 5.2
1607153485 5.4
1607153486 5.6
1607153487 5.9
1607153488 6.0
1607153489 6.0
1607153490 6.1
1607153491 6.1
1607153492 6.2
1607153493 6.2
1607153494 6.2
1607153495 6.2
1607153496 6.3
1607153497 6.2
1607153498 6.2
1607153499 6.2
1607153500 6.1
1607153501 6.1
1607153502 6.1
1607153503 6.0
1607153504 6.0
1607153505 6.1
1607153506 6.0
1607153507 6.0
1607153508 6.0
1607153509 6.0
1607153510 6.0
1607153511 6.0
1607153512 6.0
1607153513 5.9
1607153514 6.0
1607153515 5.9
1607153516 5.9
1607153517 6.0
1607153518 5.9
1607153519 5.9
1607153520 5.9
1607153521 5.8
1607153522 5.8
1607153523 5.8
1607153524 5.8
1607153525 5.8
1607153526 5.8
1607153527 5.8
1607153528 5.8
1607153529 5.8
1607153530 5.9
1607153531 5.7
1607153532 5.4
1607153533 5.1
1607153534 4.9
1607153535 4.9
1607153536 4.9
1607153537 4.9
1607153538 4.8
1607153539 4.6
1607153540 4.6
1607153541 4.8
1607153542 4.8
1607153543 4.8
1607153545 5.2
1607153547 4.9
1607153554 5.7
1607153555 5.7
1607153556 5.8
1607153557 5.9
1607153558 5.9
1607153559 5.9
1607153560 6.1
1607153561 6.1
1607153562 6.1
1607153563 6.2
1607153564 6.2
1607153565 6.3
1607153566 6.3
1607153567 6.3
1607153568 6.3
1607153569 6.3
1607153570 6.3
1607153571 6.3
1607153572 6.3
1607153573 6.3
1607153574 6.2
1607153575 5.8
1607153576 5.6
1607153577 5.6
1607153578 5.5
1607153579 5.4
1607153580 5.6
1607153581 5.7
1607153582 5.7
1607153583 5.8
1607153584 5.9
1607153585 6.0
1607153586 6.0
1607153587 6.0
1607153588 6.1
1607153589 6.1
1607153590 6.1
1607153591 6.1
1607153592 6.1
1607153593 6.1
1607153594 6.1
1607153595 6.1
1607153596 6.0
1607153597 6.0
1607153598 6.0
1607153599 6.0
1607153600 5.9
1607153601 5.9
1607153602 6.0
1607153603 5.9
1607153604 5.8
1607153605 5.8
1607153606 5.8
1607153607 5.8
1607153608 5.8
1607153609 5.8
1607153610 5.8
1607153611 5.9
1607153612 5.9
1607153613 5.9
1607153614 6.0
1607153615 6.0
1607153616 6.0
1607153617 5.9
1607153618 5.9
1607153619 5.9
1607153620 5.9
1607153621 5.9
1607153622 5.9
1607153623 5.9
1607153624 5.8
1607153625 5.8
1607153626 5.9
1607153627 5.9
1607153628 5.7
1607153629 5.4
1607153630 5.2
1607153631 5.0
1607153632 5.1
1607153633 5.3
1607153634 5.5
1607153635 5.6
1607153636 5.7
1607153637 5.8
1607153638 5.8
1607153639 5.9
1607153640 5.9
1607153641 5.9
1607153642 5.8
1607153643 5.6
1607153644 5.5
1607153645 5.4
1607153646 5.3
1607153647 5.5
1607153648 5.7
1607153649 5.7
1607153650 5.8
1607153651 5.9
1607153652 6.0
1607153653 6.0
1607153654 6.0
1607153655 6.0
1607153656 6.1
1607153657 6.1
1607153658 6.1
1607153659 6.1
1607153660 6.1
1607153661 6.1
1607153662 6.1
1607153663 6.1
1607153664 6.1
1607153665 6.1
1607153666 6.0
1607153667 6.0
1607153668 5.7
1607153669 5.5
1607153670 5.3
1607153671 5.2
1607153672 5.3
1607153673 5.5
1607153674 5.7
1607153675 5.8
1607153676 5.9
1607153677 6.0
1607153678 6.0
1607153679 6.1
1607153680 6.1
1607153681 6.1
1607153682 6.1
1607153683 6.2
1607153684 6.2
1607153685 6.1
1607153686 6.1
1607153687 6.1
1607153688 5.8
1607153689 5.4
1607153690 5.2
1607153691 4.9
1607153692 5.0
1607153693 5.2
1607153694 5.4
1607153695 5.6
1607153696 5.6
1607153697 5.8
1607153698 5.8
1607153699 5.9
1607153700 5.9
1607153701 6.0
1607153702 6.0
1607153703 6.0
1607153704 6.0
1607153705 5.7
1607153706 5.5
1607153707 5.4
1607153708 5.2
1607153709 5.1
1607153710 5.3
1607153711 5.5
1607153712 5.7
1607153713 5.8
1607153714 5.8
1607153715 5.9
1607153716 6.0
1607153717 6.0
1607153718 6.1
1607153719 6.1
1607153720 6.0
1607153721 5.8
1607153722 5.7
1607153723 5.5
1607153724 5.7
1607153725 5.8
1607153726 5.8
1607153727 5.9
1607153728 5.9
1607153729 6.0
1607153730 6.0
1607153731 5.8
1607153732 5.6
1607153733 5.5
1607153734 5.5
1607153735 5.3
1607153736 5.5
1607153737 5.6
1607153738 5.5
1607153739 5.3
1607153740 5.2
1607153741 5.1
1607153742 4.9
1607153743 5.1
1607153744 5.4
1607153745 5.6
1607153746 5.7
1607153747 5.8
1607153748 5.9
1607153749 6.0
1607153750 6.0
1607153751 6.0
1607153752 6.0
1607153753 6.0
1607153754 6.1
1607153755 6.1
1607153756 6.1
1607153757 6.1
1607153758 6.2
1607153759 6.2
1607153760 6.1
1607153761 6.1
1607153762 6.1
1607153763 6.1
1607153764 6.1
1607153765 6.0
1607153766 6.1
1607153767 6.2
1607153768 6.1
1607153769 6.1
1607153770 6.1
1607153771 6.0
1607153772 5.9
1607153773 5.8
1607153774 5.6
1607153775 5.3
1607153776 5.1
1607153777 4.9
1607153778 4.7
1607153779 4.5
1607153780 4.6
1607153781 4.6
1607153782 4.9
1607153783 4.8
1607153784 4.6
1607153785 4.8
1607153788 5.1