1607149624 5.0
1607149625 4.8
1607149626 4.6
1607149627 4.8
1607149628 5.1
1607149629 5.3
1607149630 5.4
1607149631 5.5
1607149632 5.6
1607149633 5.7
1607149634 5.8
1607149635 5.8
1607149636 5.9
1607149637 5.9
1607149638 6.0
1607149639 6.1
1607149640 6.1
1607149641 6.1
1607149642 6.2
1607149643 6.3
1607149644 6.3
1607149645 6.4
1607149646 6.4
1607149647 6.3
1607149648 6.0
1607149649 5.8
1607149650 5.6
1607149651 5.5
1607149652 5.4
1607149653 5.6
1607149654 5.7
1607149655 5.8
1607149656 5.9
1607149657 6.0
1607149658 6.0
1607149659 6.1
1607149660 6.1
1607149661 6.1
1607149662 6.2
1607149663 6.1
1607149664 5.9
1607149665 5.7
1607149666 5.6
1607149667 5.4
1607149668 5.3
1607149669 5.6
1607149670 5.7
1607149671 5.8
1607149672 5.9
1607149673 6.0
1607149674 6.0
1607149675 6.0
1607149676 6.0
1607149677 6.1
1607149678 6.1
1607149679 6.0
1607149680 5.7
1607149681 5.5
1607149682 5.5
1607149683 5.5
1607149684 5.7
1607149685 5.7
1607149686 5.8
1607149687 6.0
1607149688 6.0
1607149689 6.0
1607149690 6.1
1607149691 6.1
1607149692 6.1
1607149693 6.1
1607149694 6.1
1607149695 5.9
1607149696 5.7
1607149697 5.4
1607149698 5.2
1607149699 4.9
1607149700 5.2
1607149701 5.4
1607149702 5.6
1607149703 5.7
1607149704 5.7
1607149705 5.8
1607149706 6.0
1607149707 6.0
1607149708 6.1
1607149709 5.8
1607149710 5.5
1607149711 5.2
1607149712 5.0
1607149713 5.0
1607149714 5.3
1607149715 5.5
1607149716 5.6
1607149717 5.7
1607149718 5.8
1607149719 5.9
1607149720 6.0
1607149721 6.0
1607149722 6.0
1607149723 6.1
1607149724 6.1
1607149725 6.1
1607149726 6.1
1607149727 6.1
1607149728 6.1
1607149729 5.9
1607149730 5.6
1607149731 5.3
1607149732 5.0
1607149733 4.8
1607149734 5.2
1607149735 5.3
1607149736 5.5
1607149737 5.6
1607149738 5.7
1607149739 5.8
1607149740 5.8
1607149741 5.9
1607149742 6.0
1607149743 6.0
1607149744 6.0
1607149745 6.0
1607149746 5.7
1607149747 5.6
1607149748 5.5
1607149749 5.3
1607149750 5.1
1607149751 5.3
1607149752 5.5
1607149753 5.7
1607149754 5.8
1607149755 5.8
1607149756 5.9
1607149757 5.9
1607149758 6.0
1607149759 6.0
1607149760 6.0
1607149761 6.0
1607149762 6.0
1607149763 6.0
1607149764 6.0
1607149765 6.1
1607149766 6.1
1607149767 6.1
1607149768 6.0
1607149769 6.0
1607149770 6.1
1607149771 6.0
1607149772 5.9
1607149773 5.9
1607149774 6.0
1607149775 6.0
1607149776 5.9
1607149777 5.9
1607149778 6.0
1607149779 6.0
1607149780 5.9
1607149781 5.9
1607149782 5.9
1607149783 5.8
1607149784 5.8
1607149785 5.8
1607149786 5.6
1607149787 5.3
1607149788 5.1
1607149789 4.9
1607149790 4.9
1607149791 5.0
1607149792 5.0
1607149793 5.0
1607149794 4.8
1607149795 4.8
1607149796 4.8
1607149797 5.0
1607149798 4.8
1607149799 4.7
1607149800 4.7
1607149801 4.7
1607149802 4.6
1607149803 4.8
1607149804 4.8
1607149805 4.7
1607149806 4.6
1607149807 4.4
1607149808 4.2
1607149809 4.5
1607149810 4.5
1607149811 4.4
1607149812 4.3
1607149813 4.1
1607149814 4.0
1607149815 4.3
1607149816 4.5
1607149817 4.6
1607149818 4.6
1607149819 4.4
1607149820 4.3
1607149821 4.6
1607149822 5.0
1607149823 5.3
1607149824 5.2
1607149825 5.1
1607149826 5.0
1607149827 5.0
1607149828 4.8
1607149829 5.2
1607149830 5.5
1607149831 5.7
1607149832 5.9
1607149833 6.1
1607149834 6.3
1607149835 6.3
1607149836 6.4
1607149837 6.5
1607149838 6.5
1607149839 6.5
1607149840 6.5
1607149841 6.5
1607149842 6.5
1607149843 6.5
1607149844 6.5
1607149845 6.5
1607149846 6.5
1607149847 6.4
1607149848 6.4
1607149849 6.3
1607149850 6.0
1607149851 5.7
1607149852 5.5
1607149853 5.2
1607149854 4.9
1607149855 4.7
1607149856 4.5
1607149857 4.4
1607149858 4.2
1607149859 4.6
1607149860 4.7
1607149861 4.6
1607149862 4.9
1607149864 5.2