1607133229 5.3
1607133230 5.1
1607133231 4.9
1607133232 4.9
1607133233 5.0
1607133234 5.2
1607133235 5.4
1607133236 5.5
1607133237 5.6
1607133238 5.7
1607133239 5.7
1607133240 5.8
1607133241 5.9
1607133242 5.9
1607133243 5.9
1607133244 6.0
1607133245 6.0
1607133246 6.0
1607133247 6.1
1607133248 6.0
1607133249 6.0
1607133250 6.1
1607133251 6.1
1607133252 6.1
1607133253 6.1
1607133254 6.0
1607133255 5.7
1607133256 5.5
1607133257 5.5
1607133258 5.3
1607133259 5.4
1607133260 5.6
1607133261 5.6
1607133262 5.3
1607133263 5.1
1607133264 5.1
1607133265 5.1
1607133266 5.0
1607133267 5.3
1607133268 5.5
1607133269 5.7
1607133270 5.8
1607133271 5.9
1607133272 6.0
1607133273 6.0
1607133274 6.0
1607133275 6.1
1607133276 6.1
1607133277 6.1
1607133278 6.0
1607133279 5.7
1607133280 5.4
1607133281 5.2
1607133282 4.9
1607133283 5.0
1607133284 5.3
1607133285 5.5
1607133286 5.6
1607133287 5.7
1607133288 5.8
1607133289 5.9
1607133290 5.9
1607133291 6.0
1607133292 6.1
1607133293 6.1
1607133294 6.1
1607133295 5.8
1607133296 5.7
1607133297 5.6
1607133298 5.5
1607133299 5.7
1607133300 5.8
1607133301 5.8
1607133302 5.9
1607133303 5.9
1607133304 6.0
1607133305 6.0
1607133306 6.0
1607133307 6.1
1607133308 6.1
1607133309 6.1
1607133310 6.1
1607133311 6.1
1607133312 6.1
1607133313 6.1
1607133314 6.1
1607133315 6.1
1607133316 6.2
1607133317 6.2
1607133318 6.2
1607133319 6.1
1607133320 6.1
1607133321 6.1
1607133322 6.1
1607133323 6.0
1607133324 6.0
1607133325 6.1
1607133326 6.1
1607133327 6.1
1607133328 6.1
1607133329 6.0
1607133330 5.7
1607133331 5.6
1607133332 5.5
1607133333 5.2
1607133334 5.4
1607133335 5.6
1607133336 5.7
1607133337 5.7
1607133338 5.8
1607133339 5.9
1607133340 5.9
1607133341 5.9
1607133342 5.9
1607133343 6.0
1607133344 6.0
1607133345 6.0
1607133346 6.0
1607133347 6.0
1607133348 6.0
1607133349 6.0
1607133350 6.0
1607133351 5.7
1607133352 5.4
1607133353 5.2
1607133354 5.2
1607133355 5.1
1607133356 5.3
1607133357 5.5
1607133358 5.6
1607133359 5.7
1607133360 5.8
1607133361 5.9
1607133362 6.0
1607133363 6.0
1607133364 6.1
1607133365 6.0
1607133366 6.0
1607133367 6.0
1607133368 6.1
1607133369 6.1
1607133370 6.1
1607133371 6.1
1607133372 6.0
1607133373 6.0
1607133374 6.1
1607133375 6.0
1607133376 6.0
1607133377 6.0
1607133378 6.0
1607133379 5.9
1607133380 5.6
1607133381 5.4
1607133382 5.1
1607133383 5.0
1607133384 5.3
1607133385 5.5
1607133386 5.6
1607133387 5.7
1607133388 5.8
1607133389 5.9
1607133390 6.0
1607133391 6.1
1607133392 6.0
1607133393 5.7
1607133394 5.5
1607133395 5.3
1607133396 5.0
1607133397 5.1
1607133398 5.4
1607133399 5.5
1607133400 5.7
1607133401 5.7
1607133402 5.8
1607133403 5.9
1607133404 5.9
1607133405 5.9
1607133406 6.0
1607133407 6.0
1607133408 6.0
1607133409 6.0
1607133410 6.1
1607133411 6.1
1607133413 6.1
1607133414 6.1
1607133415 6.1
1607133416 6.2
1607133417 6.2
1607133418 6.1
1607133419 6.1
1607133420 6.1
1607133421 6.0
1607133422 6.0
1607133423 6.0
1607133424 6.0
1607133425 5.9
1607133426 6.0
1607133427 5.9
1607133428 5.9
1607133429 5.9
1607133430 5.9
1607133431 5.8
1607133432 5.8
1607133433 5.8
1607133434 5.8
1607133435 5.9
1607133436 5.8
1607133437 5.8
1607133438 5.8
1607133445 5.7
1607133452 5.0
1607133459 5.9
1607133461 6.0
1607133463 5.9
1607133465 5.8
1607133467 5.6
1607133469 5.2
1607133471 4.8
1607133473 4.4
1607133475 4.5
1607133476 4.6
1607133477 4.6
1607133478 4.9
1607133479 5.1
1607133481 5.1
1607133488 5.4
1607133495 5.9
1607133496 6.0
1607133497 6.1
1607133498 6.2
1607133499 6.2
1607133500 6.2
1607133501 6.2
1607133502 6.2
1607133503 6.3
1607133504 6.3
1607133505 6.2
1607133506 6.2
1607133507 6.2
1607133508 6.2
1607133509 6.2
1607133510 6.2
1607133511 6.2
1607133512 6.2
1607133513 6.2
1607133514 6.2
1607133515 6.2
1607133516 6.1
1607133517 5.8
1607133518 5.6
1607133519 5.3
1607133520 5.1
1607133521 5.4
1607133522 5.6
1607133523 5.7
1607133524 5.8
1607133525 5.9
1607133526 5.9
1607133527 6.0
1607133528 6.0
1607133529 6.1
1607133530 6.1
1607133531 6.1
1607133532 6.1
1607133533 6.1
1607133534 5.8
1607133535 5.5
1607133536 5.4
1607133537 5.3
1607133538 5.2
1607133539 5.4
1607133540 5.6
1607133541 5.7
1607133542 5.8
1607133543 5.9
1607133544 5.9
1607133545 6.0
1607133546 6.0
1607133547 6.1
1607133548 6.0
1607133549 6.0
1607133550 6.0
1607133551 6.1
1607133552 6.1
1607133553 6.1
1607133554 6.1
1607133555 6.1
1607133556 6.1
1607133557 6.1
1607133558 6.1
1607133559 6.0
1607133560 6.1
1607133561 6.1
1607133562 6.1
1607133563 5.9
1607133564 5.6
1607133565 5.3
1607133566 5.0
1607133567 5.0
1607133568 5.2
1607133569 5.4
1607133570 5.6
1607133571 5.7
1607133572 5.8
1607133573 5.8
1607133574 5.9
1607133575 5.9
1607133576 6.0
1607133577 5.8
1607133578 5.5
1607133579 5.3
1607133580 5.3
1607133581 5.2
1607133582 5.4
1607133583 5.6
1607133584 5.6
1607133585 5.7
1607133586 5.8
1607133587 5.9
1607133588 6.0
1607133589 6.0
1607133590 6.0
1607133591 6.0
1607133592 6.1
1607133593 6.1
1607133594 6.2
1607133595 6.2
1607133596 6.2
1607133597 6.2
1607133598 6.1
1607133599 6.1
1607133600 5.8
1607133601 5.9
1607133602 5.9
1607133603 5.9
1607133604 5.9
1607133605 6.0
1607133606 6.0
1607133607 6.0
1607133608 6.0
1607133609 6.0
1607133610 5.9
1607133611 6.0
1607133612 6.0
1607133613 6.0
1607133614 6.0
1607133615 5.9
1607133616 5.6
1607133617 5.4
1607133618 5.1
1607133619 4.9
1607133620 5.1
1607133621 5.3
1607133622 5.5
1607133623 5.6
1607133624 5.7
1607133625 5.8
1607133626 5.9
1607133627 5.9
1607133628 6.0
1607133629 6.1
1607133630 6.0
1607133631 6.0
1607133632 5.9
1607133633 5.7
1607133634 5.5
1607133635 5.5
1607133636 5.5
1607133637 5.7
1607133638 5.7
1607133639 5.8
1607133640 5.8
1607133641 5.9
1607133642 6.0
1607133643 6.0
1607133644 6.0
1607133645 5.6
1607133646 5.4
1607133647 5.2
1607133648 5.0
1607133649 4.9
1607133650 5.2
1607133651 5.4
1607133652 5.6
1607133653 5.7
1607133654 5.8
1607133655 5.9
1607133656 6.0
1607133657 6.0
1607133658 6.1
1607133659 6.1
1607133660 5.8
1607133661 5.7
1607133662 5.6
1607133663 5.4
1607133664 5.6
1607133665 5.7
1607133666 5.8
1607133667 5.9
1607133668 5.9
1607133669 6.0
1607133670 6.0
1607133671 6.0
1607133672 6.0
1607133673 6.1
1607133674 6.0
1607133675 6.0
1607133676 6.1
1607133677 6.1
1607133678 6.1
1607133679 6.1
1607133680 6.1
1607133681 6.1
1607133682 6.1
1607133683 6.1
1607133684 6.1
1607133685 6.1
1607133686 6.0
1607133687 5.9
1607133688 5.9
1607133689 5.9
1607133690 5.9
1607133691 5.8
1607133692 5.8
1607133693 5.9
1607133694 5.8
1607133695 5.9
1607133696 5.8
1607133697 5.8
1607133698 5.8
1607133699 5.8
1607133700 5.7
1607133701 5.8
1607133702 5.8
1607133703 5.9
1607133704 5.8
1607133705 5.8
1607133706 5.8
1607133707 5.9
1607133708 5.9
1607133709 5.9
1607133710 5.8
1607133711 5.8
1607133712 5.8
1607133713 5.9
1607133714 5.9
1607133715 5.7
1607133716 5.5
1607133717 5.3
1607133718 5.0
1607133719 5.1
1607133720 5.3
1607133721 5.4
1607133722 5.3
1607133723 5.1
1607133724 4.8
1607133725 4.8
1607133726 4.8
1607133727 4.6
1607133728 4.5
1607133729 4.5
1607133730 4.6
1607133731 4.5
1607133732 4.7
1607133733 4.7
1607133734 4.5
1607133735 4.8
1607133738 5.0