		g3log created log at: Fri Dec 04 19:22:41 2020
		LOG format: [YYYY/MM/DD hh:mm:ss uuu* LEVEL FILE->FUNCTION:LINE] messagen
		(uuu*: microseconds fractions of the seconds value)

2020/12/04 19:22:41 313888	INFO [experimenter.cc->experiment_fentry:301]	2384000:	UpdateStyleAndLayoutTree	11110000	0
2020/12/04 19:22:41 326817	INFO [experimenter.cc->experiment_fentry:301]	2384000:	ParseSheet	11110000	0
2020/12/04 19:22:41 508134	INFO [experimenter.cc->experiment_fexit:326]	2384000:	ParseSheet	11110110	0	180.806
2020/12/04 19:22:41 509103	INFO [experimenter.cc->experiment_fentry:301]	2384000:	ParseSheet	11110000	0
2020/12/04 19:22:41 512167	INFO [experimenter.cc->experiment_fexit:326]	2384000:	ParseSheet	11110110	0	2.9424
2020/12/04 19:22:41 612727	INFO [experimenter.cc->experiment_fexit:326]	2384000:	UpdateStyleAndLayoutTree	11110110	0	298.252
2020/12/04 19:22:41 613327	INFO [experimenter.cc->experiment_fentry:301]	2384000:	UpdateStyleAndLayoutTree	11110000	0
2020/12/04 19:22:41 613433	INFO [experimenter.cc->experiment_fexit:326]	2384000:	UpdateStyleAndLayoutTree	11110110	0	0.0452089
2020/12/04 19:22:42 247174	INFO [experimenter.cc->experiment_fentry:301]	2384000:	ResumeParsingAfterYield	00001001	4
2020/12/04 19:22:42 473134	INFO [experimenter.cc->experiment_fexit:326]	2384000:	ResumeParsingAfterYield	11110011	1	225.615
2020/12/04 19:22:42 506712	INFO [experimenter.cc->experiment_fentry:301]	2384000:	ExecuteScriptInMainWorld	11110000	1
2020/12/04 19:22:42 510348	INFO [experimenter.cc->experiment_fexit:326]	2384000:	ExecuteScriptInMainWorld	11110110	1	3.4782
2020/12/04 19:22:42 512891	INFO [experimenter.cc->experiment_fentry:301]	2384000:	ExecuteScriptInMainWorld	11110000	1
2020/12/04 19:22:42 514492	INFO [experimenter.cc->experiment_fexit:326]	2384000:	ExecuteScriptInMainWorld	11110110	1	1.4397
2020/12/04 19:22:42 535514	INFO [experimenter.cc->experiment_fentry:301]	2384000:	UpdateStyleAndLayoutTree	11110000	1
2020/12/04 19:22:42 544632	INFO [experimenter.cc->experiment_fexit:326]	2384000:	UpdateStyleAndLayoutTree	11110110	1	8.94824
2020/12/04 19:22:42 545058	INFO [experimenter.cc->experiment_fentry:301]	2384000:	UpdateStyleAndLayoutTree	11110000	1
2020/12/04 19:22:42 545162	INFO [experimenter.cc->experiment_fexit:326]	2384000:	UpdateStyleAndLayoutTree	11110110	1	0.0478344
2020/12/04 19:22:42 836477	INFO [experimenter.cc->experiment_fentry:301]	2384000:	ParseSheet	11110000	1
2020/12/04 19:22:42 849246	INFO [experimenter.cc->experiment_fexit:326]	2384000:	ParseSheet	11110110	1	12.5944
2020/12/04 19:22:42 986648	INFO [experimenter.cc->experiment_fentry:301]	2384000:	ParseSheet	11110000	1
2020/12/04 19:22:42 989256	INFO [experimenter.cc->experiment_fexit:326]	2384000:	ParseSheet	11110110	1	2.4906
2020/12/04 19:22:43 004037	INFO [experimenter.cc->experiment_fentry:301]	2384000:	ParseSheet	11110000	1
2020/12/04 19:22:43 041822	INFO [experimenter.cc->experiment_fexit:326]	2384000:	ParseSheet	11110110	1	37.6098
2020/12/04 19:22:43 055951	INFO [experimenter.cc->experiment_fentry:301]	2384000:	ParseSheet	11110000	1
2020/12/04 19:22:43 075232	INFO [experimenter.cc->experiment_fexit:326]	2384000:	ParseSheet	11110110	1	19.106
2020/12/04 19:22:43 095795	INFO [experimenter.cc->experiment_fentry:301]	2384000:	ParseSheet	11110000	1
2020/12/04 19:22:43 096408	INFO [experimenter.cc->experiment_fexit:326]	2384000:	ParseSheet	11110110	1	0.503136
2020/12/04 19:22:43 110351	INFO [experimenter.cc->experiment_fentry:301]	2384000:	ParseSheet	11110000	1
2020/12/04 19:22:43 132582	INFO [experimenter.cc->experiment_fexit:326]	2384000:	ParseSheet	11110110	1	22.0587
2020/12/04 19:22:43 186918	INFO [experimenter.cc->experiment_fentry:301]	2384000:	ParseSheet	11110000	1
2020/12/04 19:22:43 282156	INFO [experimenter.cc->experiment_fexit:326]	2384000:	ParseSheet	11110110	1	95.0361
2020/12/04 19:22:43 325889	INFO [experimenter.cc->experiment_fentry:301]	2384000:	ExecuteScriptInMainWorld	11110000	1
2020/12/04 19:22:43 328934	INFO [experimenter.cc->experiment_fexit:326]	2384000:	ExecuteScriptInMainWorld	11110110	1	2.8791
2020/12/04 19:22:43 371026	INFO [experimenter.cc->experiment_fentry:301]	2384000:	ExecuteScriptInMainWorld	11110000	1
2020/12/04 19:22:43 374413	INFO [experimenter.cc->experiment_fexit:326]	2384000:	ExecuteScriptInMainWorld	11110110	1	3.22241
2020/12/04 19:22:43 394338	INFO [experimenter.cc->experiment_fentry:301]	2384000:	ExecuteScriptInMainWorld	11110000	1
2020/12/04 19:22:43 398419	INFO [experimenter.cc->experiment_fexit:326]	2384000:	ExecuteScriptInMainWorld	11110110	1	3.9233
2020/12/04 19:22:43 412866	INFO [experimenter.cc->experiment_fentry:301]	2384000:	ExecuteScriptInMainWorld	11110000	1
2020/12/04 19:22:43 435479	INFO [experimenter.cc->experiment_fexit:326]	2384000:	ExecuteScriptInMainWorld	11110110	1	22.4475
2020/12/04 19:22:43 445330	INFO [experimenter.cc->experiment_fentry:301]	2384000:	UpdateStyleAndLayoutTree	11110000	1
2020/12/04 19:22:43 528950	INFO [experimenter.cc->experiment_fexit:326]	2384000:	UpdateStyleAndLayoutTree	11110110	1	83.4407
2020/12/04 19:22:43 529261	INFO [experimenter.cc->experiment_fentry:301]	2384000:	UpdateStyleAndLayoutTree	11110000	1
2020/12/04 19:22:43 529349	INFO [experimenter.cc->experiment_fexit:326]	2384000:	UpdateStyleAndLayoutTree	11110110	1	0.0373344
2020/12/04 19:22:43 558091	INFO [experimenter.cc->experiment_fentry:301]	2384000:	ExecuteScriptInMainWorld	11110000	1
2020/12/04 19:22:43 566325	INFO [experimenter.cc->experiment_fexit:326]	2384000:	ExecuteScriptInMainWorld	11110110	1	8.07934
