1607109749 4.9
1607109750 4.7
1607109751 4.5
1607109752 4.7
1607109753 5.0
1607109754 5.2
1607109755 5.4
1607109756 5.6
1607109757 5.7
1607109758 5.8
1607109759 5.9
1607109760 5.9
1607109761 6.0
1607109762 6.1
1607109763 6.1
1607109764 6.2
1607109765 6.3
1607109766 6.4
1607109767 6.4
1607109768 6.5
1607109769 6.5
1607109770 6.5
1607109771 6.5
1607109772 6.5
1607109773 6.5
1607109774 6.5
1607109775 6.5
1607109776 6.4
1607109777 6.0
1607109778 5.7
1607109779 5.4
1607109780 5.3
1607109781 5.4
1607109782 5.6
1607109783 5.7
1607109784 5.8
1607109785 5.9
1607109786 6.0
1607109787 6.1
1607109788 5.8
1607109789 5.6
1607109790 5.3
1607109791 5.1
1607109792 4.9
1607109793 5.2
1607109794 5.4
1607109795 5.6
1607109796 5.8
1607109797 5.9
1607109798 6.0
1607109799 6.0
1607109800 6.1
1607109801 6.1
1607109802 6.2
1607109803 6.3
1607109804 6.3
1607109805 6.3
1607109806 6.3
1607109807 6.3
1607109808 6.3
1607109809 6.3
1607109810 6.3
1607109811 6.3
1607109812 6.2
1607109813 6.2
1607109814 5.9
1607109815 5.6
1607109816 5.5
1607109817 5.4
1607109818 5.6
1607109819 5.8
1607109820 5.6
1607109821 5.3
1607109822 5.2
1607109823 5.1
1607109824 5.1
1607109825 5.3
1607109826 5.6
1607109827 5.7
1607109828 5.9
1607109829 6.0
1607109830 6.0
1607109831 6.1
1607109832 6.1
1607109833 6.2
1607109834 6.2
1607109835 6.2
1607109836 6.2
1607109837 6.2
1607109838 6.1
1607109839 6.1
1607109840 6.0
1607109841 5.7
1607109842 5.6
1607109843 5.5
1607109844 5.3
1607109845 5.4
1607109846 5.6
1607109847 5.8
1607109848 5.9
1607109849 5.9
1607109850 6.0
1607109851 6.0
1607109852 6.1
1607109853 6.1
1607109854 6.1
1607109855 6.2
1607109856 6.1
1607109857 6.1
1607109858 6.1
1607109859 6.2
1607109860 6.1
1607109861 6.1
1607109862 6.1
1607109863 6.1
1607109864 6.1
1607109865 6.0
1607109866 5.9
1607109867 6.0
1607109868 5.9
1607109869 5.9
1607109870 5.8
1607109871 5.8
1607109872 5.8
1607109873 5.9
1607109874 5.9
1607109875 5.8
1607109876 5.8
1607109877 5.8
1607109878 5.8
1607109879 5.9
1607109880 5.8
1607109881 5.8
1607109882 5.8
1607109883 5.8
1607109884 5.8
1607109885 5.8
1607109886 5.8
1607109887 5.8
1607109888 5.8
1607109889 5.7
1607109890 5.8
1607109891 5.9
1607109892 5.9
1607109893 5.8
1607109894 5.5
1607109895 5.3
1607109896 5.0
1607109897 5.0
1607109898 5.3
1607109899 5.5
1607109900 5.6
1607109901 5.7
1607109902 5.8
1607109903 5.9
1607109904 5.9
1607109905 6.0
1607109906 6.0
1607109907 6.0
1607109908 6.0
1607109909 6.0
1607109910 6.1
1607109911 6.0
1607109912 6.0
1607109913 6.0
1607109914 6.1
1607109915 6.1
1607109916 5.8
1607109917 5.9
1607109918 5.9
1607109919 5.9
1607109920 6.0
1607109921 6.0
1607109922 6.0
1607109923 6.1
1607109924 6.0
1607109925 6.1
1607109926 6.1
1607109927 6.0
1607109928 6.0
1607109929 5.7
1607109930 5.5
1607109931 5.3
1607109932 5.1
1607109933 5.2
1607109934 5.4
1607109935 5.5
1607109936 5.6
1607109937 5.7
1607109938 5.8
1607109939 5.9
1607109940 5.9
1607109941 6.0
1607109942 6.0
1607109943 6.0
1607109944 5.9
1607109945 6.0
1607109946 5.8
1607109947 5.6
1607109948 5.6
1607109949 5.4
1607109950 5.2
1607109951 5.4
1607109952 5.6
1607109953 5.7
1607109954 5.9
1607109955 6.0
1607109956 6.0
1607109957 6.0
1607109958 6.1
1607109959 6.1
1607109960 6.1
1607109961 6.0
1607109962 5.8
1607109963 5.5
1607109964 5.2
1607109965 5.1
1607109966 5.4
1607109967 5.6
1607109968 5.7
1607109969 5.7
1607109970 5.8
1607109971 5.9
1607109972 5.9
1607109973 6.0
1607109974 6.0
1607109975 5.6
1607109976 5.4
1607109977 5.3
1607109978 5.3
1607109979 5.1
1607109980 4.9
1607109981 4.7
1607109982 4.5
1607109983 4.3
1607109984 4.3
1607109985 4.6
1607109986 4.6
1607109987 4.7
1607109989 5.2
1607109991 4.9