1607154604 6.5
1607154605 6.1
1607154606 5.7
1607154607 5.5
1607154608 5.7
1607154609 5.9
1607154610 6.1
1607154611 6.2
1607154612 6.4
1607154613 6.5
1607154614 6.6
1607154615 6.8
1607154616 6.9
1607154617 7.0
1607154618 7.2
1607154619 7.4
1607154620 7.5
1607154621 7.6
1607154622 7.7
1607154623 7.7
1607154624 7.8
1607154625 7.7
1607154626 7.7
1607154627 7.8
1607154628 7.8
1607154629 7.9
1607154630 7.9
1607154631 8.0
1607154632 8.0
1607154633 8.0
1607154634 8.1
1607154635 7.9
1607154636 7.7
1607154637 7.5
1607154638 7.3
1607154639 7.1
1607154640 7.2
1607154641 7.0
1607154642 6.8
1607154643 6.7
1607154644 6.6
1607154645 6.6
1607154646 6.6
1607154647 6.5
1607154648 6.5
1607154649 6.4
1607154650 6.4
1607154651 6.4
1607154652 6.5
1607154653 6.5
1607154654 6.4
1607154655 6.3
1607154656 6.2
1607154657 6.3
1607154658 6.4
1607154659 6.4
1607154660 6.3
1607154661 6.2
1607154662 6.2
1607154663 6.2
1607154664 6.4
1607154665 6.4
1607154666 6.6
1607154667 6.3
1607154668 6.1
1607154669 5.8
1607154670 5.8
1607154671 5.9
1607154672 6.2
1607154673 6.5
1607154674 6.8
1607154675 6.9
1607154676 7.0
1607154677 7.2
1607154678 7.2
1607154679 7.3
1607154680 7.2
1607154681 6.8
1607154682 6.5
1607154683 6.2
1607154684 5.9
1607154685 6.2
1607154686 6.5
1607154687 6.7
1607154688 6.9
1607154689 7.0
1607154690 7.1
1607154691 7.2
1607154692 7.3
1607154693 7.3
1607154694 7.4
1607154695 7.3
1607154696 7.0
1607154697 6.6
1607154698 6.4
1607154699 6.2
1607154700 6.0
1607154701 6.3
1607154702 6.5
1607154703 6.7
1607154704 6.8
1607154705 7.0
1607154706 7.0
1607154707 7.1
1607154708 7.1
1607154709 7.2
1607154710 7.2
1607154711 7.2
1607154712 7.1
1607154713 7.1
1607154714 7.1
1607154715 7.2
1607154716 7.1
1607154717 7.1
1607154718 7.0
1607154719 7.0
1607154720 7.0
1607154721 6.8
1607154722 6.6
1607154723 6.3
1607154724 6.1
1607154725 5.7
1607154726 5.8
1607154727 6.0
1607154728 6.2
1607154729 6.3
1607154730 6.4
1607154731 6.5
1607154732 6.6
1607154733 6.6
1607154734 6.6
1607154735 6.6
1607154736 6.7
1607154737 6.7
1607154738 6.4
1607154739 6.2
1607154740 5.9
1607154741 5.6
1607154742 5.5
1607154743 5.8
1607154744 5.9
1607154745 6.2
1607154746 6.3
1607154747 6.4
1607154748 6.5
1607154749 6.3
1607154750 6.0
1607154751 5.9
1607154752 5.9
1607154753 5.7
1607154754 5.7
1607154755 5.9
1607154756 6.1
1607154757 6.2
1607154758 6.3
1607154759 6.4
1607154760 6.5
1607154761 6.5
1607154762 6.5
1607154763 6.6
1607154764 6.3
1607154765 6.1
1607154766 6.0
1607154767 5.7
1607154768 5.7
1607154769 5.9
1607154770 6.0
1607154771 6.2
1607154772 6.3
1607154773 6.3
1607154774 6.3
1607154775 6.4
1607154776 6.4
1607154777 6.5
1607154778 6.5
1607154779 6.5
1607154780 6.5
1607154781 6.6
1607154782 6.5
1607154783 6.4
1607154784 6.1
1607154785 5.8
1607154786 5.4
1607154787 5.2
1607154788 5.3
1607154789 5.6
1607154790 5.4
1607154791 5.2
1607154792 5.1
1607154793 5.1
1607154794 5.1
1607154795 5.2
1607154796 5.6
1607154797 5.7
1607154798 5.9
1607154799 6.1
1607154800 6.2
1607154801 6.3
1607154802 6.3
1607154803 6.4
1607154804 6.5
1607154805 6.5
1607154806 6.5
1607154807 6.5
1607154808 6.7
1607154809 6.7
1607154810 6.7
1607154811 6.7
1607154812 6.6
1607154813 6.6
1607154814 6.6
1607154815 6.5
1607154816 6.5
1607154817 6.4
1607154818 6.4
1607154819 6.4
1607154820 6.3
1607154821 6.3
1607154822 6.3
1607154823 6.0
1607154824 5.8
1607154825 5.7
1607154826 5.5
1607154827 5.3
1607154828 5.0
1607154829 4.8
1607154830 4.6
1607154831 4.8
1607154832 4.9
1607154833 5.1
1607154834 5.1
1607154835 5.1
1607154836 5.4
1607154837 5.5
1607154838 5.4
1607154845 5.2
1607154852 6.0
1607154853 6.1
1607154854 6.2
1607154855 6.3
1607154856 6.3
1607154857 6.4
1607154858 6.4
1607154859 6.5
1607154860 6.4
1607154861 6.4
1607154862 6.4
1607154863 6.4
1607154864 6.1
1607154865 5.8
1607154866 5.6
1607154867 5.4
1607154868 5.6
1607154869 5.7
1607154870 5.9
1607154871 6.1
1607154872 6.2
1607154873 6.3
1607154874 6.3
1607154875 6.3
1607154876 6.3
1607154877 6.4
1607154878 6.4
1607154879 6.3
1607154880 6.3
1607154881 6.3
1607154882 6.3
1607154883 6.3
1607154884 6.3
1607154885 6.3
1607154886 6.3
1607154887 6.3
1607154888 6.3
1607154889 6.2
1607154890 6.3
1607154891 6.2
1607154892 6.2
1607154893 6.2
1607154894 6.2
1607154895 6.2
1607154896 6.1
1607154897 6.2
1607154898 6.2
1607154899 6.2
1607154900 6.1
1607154901 6.1
1607154902 6.0
1607154903 5.8
1607154904 5.5
1607154905 5.3
1607154906 5.0
1607154907 5.1
1607154908 5.1
1607154909 5.1
1607154910 5.0
1607154911 4.8
1607154912 4.6
1607154913 4.5
1607154914 4.7
1607154915 4.7
1607154916 4.7
1607154917 4.7
1607154918 4.7
1607154919 4.8
1607154920 4.9
1607154921 4.9
1607154922 4.7
1607154923 4.5
1607154924 4.4
1607154925 4.3
1607154926 4.5
1607154927 4.5
1607154928 4.4
1607154929 4.3
1607154930 4.2
1607154931 4.2
1607154932 4.4
1607154933 4.6
1607154934 4.6
1607154935 4.7
1607154936 4.5
1607154937 4.6
1607154938 4.9
1607154939 5.3
1607154940 5.4
1607154941 5.3
1607154942 5.2
1607154943 5.0
1607154944 5.0
1607154945 5.1
1607154946 5.5
1607154947 5.7
1607154948 6.0
1607154949 6.1
1607154950 6.2
1607154951 6.4
1607154952 6.5
1607154953 6.6
1607154954 6.6
1607154955 6.6
1607154956 6.6
1607154957 6.4
1607154958 6.2
1607154959 6.0
1607154960 5.9
1607154961 5.8
1607154962 6.0
1607154963 6.1
1607154964 6.2
1607154965 6.3
1607154966 6.3
1607154967 6.4
1607154968 6.4
1607154969 6.5
1607154970 6.4
1607154971 6.4
1607154972 6.4
1607154973 6.3
1607154974 6.1
1607154975 5.7
1607154976 5.4
1607154977 5.2
1607154978 5.5
1607154979 5.7
1607154980 5.9
1607154981 6.0
1607154982 6.1
1607154983 6.2
1607154984 6.3
1607154985 6.3
1607154986 6.4
1607154987 6.4
1607154988 6.3
1607154989 6.3
1607154990 6.4
1607154991 6.4
1607154992 6.4
1607154993 6.4
1607154994 6.4
1607154995 6.4
1607154996 6.3
1607154997 6.4
1607154998 6.1
1607154999 5.9
1607155000 5.7
1607155001 5.6
1607155002 5.5
1607155003 5.7
1607155004 5.8
1607155005 5.9
1607155006 6.0
1607155007 6.1
1607155008 6.1
1607155009 6.1
1607155010 6.1
1607155011 6.1
1607155012 5.9
1607155013 5.8
1607155014 5.6
1607155015 5.3
1607155016 5.3
1607155017 5.5
1607155018 5.6
1607155019 5.8
1607155020 5.9
1607155021 5.9
1607155022 6.0
1607155023 6.0
1607155024 6.1
1607155025 6.1
1607155026 6.2
1607155027 6.2
1607155028 6.2
1607155029 6.2
1607155030 6.2
1607155031 5.9
1607155032 5.7
1607155033 5.4
1607155034 5.1
1607155035 5.0
1607155036 5.3
1607155037 5.5
1607155038 5.6
1607155039 5.7
1607155040 5.8
1607155041 5.9
1607155042 6.0
1607155043 6.0
1607155044 6.0
1607155045 6.0
1607155046 5.8
1607155047 5.6
1607155048 5.5
1607155049 5.4
1607155050 5.5
1607155051 5.7
1607155052 5.7
1607155053 5.8
1607155054 5.9
1607155055 6.0
1607155056 6.0
1607155057 6.0
1607155058 6.1
1607155059 6.1
1607155060 6.2
1607155061 6.2
1607155062 6.0
1607155063 5.8
1607155064 5.8
1607155065 5.6
1607155066 5.3
1607155067 5.2
1607155068 5.1
1607155069 4.9
1607155070 5.0
1607155071 4.9
1607155072 5.1
1607155073 5.0
1607155074 4.8
1607155075 5.2
1607155077 5.3
1607155079 5.0