1607067851 5.0
1607067852 4.8
1607067853 4.6
1607067854 4.7
1607067855 4.9
1607067856 5.2
1607067857 5.3
1607067858 5.5
1607067859 5.6
1607067860 5.7
1607067861 5.8
1607067862 5.8
1607067863 5.9
1607067864 6.0
1607067865 6.1
1607067866 6.1
1607067867 6.1
1607067868 6.2
1607067869 6.3
1607067870 6.3
1607067871 6.3
1607067872 6.3
1607067873 6.3
1607067874 6.3
1607067875 6.3
1607067876 6.3
1607067877 6.3
1607067878 6.3
1607067879 6.2
1607067880 6.1
1607067881 5.8
1607067882 5.5
1607067883 5.2
1607067884 5.1
1607067885 5.3
1607067886 5.5
1607067887 5.7
1607067888 5.7
1607067889 5.8
1607067890 5.9
1607067891 5.9
1607067892 6.0
1607067893 6.0
1607067894 6.0
1607067895 6.0
1607067896 6.0
1607067897 6.0
1607067898 6.0
1607067899 6.0
1607067900 6.0
1607067901 6.0
1607067902 5.6
1607067903 5.4
1607067904 5.1
1607067905 4.9
1607067906 5.0
1607067907 5.3
1607067908 5.4
1607067909 5.6
1607067910 5.7
1607067911 5.8
1607067912 5.9
1607067913 5.9
1607067914 5.9
1607067915 5.9
1607067916 6.0
1607067917 6.0
1607067918 6.0
1607067919 6.0
1607067920 6.0
1607067921 6.0
1607067922 6.0
1607067923 6.0
1607067924 6.0
1607067925 6.0
1607067926 6.0
1607067927 6.0
1607067928 6.0
1607067929 6.0
1607067930 6.0
1607067931 5.9
1607067932 5.7
1607067933 5.4
1607067934 5.2
1607067935 5.2
1607067936 5.3
1607067937 5.5
1607067938 5.6
1607067939 5.6
1607067940 5.6
1607067941 5.7
1607067942 5.8
1607067943 5.6
1607067944 5.5
1607067945 5.5
1607067946 5.4
1607067947 5.3
1607067948 5.5
1607067949 5.6
1607067950 5.7
1607067951 5.8
1607067952 5.8
1607067953 5.8
1607067954 5.8
1607067955 5.9
1607067956 5.9
1607067957 6.0
1607067958 6.0
1607067959 6.0
1607067960 6.0
1607067961 6.0
1607067962 6.0
1607067963 6.1
1607067964 6.0
1607067965 6.1
1607067966 6.1
1607067967 6.0
1607067968 6.0
1607067969 6.0
1607067970 6.0
1607067971 5.9
1607067972 6.0
1607067973 6.0
1607067974 6.0
1607067975 6.0
1607067976 6.0
1607067977 5.9
1607067978 5.9
1607067979 5.7
1607067980 5.4
1607067981 5.3
1607067982 5.0
1607067983 5.0
1607067984 5.3
1607067985 5.4
1607067986 5.5
1607067987 5.6
1607067988 5.7
1607067989 5.8
1607067990 5.7
1607067991 5.9
1607067992 5.9
1607067993 6.0
1607067994 6.0
1607067995 6.0
1607067996 6.0
1607067997 5.7
1607067998 5.5
1607067999 5.6
1607068000 5.7
1607068001 5.8
1607068002 5.8
1607068003 5.9
1607068004 5.9
1607068005 5.9
1607068006 6.0
1607068007 6.0
1607068008 5.9
1607068009 5.7
1607068010 5.4
1607068011 5.1
1607068012 4.9
1607068013 5.0
1607068014 5.2
1607068015 5.4
1607068016 5.5
1607068017 5.6
1607068018 5.7
1607068019 5.8
1607068020 5.8
1607068021 5.9
1607068022 5.9
1607068023 5.9
1607068024 6.0
1607068025 6.0
1607068026 6.0
1607068027 6.0
1607068028 6.0
1607068029 6.0
1607068030 6.0
1607068031 6.0
1607068032 6.0
1607068033 6.0
1607068034 5.9
1607068035 5.9
1607068036 5.8
1607068037 5.8
1607068038 5.9
1607068039 5.9
1607068040 5.8
1607068041 5.8
1607068042 5.9
1607068043 5.8
1607068044 5.9
1607068045 5.8
1607068046 5.8
1607068047 5.8
1607068048 5.8
1607068049 5.8
1607068050 5.8
1607068051 5.8
1607068052 5.7
1607068053 5.7
1607068054 5.7
1607068055 5.7
1607068056 5.8
1607068057 5.8
1607068058 5.8
1607068059 5.8
1607068060 5.8
1607068061 5.8
1607068062 5.8
1607068063 5.7
1607068064 5.4
1607068065 5.2
1607068066 4.9
1607068067 4.7
1607068068 5.0
1607068069 5.2
1607068070 5.2
1607068071 5.0
1607068072 4.8
1607068073 4.7
1607068074 4.6
1607068075 4.7
1607068076 5.0
1607068077 5.3
1607068078 5.4
1607068079 5.5
1607068080 5.6
1607068081 5.8
1607068082 5.8
1607068083 5.9
1607068084 6.0
1607068085 6.0
1607068086 6.0
1607068087 5.9
1607068088 5.6
1607068089 5.4
1607068090 5.3
1607068091 5.2
1607068092 5.0
1607068093 4.7
1607068094 4.6
1607068095 4.4
1607068096 4.5
1607068097 4.7
1607068098 4.8
1607068099 4.8
1607068100 5.0
1607068101 5.2
1607068102 5.1
1607068103 4.9
1607068110 5.3
1607068117 5.9
1607068118 6.0
1607068119 6.1
1607068120 6.2
1607068121 6.3
1607068122 6.4
1607068123 6.3
1607068124 6.3
1607068125 6.3
1607068126 6.3
1607068127 6.3
1607068128 6.3
1607068129 6.3
1607068130 6.3
1607068131 6.0
1607068132 5.7
1607068133 5.4
1607068134 5.1
1607068135 5.1
1607068136 5.3
1607068137 5.5
1607068138 5.3
1607068139 5.2
1607068140 5.1
1607068141 5.0
1607068142 5.0
1607068143 5.3
1607068144 5.4
1607068145 5.6
1607068146 5.7
1607068147 5.8
1607068148 5.9
1607068149 6.0
1607068150 6.1
1607068151 6.1
1607068152 6.1
1607068153 6.2
1607068154 6.1
1607068155 5.8
1607068156 5.7
1607068157 5.5
1607068158 5.3
1607068159 5.1
1607068160 5.4
1607068161 5.6
1607068162 5.6
1607068163 5.7
1607068164 5.9
1607068165 5.9
1607068166 5.8
1607068167 5.6
1607068168 5.3
1607068169 5.3
1607068170 5.1
1607068171 5.2
1607068172 5.4
1607068173 5.6
1607068174 5.7
1607068175 5.7
1607068176 5.8
1607068177 5.9
1607068178 5.9
1607068179 6.0
1607068180 6.0
1607068181 6.0
1607068182 6.0
1607068183 5.9
1607068184 5.7
1607068185 5.7
1607068186 5.5
1607068187 5.4
1607068188 5.5
1607068189 5.7
1607068190 5.8
1607068191 5.8
1607068192 5.9
1607068193 5.9
1607068194 6.0
1607068195 6.0
1607068196 6.0
1607068197 6.0
1607068198 6.1
1607068199 6.0
1607068200 6.1
1607068201 6.1
1607068202 6.1
1607068203 6.1
1607068204 6.1
1607068205 6.1
1607068206 6.1
1607068207 6.0
1607068208 6.1
1607068209 6.0
1607068210 6.1
1607068211 6.1
1607068212 5.8
1607068213 5.6
1607068214 5.3
1607068215 5.0
1607068216 5.0
1607068217 5.2
1607068218 5.4
1607068219 5.5
1607068220 5.6
1607068221 5.6
1607068222 5.7
1607068223 5.7
1607068224 5.8
1607068225 5.8
1607068226 5.9
1607068227 5.9
1607068228 5.9
1607068229 6.0
1607068230 6.0
1607068231 6.0
1607068232 6.0
1607068233 6.0
1607068234 6.0
1607068235 5.7
1607068236 5.7
1607068237 5.8
1607068238 5.9
1607068239 5.9
1607068240 6.0
1607068241 6.0
1607068242 6.0
1607068243 6.0
1607068244 6.0
1607068245 6.0
1607068246 6.1
1607068247 6.1
1607068248 6.2
1607068249 6.1
1607068250 6.1
1607068251 6.1
1607068252 5.9
1607068253 5.6
1607068254 5.3
1607068255 5.0
1607068256 5.0
1607068257 5.2
1607068258 5.4
1607068259 5.5
1607068260 5.6
1607068261 5.6
1607068262 5.7
1607068263 5.8
1607068264 5.8
1607068265 5.9
1607068266 5.9
1607068267 5.8
1607068268 5.5
1607068269 5.3
1607068270 5.2
1607068271 5.2
1607068272 5.5
1607068273 5.7
1607068274 5.7
1607068275 5.8
1607068276 5.9
1607068277 5.9
1607068278 5.9
1607068279 5.9
1607068280 6.0
1607068281 6.0
1607068282 6.0
1607068283 6.0
1607068284 5.6
1607068285 5.4
1607068286 5.1
1607068287 5.0
1607068288 5.0
1607068289 5.3
1607068290 5.4
1607068291 5.6
1607068292 5.6
1607068293 5.8
1607068294 5.8
1607068295 5.9
1607068296 5.9
1607068297 5.9
1607068298 5.9
1607068299 6.0
1607068300 6.0
1607068301 6.0
1607068302 6.0
1607068303 6.0
1607068304 6.0
1607068305 6.0
1607068306 6.0
1607068307 6.0
1607068308 6.0
1607068309 6.0
1607068310 6.0
1607068311 6.0
1607068312 6.0
1607068313 5.9
1607068314 5.9
1607068315 5.9
1607068316 5.8
1607068317 5.8
1607068318 5.7
1607068319 5.8
1607068320 5.8
1607068321 5.8
1607068322 5.8
1607068323 5.7
1607068324 5.7
1607068325 5.7
1607068326 5.7
1607068327 5.7
1607068328 5.7
1607068329 5.7
1607068330 5.7
1607068331 5.8
1607068332 5.8
1607068333 5.8
1607068334 5.7
1607068335 5.7
1607068336 5.8
1607068337 5.8
1607068338 5.8
1607068339 5.5
1607068340 5.3
1607068341 5.0
1607068342 4.8
1607068343 4.9
1607068344 4.8
1607068345 4.7
1607068346 4.5
1607068347 4.4
1607068348 4.5
1607068349 4.7
1607068350 4.7
1607068351 4.8
1607068352 5.2
1607068354 5.2
1607068361 5.3
1607068368 5.9
1607068369 5.9
1607068370 5.9
1607068371 5.7
1607068372 5.6
1607068373 5.5
1607068374 5.5
1607068375 5.4
1607068376 5.4
1607068377 5.3
1607068378 5.1
1607068379 5.1
1607068380 4.9
1607068381 4.9
1607068382 4.9
1607068383 4.8
1607068384 4.8
1607068385 4.7
1607068386 4.7
1607068387 4.7
1607068388 4.6
1607068389 4.6
1607068390 4.5
1607068391 4.6
1607068392 4.6
1607068393 4.5
1607068394 4.5
1607068395 4.5
1607068396 4.5
1607068397 4.5
1607068398 4.4
1607068399 4.4
1607068400 4.4
1607068401 4.4
1607068402 4.5
1607068403 4.4
1607068404 4.4
1607068405 4.4
1607068406 4.4
1607068407 4.4
1607068408 4.4
1607068409 4.4
1607068410 4.4
1607068411 4.4
1607068412 4.4
1607068413 4.3
1607068414 4.4
1607068415 4.3
1607068416 4.3
1607068417 4.4
1607068418 4.3
1607068419 4.4
1607068420 4.3
1607068421 4.3
1607068422 4.3
1607068423 4.3
1607068424 4.4
1607068425 4.3
1607068426 4.3
1607068427 4.4
1607068428 4.3
1607068429 4.4
1607068430 4.3
1607068431 4.3
1607068432 4.3
1607068433 4.3
1607068434 4.3
1607068435 4.3
1607068436 4.4
1607068437 4.4
1607068438 4.5
1607068439 4.5
1607068440 4.4
1607068441 4.4
1607068442 4.4
1607068443 4.4
1607068444 4.4
1607068445 4.4
1607068446 4.4
1607068447 4.4
1607068448 4.3
1607068449 4.3
1607068450 4.3
1607068451 4.3
1607068452 4.3
1607068453 4.3
1607068454 4.3
1607068455 4.2
1607068456 4.3
1607068457 4.3
1607068458 4.3
1607068459 4.3
1607068460 4.2
1607068461 4.2
1607068462 4.2
1607068463 4.2
1607068464 4.3
1607068465 4.2
1607068466 4.2
1607068467 4.3
1607068468 4.2
1607068469 4.3
1607068470 4.2
1607068471 4.2
1607068472 4.2
1607068473 4.2
1607068474 4.2
1607068475 4.2
1607068476 4.2
1607068477 4.3
1607068478 4.2
1607068479 4.2
1607068480 4.2
1607068481 4.2
1607068482 4.2
1607068483 4.2
1607068484 4.3
1607068485 4.2
1607068486 4.2
1607068487 4.3
1607068488 4.2
1607068489 4.4
1607068490 4.5
1607068491 4.5
1607068492 4.5
1607068493 5.1
1607068494 5.1
1607068495 5.1