1607148241 4.8
1607148248 5.5
1607148249 5.7
1607148250 5.8
1607148251 5.8
1607148252 5.9
1607148253 6.0
1607148254 6.0
1607148255 6.1
1607148256 6.2
1607148257 6.3
1607148258 6.4
1607148259 6.4
1607148260 6.4
1607148261 6.4
1607148262 6.4
1607148263 6.3
1607148264 6.4
1607148265 6.4
1607148266 6.3
1607148267 6.3
1607148268 6.3
1607148269 6.3
1607148270 6.3
1607148271 6.3
1607148272 6.3
1607148273 6.3
1607148274 6.3
1607148275 6.2
1607148276 5.9
1607148277 5.8
1607148278 5.9
1607148279 6.0
1607148280 6.0
1607148281 6.1
1607148282 6.2
1607148283 6.2
1607148284 6.2
1607148285 6.2
1607148286 6.2
1607148287 6.2
1607148288 6.2
1607148289 6.2
1607148290 6.2
1607148291 6.1
1607148292 6.1
1607148293 6.1
1607148294 6.1
1607148295 6.1
1607148296 6.1
1607148297 6.1
1607148298 6.1
1607148299 5.8
1607148300 5.6
1607148301 5.3
1607148302 5.1
1607148303 5.2
1607148304 5.5
1607148305 5.5
1607148306 5.6
1607148307 5.8
1607148308 5.8
1607148309 5.8
1607148310 5.9
1607148311 5.7
1607148312 5.5
1607148313 5.3
1607148314 5.0
1607148315 4.9
1607148316 5.2
1607148317 5.4
1607148318 5.6
1607148319 5.7
1607148320 5.8
1607148321 5.9
1607148322 6.0
1607148323 6.0
1607148324 6.0
1607148325 6.1
1607148326 6.1
1607148327 5.9
1607148328 5.7
1607148329 5.5
1607148330 5.4
1607148331 5.6
1607148332 5.7
1607148333 5.8
1607148334 5.9
1607148335 5.9
1607148336 5.9
1607148337 6.0
1607148338 6.0
1607148339 6.1
1607148340 6.0
1607148341 6.1
1607148342 6.1
1607148343 6.0
1607148344 5.8
1607148345 5.7
1607148346 5.5
1607148347 5.2
1607148348 5.2
1607148349 5.4
1607148350 5.6
1607148351 5.7
1607148352 5.8
1607148353 5.9
1607148354 6.0
1607148355 6.0
1607148356 6.1
1607148357 6.0
1607148358 5.7
1607148359 5.4
1607148360 5.2
1607148361 5.0
1607148362 5.0
1607148363 5.3
1607148364 5.5
1607148365 5.7
1607148366 5.9
1607148367 5.9
1607148368 6.0
1607148369 6.0
1607148370 6.0
1607148371 6.1
1607148372 6.1
1607148373 6.1
1607148374 6.2
1607148375 6.2
1607148376 6.2
1607148377 6.1
1607148378 5.9
1607148379 5.6
1607148380 5.5
1607148381 5.5
1607148382 5.4
1607148383 5.6
1607148384 5.7
1607148385 5.5
1607148386 5.3
1607148387 5.1
1607148388 5.1
1607148389 5.0
1607148390 5.3
1607148391 5.6
1607148392 5.7
1607148393 5.8
1607148394 5.9
1607148395 6.0
1607148396 6.0
1607148397 6.1
1607148398 6.1
1607148399 6.1
1607148400 5.9
1607148401 5.7
1607148402 5.5
1607148403 5.4
1607148404 5.2
1607148405 5.5
1607148406 5.6
1607148407 5.6
1607148408 5.7
1607148409 5.8
1607148410 5.8
1607148411 5.9
1607148412 5.9
1607148413 5.9
1607148414 6.0
1607148415 6.0
1607148416 6.0
1607148417 6.0
1607148418 6.0
1607148419 6.0
1607148420 6.0
1607148421 6.0
1607148422 6.0
1607148423 6.0
1607148424 6.0
1607148425 6.0
1607148426 6.0
1607148427 6.0
1607148428 6.0
1607148429 5.9
1607148430 5.9
1607148431 5.9
1607148432 5.9
1607148433 5.9
1607148434 5.8
1607148435 5.8
1607148436 5.8
1607148437 5.9
1607148438 5.8
1607148439 5.8
1607148440 5.8
1607148441 5.9
1607148442 5.8
1607148443 5.8
1607148444 5.8
1607148445 5.8
1607148446 5.9
1607148447 5.9
1607148448 5.9
1607148449 6.0
1607148450 5.9
1607148451 5.9
1607148452 5.9
1607148453 5.9
1607148454 5.8
1607148455 5.8
1607148456 5.9
1607148457 5.6
1607148458 5.3
1607148459 5.1
1607148460 4.9
1607148461 5.2
1607148462 5.4
1607148463 5.5
1607148464 5.7
1607148465 5.7
1607148466 5.8
1607148467 5.8
1607148468 5.8
1607148469 5.9
1607148470 5.9
1607148471 5.9
1607148472 5.9
1607148473 6.0
1607148474 5.8
1607148475 5.7
1607148476 5.5
1607148477 5.3
1607148478 5.0
1607148479 4.8
1607148480 4.6
1607148481 4.5
1607148482 4.3
1607148483 4.3
1607148484 4.7
1607148485 4.7
1607148486 4.6
1607148487 4.7
1607148488 4.7
1607148489 4.6
1607148490 4.4
1607148491 4.2
1607148492 4.1
1607148493 4.0
1607148494 3.9
1607148495 3.8
1607148496 3.7
1607148497 3.7
1607148498 3.6
1607148499 3.6
1607148500 3.5
1607148501 3.5
1607148502 3.4
1607148503 3.4
1607148504 3.4
1607148505 3.3
1607148506 3.3
1607148507 3.3
1607148508 3.3
1607148509 3.3
1607148510 3.3
1607148511 3.5
1607148512 3.6
1607148513 3.6
1607148514 3.5
1607148515 3.5
1607148516 3.4
1607148517 3.4
1607148518 3.3
1607148519 3.3
1607148520 3.3
1607148521 3.3
1607148522 3.2
1607148523 3.2
1607148524 3.2
1607148525 3.2
1607148526 3.2
1607148527 3.2
1607148528 3.1
1607148529 3.1
1607148530 3.1
1607148531 3.1
1607148532 3.1
1607148533 3.1
1607148534 3.1
1607148535 3.1
1607148536 3.1
1607148537 3.1
1607148538 3.1
1607148539 3.1
1607148540 3.0
1607148541 3.1
1607148542 3.0
1607148543 3.0
1607148544 3.1
1607148545 3.0
1607148546 3.0
1607148547 3.0
1607148548 3.0
1607148549 3.1
1607148550 3.0
1607148551 3.0
1607148552 3.0
1607148553 3.0
1607148554 3.0
1607148555 3.0
1607148556 3.0
1607148557 3.0
1607148558 3.0