1607132638 4.7
1607132639 4.5
1607132640 4.4
1607132641 4.7
1607132642 5.1
1607132643 5.4
1607132644 5.5
1607132645 5.7
1607132646 5.8
1607132647 5.8
1607132648 5.9
1607132649 6.0
1607132650 6.0
1607132651 6.1
1607132652 6.2
1607132653 6.2
1607132654 6.3
1607132655 6.4
1607132656 6.4
1607132657 6.3
1607132658 6.4
1607132659 6.4
1607132660 6.3
1607132661 6.4
1607132662 6.4
1607132663 6.4
1607132664 6.4
1607132665 6.4
1607132666 6.4
1607132667 6.4
1607132668 6.3
1607132669 6.3
1607132670 6.3
1607132671 6.2
1607132672 6.0
1607132673 6.0
1607132674 6.1
1607132675 6.1
1607132676 6.1
1607132677 6.1
1607132678 6.1
1607132679 6.2
1607132680 6.2
1607132681 6.2
1607132682 6.2
1607132683 6.2
1607132684 6.1
1607132685 6.1
1607132686 5.8
1607132687 5.5
1607132688 5.3
1607132689 5.0
1607132690 5.1
1607132691 5.4
1607132692 5.5
1607132693 5.7
1607132694 5.7
1607132695 5.9
1607132696 6.0
1607132697 6.1
1607132698 6.1
1607132699 6.1
1607132700 6.1
1607132701 6.2
1607132702 6.1
1607132703 6.1
1607132704 6.1
1607132705 6.2
1607132706 6.2
1607132707 6.1
1607132708 6.1
1607132709 6.1
1607132710 6.1
1607132711 6.1
1607132712 6.1
1607132713 6.0
1607132714 6.1
1607132715 6.1
1607132716 6.0
1607132717 5.7
1607132718 5.4
1607132719 5.2
1607132720 5.0
1607132721 5.2
1607132722 5.4
1607132723 5.6
1607132724 5.7
1607132725 5.8
1607132726 5.8
1607132727 5.9
1607132728 5.9
1607132729 6.0
1607132730 6.0
1607132731 6.0
1607132732 6.0
1607132733 6.0
1607132734 5.7
1607132735 5.5
1607132736 5.4
1607132737 5.3
1607132738 5.4
1607132739 5.6
1607132740 5.7
1607132741 5.8
1607132742 5.8
1607132743 5.9
1607132744 6.0
1607132745 6.1
1607132746 6.1
1607132747 6.1
1607132748 6.1
1607132749 6.2
1607132750 6.2
1607132751 6.2
1607132752 6.2
1607132753 6.3
1607132754 6.0
1607132755 5.7
1607132756 5.6
1607132757 5.6
1607132758 5.5
1607132759 5.7
1607132760 5.8
1607132761 5.9
1607132762 6.0
1607132763 6.0
1607132764 6.1
1607132765 6.0
1607132766 6.0
1607132767 6.1
1607132768 6.0
1607132769 6.1
1607132770 6.1
1607132771 6.1
1607132772 6.1
1607132773 6.1
1607132774 6.1
1607132775 6.1
1607132776 6.1
1607132777 6.1
1607132778 6.0
1607132779 6.0
1607132780 6.0
1607132781 6.0
1607132782 6.0
1607132783 6.0
1607132784 5.9
1607132785 5.9
1607132786 5.8
1607132787 5.8
1607132788 5.8
1607132789 5.9
1607132790 5.9
1607132791 5.8
1607132792 5.8
1607132793 5.8
1607132794 5.8
1607132795 5.8
1607132796 5.8
1607132797 5.9
1607132798 5.8
1607132799 5.8
1607132800 5.8
1607132801 5.8
1607132802 5.8
1607132803 5.8
1607132804 5.8
1607132805 5.8
1607132806 5.7
1607132807 5.8
1607132808 5.8
1607132809 5.7
1607132810 5.5
1607132811 5.2
1607132812 5.0
1607132813 4.8
1607132814 5.1
1607132815 5.3
1607132816 5.5
1607132817 5.6
1607132818 5.6
1607132819 5.7
1607132820 5.8
1607132821 5.7
1607132822 5.4
1607132823 5.2
1607132824 5.1
1607132825 5.1
1607132826 5.2
1607132827 5.4
1607132828 5.3
1607132829 5.1
1607132830 4.9
1607132831 4.9
1607132832 4.8
1607132833 5.0
1607132834 5.3
1607132835 5.5
1607132836 5.6
1607132837 5.8
1607132838 5.8
1607132839 5.9
1607132840 6.0
1607132841 6.0
1607132842 6.1
1607132843 6.1
1607132844 6.2
1607132845 6.1
1607132846 5.8
1607132847 5.7
1607132848 5.5
1607132849 5.2
1607132850 5.4
1607132851 5.6
1607132852 5.8
1607132853 5.9
1607132854 5.9
1607132855 6.0
1607132856 6.1
1607132857 6.1
1607132858 6.1
1607132859 5.9
1607132860 5.8
1607132861 5.4
1607132862 5.2
1607132863 5.2
1607132864 5.5
1607132865 5.6
1607132866 5.7
1607132867 5.8
1607132868 5.9
1607132869 6.0
1607132870 6.1
1607132871 6.1
1607132872 6.2
1607132873 6.2
1607132874 6.2
1607132875 6.1
1607132876 5.9
1607132877 5.8
1607132878 5.7
1607132879 5.6
1607132880 5.4
1607132881 5.1
1607132882 5.0
1607132883 5.1
1607132884 5.4
1607132885 5.3
1607132886 5.1
1607132887 5.3
1607132889 5.4