1607105519 4.9
1607105520 4.7
1607105521 4.5
1607105522 4.8
1607105523 5.1
1607105524 5.4
1607105525 5.6
1607105526 5.7
1607105527 5.9
1607105528 6.0
1607105529 6.0
1607105530 6.1
1607105531 6.1
1607105532 6.2
1607105533 6.3
1607105534 6.4
1607105535 6.4
1607105536 6.5
1607105537 6.5
1607105538 6.5
1607105539 6.6
1607105540 6.6
1607105541 6.6
1607105542 6.6
1607105543 6.6
1607105544 6.7
1607105545 6.4
1607105546 6.1
1607105547 5.9
1607105548 5.9
1607105549 5.9
1607105550 6.1
1607105551 6.2
1607105552 6.2
1607105553 6.3
1607105554 6.3
1607105555 6.3
1607105556 6.4
1607105557 6.4
1607105558 6.4
1607105559 6.4
1607105560 6.3
1607105561 6.1
1607105562 5.8
1607105563 5.6
1607105564 5.3
1607105565 5.2
1607105566 5.5
1607105567 5.7
1607105568 5.8
1607105569 5.9
1607105570 6.0
1607105571 6.0
1607105572 6.1
1607105573 6.2
1607105574 6.2
1607105575 6.2
1607105576 6.2
1607105577 6.2
1607105578 6.3
1607105579 6.3
1607105580 6.3
1607105581 6.3
1607105582 6.3
1607105583 6.2
1607105584 6.2
1607105585 6.2
1607105586 6.1
1607105587 6.1
1607105588 5.9
1607105589 5.8
1607105590 5.5
1607105591 5.7
1607105592 5.8
1607105593 5.9
1607105594 6.0
1607105595 6.0
1607105596 6.1
1607105597 6.1
1607105598 6.2
1607105599 6.2
1607105600 6.2
1607105601 6.2
1607105602 6.0
1607105603 5.7
1607105604 5.4
1607105605 5.4
1607105606 5.2
1607105607 5.4
1607105608 5.6
1607105609 5.8
1607105610 5.9
1607105611 5.9
1607105612 6.0
1607105613 6.1
1607105614 6.1
1607105615 6.1
1607105616 6.2
1607105617 6.2
1607105618 6.2
1607105619 6.2
1607105620 6.2
1607105621 6.2
1607105622 6.2
1607105623 6.2
1607105624 6.0
1607105625 5.7
1607105626 5.9
1607105627 5.9
1607105628 6.0
1607105629 6.0
1607105630 6.0
1607105631 6.1
1607105632 6.1
1607105633 5.9
1607105634 5.8
1607105635 5.7
1607105636 5.4
1607105637 5.2
1607105638 5.5
1607105639 5.6
1607105640 5.7
1607105641 5.8
1607105642 5.9
1607105643 6.0
1607105644 6.0
1607105645 6.0
1607105646 6.0
1607105647 6.0
1607105648 6.0
1607105649 6.0
1607105650 6.0
1607105651 5.7
1607105652 5.5
1607105653 5.2
1607105654 5.0
1607105656 5.3
1607105657 5.5
1607105658 5.7
1607105659 5.7
1607105660 5.9
1607105661 6.0
1607105662 6.0
1607105663 6.1
1607105664 6.1
1607105665 6.1
1607105666 6.2
1607105667 6.2
1607105668 6.2
1607105669 6.2
1607105670 6.2
1607105671 5.9
1607105672 5.6
1607105673 5.4
1607105674 5.1
1607105675 5.3
1607105676 5.5
1607105677 5.7
1607105678 5.8
1607105679 5.9
1607105680 6.0
1607105681 6.1
1607105682 6.1
1607105683 6.1
1607105684 5.9
1607105685 5.6
1607105686 5.3
1607105687 5.1
1607105688 4.9
1607105689 5.2
1607105690 5.4
1607105691 5.3
1607105692 5.3
1607105693 5.1
1607105694 5.0
1607105695 5.0
1607105696 5.3
1607105697 5.5
1607105698 5.6
1607105699 5.8
1607105700 5.9
1607105701 6.0
1607105702 6.0
1607105703 6.1
1607105704 6.1
1607105705 6.2
1607105706 6.2
1607105707 6.2
1607105708 6.2
1607105709 6.2
1607105710 6.3
1607105711 6.2
1607105712 6.2
1607105713 6.2
1607105714 6.2
1607105715 6.2
1607105716 6.1
1607105717 6.1
1607105718 6.2
1607105719 6.2
1607105720 6.1
1607105721 6.1
1607105722 6.0
1607105723 6.0
1607105724 6.0
1607105725 6.0
1607105726 6.0
1607105727 6.0
1607105728 6.0
1607105729 6.0
1607105730 5.9
1607105731 6.0
1607105732 6.0
1607105733 6.0
1607105734 6.1
1607105735 6.0
1607105736 6.1
1607105737 6.1
1607105738 6.0
1607105739 6.0
1607105740 6.0
1607105741 5.9
1607105742 5.9
1607105743 6.0
1607105744 6.0
1607105745 5.8
1607105746 5.5
1607105747 5.2
1607105748 5.0
1607105749 5.0
1607105750 5.0
1607105751 5.0
1607105752 4.8
1607105753 4.6
1607105754 4.6
1607105755 4.9
1607105756 4.9
1607105757 4.9
1607105759 5.3
1607105766 5.3
1607105773 5.9
1607105774 6.0
1607105775 6.1
1607105776 6.1
1607105777 6.2
1607105778 6.3
1607105779 6.2
1607105780 5.9
1607105781 5.7
1607105782 5.5
1607105783 5.3
1607105784 5.3
1607105785 5.5
1607105786 5.8
1607105787 5.9
1607105788 6.0
1607105789 6.1
1607105790 6.1
1607105791 6.2
1607105792 6.2
1607105793 6.3
1607105794 6.3
1607105795 6.4
1607105796 6.4
1607105797 6.4
1607105798 6.3
1607105799 6.4
1607105800 6.3
1607105801 6.3
1607105802 6.3
1607105803 6.3
1607105804 6.3
1607105805 6.2
1607105806 6.1
1607105807 6.0
1607105808 6.0
1607105809 6.0
1607105810 6.0
1607105811 6.0
1607105812 6.0
1607105813 6.0
1607105814 5.9
1607105815 5.6
1607105816 5.4
1607105817 5.1
1607105818 4.9
1607105819 5.1
1607105820 5.4
1607105821 5.5
1607105822 5.6
1607105823 5.7
1607105824 5.8
1607105825 5.9
1607105826 6.0
1607105827 6.0
1607105828 6.0
1607105829 6.1
1607105830 6.1
1607105831 6.1
1607105832 6.1
1607105833 6.1
1607105834 6.2
1607105835 6.1
1607105836 6.1
1607105837 6.1
1607105838 6.1
1607105839 6.1
1607105840 6.0
1607105841 6.0
1607105842 6.0
1607105843 6.0
1607105844 6.0
1607105845 6.0
1607105846 5.9
1607105847 5.9
1607105848 5.9
1607105849 5.9
1607105850 5.9
1607105851 5.9
1607105852 5.9
1607105853 5.9
1607105854 5.9
1607105855 6.0
1607105856 5.9
1607105857 5.9
1607105858 5.9
1607105859 5.9
1607105860 5.9
1607105861 6.0
1607105862 5.9
1607105863 5.9
1607105864 5.9
1607105865 5.8
1607105866 5.8
1607105867 5.9
1607105868 5.9
1607105869 5.7
1607105870 5.5
1607105871 5.2
1607105872 5.0
1607105873 5.1
1607105874 5.3
1607105875 5.6
1607105876 5.7
1607105877 5.8
1607105878 5.9
1607105879 5.9
1607105880 6.0
1607105881 6.0
1607105882 6.1
1607105883 6.1
1607105884 6.2
1607105885 6.2
1607105886 6.2
1607105887 6.2
1607105888 6.2
1607105889 6.2
1607105890 6.2
1607105891 6.2
1607105892 6.2
1607105893 6.2
1607105894 6.2
1607105895 6.0
1607105896 5.8
1607105897 5.5
1607105898 5.2
1607105899 5.1
1607105900 5.4
1607105901 5.6
1607105902 5.7
1607105903 5.8
1607105904 5.9
1607105905 5.9
1607105906 6.0
1607105907 6.0
1607105908 6.0
1607105909 6.0
1607105910 6.0
1607105911 5.8
1607105912 5.6
1607105913 5.5
1607105914 5.4
1607105915 5.3
1607105916 5.5
1607105917 5.7
1607105918 5.8
1607105919 5.8
1607105920 5.9
1607105921 6.0
1607105922 6.0
1607105923 5.9
1607105924 5.7
1607105925 5.5
1607105926 5.3
1607105927 5.1
1607105928 5.4
1607105929 5.5
1607105930 5.7
1607105931 5.8
1607105932 5.9
1607105933 6.0
1607105934 6.0
1607105935 6.1
1607105936 6.1
1607105937 6.1
1607105938 6.1
1607105939 6.1
1607105940 5.9
1607105941 5.8
1607105942 5.4
1607105943 5.2
1607105944 5.4
1607105945 5.6
1607105946 5.8
1607105947 5.8
1607105948 5.9
1607105949 6.0
1607105950 6.0
1607105951 6.1
1607105952 6.1
1607105953 6.1
1607105954 6.1
1607105955 5.8
1607105956 5.6
1607105957 5.4
1607105958 5.2
1607105959 5.5
1607105960 5.7
1607105961 5.9
1607105962 6.0
1607105963 6.0
1607105964 6.1
1607105965 6.1
1607105966 6.2
1607105967 6.2
1607105968 6.2
1607105969 6.3
1607105970 6.3
1607105971 6.3
1607105972 6.3
1607105973 6.0
1607105974 5.7
1607105975 5.4
1607105976 5.1
1607105977 5.2
1607105978 5.5
1607105979 5.7
1607105980 5.8
1607105981 5.8
1607105982 5.9
1607105983 6.1
1607105984 6.1
1607105985 6.2
1607105986 6.2
1607105987 5.8
1607105988 5.5
1607105989 5.2
1607105990 5.0
1607105991 4.8
1607105992 4.6
1607105993 4.4
1607105994 4.3
1607105995 4.4
1607105996 4.7
1607105997 4.8
1607105998 4.7
1607105999 4.8
1607106000 5.2
1607106001 5.2
1607106002 5.2