1607075518 4.7
1607075519 4.5
1607075520 4.3
1607075521 4.7
1607075522 5.0
1607075523 5.1
1607075524 5.3
1607075525 5.4
1607075526 5.6
1607075527 5.6
1607075528 5.7
1607075529 5.7
1607075530 5.8
1607075531 5.8
1607075532 5.9
1607075533 6.0
1607075534 6.1
1607075535 6.1
1607075536 6.1
1607075537 6.1
1607075538 6.2
1607075539 6.2
1607075540 6.2
1607075541 6.2
1607075542 6.1
1607075543 6.2
1607075544 6.2
1607075545 6.1
1607075546 6.1
1607075547 6.1
1607075548 6.2
1607075549 6.1
1607075550 6.1
1607075551 6.1
1607075552 6.1
1607075553 6.0
1607075554 5.9
1607075555 5.9
1607075556 5.9
1607075557 6.0
1607075558 6.0
1607075559 5.9
1607075560 5.9
1607075561 5.8
1607075562 5.8
1607075563 5.8
1607075564 5.8
1607075565 5.8
1607075566 5.8
1607075567 5.7
1607075568 5.7
1607075569 5.8
1607075570 5.7
1607075571 5.7
1607075572 5.7
1607075573 5.7
1607075574 5.7
1607075575 5.7
1607075576 5.7
1607075577 5.7
1607075578 5.6
1607075579 5.6
1607075580 5.6
1607075581 5.7
1607075582 5.8
1607075583 5.6
1607075584 5.3
1607075585 5.1
1607075586 5.1
1607075587 5.2
1607075588 5.3
1607075589 5.5
1607075590 5.6
1607075591 5.7
1607075592 5.8
1607075593 5.8
1607075594 5.9
1607075595 5.9
1607075596 6.0
1607075597 6.0
1607075598 6.0
1607075599 6.0
1607075600 5.7
1607075601 5.4
1607075602 5.2
1607075603 5.1
1607075604 5.2
1607075605 5.4
1607075606 5.4
1607075607 5.2
1607075608 5.0
1607075609 4.9
1607075610 4.8
1607075611 4.9
1607075612 5.2
1607075613 5.4
1607075614 5.5
1607075615 5.7
1607075616 5.8
1607075617 5.8
1607075618 6.0
1607075619 6.0
1607075620 6.1
1607075621 6.1
1607075622 5.8
1607075623 5.6
1607075624 5.3
1607075625 5.1
1607075626 5.3
1607075627 5.5
1607075628 5.6
1607075629 5.7
1607075630 5.8
1607075631 5.8
1607075632 5.9
1607075633 6.0
1607075634 6.0
1607075635 5.8
1607075636 5.7
1607075637 5.5
1607075638 5.3
1607075639 5.0
1607075640 5.4
1607075641 5.6
1607075642 5.7
1607075643 5.8
1607075644 5.8
1607075645 5.9
1607075646 5.9
1607075647 6.0
1607075648 6.0
1607075649 6.0
1607075650 6.0
1607075651 5.8
1607075652 5.5
1607075653 5.5
1607075654 5.3
1607075655 5.3
1607075656 5.4
1607075657 5.6
1607075658 5.7
1607075659 5.8
1607075660 5.8
1607075661 5.9
1607075662 5.9
1607075663 6.0
1607075664 6.0
1607075665 6.1
1607075666 6.0
1607075667 6.1
1607075668 6.1
1607075669 6.0
1607075670 6.0
1607075671 5.8
1607075672 5.5
1607075673 5.2
1607075674 5.0
1607075675 4.9
1607075676 5.2
1607075677 5.4
1607075678 5.5
1607075679 5.7
1607075680 5.7
1607075681 5.8
1607075682 5.9
1607075683 6.0
1607075684 6.0
1607075685 6.0
1607075686 6.0
1607075687 6.0
1607075688 6.0
1607075689 6.0
1607075690 6.0
1607075691 6.0
1607075692 6.0
1607075693 5.9
1607075694 5.8
1607075695 5.8
1607075696 5.9
1607075697 5.9
1607075698 5.9
1607075699 5.9
1607075700 5.9
1607075701 6.0
1607075702 6.0
1607075703 6.0
1607075704 6.0
1607075705 6.0
1607075706 6.0
1607075707 6.0
1607075708 6.0
1607075709 6.0
1607075710 6.0
1607075711 6.0
1607075712 6.0
1607075713 6.0
1607075714 5.9
1607075715 5.9
1607075716 5.9
1607075717 5.9
1607075718 5.5
1607075719 5.3
1607075720 5.1
1607075721 5.0
1607075722 5.2
1607075723 5.4
1607075724 5.5
1607075725 5.6
1607075726 5.7
1607075727 5.8
1607075728 5.7
1607075729 5.5
1607075730 5.4
1607075731 5.3
1607075732 5.2
1607075733 5.0
1607075734 5.3
1607075735 5.5
1607075736 5.6
1607075737 5.7
1607075738 5.8
1607075739 5.8
1607075740 5.8
1607075741 5.9
1607075742 5.9
1607075743 5.9
1607075744 6.0
1607075745 5.9
1607075746 5.7
1607075747 5.7
1607075748 5.6
1607075749 5.3
1607075750 5.0
1607075751 4.8
1607075752 4.6
1607075753 4.4
1607075754 4.3
1607075755 4.7
1607075756 4.7
1607075757 4.6
1607075758 4.8
1607075760 5.1