		g3log created log at: Fri Dec 04 18:24:21 2020
		LOG format: [YYYY/MM/DD hh:mm:ss uuu* LEVEL FILE->FUNCTION:LINE] messagen
		(uuu*: microseconds fractions of the seconds value)

2020/12/04 18:24:21 423315	INFO [experimenter.cc->experiment_fentry:301]	2379463:	UpdateStyleAndLayoutTree	11110000	0
2020/12/04 18:24:21 436482	INFO [experimenter.cc->experiment_fentry:301]	2379463:	ParseSheet	11110000	0
2020/12/04 18:24:21 627758	INFO [experimenter.cc->experiment_fexit:326]	2379463:	ParseSheet	11110011	0	190.79
2020/12/04 18:24:21 628748	INFO [experimenter.cc->experiment_fentry:301]	2379463:	ParseSheet	11110000	0
2020/12/04 18:24:21 631929	INFO [experimenter.cc->experiment_fexit:326]	2379463:	ParseSheet	11110011	0	3.05411
2020/12/04 18:24:21 733253	INFO [experimenter.cc->experiment_fexit:326]	2379463:	UpdateStyleAndLayoutTree	11110011	0	309.329
2020/12/04 18:24:21 733913	INFO [experimenter.cc->experiment_fentry:301]	2379463:	UpdateStyleAndLayoutTree	11110000	0
2020/12/04 18:24:21 734032	INFO [experimenter.cc->experiment_fexit:326]	2379463:	UpdateStyleAndLayoutTree	11110011	0	0.053668
2020/12/04 18:24:22 369657	INFO [experimenter.cc->experiment_fentry:301]	2379463:	ResumeParsingAfterYield	00000110	5
2020/12/04 18:24:22 604348	INFO [experimenter.cc->experiment_fexit:326]	2379463:	ResumeParsingAfterYield	11110110	5	234.578
2020/12/04 18:24:22 676607	INFO [experimenter.cc->experiment_fentry:301]	2379463:	ExecuteScriptInMainWorld	00000110	5
2020/12/04 18:24:22 678706	INFO [experimenter.cc->experiment_fexit:326]	2379463:	ExecuteScriptInMainWorld	11110110	5	1.99708
2020/12/04 18:24:22 680320	INFO [experimenter.cc->experiment_fentry:301]	2379463:	ExecuteScriptInMainWorld	00000110	5
2020/12/04 18:24:22 681189	INFO [experimenter.cc->experiment_fexit:326]	2379463:	ExecuteScriptInMainWorld	11110110	5	0.776725
2020/12/04 18:24:22 706536	INFO [experimenter.cc->experiment_fentry:301]	2379463:	UpdateStyleAndLayoutTree	11110000	1
2020/12/04 18:24:22 715970	INFO [experimenter.cc->experiment_fexit:326]	2379463:	UpdateStyleAndLayoutTree	11110011	1	9.26878
2020/12/04 18:24:22 716335	INFO [experimenter.cc->experiment_fentry:301]	2379463:	UpdateStyleAndLayoutTree	11110000	1
2020/12/04 18:24:22 716426	INFO [experimenter.cc->experiment_fexit:326]	2379463:	UpdateStyleAndLayoutTree	11110011	1	0.0428762
2020/12/04 18:24:22 981263	INFO [experimenter.cc->experiment_fentry:301]	2379463:	ParseSheet	11110000	1
2020/12/04 18:24:22 993985	INFO [experimenter.cc->experiment_fexit:326]	2379463:	ParseSheet	11110011	1	12.5434
2020/12/04 18:24:23 185665	INFO [experimenter.cc->experiment_fentry:301]	2379463:	ParseSheet	11110000	1
2020/12/04 18:24:23 188448	INFO [experimenter.cc->experiment_fexit:326]	2379463:	ParseSheet	11110011	1	2.66881
2020/12/04 18:24:23 203207	INFO [experimenter.cc->experiment_fentry:301]	2379463:	ParseSheet	11110000	1
2020/12/04 18:24:23 240172	INFO [experimenter.cc->experiment_fexit:326]	2379463:	ParseSheet	11110011	1	36.7913
2020/12/04 18:24:23 254231	INFO [experimenter.cc->experiment_fentry:301]	2379463:	ParseSheet	11110000	1
2020/12/04 18:24:23 273463	INFO [experimenter.cc->experiment_fexit:326]	2379463:	ParseSheet	11110011	1	19.0576
2020/12/04 18:24:23 286330	INFO [experimenter.cc->experiment_fentry:301]	2379463:	ParseSheet	11110000	1
2020/12/04 18:24:23 287121	INFO [experimenter.cc->experiment_fexit:326]	2379463:	ParseSheet	11110011	1	0.682515
2020/12/04 18:24:23 307580	INFO [experimenter.cc->experiment_fentry:301]	2379463:	ParseSheet	11110000	1
2020/12/04 18:24:23 329387	INFO [experimenter.cc->experiment_fexit:326]	2379463:	ParseSheet	11110011	1	21.6389
2020/12/04 18:24:23 403642	INFO [experimenter.cc->experiment_fentry:301]	2379463:	ParseSheet	11110000	1
2020/12/04 18:24:23 499035	INFO [experimenter.cc->experiment_fexit:326]	2379463:	ParseSheet	11110011	1	95.2256
2020/12/04 18:24:23 514257	INFO [experimenter.cc->experiment_fentry:301]	2379463:	UpdateStyleAndLayoutTree	11110000	1
2020/12/04 18:24:23 598719	INFO [experimenter.cc->experiment_fexit:326]	2379463:	UpdateStyleAndLayoutTree	11110011	1	84.3045
2020/12/04 18:24:23 599053	INFO [experimenter.cc->experiment_fentry:301]	2379463:	UpdateStyleAndLayoutTree	11110000	1
2020/12/04 18:24:23 599139	INFO [experimenter.cc->experiment_fexit:326]	2379463:	UpdateStyleAndLayoutTree	11110011	1	0.039959
2020/12/04 18:24:23 637659	INFO [experimenter.cc->experiment_fentry:301]	2379463:	ExecuteScriptInMainWorld	00000110	5
2020/12/04 18:24:23 639636	INFO [experimenter.cc->experiment_fexit:326]	2379463:	ExecuteScriptInMainWorld	11110110	5	1.87546
