1607106248 5.2
1607106249 5.0
1607106250 4.7
1607106251 4.7
1607106252 4.9
1607106253 5.2
1607106254 5.3
1607106255 5.5
1607106256 5.6
1607106257 5.7
1607106258 5.7
1607106259 5.8
1607106260 5.9
1607106261 5.9
1607106262 6.0
1607106263 6.1
1607106264 6.1
1607106265 6.2
1607106266 6.2
1607106267 6.2
1607106268 6.2
1607106269 6.2
1607106270 6.2
1607106271 6.2
1607106272 6.3
1607106273 6.3
1607106274 6.3
1607106275 6.2
1607106276 6.1
1607106277 5.8
1607106278 5.6
1607106279 5.4
1607106280 5.3
1607106281 5.4
1607106282 5.6
1607106283 5.7
1607106284 5.8
1607106285 5.9
1607106286 5.9
1607106287 6.0
1607106288 5.9
1607106289 5.7
1607106290 5.4
1607106291 5.2
1607106292 5.1
1607106293 5.2
1607106294 5.4
1607106295 5.6
1607106296 5.7
1607106297 5.8
1607106298 5.9
1607106299 6.0
1607106300 6.1
1607106301 6.2
1607106302 6.2
1607106303 6.2
1607106304 6.3
1607106305 6.1
1607106306 6.0
1607106307 5.8
1607106308 5.5
1607106309 5.3
1607106310 5.4
1607106311 5.6
1607106312 5.4
1607106313 5.2
1607106314 5.0
1607106315 4.9
1607106316 4.8
1607106317 5.1
1607106318 5.4
1607106319 5.5
1607106320 5.7
1607106321 5.8
1607106322 5.9
1607106323 6.0
1607106324 6.1
1607106325 6.1
1607106326 6.1
1607106327 6.2
1607106328 6.2
1607106329 6.2
1607106330 6.2
1607106331 6.2
1607106332 6.2
1607106333 6.2
1607106334 6.2
1607106335 6.2
1607106336 6.2
1607106337 6.1
1607106338 6.0
1607106339 5.7
1607106340 5.6
1607106341 5.4
1607106342 5.3
1607106343 5.5
1607106344 5.6
1607106345 5.7
1607106346 5.8
1607106347 5.9
1607106348 5.9
1607106349 6.0
1607106350 6.0
1607106351 6.0
1607106352 6.1
1607106353 6.1
1607106354 6.1
1607106355 6.0
1607106356 6.0
1607106357 6.0
1607106358 6.1
1607106359 6.0
1607106360 5.9
1607106361 5.8
1607106362 5.9
1607106363 6.0
1607106364 6.0
1607106365 6.1
1607106366 6.1
1607106367 6.1
1607106368 6.1
1607106369 6.1
1607106370 6.2
1607106371 6.2
1607106372 6.0
1607106373 5.8
1607106374 5.6
1607106375 5.6
1607106376 5.5
1607106377 5.6
1607106378 5.7
1607106379 5.8
1607106380 5.8
1607106381 5.9
1607106382 6.0
1607106383 6.0
1607106384 6.0
1607106385 6.0
1607106386 6.0
1607106387 6.0
1607106388 6.0
1607106389 6.0
1607106390 6.1
1607106391 6.1
1607106392 6.0
1607106393 6.0
1607106394 6.0
1607106395 5.9
1607106396 5.9
1607106397 5.9
1607106398 5.9
1607106399 5.9
1607106400 5.9
1607106401 5.8
1607106402 5.8
1607106403 5.9
1607106404 5.9
1607106405 5.9
1607106406 5.9
1607106407 5.9
1607106408 5.9
1607106409 5.8
1607106410 5.8
1607106411 5.8
1607106412 5.8
1607106413 5.8
1607106414 5.8
1607106415 5.7
1607106416 5.8
1607106417 5.8
1607106418 5.8
1607106419 5.8
1607106420 5.7
1607106421 5.7
1607106422 5.8
1607106423 5.8
1607106424 5.7
1607106425 5.5
1607106426 5.4
1607106427 5.2
1607106428 5.2
1607106429 5.4
1607106430 5.5
1607106431 5.6
1607106432 5.7
1607106433 5.8
1607106434 5.9
1607106435 5.9
1607106436 5.9
1607106437 6.0
1607106438 6.0
1607106439 5.8
1607106440 5.5
1607106441 5.4
1607106442 5.2
1607106443 5.4
1607106444 5.5
1607106445 5.6
1607106446 5.7
1607106447 5.8
1607106448 5.8
1607106449 5.9
1607106450 5.9
1607106451 6.1
1607106452 6.1
1607106453 6.1
1607106454 6.0
1607106455 6.1
1607106456 6.1
1607106457 6.1
1607106458 5.9
1607106459 5.6
1607106460 5.3
1607106461 5.1
1607106462 4.8
1607106463 5.1
1607106464 5.4
1607106465 5.5
1607106466 5.6
1607106467 5.8
1607106468 5.9
1607106469 5.9
1607106470 5.9
1607106471 6.0
1607106472 6.0
1607106473 6.0
1607106474 5.7
1607106475 5.5
1607106476 5.4
1607106477 5.3
1607106478 5.2
1607106479 5.0
1607106480 4.8
1607106481 4.6
1607106482 4.4
1607106483 4.5
1607106484 4.7
1607106485 4.7
1607106486 4.7
1607106487 5.2
1607106489 5.3
1607106491 5.1