1607101263 4.9
1607101264 4.7
1607101265 4.5
1607101266 4.5
1607101267 4.8
1607101268 5.2
1607101269 5.3
1607101270 5.4
1607101271 5.6
1607101272 5.7
1607101273 5.8
1607101274 5.8
1607101275 5.9
1607101276 5.9
1607101277 6.0
1607101278 6.1
1607101279 6.1
1607101280 6.2
1607101281 6.2
1607101282 6.2
1607101283 6.3
1607101284 6.3
1607101285 6.3
1607101286 6.3
1607101287 6.3
1607101288 6.2
1607101289 6.3
1607101290 6.1
1607101291 5.9
1607101292 5.7
1607101293 5.6
1607101294 5.6
1607101295 5.7
1607101296 5.8
1607101297 5.9
1607101298 6.0
1607101299 6.0
1607101300 6.1
1607101301 6.1
1607101302 6.1
1607101303 6.1
1607101304 6.2
1607101305 6.2
1607101306 6.2
1607101307 6.0
1607101308 5.7
1607101309 5.5
1607101310 5.4
1607101311 5.3
1607101312 5.5
1607101313 5.6
1607101314 5.7
1607101315 5.8
1607101316 5.9
1607101317 5.9
1607101318 6.0
1607101319 6.0
1607101320 6.1
1607101321 6.1
1607101322 6.2
1607101323 6.2
1607101324 6.0
1607101325 5.9
1607101326 5.8
1607101327 5.5
1607101328 5.5
1607101329 5.6
1607101330 5.7
1607101331 5.8
1607101332 5.9
1607101333 6.0
1607101334 6.0
1607101335 6.1
1607101336 6.1
1607101337 6.1
1607101338 6.1
1607101339 6.2
1607101340 6.2
1607101341 6.2
1607101342 6.2
1607101343 6.2
1607101344 6.1
1607101345 6.1
1607101346 6.2
1607101347 6.1
1607101348 6.0
1607101349 6.0
1607101350 5.9
1607101351 6.0
1607101352 6.0
1607101353 5.9
1607101354 5.9
1607101355 5.8
1607101356 5.8
1607101357 5.9
1607101358 5.9
1607101359 5.8
1607101360 5.8
1607101361 5.9
1607101362 5.8
1607101363 5.9
1607101364 5.9
1607101365 5.8
1607101366 5.8
1607101367 5.7
1607101368 5.7
1607101369 5.8
1607101370 5.8
1607101371 5.8
1607101372 5.8
1607101373 5.8
1607101374 5.8
1607101375 5.8
1607101376 5.8
1607101377 5.5
1607101378 5.3
1607101379 5.1
1607101380 4.8
1607101381 5.1
1607101382 5.3
1607101383 5.5
1607101384 5.7
1607101385 5.8
1607101386 5.9
1607101387 5.9
1607101388 5.8
1607101389 5.5
1607101390 5.5
1607101391 5.5
1607101392 5.4
1607101393 5.5
1607101394 5.6
1607101395 5.7
1607101396 5.8
1607101397 5.9
1607101398 6.0
1607101399 6.0
1607101400 6.0
1607101401 6.0
1607101402 5.8
1607101403 5.6
1607101404 5.3
1607101405 5.0
1607101406 4.9
1607101407 5.2
1607101408 5.4
1607101409 5.6
1607101410 5.7
1607101411 5.8
1607101412 5.9
1607101413 6.0
1607101414 6.1
1607101415 6.1
1607101416 6.1
1607101417 6.1
1607101418 6.1
1607101419 5.9
1607101420 5.6
1607101421 5.5
1607101422 5.3
1607101423 5.2
1607101424 5.5
1607101425 5.6
1607101426 5.8
1607101427 5.9
1607101428 5.9
1607101429 6.0
1607101430 6.1
1607101431 6.1
1607101432 6.1
1607101433 6.1
1607101434 6.2
1607101435 6.2
1607101436 6.2
1607101437 6.2
1607101438 6.2
1607101439 6.1
1607101440 5.9
1607101441 5.9
1607101442 6.0
1607101443 5.9
1607101444 5.6
1607101445 5.3
1607101446 5.2
1607101447 5.1
1607101448 5.3
1607101449 5.6
1607101450 5.7
1607101451 5.8
1607101452 5.9
1607101453 6.0
1607101454 6.0
1607101455 6.0
1607101456 6.1
1607101457 6.2
1607101458 6.2
1607101459 6.2
1607101460 6.1
1607101461 6.2
1607101462 6.1
1607101463 6.2
1607101464 6.2
1607101465 6.2
1607101466 6.2
1607101467 6.2
1607101468 6.0
1607101469 5.7
1607101470 5.6
1607101471 5.6
1607101472 5.6
1607101473 5.7
1607101474 5.8
1607101475 5.8
1607101476 5.9
1607101477 6.0
1607101478 6.0
1607101479 6.0
1607101480 6.0
1607101481 6.1
1607101482 6.1
1607101483 6.1
1607101484 6.1
1607101485 6.1
1607101486 6.1
1607101487 6.1
1607101488 5.9
1607101489 5.6
1607101490 5.4
1607101491 5.1
1607101492 4.9
1607101493 4.7
1607101494 4.5
1607101495 4.4
1607101496 4.2
1607101497 4.1
1607101498 4.5
1607101499 4.6
1607101500 4.6
1607101501 5.0
1607101503 5.1
1607101510 5.2