1607075028 4.9
1607075029 4.7
1607075030 4.5
1607075031 4.6
1607075033 5.1
1607075035 5.4
1607075036 5.6
1607075037 5.6
1607075038 5.7
1607075039 5.8
1607075040 5.8
1607075041 5.9
1607075042 5.9
1607075043 6.0
1607075044 6.1
1607075045 6.1
1607075046 6.1
1607075047 6.1
1607075048 6.2
1607075049 6.2
1607075050 6.2
1607075051 6.3
1607075052 6.3
1607075053 6.3
1607075054 6.2
1607075055 6.2
1607075056 6.2
1607075057 6.2
1607075058 6.2
1607075059 6.2
1607075060 6.1
1607075061 5.9
1607075062 5.8
1607075063 5.9
1607075064 5.9
1607075065 5.9
1607075066 6.0
1607075067 6.0
1607075068 6.0
1607075069 6.0
1607075070 6.0
1607075071 6.0
1607075072 6.0
1607075073 6.0
1607075074 5.8
1607075075 5.5
1607075076 5.3
1607075077 5.1
1607075078 4.9
1607075079 5.2
1607075080 5.3
1607075081 5.5
1607075082 5.6
1607075083 5.7
1607075084 5.7
1607075085 5.8
1607075086 5.8
1607075087 5.8
1607075088 5.6
1607075089 5.4
1607075090 5.1
1607075091 4.9
1607075092 4.9
1607075093 5.2
1607075094 5.4
1607075095 5.5
1607075096 5.6
1607075097 5.6
1607075098 5.7
1607075099 5.8
1607075100 5.8
1607075101 5.9
1607075102 5.9
1607075103 5.9
1607075104 5.9
1607075105 5.6
1607075106 5.5
1607075107 5.4
1607075108 5.1
1607075109 5.1
1607075110 5.3
1607075111 5.5
1607075112 5.6
1607075113 5.8
1607075114 5.9
1607075115 6.0
1607075116 6.0
1607075117 6.0
1607075118 6.0
1607075119 6.0
1607075120 6.0
1607075121 6.0
1607075122 6.0
1607075123 6.0
1607075124 6.0
1607075125 6.0
1607075126 6.0
1607075127 6.0
1607075128 5.9
1607075129 5.9
1607075130 5.9
1607075131 5.8
1607075132 5.8
1607075133 5.8
1607075134 5.7
1607075135 5.7
1607075136 5.8
1607075137 5.7
1607075138 5.8
1607075139 5.7
1607075140 5.7
1607075141 5.7
1607075142 5.7
1607075143 5.6
1607075144 5.7
1607075145 5.7
1607075146 5.7
1607075147 5.6
1607075148 5.6
1607075149 5.6
1607075150 5.6
1607075151 5.6
1607075152 5.6
1607075153 5.6
1607075154 5.5
1607075155 5.6
1607075156 5.7
1607075157 5.7
1607075158 5.5
1607075159 5.3
1607075160 5.1
1607075161 4.9
1607075162 5.1
1607075163 5.3
1607075164 5.4
1607075165 5.5
1607075166 5.6
1607075167 5.7
1607075168 5.8
1607075169 5.8
1607075170 5.8
1607075171 5.9
1607075172 5.9
1607075173 5.9
1607075174 5.8
1607075175 5.7
1607075176 5.6
1607075177 5.4
1607075178 5.2
1607075179 5.4
1607075180 5.5
1607075181 5.3
1607075182 5.1
1607075183 4.9
1607075184 4.9
1607075185 4.8
1607075186 4.9
1607075187 5.2
1607075188 5.4
1607075189 5.5
1607075190 5.6
1607075191 5.7
1607075192 5.8
1607075193 5.8
1607075194 5.8
1607075195 5.9
1607075196 6.0
1607075197 6.0
1607075198 6.0
1607075199 6.0
1607075200 6.0
1607075201 6.0
1607075202 5.7
1607075203 5.4
1607075204 5.2
1607075205 4.9
1607075206 5.0
1607075207 5.3
1607075208 5.4
1607075209 5.5
1607075210 5.7
1607075211 5.7
1607075212 5.8
1607075213 5.9
1607075214 5.9
1607075215 5.9
1607075216 6.0
1607075217 5.9
1607075218 6.0
1607075219 6.0
1607075220 6.0
1607075221 6.0
1607075222 6.0
1607075223 6.0
1607075224 6.0
1607075225 6.0
1607075226 5.9
1607075227 5.9
1607075228 5.9
1607075229 5.6
1607075230 5.4
1607075231 5.3
1607075232 5.1
1607075233 5.3
1607075234 5.4
1607075235 5.5
1607075236 5.7
1607075237 5.7
1607075238 5.8
1607075239 5.9
1607075240 5.8
1607075241 5.6
1607075242 5.6
1607075243 5.5
1607075244 5.5
1607075245 5.5
1607075246 5.6
1607075247 5.7
1607075248 5.8
1607075249 5.8
1607075250 5.9
1607075251 5.9
1607075252 5.9
1607075253 5.9
1607075254 5.9
1607075255 6.0
1607075256 5.8
1607075257 5.7
1607075258 5.5
1607075259 5.3
1607075260 5.0
1607075261 4.9
1607075262 4.8
1607075263 4.8
1607075264 4.8
1607075265 4.8
1607075266 5.0
1607075267 4.9
1607075268 5.0
1607075269 5.2
1607075271 5.2
1607075273 4.9