1607140540 3.8
1607140541 3.7
1607140542 3.6
1607140543 3.9
1607140544 4.2
1607140545 4.6
1607140546 5.0
1607140547 5.3
1607140548 5.6
1607140549 5.9
1607140550 6.1
1607140551 6.3
1607140552 6.6
1607140553 6.8
1607140554 7.0
1607140555 7.2
1607140556 7.3
1607140557 7.4
1607140558 7.4
1607140559 7.5
1607140560 7.5
1607140561 7.6
1607140562 7.6
1607140563 7.7
1607140564 7.7
1607140565 7.6
1607140566 7.2
1607140567 6.8
1607140568 6.5
1607140569 6.1
1607140570 6.0
1607140571 6.3
1607140572 6.7
1607140573 6.9
1607140574 6.9
1607140575 7.1
1607140576 7.2
1607140577 7.2
1607140578 7.3
1607140579 7.0
1607140580 6.6
1607140581 6.2
1607140582 5.8
1607140583 5.6
1607140584 5.9
1607140585 6.3
1607140586 6.6
1607140587 6.9
1607140588 6.9
1607140589 7.0
1607140590 7.1
1607140591 7.2
1607140592 7.2
1607140593 7.3
1607140594 7.4
1607140595 7.5
1607140596 7.6
1607140597 7.6
1607140598 7.6
1607140599 7.4
1607140600 7.0
1607140601 6.8
1607140602 7.0
1607140603 7.2
1607140604 7.3
1607140605 7.4
1607140606 7.4
1607140607 7.5
1607140608 7.5
1607140609 7.5
1607140610 7.5
1607140611 7.5
1607140612 7.5
1607140613 7.5
1607140614 7.5
1607140615 7.4
1607140616 7.2
1607140617 6.9
1607140618 6.6
1607140619 6.2
1607140620 5.9
1607140621 6.2
1607140622 6.4
1607140623 6.5
1607140624 6.7
1607140625 6.8
1607140626 6.8
1607140627 6.8
1607140628 6.9
1607140629 6.9
1607140630 6.9
1607140631 7.0
1607140632 7.0
1607140633 7.0
1607140634 7.0
1607140635 7.0
1607140636 7.0
1607140637 7.0
1607140638 7.0
1607140639 6.9
1607140640 6.8
1607140641 6.8
1607140642 6.7
1607140643 6.8
1607140644 6.7
1607140645 6.6
1607140646 6.5
1607140647 6.5
1607140648 6.4
1607140649 6.5
1607140650 6.5
1607140651 6.4
1607140652 6.4
1607140653 6.3
1607140654 6.3
1607140655 6.3
1607140656 6.4
1607140657 6.3
1607140658 6.3
1607140659 6.2
1607140660 6.2
1607140661 6.3
1607140662 6.3
1607140663 6.2
1607140664 6.2
1607140665 6.2
1607140666 6.2
1607140667 6.3
1607140668 6.2
1607140669 5.9
1607140670 5.6
1607140671 5.3
1607140672 5.0
1607140673 5.3
1607140674 5.6
1607140675 5.8
1607140676 5.9
1607140677 6.1
1607140678 6.2
1607140679 6.3
1607140680 6.4
1607140681 6.4
1607140682 6.5
1607140683 6.5
1607140684 6.5
1607140685 6.4
1607140686 6.2
1607140687 6.1
1607140688 5.8
1607140689 5.7
1607140690 5.8
1607140691 5.9
1607140692 5.7
1607140693 5.4
1607140694 5.2
1607140695 5.1
1607140696 5.0
1607140697 5.4
1607140698 5.7
1607140699 5.9
1607140700 6.1
1607140701 6.2
1607140702 6.3
1607140703 6.2
1607140704 6.1
1607140705 5.9
1607140706 5.7
1607140707 5.5
1607140708 5.4
1607140709 5.7
1607140710 5.9
1607140711 6.0
1607140712 6.1
1607140713 6.2
1607140714 6.2
1607140715 6.3
1607140716 6.4
1607140717 6.4
1607140718 6.4
1607140719 6.2
1607140720 5.9
1607140721 5.6
1607140722 5.3
1607140723 5.1
1607140724 5.3
1607140725 5.6
1607140726 5.7
1607140727 5.8
1607140728 6.0
1607140729 6.1
1607140730 6.1
1607140731 6.2
1607140732 6.3
1607140733 6.3
1607140734 6.4
1607140735 6.2
1607140736 6.0
1607140737 5.9
1607140738 5.8
1607140739 5.8
1607140740 6.0
1607140741 6.1
1607140742 6.1
1607140743 6.2
1607140744 6.2
1607140745 6.3
1607140746 6.3
1607140747 6.4
1607140748 6.4
1607140749 6.4
1607140750 6.4
1607140751 6.4
1607140752 6.4
1607140753 6.4
1607140754 6.4
1607140755 6.4
1607140756 6.4
1607140757 6.3
1607140758 6.3
1607140759 6.3
1607140760 6.2
1607140761 5.9
1607140762 5.7
1607140763 5.4
1607140764 5.3
1607140765 5.3
1607140766 5.2
1607140767 4.9
1607140768 4.7
1607140769 4.5
1607140770 4.8
1607140771 4.9
1607140772 4.8
1607140773 5.0
1607140775 5.3