1607107220 5.0
1607107221 4.8
1607107222 4.6
1607107223 4.7
1607107224 4.9
1607107225 5.2
1607107226 5.4
1607107227 5.5
1607107228 5.6
1607107229 5.7
1607107230 5.8
1607107231 5.9
1607107232 5.9
1607107233 5.9
1607107234 6.1
1607107235 6.2
1607107236 6.2
1607107237 6.2
1607107238 6.3
1607107239 6.3
1607107240 6.3
1607107241 6.3
1607107242 6.3
1607107243 6.4
1607107244 6.4
1607107245 6.5
1607107246 6.4
1607107247 6.4
1607107248 6.4
1607107249 6.4
1607107250 6.4
1607107251 6.4
1607107252 6.4
1607107253 6.3
1607107254 6.3
1607107255 6.3
1607107256 6.3
1607107257 6.2
1607107258 6.2
1607107259 6.2
1607107260 6.1
1607107261 6.1
1607107262 6.1
1607107263 6.0
1607107264 6.0
1607107265 5.9
1607107266 5.9
1607107267 5.9
1607107268 5.9
1607107269 5.6
1607107270 5.3
1607107271 5.1
1607107272 4.8
1607107273 4.9
1607107274 5.2
1607107275 5.4
1607107276 5.6
1607107277 5.7
1607107278 5.8
1607107279 5.9
1607107280 5.9
1607107281 6.0
1607107282 6.1
1607107283 6.1
1607107284 6.1
1607107285 6.1
1607107286 6.2
1607107287 6.2
1607107288 6.2
1607107289 6.1
1607107290 6.1
1607107291 6.1
1607107292 6.1
1607107293 6.1
1607107294 6.1
1607107295 5.8
1607107296 5.6
1607107297 5.4
1607107298 5.3
1607107299 5.3
1607107300 5.5
1607107301 5.6
1607107302 5.7
1607107303 5.8
1607107304 5.9
1607107305 5.9
1607107306 6.0
1607107307 6.1
1607107308 6.1
1607107309 6.1
1607107310 6.1
1607107311 6.1
1607107312 5.9
1607107313 5.8
1607107314 5.7
1607107315 5.4
1607107316 5.1
1607107317 5.2
1607107318 5.4
1607107319 5.6
1607107320 5.7
1607107321 5.7
1607107322 5.9
1607107323 5.9
1607107324 6.0
1607107325 6.0
1607107326 6.1
1607107327 5.9
1607107328 5.7
1607107329 5.4
1607107330 5.2
1607107331 5.0
1607107332 5.2
1607107333 5.4
1607107334 5.6
1607107335 5.7
1607107336 5.8
1607107337 5.9
1607107338 6.0
1607107339 6.0
1607107340 6.0
1607107341 6.1
1607107342 5.9
1607107343 5.7
1607107344 5.4
1607107345 5.4
1607107346 5.5
1607107347 5.6
1607107348 5.7
1607107349 5.7
1607107350 5.8
1607107351 5.9
1607107352 6.0
1607107353 6.0
1607107354 6.0
1607107355 6.1
1607107356 6.1
1607107357 6.1
1607107358 6.1
1607107359 6.1
1607107360 6.1
1607107361 6.2
1607107362 6.2
1607107363 6.2
1607107364 6.2
1607107365 6.1
1607107366 6.0
1607107367 6.0
1607107368 6.0
1607107369 6.0
1607107370 6.0
1607107371 6.0
1607107372 6.0
1607107373 6.0
1607107374 6.0
1607107375 6.1
1607107376 6.0
1607107377 6.0
1607107378 5.9
1607107379 5.8
1607107380 5.8
1607107381 5.9
1607107382 5.8
1607107383 5.8
1607107384 5.9
1607107385 5.9
1607107386 5.8
1607107387 5.8
1607107388 5.9
1607107389 5.9
1607107390 5.8
1607107391 5.8
1607107392 5.8
1607107393 5.8
1607107394 5.8
1607107395 5.6
1607107396 5.4
1607107397 5.2
1607107398 4.9
1607107399 5.1
1607107400 5.3
1607107401 5.5
1607107402 5.6
1607107403 5.7
1607107404 5.8
1607107405 5.8
1607107406 5.9
1607107407 5.9
1607107408 6.0
1607107409 6.0
1607107410 6.0
1607107411 5.7
1607107412 5.5
1607107413 5.4
1607107414 5.3
1607107415 5.2
1607107416 5.4
1607107417 5.4
1607107418 5.2
1607107419 4.9
1607107420 4.8
1607107421 4.8
1607107422 4.8
1607107423 5.2
1607107424 5.4
1607107425 5.5
1607107426 5.7
1607107427 5.8
1607107428 5.9
1607107429 6.0
1607107430 6.0
1607107431 6.1
1607107432 6.1
1607107433 6.1
1607107434 5.9
1607107435 5.9
1607107436 5.6
1607107437 5.4
1607107438 5.4
1607107439 5.6
1607107440 5.7
1607107441 5.8
1607107442 5.9
1607107443 6.0
1607107444 6.0
1607107445 6.0
1607107446 5.7
1607107447 5.4
1607107448 5.2
1607107449 5.0
1607107450 4.8
1607107451 4.6
1607107452 4.4
1607107453 4.3
1607107454 4.5
1607107455 4.8
1607107456 4.9
1607107457 4.8
1607107458 4.9
1607107459 5.2
1607107461 5.3
1607107468 5.3
1607107475 5.9
1607107476 6.0
1607107477 6.1
1607107478 6.2
1607107479 6.2
1607107480 6.3
1607107481 6.3
1607107482 6.3
1607107483 6.3
1607107484 6.3
1607107485 6.3
1607107486 6.2
1607107487 5.9
1607107488 5.8
1607107489 5.7
1607107490 5.5
1607107491 5.6
1607107492 5.8
1607107493 5.9
1607107494 6.0
1607107495 6.1
1607107496 6.2
1607107497 6.2
1607107498 6.2
1607107499 6.2
1607107500 6.2
1607107501 6.2
1607107502 6.2
1607107503 6.1
1607107504 5.9
1607107505 5.7
1607107506 5.6
1607107507 5.3
1607107508 5.3
1607107509 5.5
1607107510 5.5
1607107511 5.3
1607107512 5.0
1607107513 4.9
1607107514 4.8
1607107515 4.8
1607107516 5.1
1607107517 5.4
1607107518 5.5
1607107519 5.7
1607107520 5.8
1607107521 5.9
1607107522 5.9
1607107523 6.0
1607107524 6.0
1607107525 5.7
1607107526 5.5
1607107527 5.2
1607107528 4.9
1607107529 5.2
1607107530 5.5
1607107531 5.7
1607107532 5.8
1607107533 5.9
1607107534 6.0
1607107535 6.1
1607107536 6.1
1607107537 6.2
1607107538 6.2
1607107539 6.2
1607107540 6.0
1607107541 5.7
1607107542 5.6
1607107543 5.5
1607107544 5.3
1607107545 5.6
1607107546 5.7
1607107547 5.8
1607107548 5.9
1607107549 6.0
1607107550 6.0
1607107551 6.0
1607107552 6.0
1607107553 6.1
1607107554 6.1
1607107555 6.1
1607107556 6.1
1607107557 6.1
1607107558 6.2
1607107559 6.2
1607107560 6.3
1607107561 6.2
1607107562 6.2
1607107563 6.2
1607107564 6.1
1607107565 6.1
1607107566 6.1
1607107567 6.1
1607107568 6.1
1607107569 6.0
1607107570 5.9
1607107571 5.9
1607107572 5.9
1607107573 5.9
1607107574 5.9
1607107575 5.9
1607107576 5.9
1607107577 5.9
1607107578 5.9
1607107579 5.8
1607107580 5.9
1607107581 5.9
1607107582 5.8
1607107583 5.8
1607107584 5.8
1607107585 5.8
1607107586 5.8
1607107587 5.8
1607107588 5.7
1607107589 5.7
1607107590 5.7
1607107591 5.8
1607107592 5.8
1607107593 5.9
1607107594 5.7
1607107595 5.4
1607107596 5.1
1607107597 4.9
1607107598 5.1
1607107599 5.2
1607107600 5.4
1607107601 5.6
1607107602 5.6
1607107603 5.7
1607107604 5.8
1607107605 5.9
1607107606 5.9
1607107607 6.0
1607107608 6.0
1607107609 6.0
1607107610 6.1
1607107611 6.1
1607107612 6.1
1607107613 6.1
1607107614 5.9
1607107615 5.7
1607107616 5.7
1607107617 5.7
1607107618 5.6
1607107619 5.7
1607107620 5.8
1607107621 5.9
1607107622 6.0
1607107623 6.1
1607107624 6.1
1607107625 6.1
1607107626 6.1
1607107627 6.1
1607107628 6.1
1607107629 6.1
1607107630 6.1
1607107631 5.9
1607107632 5.6
1607107633 5.3
1607107634 5.1
1607107635 4.9
1607107636 5.2
1607107637 5.4
1607107638 5.5
1607107639 5.7
1607107640 5.8
1607107641 5.9
1607107642 5.9
1607107643 5.9
1607107644 6.0
1607107645 6.0
1607107646 6.1
1607107647 6.1
1607107648 6.1
1607107649 6.1
1607107650 6.1
1607107651 6.1
1607107652 6.1
1607107653 6.1
1607107654 6.1
1607107655 6.1
1607107656 6.1
1607107657 6.0
1607107658 5.7
1607107659 5.4
1607107660 5.2
1607107661 5.0
1607107662 5.3
1607107663 5.5
1607107664 5.6
1607107665 5.7
1607107666 5.8
1607107667 5.9
1607107668 5.9
1607107669 6.0
1607107670 6.0
1607107671 6.0
1607107672 6.1
1607107673 6.1
1607107674 6.1
1607107675 6.1
1607107676 6.0
1607107677 6.1
1607107678 6.0
1607107679 5.8
1607107680 5.7
1607107681 5.9
1607107682 5.9
1607107683 6.0
1607107684 6.0
1607107685 6.1
1607107686 6.1
1607107687 6.1
1607107688 6.1
1607107689 6.1
1607107690 6.1
1607107691 6.1
1607107692 6.0
1607107693 5.8
1607107694 5.5
1607107695 5.3
1607107696 5.1
1607107697 5.0
1607107698 4.8
1607107699 4.7
1607107700 4.6
1607107701 4.5
1607107702 4.9
1607107703 4.9
1607107704 4.9
1607107705 4.8
1607107706 4.7
1607107707 4.5
1607107708 4.4
1607107709 4.2
1607107710 4.1
1607107711 4.0
1607107712 3.9
1607107713 3.8
1607107714 3.7
1607107715 3.6
1607107716 3.6
1607107717 3.5
1607107718 3.5
1607107719 3.4
1607107720 3.4
1607107721 3.4
1607107722 3.3
1607107723 3.3
1607107724 3.3
1607107725 3.3
1607107726 3.3
1607107727 3.2
1607107728 3.2
1607107729 3.2
1607107730 3.2
1607107731 3.2
1607107732 3.2
1607107733 3.2
1607107734 3.2
1607107735 3.1
1607107736 3.1
1607107737 3.1
1607107738 3.1
1607107739 3.1
1607107740 3.1
1607107741 3.1
1607107742 3.1
1607107743 3.1
1607107744 3.1
1607107745 3.1
1607107746 3.1
1607107747 3.1
1607107748 3.2
1607107749 3.3
1607107750 3.4
1607107751 3.5
1607107752 3.4
1607107753 3.4
1607107754 3.3
1607107755 3.3
1607107756 3.3
1607107757 3.2
1607107758 3.2
1607107759 3.2
1607107760 3.2
1607107761 3.1
1607107762 3.1
1607107763 3.1
1607107764 3.1
1607107765 3.1
1607107766 3.1
1607107767 3.1
1607107768 3.1
1607107769 3.0
1607107770 3.1
1607107771 3.0
1607107772 3.0
1607107773 3.1
1607107774 3.0
1607107775 3.0
1607107776 3.0
1607107777 3.0
1607107778 3.0
1607107779 3.0
1607107780 3.0
1607107781 3.0
1607107782 3.0
1607107783 3.0
1607107784 3.0
1607107785 3.0
1607107786 3.0
1607107787 3.0
1607107788 3.0
1607107789 2.9
1607107790 2.9
1607107791 3.0
1607107792 3.0
1607107793 2.9
1607107794 2.9
1607107795 2.9
1607107796 2.9
1607107797 2.9
1607107798 2.9
1607107799 2.9
1607107800 2.9
1607107801 2.9
1607107802 2.9
1607107803 3.0
1607107804 3.0
1607107805 2.9
1607107806 2.9
1607107807 2.9
1607107808 2.9
1607107809 2.9
1607107810 3.0
1607107811 3.0
1607107812 3.1
1607107813 3.1
1607107814 3.1
1607107815 3.1
1607107816 3.1
1607107817 3.0
1607107818 3.0
1607107819 3.0
1607107820 3.0
1607107821 3.0
1607107822 3.0
1607107823 2.9
1607107824 2.9
1607107825 2.9
1607107826 3.0
1607107827 2.9
1607107828 2.9
1607107829 2.9
1607107830 2.9
1607107831 2.9
1607107832 2.9
1607107833 2.9
1607107834 2.9
1607107835 2.9
1607107836 2.9
1607107837 2.9
1607107838 2.9
1607107839 2.9
1607107840 2.9
1607107841 2.9
1607107842 2.9
1607107843 2.9
1607107844 2.9
1607107845 2.9
1607107846 2.9
1607107847 2.9
1607107848 2.9
1607107849 2.9
1607107850 2.9
1607107851 2.9
1607107852 2.9
1607107853 2.9
1607107854 2.9
1607107855 2.9
1607107856 2.9
1607107857 2.9
1607107858 2.9
1607107859 2.9
1607107860 2.9
1607107861 2.8
1607107862 2.8
1607107863 2.9
1607107864 2.8
1607107865 2.8
1607107866 2.9
1607107867 2.8
1607107868 2.8
1607107869 2.9
1607107870 2.9
1607107871 2.9
1607107872 2.9
1607107873 2.9
1607107874 2.9
1607107875 3.0
1607107876 3.1
1607107877 3.2
1607107878 3.1
1607107879 3.1
1607107880 3.1
1607107881 3.0
1607107882 3.0
1607107883 3.0
1607107884 3.0
1607107885 3.0
1607107886 2.9
1607107887 2.9
1607107888 2.9
1607107889 2.9
1607107890 2.9
1607107891 2.9
1607107892 2.9
1607107893 2.9
1607107894 2.9
1607107895 2.9
1607107896 2.9
1607107897 2.9
1607107898 2.9
1607107899 2.9
1607107900 2.9
1607107901 2.9
1607107902 2.9
1607107903 2.9
1607107904 2.9
1607107905 2.8
1607107906 2.9
1607107907 2.9
1607107908 2.9
1607107909 2.9