1607114448 4.8
1607114449 4.6
1607114450 4.5
1607114451 4.7
1607114452 5.0
1607114453 5.2
1607114454 5.4
1607114455 5.5
1607114456 5.6
1607114457 5.7
1607114458 5.8
1607114459 5.8
1607114460 5.9
1607114461 5.9
1607114462 6.0
1607114463 6.1
1607114464 6.1
1607114465 6.1
1607114466 6.2
1607114467 6.2
1607114468 6.3
1607114469 6.3
1607114470 6.3
1607114471 6.3
1607114472 6.3
1607114473 6.3
1607114474 6.3
1607114475 6.1
1607114476 5.8
1607114477 5.7
1607114478 5.6
1607114479 5.5
1607114480 5.7
1607114481 5.8
1607114482 5.9
1607114483 6.0
1607114484 6.0
1607114485 6.1
1607114486 6.0
1607114487 6.1
1607114488 6.1
1607114489 5.9
1607114490 5.6
1607114491 5.4
1607114492 5.3
1607114493 5.3
1607114494 5.6
1607114495 5.7
1607114496 5.8
1607114497 5.9
1607114498 6.0
1607114499 6.1
1607114500 6.1
1607114501 6.1
1607114502 6.2
1607114503 6.2
1607114504 6.2
1607114505 6.2
1607114506 6.1
1607114507 6.2
1607114508 6.2
1607114509 6.1
1607114510 5.9
1607114511 5.7
1607114512 5.8
1607114513 5.9
1607114514 5.9
1607114515 6.1
1607114516 6.1
1607114517 6.1
1607114518 6.1
1607114519 6.1
1607114520 6.1
1607114521 6.1
1607114522 6.1
1607114523 6.1
1607114524 5.9
1607114525 5.6
1607114526 5.4
1607114527 5.1
1607114528 5.1
1607114529 5.3
1607114530 5.5
1607114531 5.6
1607114532 5.8
1607114533 5.8
1607114534 5.9
1607114535 6.0
1607114536 6.0
1607114537 6.0
1607114538 6.1
1607114539 6.1
1607114540 6.1
1607114541 6.1
1607114542 6.1
1607114543 6.1
1607114544 6.1
1607114545 5.8
1607114546 5.5
1607114547 5.2
1607114548 5.0
1607114549 4.9
1607114550 5.2
1607114551 5.4
1607114552 5.5
1607114553 5.7
1607114554 5.9
1607114555 5.9
1607114556 5.9
1607114557 6.0
1607114558 6.1
1607114559 6.1
1607114560 6.1
1607114561 6.1
1607114562 6.1
1607114563 6.1
1607114564 6.1
1607114565 6.1
1607114566 6.1
1607114567 6.1
1607114568 6.1
1607114569 6.0
1607114570 6.0
1607114571 6.0
1607114572 5.9
1607114573 5.9
1607114574 5.9
1607114575 5.9
1607114576 5.8
1607114577 5.8
1607114578 5.8
1607114579 5.9
1607114580 5.9
1607114581 5.9
1607114582 5.9
1607114583 5.8
1607114584 5.9
1607114585 5.9
1607114586 5.9
1607114587 5.9
1607114588 5.8
1607114589 5.8
1607114590 5.9
1607114591 5.9
1607114592 5.8
1607114593 5.8
1607114594 5.8
1607114595 5.8
1607114596 5.8
1607114597 5.8
1607114598 5.7
1607114599 5.5
1607114600 5.2
1607114601 4.9
1607114602 4.8
1607114603 5.1
1607114604 5.3
1607114605 5.5
1607114606 5.6
1607114607 5.7
1607114608 5.8
1607114609 5.8
1607114610 5.6
1607114611 5.4
1607114612 5.4
1607114613 5.4
1607114614 5.3
1607114615 5.5
1607114616 5.7
1607114617 5.9
1607114618 6.0
1607114619 6.0
1607114620 6.1
1607114621 6.1
1607114622 6.2
1607114623 6.2
1607114624 6.1
1607114625 6.1
1607114626 6.0
1607114627 5.8
1607114628 5.5
1607114629 5.2
1607114630 5.0
1607114631 5.0
1607114632 5.3
1607114633 5.5
1607114634 5.7
1607114635 5.8
1607114636 5.9
1607114637 6.0
1607114638 6.0
1607114639 6.0
1607114640 6.1
1607114641 6.1
1607114642 6.0
1607114643 5.7
1607114644 5.5
1607114645 5.2
1607114646 5.1
1607114647 5.2
1607114648 5.5
1607114649 5.6
1607114650 5.8
1607114651 5.9
1607114652 5.9
1607114653 6.0
1607114654 6.1
1607114655 6.1
1607114656 6.1
1607114657 6.2
1607114658 6.2
1607114659 6.1
1607114660 6.2
1607114661 6.2
1607114662 6.1
1607114663 6.1
1607114664 6.1
1607114665 6.1
1607114666 6.2
1607114667 6.2
1607114668 6.1
1607114669 5.8
1607114670 5.5
1607114671 5.4
1607114672 5.4
1607114673 5.5
1607114674 5.6
1607114675 5.5
1607114676 5.3
1607114677 5.0
1607114678 5.0
1607114679 5.0
1607114680 4.9
1607114681 4.9
1607114682 4.9
1607114683 4.9
1607114684 4.9
1607114685 5.0
1607114686 5.0
1607114687 4.8
1607114688 4.8
1607114690 5.2