1607138378 5.2
1607138379 5.0
1607138380 4.8
1607138381 4.8
1607138382 5.0
1607138383 5.3
1607138384 5.4
1607138385 5.6
1607138386 5.7
1607138387 5.8
1607138388 5.8
1607138389 5.9
1607138390 5.9
1607138391 5.9
1607138392 6.0
1607138393 6.1
1607138394 6.1
1607138395 6.1
1607138396 6.2
1607138397 6.2
1607138398 6.2
1607138399 6.2
1607138400 6.2
1607138401 6.2
1607138402 6.2
1607138403 6.1
1607138404 6.1
1607138405 6.1
1607138406 6.1
1607138407 6.1
1607138408 6.1
1607138409 5.8
1607138410 5.6
1607138411 5.4
1607138412 5.3
1607138413 5.1
1607138414 5.4
1607138415 5.5
1607138416 5.7
1607138417 5.7
1607138418 5.7
1607138419 5.8
1607138420 5.9
1607138421 5.9
1607138422 5.9
1607138423 5.9
1607138424 5.6
1607138425 5.3
1607138426 5.1
1607138427 4.9
1607138428 5.0
1607138429 5.3
1607138430 5.6
1607138431 5.7
1607138432 5.8
1607138433 5.9
1607138434 5.9
1607138435 6.0
1607138436 6.0
1607138437 6.0
1607138438 6.0
1607138439 6.0
1607138440 6.0
1607138441 6.1
1607138442 6.1
1607138443 6.1
1607138444 6.1
1607138445 6.1
1607138446 6.1
1607138447 6.1
1607138448 6.1
1607138449 6.1
1607138450 6.0
1607138451 6.0
1607138452 5.9
1607138453 6.0
1607138454 5.9
1607138455 5.9
1607138456 5.9
1607138457 5.8
1607138458 5.8
1607138459 5.9
1607138460 5.9
1607138461 5.8
1607138462 5.8
1607138463 5.8
1607138464 5.7
1607138465 5.8
1607138466 5.8
1607138467 5.8
1607138468 5.8
1607138469 5.8
1607138470 5.8
1607138471 5.8
1607138472 5.8
1607138473 5.8
1607138474 5.7
1607138475 5.7
1607138476 5.7
1607138477 5.8
1607138478 5.7
1607138479 5.4
1607138480 5.2
1607138481 4.9
1607138482 4.7
1607138483 5.0
1607138484 5.3
1607138485 5.4
1607138486 5.5
1607138487 5.7
1607138488 5.7
1607138489 5.7
1607138490 5.8
1607138491 5.8
1607138492 5.9
1607138493 5.9
1607138494 5.9
1607138495 6.0
1607138496 6.0
1607138497 5.9
1607138498 5.9
1607138499 6.0
1607138500 6.0
1607138501 6.0
1607138502 6.1
1607138503 6.0
1607138504 6.0
1607138505 6.0
1607138506 6.0
1607138507 6.0
1607138508 5.9
1607138509 5.9
1607138510 5.9
1607138511 5.9
1607138512 5.9
1607138513 5.9
1607138514 5.9
1607138515 5.9
1607138516 5.8
1607138517 5.7
1607138518 5.7
1607138519 5.7
1607138520 5.7
1607138521 5.7
1607138522 5.4
1607138523 5.2
1607138524 5.1
1607138525 5.0
1607138526 4.9
1607138527 5.2
1607138528 5.4
1607138529 5.5
1607138530 5.6
1607138531 5.7
1607138532 5.8
1607138533 5.8
1607138534 5.9
1607138535 5.9
1607138536 5.9
1607138537 5.9
1607138538 6.0
1607138539 6.0
1607138540 6.0
1607138541 6.0
1607138542 6.0
1607138543 6.0
1607138544 5.8
1607138545 5.5
1607138546 5.2
1607138547 5.1
1607138548 5.3
1607138549 5.5
1607138550 5.6
1607138551 5.7
1607138552 5.8
1607138553 5.8
1607138554 5.9
1607138555 6.0
1607138556 6.0
1607138557 6.0
1607138558 6.0
1607138559 6.0
1607138560 6.0
1607138561 5.8
1607138562 5.5
1607138563 5.3
1607138564 5.1
1607138565 5.0
1607138566 5.3
1607138567 5.5
1607138568 5.6
1607138569 5.7
1607138570 5.7
1607138571 5.8
1607138572 5.9
1607138573 5.9
1607138574 5.9
1607138575 5.9
1607138576 5.9
1607138577 5.9
1607138578 5.9
1607138579 5.8
1607138580 5.7
1607138581 5.6
1607138582 5.5
1607138583 5.4
1607138584 5.5
1607138585 5.6
1607138586 5.7
1607138587 5.8
1607138588 5.8
1607138589 5.9
1607138590 5.9
1607138591 5.6
1607138592 5.5
1607138593 5.4
1607138594 5.2
1607138595 5.0
1607138596 5.3
1607138597 5.4
1607138598 5.6
1607138599 5.6
1607138600 5.7
1607138601 5.8
1607138602 5.9
1607138603 5.9
1607138604 5.9
1607138605 6.0
1607138606 6.0
1607138607 5.8
1607138608 5.5
1607138609 5.3
1607138610 5.3
1607138611 5.4
1607138612 5.5
1607138613 5.6
1607138614 5.5
1607138615 5.5
1607138616 5.3
1607138617 5.0
1607138618 4.9
1607138619 4.7
1607138620 4.7
1607138621 4.7
1607138622 4.6
1607138623 4.7
1607138624 4.9
1607138625 4.7
1607138626 4.7
1607138627 5.1
1607138628 5.2
1607138629 5.2
1607138636 5.0
1607138643 5.9
1607138644 6.0
1607138645 6.1
1607138646 6.1
1607138647 6.2
1607138648 6.2
1607138649 6.2
1607138650 6.2
1607138651 6.2
1607138652 6.2
1607138653 6.2
1607138654 6.2
1607138655 6.2
1607138656 6.1
1607138657 6.1
1607138658 6.2
1607138659 6.1
1607138660 5.8
1607138661 5.6
1607138662 5.5
1607138663 5.4
1607138664 5.3
1607138665 5.4
1607138666 5.6
1607138667 5.7
1607138668 5.8
1607138669 5.8
1607138670 5.8
1607138671 5.9
1607138672 5.9
1607138673 6.0
1607138674 6.0
1607138675 6.0
1607138676 6.0
1607138677 6.0
1607138678 6.0
1607138679 6.0
1607138680 6.1
1607138681 6.1
1607138682 6.1
1607138683 6.2
1607138684 6.2
1607138685 6.2
1607138686 6.3
1607138687 6.2
1607138688 6.2
1607138689 6.2
1607138690 6.1
1607138691 6.1
1607138692 6.1
1607138693 6.0
1607138694 6.0
1607138695 6.0
1607138696 6.1
1607138697 6.0
1607138698 5.9
1607138699 5.9
1607138700 5.8
1607138701 5.8
1607138702 5.9
1607138703 5.8
1607138704 5.9
1607138705 5.8
1607138706 5.6
1607138707 5.4
1607138708 5.2
1607138709 5.3
1607138710 5.5
1607138711 5.5
1607138712 5.6
1607138713 5.7
1607138714 5.8
1607138715 5.8
1607138716 5.8
1607138717 5.6
1607138718 5.4
1607138719 5.3
1607138720 5.2
1607138721 5.1
1607138722 5.3
1607138723 5.5
1607138724 5.6
1607138725 5.7
1607138726 5.8
1607138727 5.8
1607138728 5.8
1607138729 5.8
1607138730 5.9
1607138731 5.9
1607138732 5.9
1607138733 6.0
1607138734 5.9
1607138735 6.0
1607138736 6.0
1607138737 6.0
1607138738 6.0
1607138739 6.0
1607138740 6.0
1607138741 6.0
1607138742 6.0
1607138743 6.0
1607138744 5.9
1607138745 5.9
1607138746 5.9
1607138747 6.0
1607138748 5.9
1607138749 5.9
1607138750 5.8
1607138751 5.8
1607138752 5.7
1607138753 5.7
1607138754 5.8
1607138755 5.8
1607138756 5.7
1607138757 5.7
1607138758 5.7
1607138759 5.7
1607138760 5.7
1607138761 5.7
1607138762 5.7
1607138763 5.7
1607138764 5.7
1607138765 5.7
1607138766 5.7
1607138767 5.7
1607138768 5.7
1607138769 5.7
1607138770 5.7
1607138771 5.7
1607138772 5.7
1607138773 5.4
1607138774 5.1
1607138775 4.9
1607138776 5.0
1607138777 5.2
1607138778 5.4
1607138779 5.5
1607138780 5.6
1607138781 5.7
1607138782 5.7
1607138783 5.8
1607138784 5.8
1607138785 5.9
1607138786 5.9
1607138787 5.9
1607138788 6.0
1607138789 5.9
1607138790 5.7
1607138791 5.5
1607138792 5.3
1607138793 5.0
1607138794 5.2
1607138795 5.4
1607138796 5.5
1607138797 5.6
1607138798 5.7
1607138799 5.7
1607138800 5.8
1607138801 5.8
1607138802 5.9
1607138803 5.9
1607138804 5.9
1607138805 6.0
1607138806 6.0
1607138807 6.0
1607138808 6.0
1607138809 6.1
1607138810 5.9
1607138811 5.6
1607138812 5.6
1607138813 5.4
1607138814 5.2
1607138815 5.3
1607138816 5.5
1607138817 5.6
1607138818 5.7
1607138819 5.7
1607138820 5.8
1607138821 5.8
1607138822 5.8
1607138823 5.8
1607138824 5.8
1607138825 5.6
1607138826 5.3
1607138827 5.1
1607138828 4.9
1607138829 4.8
1607138830 5.1
1607138831 5.3
1607138832 5.5
1607138833 5.6
1607138834 5.7
1607138835 5.8
1607138836 5.8
1607138837 5.8
1607138838 5.9
1607138839 6.0
1607138840 5.9
1607138841 5.9
1607138842 6.0
1607138843 5.7
1607138844 5.6
1607138845 5.4
1607138846 5.2
1607138847 5.0
1607138848 5.3
1607138849 5.5
1607138850 5.3
1607138851 5.3
1607138852 5.2
1607138853 5.1
1607138854 5.1
1607138855 5.4
1607138856 5.5
1607138857 5.7
1607138858 5.8
1607138859 5.8
1607138860 5.9
1607138861 5.9
1607138862 6.0
1607138863 6.0
1607138864 6.0
1607138865 5.8
1607138866 5.6
1607138867 5.6
1607138868 5.5
1607138869 5.2
1607138870 5.0
1607138871 5.0
1607138872 5.1
1607138873 5.1
1607138874 5.2
1607138875 5.3
1607138876 5.2
1607138877 5.2
1607138878 5.5
1607138879 5.5
1607138880 5.4
1607138882 5.0