1607111833 4.9
1607111834 4.7
1607111835 4.5
1607111836 4.6
1607111837 4.9
1607111838 5.2
1607111839 5.4
1607111840 5.5
1607111841 5.8
1607111842 5.9
1607111843 6.0
1607111844 6.1
1607111845 6.2
1607111846 6.2
1607111847 6.3
1607111848 6.3
1607111849 6.3
1607111850 6.4
1607111851 6.4
1607111852 6.4
1607111853 6.4
1607111854 6.4
1607111855 6.4
1607111856 6.4
1607111857 6.4
1607111858 6.3
1607111859 6.3
1607111860 6.3
1607111861 6.4
1607111862 6.3
1607111863 6.3
1607111864 6.3
1607111865 6.3
1607111866 6.3
1607111867 6.2
1607111868 6.2
1607111869 6.3
1607111870 6.2
1607111871 6.2
1607111872 6.1
1607111873 5.7
1607111874 5.5
1607111875 5.2
1607111876 5.0
1607111877 5.3
1607111878 5.5
1607111879 5.6
1607111880 5.7
1607111881 5.8
1607111882 5.9
1607111883 5.9
1607111884 6.0
1607111885 6.1
1607111886 6.0
1607111887 6.1
1607111888 6.1
1607111889 6.1
1607111890 6.1
1607111891 6.1
1607111892 6.1
1607111893 6.1
1607111894 6.2
1607111895 6.1
1607111896 6.0
1607111897 5.8
1607111898 5.9
1607111899 6.0
1607111900 6.0
1607111901 6.0
1607111902 6.0
1607111903 6.0
1607111904 6.1
1607111905 6.1
1607111906 6.2
1607111907 6.2
1607111908 6.2
1607111909 6.2
1607111910 6.2
1607111911 6.2
1607111912 6.2
1607111913 6.2
1607111914 6.1
1607111915 6.1
1607111916 6.1
1607111917 6.1
1607111918 6.1
1607111919 6.0
1607111920 6.0
1607111921 5.9
1607111922 5.9
1607111923 5.9
1607111924 5.9
1607111925 5.9
1607111926 5.9
1607111927 5.8
1607111928 5.8
1607111929 5.8
1607111930 5.7
1607111931 5.8
1607111932 5.8
1607111933 5.8
1607111934 5.9
1607111935 5.9
1607111936 5.8
1607111937 5.8
1607111938 5.8
1607111939 5.8
1607111940 5.8
1607111941 5.8
1607111942 5.8
1607111943 5.8
1607111944 5.8
1607111945 5.8
1607111946 5.8
1607111947 5.8
1607111948 5.5
1607111949 5.2
1607111950 5.0
1607111951 4.9
1607111952 5.1
1607111953 5.3
1607111954 5.5
1607111955 5.6
1607111956 5.7
1607111957 5.8
1607111958 5.8
1607111959 5.8
1607111960 5.9
1607111961 5.8
1607111962 5.7
1607111963 5.5
1607111964 5.2
1607111965 5.0
1607111966 5.2
1607111967 5.4
1607111968 5.6
1607111969 5.8
1607111970 5.9
1607111971 5.9
1607111972 6.0
1607111973 6.0
1607111974 6.1
1607111975 6.1
1607111976 6.1
1607111977 6.1
1607111978 6.0
1607111979 5.6
1607111980 5.4
1607111981 5.2
1607111982 5.0
1607111983 5.3
1607111984 5.5
1607111985 5.6
1607111986 5.7
1607111987 5.8
1607111988 5.9
1607111989 6.0
1607111990 6.0
1607111991 6.0
1607111992 6.0
1607111993 6.0
1607111994 6.1
1607111995 5.8
1607111996 5.5
1607111997 5.3
1607111998 5.0
1607111999 5.0
1607112000 5.3
1607112001 5.5
1607112002 5.7
1607112003 5.8
1607112004 5.8
1607112005 5.9
1607112006 6.0
1607112007 6.0
1607112008 6.0
1607112009 6.0
1607112010 6.0
1607112011 6.0
1607112012 6.0
1607112013 5.9
1607112014 5.6
1607112015 5.4
1607112016 5.1
1607112017 4.9
1607112018 5.1
1607112019 5.3
1607112020 5.2
1607112021 5.2
1607112022 5.2
1607112023 5.2
1607112024 5.1
1607112025 5.3
1607112026 5.6
1607112027 5.7
1607112028 5.8
1607112029 5.9
1607112030 5.9
1607112031 6.0
1607112032 6.1
1607112033 6.2
1607112034 6.3
1607112035 6.1
1607112036 5.9
1607112037 5.7
1607112038 5.4
1607112039 5.3
1607112040 5.6
1607112041 5.7
1607112042 5.9
1607112043 5.9
1607112044 5.9
1607112045 5.9
1607112046 5.8
1607112047 5.5
1607112048 5.4
1607112049 5.4
1607112050 5.3
1607112051 5.4
1607112052 5.6
1607112053 5.7
1607112054 5.8
1607112055 5.9
1607112056 6.0
1607112057 6.0
1607112058 6.1
1607112059 6.1
1607112060 6.1
1607112061 6.1
1607112062 6.1
1607112063 6.1
1607112064 6.1
1607112065 6.1
1607112066 6.1
1607112067 5.9
1607112068 5.6
1607112069 5.3
1607112070 5.1
1607112071 4.9
1607112072 4.9
1607112073 4.8
1607112074 4.6
1607112075 4.4
1607112076 4.3
1607112077 4.5
1607112078 4.6
1607112079 4.7
1607112080 4.9
1607112083 5.1