1607147477 4.7
1607147478 4.6
1607147479 4.4
1607147480 4.8
1607147481 5.1
1607147482 5.3
1607147483 5.4
1607147484 5.6
1607147485 5.7
1607147486 5.8
1607147487 5.9
1607147488 5.9
1607147489 6.0
1607147490 6.0
1607147491 6.1
1607147492 6.2
1607147493 6.2
1607147494 6.3
1607147495 6.2
1607147496 6.3
1607147497 6.2
1607147498 6.3
1607147499 6.2
1607147500 6.3
1607147501 6.3
1607147502 6.4
1607147503 6.4
1607147504 6.3
1607147505 6.4
1607147506 6.3
1607147507 6.3
1607147508 6.3
1607147509 6.3
1607147510 6.3
1607147511 6.2
1607147512 6.2
1607147513 6.2
1607147514 6.2
1607147515 6.2
1607147516 6.2
1607147517 6.1
1607147518 6.2
1607147519 6.0
1607147520 5.7
1607147521 5.4
1607147522 5.1
1607147523 4.9
1607147524 5.2
1607147525 5.4
1607147526 5.5
1607147527 5.7
1607147528 5.7
1607147529 5.8
1607147530 5.9
1607147531 5.9
1607147532 6.0
1607147533 6.0
1607147534 6.1
1607147535 6.0
1607147536 5.8
1607147537 5.6
1607147538 5.6
1607147539 5.6
1607147540 5.8
1607147541 5.8
1607147542 5.9
1607147543 5.9
1607147544 6.0
1607147545 6.0
1607147546 6.0
1607147547 6.1
1607147548 6.1
1607147549 6.1
1607147550 6.1
1607147551 6.1
1607147552 6.1
1607147553 6.2
1607147554 6.2
1607147555 6.1
1607147556 5.8
1607147557 5.4
1607147558 5.2
1607147559 4.9
1607147560 5.0
1607147561 5.3
1607147562 5.4
1607147563 5.6
1607147564 5.8
1607147565 5.9
1607147566 5.9
1607147567 5.9
1607147568 5.9
1607147569 6.0
1607147570 5.9
1607147571 5.7
1607147572 5.4
1607147573 5.1
1607147574 4.9
1607147575 5.0
1607147576 5.3
1607147577 5.5
1607147578 5.6
1607147579 5.7
1607147580 5.9
1607147581 5.9
1607147582 6.0
1607147583 6.0
1607147584 6.1
1607147585 6.1
1607147586 6.1
1607147587 6.0
1607147588 5.7
1607147589 5.5
1607147590 5.2
1607147591 5.0
1607147592 5.3
1607147593 5.5
1607147594 5.3
1607147595 5.1
1607147596 4.9
1607147597 4.8
1607147598 4.7
1607147599 5.0
1607147600 5.3
1607147601 5.4
1607147602 5.5
1607147603 5.6
1607147604 5.7
1607147605 5.9
1607147606 5.9
1607147607 5.7
1607147608 5.7
1607147609 5.4
1607147610 5.2
1607147611 5.2
1607147612 5.5
1607147613 5.6
1607147614 5.7
1607147615 5.8
1607147616 5.9
1607147617 5.9
1607147618 6.0
1607147619 6.0
1607147620 6.1
1607147621 6.1
1607147622 6.1
1607147623 6.1
1607147624 6.1
1607147625 6.1
1607147626 6.2
1607147627 6.3
1607147628 6.3
1607147629 6.3
1607147630 6.3
1607147631 6.3
1607147632 6.3
1607147633 6.2
1607147634 6.1
1607147635 6.1
1607147636 6.1
1607147637 6.0
1607147638 6.0
1607147639 6.0
1607147640 6.0
1607147641 5.7
1607147642 5.6
1607147643 5.5
1607147644 5.3
1607147645 5.3
1607147646 5.5
1607147647 5.6
1607147648 5.7
1607147649 5.8
1607147650 5.8
1607147651 5.8
1607147652 5.9
1607147653 5.9
1607147654 5.9
1607147655 5.9
1607147656 5.9
1607147657 5.9
1607147658 5.9
1607147659 5.6
1607147660 5.5
1607147661 5.5
1607147662 5.4
1607147663 5.4
1607147664 5.5
1607147665 5.6
1607147666 5.6
1607147667 5.7
1607147668 5.8
1607147669 5.8
1607147670 5.9
1607147671 5.9
1607147672 5.9
1607147673 5.9
1607147674 6.0
1607147675 6.0
1607147676 5.9
1607147677 5.9
1607147678 6.0
1607147679 6.0
1607147680 6.0
1607147681 6.0
1607147682 6.0
1607147683 5.9
1607147684 6.0
1607147685 5.9
1607147686 5.9
1607147687 5.9
1607147688 5.9
1607147689 5.9
1607147690 6.0
1607147691 6.0
1607147692 6.0
1607147693 5.9
1607147694 5.9
1607147695 5.9
1607147696 5.9
1607147697 5.9
1607147698 5.9
1607147699 5.9
1607147700 5.9
1607147701 5.9
1607147702 5.8
1607147703 5.8
1607147704 5.8
1607147705 5.8
1607147706 5.8
1607147707 5.8
1607147708 5.8
1607147709 5.8
1607147710 5.7
1607147711 5.8
1607147712 5.8
1607147713 5.8
1607147714 5.7
1607147715 5.5
1607147716 5.3
1607147717 5.1
1607147718 4.9
1607147719 5.0
1607147720 5.0
1607147721 4.9
1607147722 4.7
1607147723 4.6
1607147724 4.9
1607147725 4.8
1607147726 4.7
1607147727 5.1
1607147728 5.2
1607147729 5.2
1607147736 5.2