1607106732 5.1
1607106733 4.9
1607106734 4.7
1607106735 4.8
1607106736 5.0
1607106737 5.3
1607106738 5.5
1607106739 5.7
1607106740 5.8
1607106741 6.0
1607106742 6.1
1607106743 6.1
1607106744 6.2
1607106745 6.2
1607106746 6.2
1607106747 6.3
1607106748 6.3
1607106749 6.4
1607106750 6.4
1607106751 6.4
1607106752 6.4
1607106753 6.4
1607106754 6.4
1607106755 6.4
1607106756 6.4
1607106757 6.4
1607106758 6.4
1607106759 6.2
1607106760 5.9
1607106761 5.7
1607106762 5.6
1607106763 5.6
1607106764 5.8
1607106765 5.9
1607106766 6.0
1607106767 6.0
1607106768 6.1
1607106769 6.1
1607106770 6.2
1607106771 6.2
1607106772 6.2
1607106773 6.3
1607106774 6.3
1607106775 6.0
1607106776 5.7
1607106777 5.5
1607106778 5.2
1607106779 5.1
1607106780 5.4
1607106781 5.5
1607106782 5.7
1607106783 5.8
1607106784 5.9
1607106785 5.9
1607106786 6.0
1607106787 6.0
1607106788 6.0
1607106789 6.0
1607106790 6.1
1607106791 6.1
1607106792 6.1
1607106793 6.1
1607106794 6.1
1607106795 6.2
1607106796 6.2
1607106797 6.1
1607106798 6.1
1607106799 6.1
1607106800 6.0
1607106801 6.0
1607106802 6.1
1607106803 6.1
1607106804 6.2
1607106805 6.1
1607106806 6.0
1607106807 6.0
1607106808 5.9
1607106809 5.9
1607106810 5.9
1607106811 5.9
1607106812 5.9
1607106813 5.9
1607106814 5.9
1607106815 5.9
1607106816 5.9
1607106817 5.8
1607106818 5.8
1607106819 5.8
1607106820 5.8
1607106821 5.8
1607106822 5.8
1607106823 5.8
1607106824 5.8
1607106825 5.7
1607106826 5.8
1607106827 5.8
1607106828 5.9
1607106829 5.7
1607106830 5.4
1607106831 5.2
1607106832 4.9
1607106833 5.0
1607106834 5.2
1607106835 5.4
1607106836 5.6
1607106837 5.7
1607106838 5.8
1607106839 5.9
1607106840 5.9
1607106841 6.0
1607106842 6.0
1607106843 6.0
1607106844 5.9
1607106845 5.8
1607106846 5.6
1607106847 5.3
1607106848 5.5
1607106849 5.6
1607106850 5.8
1607106851 5.8
1607106852 5.9
1607106853 6.0
1607106854 6.0
1607106855 6.0
1607106856 6.1
1607106857 6.1
1607106858 6.1
1607106859 6.1
1607106860 6.1
1607106861 6.1
1607106862 6.1
1607106863 6.1
1607106864 6.0
1607106865 5.8
1607106866 5.8
1607106867 6.0
1607106868 6.0
1607106869 6.1
1607106870 6.1
1607106871 6.1
1607106872 6.1
1607106873 6.2
1607106874 6.2
1607106875 6.1
1607106876 6.2
1607106877 6.1
1607106878 6.1
1607106879 6.1
1607106880 6.1
1607106881 6.1
1607106882 6.1
1607106883 6.1
1607106884 6.1
1607106885 6.1
1607106886 6.1
1607106887 6.1
1607106888 5.8
1607106889 5.5
1607106890 5.3
1607106891 5.1
1607106892 5.1
1607106893 5.4
1607106894 5.5
1607106895 5.6
1607106896 5.7
1607106897 5.9
1607106898 5.9
1607106899 6.0
1607106900 6.0
1607106901 6.0
1607106902 6.1
1607106903 6.1
1607106904 6.1
1607106905 6.1
1607106906 6.1
1607106907 5.9
1607106908 5.8
1607106909 5.6
1607106910 5.3
1607106911 5.3
1607106912 5.5
1607106913 5.5
1607106914 5.3
1607106915 5.1
1607106916 5.0
1607106917 4.9
1607106918 5.0
1607106919 5.2
1607106920 5.4
1607106921 5.6
1607106922 5.7
1607106923 5.8
1607106924 5.9
1607106925 6.0
1607106926 6.0
1607106927 6.0
1607106928 6.1
1607106929 6.1
1607106930 6.0
1607106931 5.9
1607106932 5.6
1607106933 5.4
1607106934 5.1
1607106935 5.4
1607106936 5.6
1607106937 5.7
1607106938 5.8
1607106939 5.9
1607106940 5.9
1607106941 6.0
1607106942 5.7
1607106943 5.4
1607106944 5.2
1607106945 5.0
1607106946 4.9
1607106947 5.2
1607106948 5.5
1607106949 5.7
1607106950 5.7
1607106951 5.9
1607106952 6.0
1607106953 6.0
1607106954 6.1
1607106955 6.1
1607106956 6.1
1607106957 6.2
1607106958 5.9
1607106959 5.6
1607106960 5.5
1607106961 5.4
1607106962 5.2
1607106963 5.0
1607106964 4.7
1607106965 4.6
1607106966 4.7
1607106967 4.8
1607106968 5.1
1607106969 4.9
1607106970 4.8
1607106971 5.2
1607106973 5.2
1607106975 4.9