1607072722 5.2
1607072729 5.6
1607072731 5.7
1607072733 5.9
1607072735 5.9
1607072737 6.1
1607072739 6.1
1607072741 5.9
1607072743 5.5
1607072745 5.1
1607072746 5.4
1607072747 5.6
1607072748 5.7
1607072750 5.9
1607072752 6.1
1607072754 6.1
1607072756 6.1
1607072763 5.7
1607072764 5.8
1607072771 6.1
1607072773 6.1
1607072775 6.1
1607072777 5.7
1607072784 5.7
1607072791 6.1
1607072792 6.1
1607072794 6.1
1607072796 6.1
1607072798 6.1
1607072800 6.1
1607072802 6.1
1607072804 5.9
1607072811 5.7
1607072812 5.3
1607072813 5.3
1607072814 5.1
1607072815 5.1
1607072816 5.3
1607072817 5.5
1607072818 5.6
1607072819 5.7
1607072820 5.7
1607072821 5.8
1607072822 5.9
1607072823 5.9
1607072824 5.9
1607072825 5.9
1607072826 5.9
1607072827 5.9
1607072828 5.8
1607072829 5.5
1607072830 5.2
1607072831 5.0
1607072832 4.8
1607072833 5.1
1607072834 5.3
1607072835 5.5
1607072836 5.6
1607072837 5.7
1607072838 5.8
1607072839 5.8
1607072840 5.9
1607072841 6.0
1607072842 6.0
1607072843 6.0
1607072844 6.0
1607072845 5.8
1607072846 5.7
1607072847 5.6
1607072848 5.5
1607072849 5.5
1607072850 5.6
1607072851 5.7
1607072852 5.8
1607072853 5.9
1607072854 5.9
1607072855 5.9
1607072856 5.8
1607072857 5.6
1607072858 5.5
1607072859 5.5
1607072860 5.5
1607072861 5.5
1607072862 5.6
1607072863 5.7
1607072864 5.8
1607072865 5.8
1607072866 5.9
1607072867 5.9
1607072868 5.9
1607072869 6.0
1607072870 5.9
1607072871 5.7
1607072872 5.4
1607072873 5.2
1607072874 5.0
1607072875 5.2
1607072876 5.4
1607072877 5.5
1607072878 5.6
1607072879 5.7
1607072880 5.8
1607072881 5.9
1607072882 5.9
1607072883 6.0
1607072884 6.0
1607072885 6.1
1607072886 6.1
1607072887 6.1
1607072888 6.1
1607072889 6.1
1607072890 6.1
1607072891 6.1
1607072892 6.1
1607072893 6.1
1607072894 6.0
1607072895 5.8
1607072896 5.6
1607072897 5.3
1607072898 5.1
1607072899 5.2
1607072900 5.4
1607072901 5.6
1607072902 5.6
1607072903 5.7
1607072904 5.8
1607072905 5.8
1607072906 5.9
1607072907 5.9
1607072908 6.0
1607072909 6.0
1607072910 6.0
1607072911 6.1
1607072912 6.0
1607072913 6.0
1607072914 6.0
1607072915 6.0
1607072916 6.0
1607072917 6.0
1607072918 6.0
1607072919 5.9
1607072920 5.8
1607072921 5.8
1607072922 5.9
1607072923 5.8
1607072924 5.8
1607072925 5.7
1607072926 5.7
1607072927 5.7
1607072928 5.8
1607072929 5.8
1607072930 5.7
1607072931 5.7
1607072932 5.7
1607072933 5.7
1607072934 5.8
1607072935 5.8
1607072936 5.7
1607072937 5.7
1607072938 5.7
1607072939 5.7
1607072940 5.8
1607072941 5.7
1607072942 5.7
1607072943 5.7
1607072944 5.7
1607072945 5.7
1607072946 5.8
1607072947 5.8
1607072948 5.6
1607072949 5.4
1607072950 5.2
1607072951 5.0
1607072952 5.0
1607072953 5.0
1607072954 5.0
1607072955 4.8
1607072956 4.6
1607072957 4.4
1607072958 4.7
1607072959 4.8
1607072960 4.7
1607072961 5.1
1607072962 5.2
1607072963 5.2
1607072970 4.9
1607072978 5.9
1607072979 6.0
1607072980 6.0
1607072981 6.1
1607072982 6.1
1607072983 6.2
1607072984 6.2
1607072985 6.2
1607072986 6.2
1607072987 6.2
1607072988 6.2
1607072989 6.2
1607072990 6.2
1607072991 6.2
1607072992 6.2
1607072993 6.1
1607072994 6.2
1607072995 6.1
1607072996 6.1
1607072997 6.1
1607072998 5.9
1607072999 5.6
1607073000 5.3
1607073001 5.0
1607073002 4.9
1607073003 5.2
1607073004 5.4
1607073005 5.5
1607073006 5.7
1607073007 5.8
1607073008 5.8
1607073009 5.9
1607073010 5.9
1607073011 6.0
1607073012 6.0
1607073013 5.9
1607073014 6.0
1607073015 5.7
1607073016 5.6
1607073017 5.5
1607073018 5.3
1607073019 5.1
1607073020 5.4
1607073021 5.6
1607073022 5.7
1607073023 5.8
1607073024 5.8
1607073025 5.9
1607073026 6.0
1607073027 6.0
1607073028 6.0
1607073029 6.0
1607073030 6.0
1607073031 6.0
1607073032 6.0
1607073033 6.0
1607073034 6.1
1607073035 6.1
1607073037 5.8
1607073039 5.9
1607073040 5.9
1607073041 6.0
1607073042 6.0
1607073043 6.0
1607073044 6.0
1607073045 6.0
1607073046 6.0
1607073047 6.1
1607073048 6.1
1607073049 5.9
1607073050 5.6
1607073051 5.4
1607073052 5.2
1607073053 5.3
1607073054 5.5
1607073055 5.6
1607073056 5.7
1607073057 5.8
1607073058 5.9
1607073059 5.9
1607073060 5.9
1607073061 5.9
1607073062 6.0
1607073063 5.9
1607073064 6.0
1607073065 5.7
1607073066 5.5
1607073067 5.2
1607073068 5.1
1607073069 4.9
1607073070 5.2
1607073071 5.4
1607073072 5.5
1607073073 5.6
1607073074 5.7
1607073075 5.7
1607073076 5.8
1607073077 5.8
1607073078 5.9
1607073079 5.7
1607073080 5.4
1607073081 5.2
1607073082 5.0
1607073083 4.9
1607073084 5.1
1607073085 5.4
1607073086 5.5
1607073087 5.6
1607073088 5.7
1607073089 5.8
1607073090 5.9
1607073091 5.9
1607073092 6.0
1607073093 6.0
1607073094 6.0
1607073095 6.0
1607073096 6.1
1607073097 6.1
1607073098 6.1
1607073099 6.1
1607073100 6.2
1607073101 6.1
1607073102 6.1
1607073103 6.1
1607073104 6.1
1607073105 5.9
1607073106 5.6
1607073107 5.3
1607073108 5.1
1607073109 5.1
1607073110 5.3
1607073111 5.4
1607073112 5.5
1607073113 5.6
1607073114 5.7
1607073115 5.8
1607073116 5.8
1607073117 5.7
1607073118 5.4
1607073119 5.2
1607073120 5.2
1607073121 5.1
1607073122 5.2
1607073123 5.4
1607073124 5.3
1607073125 5.1
1607073126 4.9
1607073127 4.8
1607073128 4.8
1607073129 5.0
1607073130 5.2
1607073131 5.5
1607073132 5.6
1607073133 5.7
1607073134 5.8
1607073135 5.8
1607073136 5.9
1607073137 6.0
1607073138 6.0
1607073139 6.0
1607073140 6.0
1607073141 5.8
1607073142 5.5
1607073143 5.3
1607073144 5.3
1607073145 5.1
1607073146 5.4
1607073147 5.5
1607073148 5.6
1607073149 5.7
1607073150 5.8
1607073151 5.9
1607073152 5.9
1607073153 6.0
1607073154 6.0
1607073155 6.0
1607073156 6.0
1607073157 6.1
1607073158 6.1
1607073159 6.1
1607073160 6.1
1607073161 6.1
1607073162 6.1
1607073163 6.1
1607073164 6.1
1607073165 6.0
1607073166 5.9
1607073167 6.0
1607073168 6.0
1607073169 5.9
1607073170 5.9
1607073171 5.9
1607073172 5.8
1607073173 5.8
1607073174 5.8
1607073175 5.8
1607073176 5.8
1607073177 5.8
1607073178 5.8
1607073179 5.7
1607073180 5.8
1607073181 5.8
1607073182 5.8
1607073183 5.7
1607073184 5.7
1607073185 5.7
1607073186 5.8
1607073187 5.7
1607073188 5.7
1607073189 5.7
1607073190 5.7
1607073191 5.7
1607073192 5.8
1607073193 5.8
1607073194 5.6
1607073195 5.3
1607073196 5.1
1607073197 4.8
1607073198 5.0
1607073199 4.8
1607073200 4.6
1607073201 4.5
1607073202 4.3
1607073203 4.2
1607073204 4.5
1607073205 4.6
1607073206 4.6
1607073207 4.6
1607073208 4.7
1607073209 4.6
1607073210 4.5
1607073211 4.3
1607073212 4.2
1607073213 4.1
1607073214 4.0
1607073215 3.8
1607073216 3.8
1607073217 3.7
1607073218 3.6
1607073219 3.6
1607073220 3.5
1607073221 3.5
1607073222 3.5
1607073223 3.4
1607073224 3.5
1607073225 3.5
1607073226 3.5
1607073227 3.7
1607073228 3.8
1607073229 3.7
1607073230 3.6
1607073231 3.6
1607073232 3.5
1607073233 3.5
1607073234 3.4
1607073235 3.4
1607073236 3.3
1607073237 3.3
1607073238 3.3
1607073239 3.3
1607073240 3.3
1607073241 3.2
1607073242 3.2
1607073243 3.2
1607073244 3.2
1607073245 3.2
1607073246 3.1
1607073247 3.1
1607073248 3.1
1607073249 3.1
1607073250 3.1
1607073251 3.1
1607073252 3.1
1607073253 3.1
1607073254 3.1
1607073255 3.1
1607073256 3.1
1607073257 3.1
1607073258 3.1
1607073259 3.1
1607073260 3.1
1607073261 3.0
1607073262 3.1
1607073263 3.0
1607073264 3.0
1607073265 3.0
1607073266 3.0
1607073267 3.0
1607073268 3.0
1607073269 3.1
1607073270 3.0
1607073271 3.0
1607073272 3.0
1607073273 3.0
1607073274 3.0
1607073275 3.0
1607073276 3.0
1607073277 3.0
1607073278 3.0
1607073279 3.0
1607073280 3.0
1607073281 3.0
1607073282 3.0
1607073283 3.0
1607073284 3.0
1607073285 3.0
1607073286 3.0
1607073287 3.0
1607073288 3.1
1607073289 3.2
1607073290 3.3
1607073291 3.3
1607073292 3.3
1607073293 3.3
1607073294 3.2
1607073295 3.2
1607073296 3.1
1607073297 3.1
1607073298 3.1
1607073299 3.1
1607073300 3.1
1607073301 3.1
1607073302 3.0
1607073303 3.0
1607073304 3.0
1607073305 3.0
1607073306 3.0
1607073307 3.0
1607073308 3.0
1607073309 3.0
1607073310 3.0
1607073311 3.0
1607073312 3.0
1607073313 2.9
1607073314 2.9
1607073315 3.0
1607073316 3.0
1607073317 2.9
1607073318 2.9
1607073319 2.9
1607073320 2.9
1607073321 2.9
1607073322 2.9
1607073323 2.9
1607073324 2.9
1607073325 2.9
1607073326 2.9
1607073327 2.9
1607073328 2.9
1607073329 2.9
1607073330 2.9
1607073331 2.9
1607073332 2.9
1607073333 2.9
1607073334 2.9
1607073335 2.9
1607073336 2.9
1607073337 2.9
1607073338 2.9
1607073339 2.9
1607073340 2.9
1607073341 2.9
1607073342 2.9
1607073343 2.9
1607073344 2.9
1607073345 2.9
1607073346 2.9
1607073347 2.9
1607073348 2.9
1607073349 2.9
1607073350 3.0
1607073351 3.0
1607073352 3.1
1607073353 3.2
1607073354 3.3
1607073355 3.3
1607073356 3.3
1607073357 3.2
1607073358 3.2
1607073359 3.1
1607073360 3.1
1607073361 3.1
1607073362 3.0
1607073363 3.0
1607073364 3.0
1607073365 3.0
1607073366 3.0
1607073367 2.9
1607073368 2.9
1607073369 2.9
1607073370 2.9
1607073371 2.9
1607073372 2.9
1607073373 2.9
1607073374 2.9
1607073375 2.9
1607073376 2.9
1607073377 2.9
1607073378 2.9
1607073379 2.9
1607073380 2.9
1607073381 2.9
1607073382 2.9
1607073383 2.9
1607073384 2.9
1607073385 2.9
1607073386 2.9
1607073387 2.9
1607073388 2.9
1607073389 2.8
1607073390 2.9
1607073391 2.9
1607073392 2.8
1607073393 2.8
1607073394 2.9
1607073395 2.9
1607073396 2.9
1607073397 2.9
1607073398 2.9
1607073399 2.8
1607073400 2.8
1607073401 2.8
1607073402 2.8
1607073403 2.9
1607073404 2.8
1607073405 2.8
1607073406 2.9
1607073407 2.8
1607073408 2.8
1607073409 2.9
1607073410 2.9
1607073411 2.9
1607073412 2.9
1607073413 2.9
1607073414 2.9
1607073415 3.0
1607073416 3.1
1607073417 3.2
1607073418 3.1
1607073419 3.1
1607073420 3.1
1607073421 3.0
1607073422 3.0
1607073423 3.0
1607073424 3.0
1607073425 3.0
1607073426 2.9
1607073427 2.9
1607073428 2.9
1607073429 2.9
1607073430 2.9
1607073431 2.9
1607073432 2.9
1607073433 2.9
1607073434 2.9
1607073435 2.9
1607073436 2.8
1607073437 2.9
1607073438 2.9
1607073439 2.9
1607073440 2.8
1607073441 2.8
1607073442 2.8
1607073443 2.8
1607073444 2.8
1607073445 2.8
1607073446 2.9
1607073447 2.9
1607073448 2.8
1607073449 2.8
1607073450 2.8
1607073451 2.8
1607073452 2.8
1607073453 2.8
1607073454 2.9
1607073455 2.9
1607073456 2.8
1607073457 2.8
1607073458 2.9
1607073459 2.8