1607124224 5.0
1607124225 4.9
1607124226 4.6
1607124227 4.8
1607124228 5.0
1607124229 5.2
1607124230 5.4
1607124231 5.5
1607124232 5.6
1607124233 5.7
1607124234 5.8
1607124235 5.8
1607124236 5.9
1607124237 5.9
1607124238 6.0
1607124239 6.1
1607124240 6.1
1607124241 6.2
1607124242 6.2
1607124243 6.2
1607124244 6.2
1607124245 6.2
1607124246 6.2
1607124247 6.2
1607124248 6.2
1607124249 6.2
1607124250 6.3
1607124251 6.2
1607124252 6.3
1607124253 6.3
1607124254 6.3
1607124255 6.4
1607124256 6.3
1607124257 6.3
1607124258 6.3
1607124259 6.3
1607124260 6.2
1607124261 6.2
1607124262 6.2
1607124263 6.1
1607124264 6.1
1607124265 6.1
1607124266 6.0
1607124267 6.0
1607124268 5.9
1607124269 5.9
1607124270 5.8
1607124271 5.6
1607124272 5.5
1607124273 5.2
1607124274 5.1
1607124275 5.1
1607124276 5.4
1607124277 5.5
1607124278 5.6
1607124279 5.8
1607124280 5.8
1607124281 5.8
1607124282 5.9
1607124283 5.9
1607124284 6.0
1607124285 6.0
1607124286 6.0
1607124287 5.9
1607124288 5.7
1607124289 5.5
1607124290 5.3
1607124291 5.3
1607124292 5.5
1607124293 5.6
1607124294 5.3
1607124295 5.1
1607124296 5.0
1607124297 4.9
1607124298 5.0
1607124299 5.2
1607124300 5.4
1607124301 5.5
1607124302 5.7
1607124303 5.7
1607124304 5.8
1607124305 5.5
1607124306 5.3
1607124307 5.1
1607124308 5.1
1607124309 5.0
1607124310 5.3
1607124311 5.5
1607124312 5.6
1607124313 5.8
1607124314 5.9
1607124315 5.9
1607124316 6.1
1607124317 6.2
1607124318 6.3
1607124319 6.2
1607124320 6.2
1607124321 6.2
1607124322 6.2
1607124323 6.3
1607124324 6.3
1607124325 6.0
1607124326 5.7
1607124327 5.4
1607124328 5.1
1607124329 5.0
1607124330 5.3
1607124331 5.5
1607124332 5.6
1607124333 5.8
1607124334 5.9
1607124335 6.0
1607124336 6.1
1607124337 6.1
1607124338 6.1
1607124339 6.2
1607124340 6.1
1607124341 6.1
1607124342 6.2
1607124343 6.2
1607124344 6.2
1607124345 6.2
1607124346 6.2
1607124347 6.2
1607124348 6.1
1607124349 6.1
1607124350 6.1
1607124351 6.1
1607124352 6.0
1607124353 6.0
1607124354 6.0
1607124355 5.9
1607124356 5.9
1607124357 5.9
1607124358 5.9
1607124359 5.8
1607124360 5.9
1607124361 6.0
1607124362 5.9
1607124363 5.9
1607124364 5.9
1607124365 5.9
1607124366 5.9
1607124367 6.0
1607124368 6.0
1607124369 5.9
1607124370 5.9
1607124371 5.9
1607124372 5.9
1607124373 5.9
1607124374 5.8
1607124375 5.8
1607124376 5.8
1607124377 5.8
1607124378 5.9
1607124379 5.9
1607124380 5.7
1607124381 5.4
1607124382 5.2
1607124383 5.0
1607124384 5.3
1607124385 5.5
1607124386 5.7
1607124387 5.8
1607124388 5.8
1607124389 5.9
1607124390 6.0
1607124391 6.1
1607124392 6.1
1607124393 6.1
1607124394 6.1
1607124395 6.1
1607124396 6.1
1607124397 6.0
1607124398 5.9
1607124399 5.7
1607124400 5.4
1607124401 5.5
1607124402 5.7
1607124403 5.8
1607124404 5.9
1607124405 6.0
1607124406 6.1
1607124407 6.1
1607124408 6.1
1607124409 6.1
1607124410 6.2
1607124411 6.2
1607124412 6.2
1607124413 6.2
1607124414 6.2
1607124415 6.2
1607124416 6.2
1607124417 6.2
1607124418 6.2
1607124419 6.2
1607124420 6.2
1607124421 6.2
1607124422 6.2
1607124423 6.2
1607124424 6.0
1607124425 5.7
1607124426 5.4
1607124427 5.1
1607124428 5.0
1607124429 5.4
1607124430 5.5
1607124431 5.7
1607124432 5.8
1607124433 5.9
1607124434 5.9
1607124435 5.9
1607124436 6.0
1607124437 6.1
1607124438 6.1
1607124439 6.1
1607124440 5.9
1607124441 5.6
1607124442 5.4
1607124443 5.3
1607124444 5.2
1607124445 5.5
1607124446 5.6
1607124447 5.8
1607124448 5.9
1607124449 6.0
1607124450 6.0
1607124451 6.1
1607124452 6.1
1607124453 6.1
1607124454 5.8
1607124455 5.5
1607124456 5.2
1607124457 5.0
1607124458 4.9
1607124459 4.8
1607124460 4.9
1607124461 4.9
1607124462 4.8
1607124463 4.6
1607124464 4.8
1607124465 4.9
1607124466 4.9
1607124467 5.3
1607124469 5.3
1607124476 5.3
1607124484 6.0
1607124485 6.1
1607124487 6.3
1607124489 6.3
1607124491 6.3
1607124493 6.4
1607124495 6.3
1607124497 6.3
1607124504 6.2
1607124511 6.1
1607124512 6.1
1607124519 5.9
1607124521 5.9
1607124522 5.8
1607124523 5.8
1607124524 5.8
1607124525 5.8
1607124526 5.8
1607124527 5.8
1607124528 5.8
1607124529 5.8
1607124530 5.8
1607124531 5.8
1607124533 5.7
1607124534 5.8
1607124535 5.8
1607124536 5.8
1607124537 5.9
1607124538 5.7
1607124539 5.6
1607124540 5.4
1607124541 5.1
1607124542 5.3
1607124543 5.6
1607124544 5.7
1607124545 5.8
1607124546 5.9
1607124547 6.0
1607124548 6.0
1607124549 6.1
1607124550 6.1
1607124551 6.1
1607124552 6.1
1607124553 6.1
1607124554 6.0
1607124555 5.7
1607124556 5.5
1607124557 5.4
1607124558 5.2
1607124559 5.3
1607124560 5.5
1607124561 5.7
1607124562 5.8
1607124563 5.9
1607124564 5.9
1607124565 5.9
1607124566 6.0
1607124567 6.1
1607124568 6.1
1607124569 6.2
1607124570 6.2
1607124571 6.2
1607124572 6.3
1607124573 6.2
1607124574 6.3
1607124575 6.3
1607124576 6.3
1607124577 6.2
1607124578 6.3
1607124579 6.3
1607124580 6.1
1607124581 6.1
1607124582 6.1
1607124583 6.1
1607124584 6.1
1607124585 6.1
1607124586 6.1
1607124587 6.1
1607124588 6.1
1607124589 6.1
1607124590 6.1
1607124591 5.8
1607124592 5.6
1607124593 5.5
1607124594 5.3
1607124595 5.0
1607124596 5.3
1607124597 5.5
1607124598 5.5
1607124599 5.7
1607124600 5.7
1607124601 5.8
1607124602 5.9
1607124603 5.6
1607124604 5.4
1607124605 5.1
1607124606 5.0
1607124607 4.9
1607124608 5.2
1607124609 5.4
1607124610 5.6
1607124611 5.6
1607124612 5.8
1607124613 5.9
1607124614 5.9
1607124615 6.0
1607124616 6.0
1607124617 6.1
1607124618 6.1
1607124619 6.1
1607124620 5.7
1607124621 5.7
1607124622 5.6
1607124623 5.4
1607124624 5.4
1607124625 5.6
1607124626 5.8
1607124627 5.8
1607124628 5.9
1607124629 5.9
1607124630 6.0
1607124631 6.0
1607124632 6.1
1607124633 6.2
1607124634 6.2
1607124635 6.2
1607124636 6.2
1607124637 6.2
1607124638 6.2
1607124639 6.2
1607124640 6.2
1607124641 6.2
1607124642 6.1
1607124643 6.2
1607124644 6.2
1607124645 6.2
1607124646 6.2
1607124647 5.9
1607124648 5.7
1607124649 5.4
1607124650 5.4
1607124651 5.5
1607124652 5.6
1607124653 5.8
1607124654 5.8
1607124655 5.9
1607124656 5.9
1607124657 6.0
1607124658 6.0
1607124659 6.1
1607124660 6.0
1607124661 6.1
1607124662 6.1
1607124663 5.9
1607124664 5.6
1607124665 5.5
1607124666 5.3
1607124667 5.2
1607124668 5.4
1607124669 5.5
1607124670 5.7
1607124671 5.7
1607124672 5.7
1607124673 5.8
1607124674 5.9
1607124675 5.9
1607124676 6.0
1607124677 5.8
1607124678 5.5
1607124679 5.3
1607124680 5.0
1607124681 4.8
1607124682 5.1
1607124683 5.3
1607124684 5.5
1607124685 5.6
1607124686 5.7
1607124687 5.8
1607124688 5.9
1607124689 5.9
1607124690 6.1
1607124691 6.1
1607124692 6.0
1607124693 5.8
1607124694 5.6
1607124695 5.6
1607124696 5.5
1607124697 5.7
1607124698 5.8
1607124699 5.9
1607124700 5.6
1607124701 5.4
1607124702 5.1
1607124703 4.9
1607124704 4.7
1607124705 4.5
1607124706 4.3
1607124707 4.2
1607124708 4.2
1607124709 4.4
1607124710 4.7
1607124711 4.6
1607124712 4.7
1607124713 5.1
1607124715 5.1