1607099615 4.8
1607099616 4.6
1607099617 4.5
1607099618 4.7
1607099619 5.1
1607099620 5.4
1607099621 5.7
1607099622 5.9
1607099623 6.1
1607099624 6.2
1607099625 6.2
1607099626 6.2
1607099627 6.2
1607099628 6.3
1607099629 6.4
1607099630 6.4
1607099631 6.4
1607099632 6.4
1607099633 6.5
1607099634 6.5
1607099635 6.5
1607099636 6.5
1607099637 6.5
1607099638 6.3
1607099639 6.0
1607099640 5.7
1607099641 5.5
1607099642 5.4
1607099643 5.4
1607099644 5.6
1607099645 5.8
1607099646 6.0
1607099647 6.0
1607099648 6.1
1607099649 6.2
1607099650 6.2
1607099651 6.2
1607099652 6.3
1607099653 6.3
1607099654 6.3
1607099655 6.3
1607099656 6.3
1607099657 6.3
1607099658 6.3
1607099659 6.3
1607099660 6.1
1607099661 6.0
1607099662 6.1
1607099663 6.1
1607099664 6.1
1607099665 6.1
1607099666 6.2
1607099667 6.2
1607099668 6.2
1607099669 6.2
1607099670 6.3
1607099671 6.3
1607099672 6.3
1607099673 6.3
1607099674 6.2
1607099675 6.3
1607099676 6.2
1607099677 6.2
1607099678 6.2
1607099679 6.2
1607099680 6.2
1607099681 6.2
1607099682 6.2
1607099683 6.0
1607099684 5.8
1607099685 5.5
1607099686 5.4
1607099687 5.5
1607099688 5.6
1607099689 5.7
1607099690 5.8
1607099691 5.9
1607099692 5.9
1607099693 6.0
1607099694 6.0
1607099695 6.1
1607099696 6.1
1607099697 6.1
1607099698 6.2
1607099699 6.1
1607099700 5.8
1607099701 5.5
1607099702 5.3
1607099703 5.0
1607099704 5.1
1607099705 5.4
1607099706 5.4
1607099707 5.4
1607099708 5.3
1607099709 5.1
1607099710 5.0
1607099711 5.1
1607099712 5.4
1607099713 5.6
1607099714 5.7
1607099715 5.9
1607099716 6.0
1607099717 6.0
1607099718 6.1
1607099719 6.2
1607099720 6.2
1607099721 6.2
1607099722 6.2
1607099723 5.9
1607099724 5.7
1607099725 5.5
1607099726 5.4
1607099727 5.2
1607099728 5.5
1607099729 5.7
1607099730 5.8
1607099731 5.9
1607099732 6.0
1607099733 6.0
1607099734 6.1
1607099735 6.2
1607099736 6.2
1607099737 6.2
1607099738 6.3
1607099739 6.3
1607099740 6.3
1607099741 6.3
1607099742 6.1
1607099743 5.8
1607099744 5.4
1607099745 5.2
1607099746 5.4
1607099747 5.7
1607099748 5.8
1607099749 5.9
1607099750 6.0
1607099751 6.1
1607099752 6.1
1607099753 6.2
1607099754 6.2
1607099755 6.2
1607099756 6.3
1607099757 6.2
1607099758 6.0
1607099759 5.7
1607099760 5.4
1607099761 5.1
1607099762 5.0
1607099763 5.3
1607099764 5.5
1607099765 5.6
1607099766 5.8
1607099767 5.9
1607099768 5.9
1607099769 6.0
1607099770 6.0
1607099771 6.1
1607099772 5.9
1607099773 5.6
1607099774 5.3
1607099775 5.0
1607099776 4.9
1607099777 5.2
1607099778 5.4
1607099779 5.6
1607099780 5.8
1607099781 5.9
1607099782 6.0
1607099783 6.0
1607099784 6.1
1607099785 6.1
1607099786 6.2
1607099787 6.2
1607099788 6.2
1607099789 6.2
1607099790 6.3
1607099791 6.2
1607099792 6.2
1607099793 6.2
1607099794 6.2
1607099795 6.2
1607099796 6.1
1607099797 6.0
1607099798 6.1
1607099799 6.0
1607099800 6.0
1607099801 6.0
1607099802 5.9
1607099803 5.9
1607099804 5.9
1607099805 6.0
1607099806 6.0
1607099807 6.0
1607099808 6.0
1607099809 6.0
1607099810 6.0
1607099811 6.1
1607099812 6.0
1607099813 6.0
1607099814 6.0
1607099815 5.9
1607099816 6.0
1607099817 6.0
1607099818 5.9
1607099819 5.9
1607099820 5.9
1607099821 5.8
1607099822 5.9
1607099823 5.9
1607099824 5.9
1607099825 5.8
1607099826 5.6
1607099827 5.3
1607099828 5.2
1607099829 5.2
1607099830 5.3
1607099831 5.5
1607099832 5.7
1607099833 5.8
1607099834 5.9
1607099835 6.0
1607099836 6.0
1607099837 6.0
1607099838 6.1
1607099839 6.1
1607099840 6.0
1607099841 5.8
1607099842 5.8
1607099843 5.7
1607099844 5.6
1607099845 5.3
1607099846 5.1
1607099847 5.0
1607099848 4.8
1607099849 4.8
1607099850 5.0
1607099851 4.9
1607099852 4.7
1607099853 5.2
1607099854 5.3
1607099855 5.3
1607099862 5.3