1607104473 5.6
1607104481 6.0
1607104483 6.1
1607104485 6.2
1607104492 6.2
1607104493 5.8
1607104500 5.9
1607104507 6.1
1607104509 6.1
1607104511 6.1
1607104512 6.0
1607104513 6.1
1607104514 6.1
1607104515 6.0
1607104516 6.1
1607104517 6.1
1607104518 6.0
1607104519 6.0
1607104520 5.8
1607104521 5.7
1607104523 5.2
1607104524 5.4
1607104525 5.6
1607104526 5.7
1607104527 5.8
1607104528 5.8
1607104529 5.8
1607104530 5.9
1607104531 5.9
1607104532 6.0
1607104533 6.0
1607104534 6.0
1607104535 6.1
1607104536 6.1
1607104537 5.9
1607104538 5.7
1607104539 5.5
1607104540 5.3
1607104541 5.1
1607104542 5.3
1607104543 5.5
1607104544 5.6
1607104545 5.7
1607104546 5.8
1607104547 5.9
1607104548 5.9
1607104549 5.9
1607104550 5.9
1607104551 6.0
1607104552 6.0
1607104553 5.9
1607104554 6.0
1607104555 6.1
1607104556 6.0
1607104557 6.1
1607104558 6.1
1607104559 6.1
1607104560 6.1
1607104561 6.1
1607104562 6.1
1607104563 6.1
1607104564 6.0
1607104565 6.0
1607104566 6.0
1607104567 5.9
1607104568 5.9
1607104569 5.9
1607104570 5.9
1607104571 5.8
1607104572 5.7
1607104573 5.5
1607104574 5.3
1607104575 5.1
1607104576 4.9
1607104577 4.8
1607104578 5.1
1607104579 5.3
1607104580 5.4
1607104581 5.6
1607104582 5.7
1607104583 5.7
1607104584 5.8
1607104585 5.9
1607104586 5.9
1607104587 6.0
1607104588 6.0
1607104589 6.0
1607104590 6.0
1607104591 6.0
1607104592 6.0
1607104593 6.1
1607104594 6.0
1607104595 6.0
1607104596 6.1
1607104597 6.1
1607104598 6.1
1607104599 6.1
1607104600 6.0
1607104601 6.0
1607104602 6.0
1607104603 6.0
1607104604 5.9
1607104605 5.9
1607104606 5.9
1607104607 5.8
1607104608 5.8
1607104609 5.9
1607104610 5.8
1607104611 5.8
1607104612 5.9
1607104613 5.9
1607104614 5.8
1607104615 5.8
1607104616 5.7
1607104617 5.7
1607104618 5.7
1607104619 5.7
1607104620 5.7
1607104621 5.8
1607104622 5.8
1607104623 5.7
1607104624 5.7
1607104625 5.7
1607104626 5.7
1607104627 5.9
1607104628 5.8
1607104629 5.7
1607104630 5.6
1607104631 5.4
1607104632 5.2
1607104633 5.4
1607104634 5.6
1607104635 5.7
1607104636 5.8
1607104637 5.9
1607104638 5.9
1607104639 5.9
1607104640 6.0
1607104641 6.0
1607104642 6.0
1607104643 5.9
1607104644 5.8
1607104645 5.5
1607104646 5.3
1607104647 5.5
1607104648 5.6
1607104649 5.7
1607104650 5.7
1607104651 5.8
1607104652 5.8
1607104653 5.8
1607104654 5.9
1607104655 5.9
1607104656 5.9
1607104657 5.6
1607104658 5.4
1607104659 5.1
1607104660 5.0
1607104661 5.0
1607104662 5.3
1607104663 5.5
1607104664 5.6
1607104665 5.7
1607104666 5.8
1607104667 5.9
1607104668 5.9
1607104669 6.0
1607104670 6.0
1607104671 6.0
1607104672 6.1
1607104673 6.0
1607104674 6.1
1607104675 6.1
1607104676 6.0
1607104677 6.1
1607104678 6.1
1607104679 5.8
1607104680 5.4
1607104681 5.2
1607104682 5.1
1607104683 5.1
1607104684 5.4
1607104685 5.5
1607104686 5.3
1607104687 5.2
1607104688 5.1
1607104689 5.0
1607104690 5.1
1607104691 5.3
1607104692 5.6
1607104693 5.7
1607104694 5.8
1607104695 5.9
1607104696 5.9
1607104697 6.0
1607104698 6.0
1607104699 6.1
1607104700 6.1
1607104701 5.9
1607104702 5.6
1607104703 5.4
1607104704 5.3
1607104705 5.2
1607104706 5.1
1607104707 4.9
1607104708 4.8
1607104709 4.8
1607104710 4.8
1607104711 4.9
1607104712 5.1
1607104713 5.1
1607104714 5.1
1607104715 5.4
1607104717 5.4
1607104724 5.5
1607104731 6.0
1607104732 6.1
1607104733 6.1
1607104734 6.2
1607104735 6.2
1607104736 6.3
1607104737 6.3
1607104738 6.3
1607104739 6.3
1607104740 6.3
1607104741 6.2
1607104742 6.2
1607104743 6.2
1607104744 6.2
1607104745 6.2
1607104746 6.2
1607104747 6.0
1607104748 5.7
1607104749 5.4
1607104750 5.1
1607104751 4.9
1607104752 5.2
1607104753 5.4
1607104754 5.6
1607104755 5.7
1607104756 5.8
1607104757 5.9
1607104758 5.9
1607104759 5.9
1607104760 6.0
1607104761 6.0
1607104762 6.0
1607104763 6.0
1607104764 6.1
1607104765 6.0
1607104766 6.1
1607104767 6.1
1607104768 6.0
1607104769 5.7
1607104770 5.6
1607104771 5.5
1607104772 5.4
1607104773 5.4
1607104774 5.6
1607104775 5.7
1607104776 5.8
1607104777 5.8
1607104778 5.9
1607104779 6.0
1607104780 6.0
1607104781 6.0
1607104782 6.1
1607104783 6.0
1607104784 6.0
1607104785 6.0
1607104786 6.1
1607104787 6.1
1607104788 6.2
1607104789 6.1
1607104790 6.1
1607104791 6.1
1607104792 6.1
1607104793 6.1
1607104794 6.0
1607104795 6.0
1607104796 6.0
1607104797 5.9
1607104798 6.0
1607104799 5.9
1607104800 5.9
1607104801 5.9
1607104802 5.9
1607104803 5.8
1607104804 5.9
1607104805 5.9
1607104806 5.9
1607104807 5.9
1607104808 5.9
1607104809 5.9
1607104810 5.9
1607104811 5.9
1607104812 5.9
1607104813 5.8
1607104814 5.8
1607104815 5.8
1607104816 5.9
1607104817 5.8
1607104818 5.8
1607104819 5.8
1607104820 5.8
1607104821 5.8
1607104822 5.9
1607104823 5.8
1607104824 5.5
1607104825 5.2
1607104826 5.0
1607104827 4.9
1607104828 5.2
1607104829 5.5
1607104830 5.6
1607104831 5.7
1607104832 5.8
1607104833 5.9
1607104834 5.9
1607104835 5.9
1607104836 6.0
1607104837 6.0
1607104838 6.0
1607104839 6.0
1607104840 5.9
1607104841 5.6
1607104842 5.3
1607104843 5.2
1607104844 5.4
1607104845 5.5
1607104846 5.5
1607104847 5.3
1607104848 5.0
1607104849 4.9
1607104850 4.9
1607104851 5.0
1607104852 5.3
1607104853 5.6
1607104854 5.7
1607104855 5.9
1607104856 6.0
1607104857 6.0
1607104858 6.1
1607104859 6.1
1607104860 6.2
1607104861 6.1
1607104862 6.1
1607104863 6.1
1607104864 6.2
1607104865 6.2
1607104866 6.2
1607104867 6.2
1607104868 6.1
1607104869 6.2
1607104870 6.2
1607104871 6.2
1607104872 6.2
1607104873 6.2
1607104874 6.0
1607104875 5.8
1607104876 5.5
1607104877 5.2
1607104878 5.0
1607104879 5.2
1607104880 5.4
1607104881 5.6
1607104882 5.8
1607104883 5.8
1607104884 5.9
1607104885 5.9
1607104886 5.7
1607104887 5.5
1607104888 5.4
1607104889 5.3
1607104890 5.3
1607104891 5.4
1607104892 5.6
1607104893 5.7
1607104894 5.8
1607104895 5.9
1607104896 5.9
1607104897 5.9
1607104898 6.0
1607104899 6.0
1607104900 6.0
1607104901 6.1
1607104902 5.9
1607104903 5.6
1607104904 5.3
1607104905 5.1
1607104906 5.3
1607104907 5.4
1607104908 5.6
1607104909 5.7
1607104910 5.8
1607104911 5.9
1607104912 6.0
1607104913 6.1
1607104914 6.2
1607104915 6.0
1607104916 5.7
1607104917 5.4
1607104918 5.2
1607104919 5.0
1607104920 5.2
1607104921 5.5
1607104922 5.6
1607104923 5.7
1607104924 5.8
1607104925 5.8
1607104926 5.9
1607104927 6.0
1607104928 6.0
1607104929 6.0
1607104930 6.0
1607104931 6.1
1607104932 6.0
1607104933 6.1
1607104934 6.1
1607104935 6.1
1607104936 6.2
1607104937 6.2
1607104938 6.2
1607104939 6.1
1607104940 6.1
1607104941 6.1
1607104942 6.1
1607104943 6.1
1607104944 5.9
1607104945 6.0
1607104946 6.0
1607104947 6.0
1607104948 6.0
1607104949 6.0
1607104950 5.9
1607104951 5.8
1607104952 5.6
1607104953 5.5
1607104954 5.2
1607104955 5.0
1607104956 5.1
1607104957 5.2
1607104958 5.2
1607104959 5.1
1607104960 4.9
1607104961 5.2
1607104962 5.2
1607104963 5.1
1607104964 5.1
1607104965 5.1
1607104966 4.9
1607104967 4.7
1607104968 4.5
1607104969 4.4
1607104970 4.2
1607104971 4.1
1607104972 4.0
1607104973 3.9
1607104974 3.8
1607104975 3.8
1607104976 3.7
1607104977 3.7
1607104978 3.8
1607104979 3.9
1607104980 3.9
1607104981 3.8
1607104982 3.7
1607104983 3.6
1607104984 3.6
1607104985 3.5
1607104986 3.5
1607104987 3.4
1607104988 3.4
1607104989 3.4
1607104990 3.3
1607104991 3.3
1607104992 3.3
1607104993 3.3
1607104994 3.3
1607104995 3.2
1607104996 3.2
1607104997 3.2
1607104998 3.2
1607104999 3.2
1607105000 3.2
1607105001 3.1
1607105002 3.1
1607105003 3.2
1607105004 3.1
1607105005 3.1
1607105006 3.1
1607105007 3.1
1607105008 3.1
1607105009 3.1
1607105010 3.1
1607105011 3.1
1607105012 3.1
1607105013 3.1
1607105014 3.1
1607105015 3.0
1607105016 3.1
1607105017 3.1
1607105018 3.1
1607105019 3.0
1607105020 3.0
1607105021 3.0
1607105022 3.0
1607105023 3.1
1607105024 3.0
1607105025 3.0
1607105026 3.0
1607105027 3.0
1607105028 3.1
1607105029 3.0
1607105030 3.0
1607105031 3.0
1607105032 3.0
1607105033 3.0
1607105034 3.0
1607105035 3.0
1607105036 3.0
1607105037 3.0
1607105038 3.1
1607105039 3.1
1607105040 3.1
1607105041 3.2
1607105042 3.4
1607105043 3.3
1607105044 3.3
1607105045 3.3
1607105046 3.2
1607105047 3.2
1607105048 3.1
1607105049 3.1
1607105050 3.1
1607105051 3.1
1607105052 3.1
1607105053 3.1
1607105054 3.1
1607105055 3.0
1607105056 3.0
1607105057 3.0
1607105058 3.0
1607105059 3.0
1607105060 3.0
1607105061 3.0
1607105062 3.0
1607105063 3.0
1607105064 3.0
1607105065 3.0
1607105066 3.0
1607105067 3.0
1607105068 3.0
1607105069 2.9
1607105070 2.9
1607105071 2.9
1607105072 2.9
1607105073 2.9
1607105074 2.9
1607105075 2.9
1607105076 2.9
1607105077 2.9
1607105078 2.9
1607105079 3.0
1607105080 3.0
1607105081 2.9
1607105082 2.9
1607105083 2.9
1607105084 2.9
1607105085 3.0
1607105086 3.0
1607105087 2.9
1607105088 2.9
1607105089 2.9
1607105090 2.9
1607105091 2.9
1607105092 2.9
1607105093 2.9
1607105094 2.9
1607105095 2.9
1607105096 2.9
1607105097 2.9
1607105098 2.9
1607105099 2.9
1607105100 2.9
1607105101 3.0
1607105102 3.0
1607105103 3.0
1607105104 3.1
1607105105 3.3
1607105106 3.3
1607105107 3.2
1607105108 3.2
1607105109 3.1
1607105110 3.1
1607105111 3.1
1607105112 3.1
1607105113 3.0
1607105114 3.0
1607105115 3.0
1607105116 3.0
1607105117 3.0
1607105118 3.0
1607105119 3.0
1607105120 2.9
1607105121 2.9
1607105122 2.9
1607105123 2.9
1607105124 2.9
1607105125 2.9
1607105126 2.9
1607105127 2.9
1607105128 2.9
1607105129 2.9
1607105130 2.9
1607105131 2.9
1607105132 2.9
1607105133 2.9
1607105134 2.9
1607105135 2.9
1607105136 2.9
1607105137 2.9
1607105138 2.9
1607105139 2.9
1607105140 2.9
1607105141 2.8
1607105142 2.9
1607105143 2.9
1607105144 2.9
1607105145 2.9
1607105146 2.8
1607105147 2.8
1607105148 2.9
1607105149 2.9
1607105150 2.9
1607105151 2.8
1607105152 2.8
1607105153 2.9
1607105154 2.9
1607105155 2.9
1607105156 2.8
1607105157 2.8
1607105158 2.9
1607105159 2.9
1607105160 2.9
1607105161 2.9
1607105162 2.9
1607105163 2.9
1607105164 2.9
1607105165 2.9
1607105166 3.0
1607105167 3.1
1607105168 3.2
1607105169 3.2
1607105170 3.1
1607105171 3.1