1607137125 5.1
1607137126 4.9
1607137127 4.6
1607137128 4.8
1607137129 5.1
1607137130 5.3
1607137131 5.4
1607137132 5.6
1607137133 5.7
1607137134 5.9
1607137135 5.9
1607137136 5.9
1607137137 6.0
1607137138 6.0
1607137139 6.1
1607137140 6.2
1607137141 6.2
1607137142 6.2
1607137143 6.2
1607137144 6.2
1607137145 6.2
1607137146 6.2
1607137147 6.2
1607137148 6.2
1607137149 6.2
1607137150 6.2
1607137151 6.3
1607137152 6.2
1607137153 6.2
1607137154 6.2
1607137155 6.1
1607137156 6.2
1607137157 6.2
1607137158 6.1
1607137159 6.1
1607137160 6.1
1607137161 6.1
1607137162 6.1
1607137163 6.1
1607137164 6.0
1607137165 6.0
1607137166 6.0
1607137167 6.0
1607137168 5.9
1607137169 5.9
1607137170 5.9
1607137171 6.0
1607137172 6.0
1607137173 6.0
1607137174 6.0
1607137175 5.9
1607137176 5.9
1607137177 5.9
1607137178 5.8
1607137179 5.9
1607137180 5.9
1607137181 5.9
1607137182 5.9
1607137183 5.8
1607137184 5.8
1607137185 5.8
1607137186 5.8
1607137187 5.8
1607137188 5.8
1607137189 5.8
1607137190 5.8
1607137191 5.9
1607137192 5.8
1607137193 5.6
1607137194 5.5
1607137195 5.3
1607137196 5.1
1607137197 5.3
1607137198 5.5
1607137199 5.4
1607137200 5.2
1607137201 4.9
1607137202 4.9
1607137203 4.8
1607137204 5.0
1607137205 5.3
1607137206 5.5
1607137207 5.6
1607137208 5.7
1607137209 5.7
1607137210 5.8
1607137211 5.9
1607137212 6.0
1607137213 6.0
1607137214 6.0
1607137215 6.0
1607137216 6.0
1607137217 5.8
1607137218 5.5
1607137219 5.2
1607137220 5.0
1607137221 4.8
1607137222 5.1
1607137223 5.4
1607137224 5.6
1607137225 5.7
1607137226 5.8
1607137227 5.9
1607137228 6.0
1607137229 6.1
1607137230 6.1
1607137231 6.1
1607137232 6.2
1607137233 6.3
1607137234 6.2
1607137235 6.1
1607137236 6.0
1607137237 5.8
1607137238 5.5
1607137239 5.8
1607137240 5.8
1607137241 5.8
1607137242 5.9
1607137243 6.0
1607137244 6.0
1607137245 6.0
1607137246 6.0
1607137247 6.0
1607137248 6.0
1607137249 5.7
1607137250 5.6
1607137251 5.4
1607137252 5.3
1607137253 5.3
1607137254 5.6
1607137255 5.7
1607137257 5.8
1607137259 6.0
1607137260 6.0
1607137261 6.0
1607137262 6.1
1607137263 6.1
1607137264 6.1
1607137265 6.1
1607137266 6.1
1607137267 6.1
1607137268 6.1
1607137269 6.1
1607137270 6.1
1607137271 6.1
1607137272 6.1
1607137274 6.1
1607137281 5.6
1607137283 5.4
1607137285 5.7
1607137287 5.8
1607137289 5.9
1607137291 6.0
1607137293 6.1
1607137300 6.2
1607137302 6.1
1607137304 6.1
1607137311 6.0
1607137318 5.8
1607137325 5.8
1607137332 5.7
1607137339 5.8
1607137340 5.8
1607137347 6.0
1607137354 5.3
1607137356 5.6
1607137358 5.8
1607137359 5.9
1607137360 5.8
1607137361 5.5
1607137362 5.2
1607137363 5.0
1607137364 4.8
1607137365 4.6
1607137366 4.4
1607137367 4.3
1607137368 4.2
1607137369 4.0
1607137370 4.3
1607137371 4.4
1607137373 4.5
1607137374 4.5
1607137375 4.5
1607137376 4.4
1607137377 4.2
1607137378 4.1
1607137379 4.0
1607137380 3.9
1607137381 3.8
1607137382 3.7
1607137383 3.6
1607137384 3.6
1607137385 3.5
1607137386 3.5
1607137387 3.5
1607137388 3.4
1607137389 3.4
1607137390 3.4
1607137391 3.3
1607137392 3.3
1607137393 3.3
1607137394 3.2
1607137395 3.3
1607137396 3.2
1607137397 3.2
1607137398 3.2
1607137399 3.2
1607137400 3.2
1607137401 3.2
1607137402 3.2
1607137403 3.1
1607137404 3.1
1607137405 3.1
1607137406 3.1
1607137407 3.1
1607137408 3.1
1607137409 3.1
1607137410 3.1
1607137411 3.1
1607137412 3.1
1607137413 3.1
1607137414 3.1
1607137415 3.1
1607137416 3.1
1607137417 3.1
1607137418 3.0
1607137419 3.1
1607137420 3.1
1607137421 3.1
1607137422 3.2
1607137423 3.3
1607137424 3.4
1607137425 3.4
1607137426 3.4
1607137428 3.3
1607137430 3.2
1607137437 3.1
1607137438 3.1
1607137439 3.1
1607137440 3.0
1607137441 3.1
1607137443 3.0
1607137444 3.0
1607137445 3.0
1607137446 3.0
1607137447 3.0
1607137448 3.0
1607137449 3.0
1607137450 3.0
1607137451 3.0
1607137452 3.0
1607137453 3.0
1607137454 3.0
1607137455 3.0
1607137456 3.0
1607137457 3.0
1607137458 3.0
1607137459 3.0
1607137460 3.0
1607137461 2.9
1607137462 3.0
1607137463 3.0
1607137464 2.9
1607137465 2.9
1607137466 2.9
1607137467 2.9
1607137468 2.9
1607137469 2.9
1607137470 2.9
1607137471 3.0
1607137472 3.0
1607137473 2.9
1607137474 2.9
1607137475 2.9
1607137476 3.0
1607137477 3.0
1607137478 2.9
1607137479 2.9
1607137480 2.9
1607137481 2.9
1607137482 3.0
1607137483 3.0
1607137484 3.0
1607137485 3.1
1607137486 3.2
1607137487 3.3
1607137488 3.2
1607137489 3.2
1607137490 3.2
1607137491 3.1
1607137492 3.1
1607137493 3.1
1607137494 3.1
1607137495 3.0
1607137496 3.0
1607137497 3.0
1607137498 3.0
1607137499 3.0
1607137500 3.0
1607137501 3.0
1607137502 2.9
1607137503 2.9
1607137504 2.9
1607137505 2.9
1607137506 2.9
1607137507 2.9
1607137508 2.9
1607137509 2.9
1607137510 2.9
1607137511 2.9
1607137512 2.9
1607137513 2.9
1607137514 2.9
1607137515 2.9
1607137516 2.9
1607137517 2.9
1607137518 2.9
1607137519 2.9
1607137520 2.9
1607137521 2.9
1607137522 2.9
1607137523 2.9
1607137524 2.9
1607137525 2.9
1607137526 2.9
1607137527 2.9
1607137528 2.9
1607137529 2.9
1607137530 2.9