1607121678 4.9
1607121679 4.6
1607121680 4.7
1607121681 4.9
1607121682 5.2
1607121683 5.4
1607121684 5.5
1607121685 5.6
1607121686 5.8
1607121687 5.8
1607121688 5.9
1607121689 5.9
1607121690 6.0
1607121691 6.1
1607121692 6.2
1607121693 6.3
1607121694 6.3
1607121695 6.3
1607121696 6.3
1607121697 6.3
1607121698 6.3
1607121699 6.3
1607121700 6.2
1607121701 6.3
1607121702 6.3
1607121703 6.3
1607121704 6.3
1607121705 6.3
1607121706 6.3
1607121707 6.3
1607121708 6.3
1607121709 6.2
1607121710 6.3
1607121711 6.2
1607121712 6.0
1607121713 5.9
1607121714 6.0
1607121715 6.0
1607121716 6.0
1607121717 6.1
1607121718 6.1
1607121719 6.1
1607121720 6.1
1607121721 6.1
1607121722 6.2
1607121723 6.2
1607121724 6.2
1607121725 6.0
1607121726 5.7
1607121727 5.5
1607121728 5.3
1607121729 5.5
1607121730 5.6
1607121731 5.7
1607121732 5.8
1607121733 5.9
1607121734 5.9
1607121735 6.0
1607121736 6.0
1607121737 6.0
1607121738 6.0
1607121739 6.1
1607121740 6.0
1607121741 6.1
1607121742 6.0
1607121743 5.7
1607121744 5.5
1607121745 5.4
1607121746 5.3
1607121747 5.4
1607121748 5.6
1607121749 5.7
1607121750 5.7
1607121751 5.8
1607121752 5.8
1607121753 5.9
1607121754 5.9
1607121755 5.9
1607121756 6.0
1607121757 6.0
1607121758 6.0
1607121759 6.0
1607121760 5.8
1607121761 5.5
1607121762 5.2
1607121763 5.0
1607121764 5.0
1607121765 5.2
1607121766 5.4
1607121767 5.3
1607121768 5.1
1607121769 4.9
1607121770 4.8
1607121771 4.8
1607121772 5.1
1607121773 5.4
1607121774 5.6
1607121775 5.7
1607121776 5.8
1607121777 5.9
1607121778 5.9
1607121779 6.0
1607121780 6.1
1607121781 6.1
1607121782 6.1
1607121783 6.1
1607121784 6.1
1607121785 6.1
1607121786 6.1
1607121787 6.2
1607121788 6.1
1607121789 6.1
1607121790 6.2
1607121791 6.2
1607121792 6.2
1607121793 6.1
1607121794 6.1
1607121795 6.1
1607121796 6.0
1607121797 6.1
1607121798 6.2
1607121799 6.1
1607121800 6.1
1607121801 6.1
1607121802 6.0
1607121803 6.0
1607121804 6.1
1607121805 6.0
1607121806 6.0
1607121807 6.0
1607121808 6.0
1607121809 6.0
1607121810 6.0
1607121811 6.0
1607121812 5.9
1607121813 5.8
1607121814 5.8
1607121815 5.9
1607121816 5.9
1607121817 5.8
1607121818 5.8
1607121819 5.8
1607121820 5.7
1607121821 5.8
1607121822 5.9
1607121823 5.6
1607121824 5.3
1607121825 5.0
1607121826 4.8
1607121827 5.0
1607121828 5.2
1607121829 5.5
1607121830 5.6
1607121831 5.7
1607121832 5.8
1607121833 5.8
1607121834 5.9
1607121835 5.9
1607121836 5.9
1607121837 5.9
1607121838 6.0
1607121839 6.0
1607121840 6.0
1607121841 6.0
1607121842 6.1
1607121843 5.9
1607121844 5.6
1607121845 5.5
1607121846 5.4
1607121847 5.4
1607121848 5.4
1607121849 5.5
1607121850 5.7
1607121851 5.8
1607121852 5.8
1607121853 5.8
1607121854 5.9
1607121855 5.9
1607121856 5.9
1607121857 5.9
1607121858 5.8
1607121859 5.6
1607121860 5.3
1607121861 5.1
1607121862 5.1
1607121863 5.3
1607121864 5.5
1607121865 5.7
1607121866 5.8
1607121867 5.9
1607121868 5.9
1607121869 6.0
1607121870 6.0
1607121871 6.1
1607121872 6.1
1607121873 6.1
1607121874 6.2
1607121875 6.2
1607121876 6.2
1607121877 6.2
1607121878 6.2
1607121879 6.1
1607121880 6.1
1607121881 6.1
1607121882 6.1
1607121883 6.1
1607121884 5.9
1607121885 5.6
1607121886 5.4
1607121887 5.2
1607121888 5.1
1607121889 5.3
1607121890 5.5
1607121891 5.6
1607121892 5.8
1607121893 5.8
1607121894 5.9
1607121895 5.9
1607121896 6.0
1607121897 6.0
1607121898 6.0
1607121899 6.0
1607121900 6.1
1607121901 5.9
1607121902 5.7
1607121903 5.6
1607121904 5.5
1607121905 5.2
1607121906 5.4
1607121907 5.5
1607121908 5.6
1607121909 5.8
1607121910 5.8
1607121911 5.9
1607121912 5.9
1607121913 5.9
1607121914 5.6
1607121915 5.3
1607121916 5.1
1607121917 5.0
1607121918 4.8
1607121919 4.6
1607121920 4.4
1607121921 4.3
1607121922 4.5
1607121923 4.7
1607121924 5.0
1607121925 4.9
1607121926 5.0
1607121927 5.3
1607121929 5.3
1607121936 5.2
1607121943 6.0
1607121944 6.0
1607121945 6.1
1607121946 6.2
1607121947 6.2
1607121948 6.2
1607121949 6.2
1607121950 6.3
1607121951 6.2
1607121952 6.2
1607121953 6.2
1607121954 6.2
1607121955 6.2
1607121956 6.2
1607121957 6.3
1607121958 6.2
1607121959 6.2
1607121960 6.2
1607121961 6.2
1607121962 6.2
1607121963 6.2
1607121964 6.2
1607121965 6.0
1607121966 5.6
1607121967 5.4
1607121968 5.1
1607121969 4.9
1607121970 5.2
1607121971 5.4
1607121972 5.6
1607121973 5.8
1607121974 5.9
1607121975 5.9
1607121976 6.0
1607121977 6.1
1607121978 6.1
1607121979 6.1
1607121980 6.2
1607121981 6.2
1607121982 6.2
1607121983 6.2
1607121984 6.2
1607121985 6.3
1607121986 6.3
1607121987 6.3
1607121988 6.3
1607121989 6.3
1607121990 6.2
1607121991 6.1
1607121992 6.0
1607121993 6.1
1607121994 6.1
1607121995 6.0
1607121996 5.9
1607121997 5.9
1607121998 5.8
1607121999 5.7
1607122000 5.5
1607122001 5.2
1607122002 5.0
1607122003 5.3
1607122004 5.5
1607122005 5.6
1607122006 5.7
1607122007 5.7
1607122008 5.9
1607122009 5.9
1607122010 6.0
1607122011 6.0
1607122012 6.0
1607122013 6.0
1607122014 6.0
1607122015 6.0
1607122016 6.0
1607122017 6.0
1607122018 6.0
1607122019 6.1
1607122020 6.1
1607122021 6.1
1607122022 6.0
1607122023 6.0
1607122024 6.1
1607122025 6.1
1607122026 6.1
1607122027 6.0
1607122028 5.9
1607122029 5.6
1607122030 5.4
1607122031 5.1
1607122032 4.9
1607122033 5.1
1607122034 5.4
1607122035 5.6
1607122036 5.7
1607122037 5.7
1607122038 5.8
1607122039 5.8
1607122040 5.9
1607122041 5.9
1607122042 6.0
1607122043 6.0
1607122044 6.0
1607122045 6.0
1607122046 6.1
1607122047 6.0
1607122048 6.1
1607122049 6.2
1607122050 6.2
1607122051 6.2
1607122052 6.2
1607122053 6.1
1607122054 6.1
1607122055 6.1
1607122056 6.0
1607122057 6.0
1607122058 6.0
1607122059 6.0
1607122060 6.0
1607122061 5.9
1607122062 5.9
1607122063 5.9
1607122064 5.9
1607122065 5.9
1607122066 5.9
1607122067 5.8
1607122068 5.8
1607122069 5.9
1607122070 5.8
1607122071 5.9
1607122072 5.8
1607122073 5.8
1607122074 5.8
1607122075 5.8
1607122076 5.8
1607122077 5.8
1607122078 5.9
1607122079 5.8
1607122080 5.8
1607122081 5.8
1607122082 5.8
1607122083 5.8
1607122084 5.8
1607122085 5.5
1607122086 5.2
1607122087 5.0
1607122088 4.9
1607122089 5.2
1607122090 5.4
1607122091 5.6
1607122092 5.7
1607122093 5.7
1607122094 5.7
1607122095 5.8
1607122096 5.8
1607122097 5.9
1607122098 5.8
1607122099 5.7
1607122100 5.7
1607122101 5.6
1607122102 5.4
1607122103 5.5
1607122104 5.7
1607122105 5.7
1607122106 5.8
1607122107 5.8
1607122108 5.9
1607122109 5.9
1607122110 5.9
1607122111 6.0
1607122112 6.1
1607122113 6.2
1607122114 6.2
1607122115 6.0
1607122116 5.7
1607122117 5.6
1607122118 5.5
1607122119 5.6
1607122120 5.7
1607122121 5.7
1607122122 5.5
1607122123 5.3
1607122124 5.4
1607122125 5.3
1607122126 5.2
1607122127 5.4
1607122128 5.5
1607122129 5.6
1607122130 5.6
1607122131 5.7
1607122132 5.8
1607122133 5.7
1607122134 5.4
1607122135 5.4
1607122136 5.4
1607122137 5.3
1607122138 5.4
1607122139 5.6
1607122140 5.7
1607122141 5.8
1607122142 5.8
1607122143 5.9
1607122144 5.9
1607122145 5.9
1607122146 6.0
1607122147 6.0
1607122148 6.0
1607122149 6.0
1607122150 5.9
1607122151 5.6
1607122152 5.3
1607122153 5.1
1607122154 4.8
1607122155 5.2
1607122156 5.4
1607122157 5.6
1607122158 5.7
1607122159 5.7
1607122160 5.9
1607122161 5.9
1607122162 6.0
1607122163 6.0
1607122164 6.1
1607122165 6.1
1607122166 6.0
1607122167 5.7
1607122168 5.4
1607122169 5.2
1607122170 5.0
1607122171 4.8
1607122172 4.6
1607122173 4.4
1607122174 4.3
1607122175 4.3
1607122176 4.8
1607122177 4.8
1607122178 4.7
1607122179 4.7
1607122180 4.5
1607122181 4.4
1607122182 4.2
1607122183 4.1
1607122184 4.0
1607122185 3.9
1607122186 3.8
1607122187 3.7
1607122188 3.6
1607122189 3.6
1607122190 3.5
1607122191 3.5
1607122192 3.5
1607122193 3.4
1607122194 3.4
1607122195 3.3
1607122196 3.3
1607122197 3.3
1607122198 3.3
1607122199 3.2
1607122200 3.2
1607122201 3.2
1607122202 3.2
1607122203 3.2
1607122204 3.2
1607122205 3.1
1607122206 3.1
1607122207 3.1
1607122208 3.1
1607122209 3.1
1607122210 3.1
1607122211 3.1
1607122212 3.1
1607122213 3.1
1607122214 3.1
1607122215 3.1
1607122216 3.1
1607122217 3.1
1607122218 3.1
1607122219 3.1
1607122220 3.1
1607122221 3.1
1607122222 3.0
1607122223 3.1
1607122224 3.0
1607122225 3.0
1607122226 3.0
1607122227 3.0
1607122228 3.1
1607122229 3.0
1607122230 3.0
1607122231 3.0
1607122232 3.0
1607122233 3.0
1607122234 3.0
1607122235 3.0
1607122236 3.0
1607122237 3.0
1607122238 3.1
1607122239 3.1
1607122240 3.2
1607122241 3.4
1607122242 3.4
1607122243 3.3
1607122244 3.3
1607122245 3.3
1607122246 3.2
1607122247 3.2
1607122248 3.2
1607122249 3.2
1607122250 3.1
1607122251 3.1
1607122252 3.1
1607122253 3.0
1607122254 3.1
1607122255 3.0
1607122256 3.0
1607122257 3.0
1607122258 3.0
1607122259 3.0
1607122260 3.0
1607122261 3.0
1607122262 3.0
1607122263 3.0
1607122264 3.0
1607122265 3.0
1607122266 3.0
1607122267 3.0
1607122268 2.9
1607122269 2.9
1607122270 3.0
1607122271 3.0
1607122272 2.9
1607122273 2.9
1607122274 2.9
1607122275 2.9
1607122276 2.9
1607122277 2.9
1607122278 2.9
1607122279 2.9
1607122280 2.9
1607122281 2.9
1607122282 2.9
1607122283 2.9
1607122284 2.9
1607122285 2.9
1607122286 2.9
1607122287 2.9
1607122288 2.9
1607122289 2.9
1607122290 2.9
1607122291 2.9
1607122292 2.9
1607122293 2.9
1607122294 2.9
1607122295 2.9
1607122296 2.9
1607122297 2.9
1607122298 2.9
1607122299 2.9
1607122300 3.0
1607122301 3.0
1607122302 3.0
1607122303 3.1
1607122304 3.3
1607122305 3.3
1607122306 3.2
1607122307 3.2
1607122308 3.2
1607122309 3.1
1607122310 3.1
1607122311 3.1
1607122312 3.0
1607122313 3.0
1607122314 3.0
1607122315 3.0
1607122316 3.0
1607122317 3.0
1607122318 2.9
1607122319 2.9
1607122320 2.9
1607122321 2.9
1607122322 2.9
1607122323 2.9
1607122324 2.9
1607122325 2.9
1607122326 2.9
1607122327 2.9
1607122328 2.9
1607122329 2.9
1607122330 2.9
1607122331 2.9
1607122332 2.9
1607122333 2.9
1607122334 2.9
1607122335 2.9
1607122336 2.9
1607122337 2.9
1607122338 2.9
1607122339 2.9
1607122340 2.8
1607122341 2.9
1607122342 2.9
1607122343 2.9
1607122344 2.9
1607122345 2.9
1607122346 2.8
1607122347 2.8
1607122348 2.9
1607122349 2.8
1607122350 2.8
1607122351 2.9
1607122352 2.8
1607122353 2.8
1607122354 2.9
1607122355 2.9
1607122356 2.9
1607122357 2.9
1607122358 2.8
1607122359 2.8
1607122360 2.8
1607122361 2.8
1607122362 2.9
1607122363 2.9
1607122364 2.9
1607122365 3.0