1607112335 5.1
1607112336 4.9
1607112337 4.7
1607112338 4.8
1607112339 5.0
1607112340 5.1
1607112341 5.3
1607112342 5.5
1607112343 5.6
1607112344 5.7
1607112345 5.7
1607112346 5.9
1607112347 5.9
1607112348 6.0
1607112349 6.1
1607112350 6.2
1607112351 6.2
1607112352 6.2
1607112353 6.2
1607112354 6.2
1607112355 6.2
1607112356 6.2
1607112357 6.2
1607112358 6.3
1607112359 6.3
1607112360 6.1
1607112361 5.8
1607112362 5.6
1607112363 5.4
1607112364 5.2
1607112365 5.4
1607112366 5.6
1607112367 5.7
1607112368 5.8
1607112369 5.9
1607112370 6.0
1607112371 6.0
1607112372 6.1
1607112373 6.1
1607112374 6.1
1607112375 6.2
1607112376 6.2
1607112377 6.2
1607112378 5.9
1607112379 5.6
1607112380 5.5
1607112381 5.3
1607112382 5.1
1607112383 5.4
1607112384 5.6
1607112385 5.7
1607112386 5.8
1607112387 5.8
1607112388 5.9
1607112389 6.0
1607112390 6.0
1607112391 6.0
1607112392 6.0
1607112393 5.7
1607112394 5.4
1607112395 5.1
1607112396 4.9
1607112397 4.9
1607112398 5.3
1607112399 5.5
1607112400 5.6
1607112401 5.7
1607112402 5.8
1607112403 5.9
1607112404 5.9
1607112405 6.0
1607112406 6.0
1607112407 6.1
1607112408 6.0
1607112409 5.7
1607112410 5.5
1607112411 5.4
1607112412 5.5
1607112413 5.6
1607112414 5.8
1607112415 5.9
1607112416 6.0
1607112417 6.0
1607112418 6.1
1607112419 6.1
1607112420 6.1
1607112421 6.1
1607112422 6.2
1607112423 6.2
1607112424 6.1
1607112425 5.8
1607112426 5.5
1607112427 5.2
1607112428 5.0
1607112429 5.1
1607112430 5.4
1607112431 5.3
1607112432 5.0
1607112433 4.8
1607112434 4.8
1607112435 4.7
1607112436 4.9
1607112437 5.2
1607112438 5.4
1607112439 5.6
1607112440 5.8
1607112441 5.9
1607112442 6.0
1607112443 6.0
1607112444 6.1
1607112445 6.1
1607112446 6.1
1607112447 6.0
1607112448 5.8
1607112449 5.6
1607112450 5.5
1607112451 5.3
1607112452 5.4
1607112453 5.6
1607112454 5.7
1607112455 5.8
1607112456 5.9
1607112457 6.0
1607112458 6.0
1607112459 6.1
1607112460 6.1
1607112461 6.1
1607112462 6.1
1607112463 6.1
1607112464 6.1
1607112465 6.2
1607112466 6.1
1607112467 6.2
1607112468 6.2
1607112469 6.1
1607112470 6.1
1607112471 6.1
1607112472 6.2
1607112473 6.2
1607112474 6.3
1607112475 6.2
1607112476 5.8
1607112477 5.5
1607112478 5.3
1607112479 5.1
1607112480 5.4
1607112481 5.5
1607112482 5.7
1607112483 5.7
1607112484 5.8
1607112485 5.9
1607112486 5.9
1607112487 5.9
1607112488 5.9
1607112489 6.0
1607112490 6.0
1607112491 6.0
1607112492 6.0
1607112493 6.0
1607112494 6.0
1607112495 6.0
1607112496 5.9
1607112497 5.8
1607112498 5.6
1607112499 5.3
1607112500 5.3
1607112501 5.5
1607112502 5.6
1607112503 5.7
1607112504 5.8
1607112505 5.8
1607112506 5.7
1607112507 5.8
1607112508 5.9
1607112509 5.9
1607112510 5.9
1607112511 6.0
1607112512 6.0
1607112513 6.0
1607112514 6.0
1607112515 6.0
1607112516 6.0
1607112517 6.1
1607112518 6.0
1607112519 6.0
1607112520 6.0
1607112521 6.0
1607112522 6.0
1607112523 6.0
1607112524 6.0
1607112525 5.9
1607112526 5.9
1607112527 5.9
1607112528 6.0
1607112529 6.0
1607112530 5.9
1607112531 5.9
1607112532 5.9
1607112533 5.8
1607112534 5.8
1607112535 5.9
1607112536 5.9
1607112537 5.7
1607112538 5.6
1607112539 5.4
1607112540 5.2
1607112541 5.2
1607112542 5.1
1607112543 4.9
1607112544 4.7
1607112545 4.5
1607112546 4.5
1607112547 4.8
1607112548 4.8
1607112549 4.7
1607112550 4.6
1607112551 4.6
1607112552 4.6
1607112553 4.7
1607112554 4.6
1607112555 4.5
1607112556 4.4
1607112557 4.2
1607112558 4.1
1607112559 4.4
1607112560 4.4
1607112561 4.4
1607112562 4.3
1607112563 4.1
1607112564 4.0
1607112565 4.2
1607112566 4.6
1607112567 4.6
1607112568 4.5
1607112569 4.4
1607112570 4.2
1607112571 4.4
1607112572 4.4
1607112573 4.5
1607112574 4.4
1607112575 4.4
1607112576 4.5
1607112577 4.7
1607112578 4.7
1607112579 4.7
1607112580 5.1
1607112581 5.2
1607112582 5.2
1607112584 4.8