1607146972 4.9
1607146973 4.7
1607146974 4.5
1607146975 4.6
1607146976 4.8
1607146977 5.1
1607146978 5.3
1607146979 5.5
1607146980 5.6
1607146981 5.7
1607146982 5.8
1607146983 5.8
1607146984 5.9
1607146985 5.9
1607146986 6.0
1607146987 6.1
1607146988 6.1
1607146989 6.2
1607146990 6.2
1607146991 6.3
1607146992 6.2
1607146993 6.3
1607146994 6.3
1607146995 6.3
1607146996 6.3
1607146997 6.3
1607146998 6.4
1607146999 6.4
1607147000 6.1
1607147001 5.9
1607147002 5.7
1607147003 5.5
1607147004 5.3
1607147005 5.4
1607147006 5.6
1607147007 5.7
1607147008 5.8
1607147009 5.9
1607147010 5.9
1607147011 5.9
1607147012 6.0
1607147013 6.0
1607147014 6.1
1607147015 6.1
1607147016 6.1
1607147017 5.9
1607147018 5.7
1607147019 5.6
1607147020 5.5
1607147021 5.4
1607147022 5.7
1607147023 5.7
1607147024 5.8
1607147025 5.9
1607147026 5.9
1607147027 5.9
1607147028 6.0
1607147029 6.0
1607147030 6.0
1607147031 6.0
1607147032 6.0
1607147033 6.0
1607147034 6.0
1607147035 5.9
1607147036 5.6
1607147037 5.5
1607147038 5.3
1607147039 5.1
1607147040 5.3
1607147041 5.6
1607147042 5.7
1607147043 5.7
1607147044 5.8
1607147045 5.8
1607147046 5.9
1607147047 6.0
1607147048 6.0
1607147049 6.0
1607147050 6.0
1607147051 6.0
1607147052 6.1
1607147053 6.1
1607147054 6.0
1607147055 6.1
1607147056 6.1
1607147057 6.0
1607147058 6.0
1607147059 6.0
1607147060 6.1
1607147061 6.1
1607147062 6.2
1607147063 6.1
1607147064 6.1
1607147065 6.1
1607147066 6.1
1607147067 6.1
1607147068 6.0
1607147069 6.0
1607147070 5.8
1607147071 5.6
1607147072 5.4
1607147073 5.4
1607147074 5.4
1607147075 5.5
1607147076 5.6
1607147077 5.4
1607147078 5.3
1607147079 5.3
1607147080 5.1
1607147081 4.9
1607147082 5.1
1607147083 5.3
1607147084 5.5
1607147085 5.7
1607147086 5.7
1607147087 5.8
1607147088 5.8
1607147089 5.9
1607147090 5.9
1607147091 6.0
1607147092 6.0
1607147093 6.0
1607147094 6.0
1607147095 6.0
1607147096 6.0
1607147097 5.7
1607147098 5.6
1607147099 5.5
1607147100 5.4
1607147101 5.3
1607147102 5.5
1607147103 5.6
1607147104 5.7
1607147105 5.8
1607147106 5.9
1607147107 5.9
1607147108 5.9
1607147109 6.0
1607147110 5.9
1607147111 6.0
1607147112 6.0
1607147113 6.0
1607147114 6.1
1607147115 6.0
1607147116 6.1
1607147117 6.1
1607147118 6.0
1607147119 6.1
1607147120 6.1
1607147121 6.1
1607147122 6.1
1607147123 6.1
1607147124 6.1
1607147125 6.0
1607147126 6.0
1607147127 6.0
1607147128 6.0
1607147129 5.9
1607147130 5.9
1607147131 5.9
1607147132 5.9
1607147133 5.9
1607147134 5.8
1607147135 5.8
1607147136 5.8
1607147137 5.8
1607147138 5.9
1607147139 5.9
1607147140 5.9
1607147141 5.8
1607147142 5.8
1607147143 5.8
1607147144 5.8
1607147145 5.9
1607147146 5.8
1607147147 5.8
1607147148 5.8
1607147149 5.8
1607147150 5.8
1607147151 5.9
1607147152 5.8
1607147153 5.6
1607147154 5.3
1607147155 5.1
1607147156 4.9
1607147157 5.2
1607147158 5.4
1607147159 5.6
1607147160 5.6
1607147161 5.7
1607147162 5.8
1607147163 5.8
1607147164 5.7
1607147165 5.5
1607147166 5.5
1607147167 5.4
1607147168 5.3
1607147169 5.3
1607147170 5.5
1607147171 5.6
1607147172 5.7
1607147173 5.8
1607147174 5.9
1607147175 5.9
1607147176 5.9
1607147177 6.0
1607147178 6.0
1607147179 6.0
1607147180 6.0
1607147181 6.0
1607147182 6.1
1607147183 6.0
1607147184 6.0
1607147185 6.1
1607147186 6.2
1607147187 6.2
1607147188 6.2
1607147189 6.2
1607147190 6.1
1607147191 6.1
1607147192 6.1
1607147193 6.1
1607147194 6.0
1607147195 5.7
1607147196 5.5
1607147197 5.3
1607147198 5.2
1607147199 5.4
1607147200 5.5
1607147201 5.7
1607147202 5.7
1607147203 5.7
1607147204 5.8
1607147205 5.8
1607147206 5.9
1607147207 5.9
1607147208 5.8
1607147209 5.6
1607147210 5.3
1607147211 5.0
1607147212 4.8
1607147213 4.6
1607147214 4.5
1607147215 4.3
1607147216 4.5
1607147217 4.5
1607147218 4.7
1607147219 4.8
1607147220 4.6
1607147221 4.6
1607147222 5.0
1607147223 5.0
1607147224 5.0
1607147226 4.7