1607100529 4.9
1607100530 4.7
1607100531 4.5
1607100532 4.7
1607100533 5.0
1607100534 5.2
1607100535 5.4
1607100536 5.6
1607100537 5.7
1607100538 5.9
1607100539 5.9
1607100540 6.0
1607100541 6.0
1607100542 6.1
1607100543 6.1
1607100544 6.2
1607100545 6.2
1607100546 6.2
1607100547 6.3
1607100548 6.3
1607100549 6.3
1607100550 6.3
1607100551 6.3
1607100552 6.3
1607100553 6.3
1607100554 6.3
1607100555 6.4
1607100556 6.4
1607100557 6.3
1607100558 6.3
1607100559 6.3
1607100560 6.3
1607100561 6.3
1607100562 6.3
1607100563 6.3
1607100564 6.3
1607100565 6.3
1607100566 6.3
1607100567 6.0
1607100568 5.8
1607100569 5.7
1607100570 5.4
1607100571 5.5
1607100572 5.7
1607100573 5.8
1607100574 5.8
1607100575 5.9
1607100576 6.0
1607100577 6.0
1607100579 6.1
1607100580 6.0
1607100581 6.1
1607100582 6.1
1607100583 6.0
1607100584 6.1
1607100585 6.1
1607100586 6.1
1607100587 6.0
1607100588 6.1
1607100589 6.1
1607100590 6.1
1607100591 6.1
1607100592 6.1
1607100593 6.0
1607100594 6.0
1607100595 5.9
1607100596 5.9
1607100597 5.9
1607100598 5.9
1607100599 5.9
1607100600 5.8
1607100601 5.5
1607100602 5.2
1607100603 5.0
1607100604 4.8
1607100605 5.1
1607100606 5.3
1607100607 5.4
1607100608 5.6
1607100609 5.7
1607100610 5.8
1607100611 5.9
1607100612 6.0
1607100613 6.0
1607100614 6.0
1607100615 6.1
1607100616 5.9
1607100617 5.6
1607100618 5.5
1607100619 5.2
1607100620 5.0
1607100621 5.2
1607100622 5.4
1607100623 5.6
1607100624 5.7
1607100625 5.8
1607100626 5.9
1607100627 5.9
1607100628 6.0
1607100629 6.0
1607100630 6.1
1607100631 6.1
1607100632 6.0
1607100633 5.7
1607100634 5.5
1607100635 5.4
1607100636 5.6
1607100637 5.7
1607100638 5.7
1607100639 5.9
1607100640 5.9
1607100641 6.0
1607100642 6.0
1607100643 6.0
1607100644 6.1
1607100645 6.1
1607100646 6.1
1607100647 6.1
1607100648 6.2
1607100649 6.1
1607100650 6.1
1607100651 6.1
1607100652 6.1
1607100653 6.1
1607100654 6.1
1607100655 6.1
1607100656 6.0
1607100657 6.0
1607100658 6.0
1607100659 6.0
1607100660 6.0
1607100661 5.9
1607100662 5.9
1607100663 5.8
1607100664 5.9
1607100665 5.9
1607100666 5.9
1607100667 5.9
1607100668 5.8
1607100669 5.8
1607100670 5.9
1607100671 5.9
1607100672 5.8
1607100673 5.8
1607100674 5.8
1607100675 5.8
1607100676 5.9
1607100677 5.8
1607100678 5.8
1607100679 5.9
1607100680 5.8
1607100681 5.8
1607100682 5.9
1607100683 5.9
1607100684 5.6
1607100685 5.4
1607100686 5.2
1607100687 5.0
1607100689 5.4
1607100696 6.1
1607100698 6.1
1607100700 6.2
1607100707 5.4
1607100709 5.6
1607100711 5.8
1607100712 5.8
1607100713 5.9
1607100714 6.0
1607100715 6.0
1607100716 6.0
1607100717 6.1
1607100719 5.8
1607100720 5.5
1607100721 5.6
1607100722 5.5
1607100723 5.4
1607100724 5.6
1607100725 5.6
1607100726 5.5
1607100727 5.3
1607100728 5.1
1607100729 5.0
1607100730 4.9
1607100731 5.1
1607100732 5.3
1607100733 5.5
1607100734 5.6
1607100735 5.7
1607100736 5.9
1607100737 5.9
1607100738 6.0
1607100739 6.0
1607100740 6.0
1607100741 6.1
1607100742 5.9
1607100743 5.7
1607100744 5.5
1607100745 5.4
1607100746 5.3
1607100747 5.4
1607100748 5.6
1607100749 5.7
1607100750 5.8
1607100751 5.8
1607100752 5.9
1607100753 5.9
1607100754 5.8
1607100755 5.7
1607100756 5.5
1607100757 5.4
1607100758 5.3
1607100759 5.1
1607100760 4.9
1607100761 4.7
1607100762 4.6
1607100763 4.6
1607100764 4.9
1607100765 4.9
1607100766 4.9
1607100767 5.1
1607100768 5.3
1607100769 5.3
1607100770 5.3
1607100772 4.9
1607100779 5.7
1607100780 5.7
1607100781 5.8
1607100782 5.9
1607100783 5.9
1607100784 6.0
1607100785 6.1
1607100786 6.1
1607100787 6.2
1607100788 6.2
1607100789 6.3
1607100790 6.2
1607100791 6.3
1607100792 6.3
1607100793 6.3
1607100794 6.4
1607100795 6.3
1607100796 6.3
1607100797 6.4
1607100798 6.3
1607100799 6.3
1607100800 6.3
1607100801 6.3
1607100802 6.3
1607100803 6.3
1607100804 6.3
1607100805 6.3
1607100806 6.3
1607100807 6.2
1607100808 6.2
1607100809 6.0
1607100810 5.7
1607100811 5.5
1607100812 5.2
1607100813 5.1
1607100814 5.4
1607100815 5.5
1607100816 5.7
1607100817 5.8
1607100818 5.9
1607100819 6.0
1607100820 6.1
1607100821 6.1
1607100822 6.1
1607100823 6.1
1607100824 6.1
1607100825 6.1
1607100826 5.9
1607100827 5.7
1607100828 5.4
1607100829 5.2
1607100830 5.0
1607100831 5.3
1607100832 5.5
1607100833 5.7
1607100834 5.8
1607100835 5.9
1607100836 6.0
1607100837 6.0
1607100838 6.0
1607100839 6.1
1607100840 6.2
1607100841 6.1
1607100842 6.0
1607100843 5.8
1607100844 5.7
1607100845 5.6
1607100846 5.7
1607100847 5.8
1607100848 5.9
1607100849 5.9
1607100850 6.0
1607100851 6.0
1607100852 6.1
1607100853 6.1
1607100854 6.1
1607100855 5.9
1607100856 5.7
1607100857 5.5
1607100858 5.3
1607100859 5.3
1607100860 5.5
1607100861 5.7
1607100862 5.8
1607100863 5.9
1607100864 5.9
1607100865 6.0
1607100866 6.0
1607100867 6.1
1607100868 6.1
1607100869 6.1
1607100870 6.1
1607100871 6.1
1607100872 6.1
1607100873 6.1
1607100874 6.1
1607100875 5.9
1607100876 5.6
1607100877 5.3
1607100878 5.1
1607100879 4.8
1607100880 5.2
1607100881 5.4
1607100882 5.7
1607100883 5.8
1607100884 5.9
1607100885 5.9
1607100886 6.0
1607100887 5.9
1607100888 5.6
1607100889 5.4
1607100890 5.3
1607100891 5.1
1607100892 5.4
1607100893 5.6
1607100894 5.7
1607100895 5.8
1607100896 5.9
1607100897 6.0
1607100898 6.0
1607100899 6.1
1607100900 6.1
1607100901 6.2
1607100902 6.2
1607100903 6.2
1607100904 6.2
1607100905 6.2
1607100906 6.2
1607100907 6.2
1607100908 6.2
1607100909 6.2
1607100910 6.2
1607100911 6.1
1607100912 6.0
1607100913 6.1
1607100914 6.1
1607100915 6.1
1607100916 6.1
1607100917 6.0
1607100918 5.9
1607100919 6.0
1607100920 6.0
1607100921 5.9
1607100922 5.9
1607100923 5.9
1607100924 5.9
1607100925 5.9
1607100926 5.9
1607100927 5.9
1607100928 5.9
1607100929 5.9
1607100930 5.8
1607100931 5.9
1607100932 5.8
1607100933 5.8
1607100934 5.8
1607100935 5.8
1607100936 5.8
1607100937 5.8
1607100938 5.9
1607100939 5.7
1607100940 5.4
1607100941 5.2
1607100942 4.9
1607100943 5.1
1607100944 5.3
1607100945 5.5
1607100946 5.7
1607100947 5.8
1607100948 5.9
1607100949 5.9
1607100950 6.0
1607100951 6.0
1607100952 6.0
1607100953 6.0
1607100954 6.1
1607100955 6.1
1607100956 6.1
1607100957 6.1
1607100958 6.0
1607100959 6.1
1607100960 6.1
1607100961 5.8
1607100962 5.8
1607100963 5.9
1607100964 5.8
1607100965 5.6
1607100966 5.3
1607100967 5.1
1607100968 5.1
1607100969 5.0
1607100970 5.3
1607100971 5.5
1607100972 5.6
1607100973 5.7
1607100974 5.7
1607100975 5.8
1607100976 5.9
1607100977 6.0
1607100978 6.0
1607100979 6.0
1607100980 6.1
1607100981 5.8
1607100982 5.5
1607100983 5.4
1607100984 5.3
1607100985 5.1
1607100986 5.4
1607100987 5.6
1607100988 5.7
1607100989 5.8
1607100990 5.8
1607100991 5.9
1607100992 6.0
1607100993 6.1
1607100994 6.1
1607100995 6.1
1607100996 6.1
1607100997 6.0
1607100998 5.8
1607100999 5.5
1607101000 5.3
1607101001 5.0
1607101002 4.8
1607101003 4.6
1607101004 4.4
1607101005 4.3
1607101006 4.2
1607101007 4.4
1607101008 4.6
1607101009 4.7
1607101010 4.8
1607101011 5.1
1607101012 5.2
1607101013 5.1
1607101015 4.8