1607139135 5.1
1607139136 5.1
1607139137 5.1
1607139138 5.2
1607139139 5.4
1607139140 5.5
1607139141 5.6
1607139142 5.7
1607139143 5.8
1607139144 5.8
1607139145 5.9
1607139146 5.9
1607139147 5.9
1607139148 5.9
1607139149 6.0
1607139150 6.0
1607139151 6.1
1607139152 6.1
1607139153 6.0
1607139154 6.0
1607139155 6.1
1607139156 6.1
1607139157 6.1
1607139158 6.1
1607139159 5.9
1607139160 5.9
1607139161 5.7
1607139162 5.6
1607139163 5.5
1607139164 5.7
1607139165 5.8
1607139166 5.9
1607139167 5.9
1607139168 5.9
1607139169 6.0
1607139170 6.0
1607139171 6.0
1607139172 6.0
1607139173 6.0
1607139174 6.0
1607139175 6.1
1607139176 6.0
1607139177 6.0
1607139178 6.0
1607139179 6.1
1607139180 5.9
1607139181 5.7
1607139182 5.4
1607139183 5.2
1607139184 5.0
1607139185 5.2
1607139186 5.4
1607139187 5.6
1607139188 5.7
1607139189 5.7
1607139190 5.8
1607139191 5.8
1607139192 5.9
1607139193 5.9
1607139194 5.9
1607139195 5.9
1607139196 5.9
1607139197 5.9
1607139198 5.9
1607139199 5.6
1607139200 5.4
1607139201 5.2
1607139202 5.1
1607139203 5.1
1607139204 5.4
1607139205 5.4
1607139206 5.2
1607139207 5.0
1607139208 4.9
1607139209 4.8
1607139210 4.9
1607139211 5.2
1607139212 5.4
1607139213 5.5
1607139214 5.6
1607139215 5.7
1607139216 5.8
1607139217 5.9
1607139218 5.9
1607139219 5.9
1607139220 5.9
1607139221 6.0
1607139222 6.0
1607139223 6.0
1607139224 6.0
1607139225 6.0
1607139226 6.1
1607139227 6.1
1607139228 6.1
1607139229 6.1
1607139230 6.1
1607139231 6.1
1607139232 6.1
1607139233 6.1
1607139234 6.1
1607139235 6.1
1607139236 6.0
1607139237 6.0
1607139238 6.0
1607139239 6.0
1607139240 5.9
1607139241 5.6
1607139242 5.4
1607139243 5.4
1607139244 5.3
1607139245 5.1
1607139246 5.3
1607139247 5.6
1607139248 5.7
1607139249 5.8
1607139250 5.8
1607139251 5.9
1607139252 5.9
1607139253 5.9
1607139254 5.9
1607139255 5.9
1607139256 6.0
1607139257 5.9
1607139258 6.0
1607139259 6.0
1607139260 6.0
1607139261 6.0
1607139262 6.0
1607139263 6.0
1607139264 5.9
1607139265 6.0
1607139266 6.0
1607139267 5.9
1607139268 5.9
1607139269 5.9
1607139270 5.8
1607139271 5.8
1607139272 5.8
1607139273 5.8
1607139274 5.8
1607139275 5.8
1607139276 5.8
1607139277 5.8
1607139278 5.8
1607139279 5.9
1607139280 5.8
1607139281 5.8
1607139282 5.7
1607139283 5.7
1607139284 5.8
1607139285 5.7
1607139286 5.7
1607139287 5.7
1607139288 5.7
1607139289 5.7
1607139290 5.7
1607139291 5.7
1607139292 5.7
1607139293 5.7
1607139294 5.7
1607139295 5.7
1607139296 5.7
1607139297 5.6
1607139298 5.3
1607139299 5.0
1607139300 4.8
1607139301 4.7
1607139302 5.1
1607139303 5.2
1607139304 5.4
1607139305 5.5
1607139306 5.6
1607139307 5.7
1607139308 5.7
1607139309 5.8
1607139310 5.8
1607139311 5.9
1607139312 5.9
1607139313 6.0
1607139314 6.0
1607139315 6.0
1607139316 5.9
1607139317 5.7
1607139318 5.5
1607139319 5.3
1607139320 5.4
1607139321 5.6
1607139322 5.7
1607139323 5.7
1607139324 5.8
1607139325 5.8
1607139326 5.8
1607139327 5.9
1607139328 5.9
1607139329 6.0
1607139330 6.0
1607139331 5.9
1607139332 5.6
1607139333 5.5
1607139334 5.4
1607139335 5.3
1607139336 5.5
1607139337 5.6
1607139338 5.7
1607139339 5.8
1607139340 5.8
1607139341 5.9
1607139342 5.9
1607139343 5.9
1607139344 5.9
1607139345 6.0
1607139346 5.9
1607139347 5.9
1607139348 6.0
1607139349 6.0
1607139350 6.0
1607139351 6.0
1607139352 6.0
1607139353 5.9
1607139354 6.0
1607139355 6.0
1607139356 5.9
1607139357 5.9
1607139358 5.9
1607139359 6.0
1607139360 5.9
1607139361 5.7
1607139362 5.4
1607139363 5.2
1607139364 5.0
1607139365 5.2
1607139366 5.4
1607139367 5.5
1607139368 5.6
1607139369 5.6
1607139370 5.7
1607139371 5.7
1607139372 5.7
1607139373 5.8
1607139374 5.9
1607139375 5.7
1607139376 5.6
1607139377 5.4
1607139378 5.1
1607139379 4.9
1607139380 4.7
1607139381 4.5
1607139382 4.4
1607139383 4.2
1607139384 4.3
1607139385 4.5
1607139386 4.5
1607139387 4.6
1607139389 5.1
1607139396 5.0