1607067364 7.0
1607067365 6.6
1607067366 6.3
1607067367 6.1
1607067368 6.2
1607067369 6.4
1607067370 6.6
1607067371 6.7
1607067372 6.8
1607067373 6.9
1607067374 7.1
1607067375 7.2
1607067376 7.3
1607067377 7.4
1607067378 7.6
1607067379 7.8
1607067380 7.8
1607067381 7.9
1607067382 8.0
1607067383 8.1
1607067384 8.1
1607067385 8.1
1607067386 8.1
1607067387 8.2
1607067388 8.2
1607067389 8.2
1607067390 8.2
1607067391 8.2
1607067392 8.2
1607067393 8.2
1607067394 8.2
1607067395 8.1
1607067396 8.1
1607067397 8.0
1607067398 8.0
1607067399 7.8
1607067400 7.2
1607067401 6.8
1607067402 6.3
1607067403 5.9
1607067404 6.0
1607067405 6.3
1607067406 6.5
1607067407 6.7
1607067408 6.8
1607067409 7.0
1607067410 7.0
1607067411 7.1
1607067412 7.2
1607067413 7.2
1607067414 7.3
1607067415 7.2
1607067416 7.2
1607067417 7.2
1607067418 7.2
1607067419 7.2
1607067420 7.2
1607067421 6.9
1607067422 6.6
1607067423 6.6
1607067424 6.7
1607067425 6.8
1607067426 6.8
1607067427 6.9
1607067428 6.9
1607067429 7.0
1607067430 7.0
1607067431 7.0
1607067432 6.7
1607067433 6.5
1607067434 6.1
1607067435 5.7
1607067436 5.7
1607067437 6.0
1607067438 6.2
1607067439 6.3
1607067440 6.3
1607067441 6.4
1607067442 6.4
1607067443 6.5
1607067444 6.5
1607067445 6.5
1607067446 6.5
1607067447 6.5
1607067448 6.2
1607067449 6.0
1607067450 5.7
1607067451 5.6
1607067452 5.6
1607067453 5.8
1607067454 5.7
1607067455 5.5
1607067456 5.4
1607067457 5.3
1607067458 5.2
1607067459 5.2
1607067460 5.5
1607067461 5.8
1607067462 5.8
1607067463 5.9
1607067464 6.1
1607067465 6.2
1607067466 5.8
1607067467 5.5
1607067468 5.3
1607067469 5.1
1607067470 4.9
1607067471 5.3
1607067472 5.6
1607067473 5.8
1607067474 5.9
1607067475 6.0
1607067476 6.1
1607067477 6.2
1607067478 6.3
1607067479 6.3
1607067480 6.3
1607067481 6.3
1607067482 6.1
1607067483 5.8
1607067484 5.5
1607067485 5.3
1607067486 5.1
1607067487 5.4
1607067488 5.6
1607067489 5.8
1607067490 6.0
1607067491 6.1
1607067492 6.3
1607067493 6.3
1607067494 6.3
1607067495 6.4
1607067496 6.4
1607067497 6.4
1607067498 6.2
1607067499 5.9
1607067500 5.7
1607067501 5.5
1607067502 5.3
1607067503 5.4
1607067504 5.7
1607067505 5.9
1607067506 6.0
1607067507 6.1
1607067508 6.2
1607067509 6.3
1607067510 6.3
1607067511 6.3
1607067512 6.3
1607067513 6.4
1607067514 6.4
1607067515 6.4
1607067516 6.3
1607067517 6.4
1607067518 6.3
1607067519 6.4
1607067520 6.4
1607067521 6.3
1607067522 6.3
1607067523 6.3
1607067524 6.3
1607067525 6.2
1607067526 6.2
1607067527 6.2
1607067528 6.2
1607067529 6.1
1607067530 6.1
1607067531 6.0
1607067532 6.0
1607067533 6.0
1607067534 6.0
1607067535 6.0
1607067536 6.0
1607067537 6.0
1607067538 6.0
1607067539 6.0
1607067540 6.0
1607067541 6.0
1607067542 6.0
1607067543 5.9
1607067544 5.9
1607067545 6.0
1607067546 5.9
1607067547 5.9
1607067548 5.9
1607067549 5.9
1607067550 5.9
1607067551 5.9
1607067552 5.9
1607067553 5.8
1607067554 5.5
1607067555 5.3
1607067556 5.2
1607067557 5.4
1607067558 5.5
1607067559 5.7
1607067560 5.8
1607067561 5.9
1607067562 5.9
1607067563 6.0
1607067564 6.0
1607067565 6.0
1607067566 6.0
1607067567 6.1
1607067568 6.1
1607067569 6.1
1607067570 6.1
1607067571 6.1
1607067572 6.1
1607067573 6.0
1607067574 5.7
1607067575 5.4
1607067576 5.4
1607067577 5.4
1607067578 5.6
1607067579 5.7
1607067580 5.8
1607067581 5.8
1607067582 5.9
1607067583 5.8
1607067584 5.9
1607067585 6.0
1607067586 6.0
1607067587 6.0
1607067588 6.1
1607067589 5.9
1607067590 5.6
1607067591 5.4
1607067592 5.1
1607067593 5.0
1607067594 4.8
1607067595 4.6
1607067596 4.5
1607067597 4.4
1607067598 4.7
1607067599 4.9
1607067600 4.8
1607067601 5.0
1607067604 5.1