		g3log created log at: Sat Dec 05 04:33:04 2020
		LOG format: [YYYY/MM/DD hh:mm:ss uuu* LEVEL FILE->FUNCTION:LINE] messagen
		(uuu*: microseconds fractions of the seconds value)

2020/12/05 04:33:04 159025	INFO [experimenter.cc->experiment_fentry:301]	2422612:	UpdateStyleAndLayoutTree	11110000	2
2020/12/05 04:33:04 171859	INFO [experimenter.cc->experiment_fentry:301]	2422612:	ParseSheet	00001010	4
2020/12/05 04:33:04 462414	INFO [experimenter.cc->experiment_fexit:326]	2422612:	ParseSheet	11111001	4	290.299
2020/12/05 04:33:04 463098	INFO [experimenter.cc->experiment_fentry:301]	2422612:	ParseSheet	00001010	4
2020/12/05 04:33:04 465520	INFO [experimenter.cc->experiment_fexit:326]	2422612:	ParseSheet	11111001	4	2.30888
2020/12/05 04:33:04 623701	INFO [experimenter.cc->experiment_fexit:326]	2422612:	UpdateStyleAndLayoutTree	11111010	1	464.11
2020/12/05 04:33:04 624286	INFO [experimenter.cc->experiment_fentry:301]	2422612:	UpdateStyleAndLayoutTree	11110000	1
2020/12/05 04:33:04 624395	INFO [experimenter.cc->experiment_fexit:326]	2422612:	UpdateStyleAndLayoutTree	11111010	1	0.0484171
2020/12/05 04:33:05 301651	INFO [experimenter.cc->experiment_fentry:301]	2422612:	ResumeParsingAfterYield	00001010	4
2020/12/05 04:33:05 499553	INFO [experimenter.cc->experiment_fexit:326]	2422612:	ResumeParsingAfterYield	11111001	4	197.791
2020/12/05 04:33:05 558556	INFO [experimenter.cc->experiment_fentry:301]	2422612:	ExecuteScriptInMainWorld	00001010	4
2020/12/05 04:33:05 571218	INFO [experimenter.cc->experiment_fexit:326]	2422612:	ExecuteScriptInMainWorld	11111001	4	12.5621
2020/12/05 04:33:05 572803	INFO [experimenter.cc->experiment_fentry:301]	2422612:	ExecuteScriptInMainWorld	00001010	4
2020/12/05 04:33:05 573673	INFO [experimenter.cc->experiment_fexit:326]	2422612:	ExecuteScriptInMainWorld	11111001	4	0.783434
2020/12/05 04:33:05 594902	INFO [experimenter.cc->experiment_fentry:301]	2422612:	UpdateStyleAndLayoutTree	11110000	1
2020/12/05 04:33:05 604864	INFO [experimenter.cc->experiment_fexit:326]	2422612:	UpdateStyleAndLayoutTree	11111010	1	9.77513
2020/12/05 04:33:05 605239	INFO [experimenter.cc->experiment_fentry:301]	2422612:	UpdateStyleAndLayoutTree	11110000	1
2020/12/05 04:33:05 605341	INFO [experimenter.cc->experiment_fexit:326]	2422612:	UpdateStyleAndLayoutTree	11111010	1	0.0475426
2020/12/05 04:33:05 847319	INFO [experimenter.cc->experiment_fentry:301]	2422612:	ParseSheet	00001010	4
2020/12/05 04:33:05 883737	INFO [experimenter.cc->experiment_fexit:326]	2422612:	ParseSheet	11111001	4	36.2996
2020/12/05 04:33:06 006637	INFO [experimenter.cc->experiment_fentry:301]	2422612:	ParseSheet	00001010	4
2020/12/05 04:33:06 008663	INFO [experimenter.cc->experiment_fexit:326]	2422612:	ParseSheet	11111001	4	1.93408
2020/12/05 04:33:06 033662	INFO [experimenter.cc->experiment_fentry:301]	2422612:	ParseSheet	00001010	4
2020/12/05 04:33:06 122717	INFO [experimenter.cc->experiment_fexit:326]	2422612:	ParseSheet	11111001	4	88.9431
2020/12/05 04:33:06 143140	INFO [experimenter.cc->experiment_fentry:301]	2422612:	ParseSheet	00001010	4
2020/12/05 04:33:06 202243	INFO [experimenter.cc->experiment_fexit:326]	2422612:	ParseSheet	11111001	4	58.9988
2020/12/05 04:33:06 231961	INFO [experimenter.cc->experiment_fentry:301]	2422612:	ParseSheet	00001010	4
2020/12/05 04:33:06 232387	INFO [experimenter.cc->experiment_fexit:326]	2422612:	ParseSheet	11111001	4	0.350591
2020/12/05 04:33:06 267317	INFO [experimenter.cc->experiment_fentry:301]	2422612:	ParseSheet	00001010	4
2020/12/05 04:33:06 355763	INFO [experimenter.cc->experiment_fexit:326]	2422612:	ParseSheet	11111001	4	88.3431
2020/12/05 04:33:06 359945	INFO [experimenter.cc->experiment_fentry:301]	2422612:	UpdateStyleAndLayoutTree	11110000	2
2020/12/05 04:33:06 410937	INFO [experimenter.cc->experiment_fexit:326]	2422612:	UpdateStyleAndLayoutTree	11111010	2	50.8007
2020/12/05 04:33:06 509655	INFO [experimenter.cc->experiment_fentry:301]	2422612:	ParseSheet	00001010	4
2020/12/05 04:33:06 705096	INFO [experimenter.cc->experiment_fexit:326]	2422612:	ParseSheet	11111001	4	195.326
2020/12/05 04:33:06 725093	INFO [experimenter.cc->experiment_fentry:301]	2422612:	ExecuteScriptInMainWorld	00001010	4
2020/12/05 04:33:06 729142	INFO [experimenter.cc->experiment_fexit:326]	2422612:	ExecuteScriptInMainWorld	11111001	4	1.96442
