1607142771 5.1
1607142772 4.9
1607142773 4.7
1607142774 4.8
1607142775 5.1
1607142776 5.3
1607142777 5.5
1607142778 5.6
1607142779 5.7
1607142780 5.8
1607142781 5.8
1607142782 5.8
1607142783 5.8
1607142784 5.9
1607142785 6.0
1607142786 6.0
1607142787 6.0
1607142788 6.0
1607142789 6.0
1607142790 6.1
1607142791 6.1
1607142792 6.1
1607142793 6.1
1607142794 6.1
1607142795 6.2
1607142796 6.1
1607142797 6.1
1607142798 6.1
1607142799 6.1
1607142800 6.0
1607142801 5.7
1607142802 5.6
1607142803 5.5
1607142804 5.2
1607142805 5.3
1607142806 5.4
1607142807 5.5
1607142808 5.6
1607142809 5.7
1607142810 5.8
1607142811 5.8
1607142812 5.8
1607142813 5.9
1607142814 5.9
1607142815 5.8
1607142816 5.5
1607142817 5.2
1607142818 5.0
1607142819 4.8
1607142820 5.1
1607142821 5.3
1607142822 5.5
1607142823 5.6
1607142824 5.7
1607142825 5.8
1607142826 5.9
1607142827 5.9
1607142828 6.0
1607142829 6.0
1607142830 6.1
1607142831 5.8
1607142832 5.6
1607142833 5.4
1607142834 5.3
1607142835 5.4
1607142836 5.5
1607142837 5.7
1607142838 5.8
1607142839 5.9
1607142840 6.0
1607142841 6.1
1607142842 6.1
1607142843 6.1
1607142844 6.1
1607142845 6.1
1607142846 6.1
1607142847 6.1
1607142848 6.1
1607142849 6.1
1607142850 6.1
1607142851 6.1
1607142852 6.1
1607142853 6.1
1607142854 6.1
1607142855 6.0
1607142856 5.9
1607142857 5.7
1607142858 5.4
1607142859 5.2
1607142860 5.0
1607142861 4.8
1607142862 5.1
1607142863 5.3
1607142864 5.5
1607142865 5.6
1607142866 5.7
1607142867 5.8
1607142868 5.8
1607142869 5.9
1607142870 5.9
1607142871 5.9
1607142872 6.0
1607142873 6.0
1607142874 6.0
1607142875 6.0
1607142876 6.0
1607142877 6.0
1607142878 6.0
1607142879 6.0
1607142880 6.0
1607142881 6.0
1607142882 6.0
1607142883 5.9
1607142884 5.9
1607142885 5.9
1607142886 5.9
1607142887 5.9
1607142888 5.8
1607142889 5.8
1607142890 5.8
1607142891 5.8
1607142892 5.9
1607142893 5.8
1607142894 5.8
1607142895 5.8
1607142896 5.8
1607142897 5.8
1607142898 5.9
1607142899 5.8
1607142900 5.8
1607142901 5.8
1607142902 5.8
1607142903 5.8
1607142904 5.9
1607142905 5.9
1607142906 5.8
1607142907 5.8
1607142908 5.7
1607142909 5.8
1607142910 5.9
1607142911 5.8
1607142912 5.5
1607142913 5.2
1607142914 5.0
1607142915 4.8
1607142916 5.1
1607142917 5.3
1607142918 5.5
1607142919 5.6
1607142920 5.7
1607142921 5.8
1607142922 5.8
1607142923 5.9
1607142924 5.9
1607142925 5.9
1607142926 5.9
1607142927 5.9
1607142928 5.8
1607142929 5.6
1607142930 5.5
1607142932 5.3
1607142933 5.1
1607142934 5.3
1607142935 5.5
1607142936 5.6
1607142937 5.7
1607142938 5.8
1607142939 5.9
1607142940 5.9
1607142941 5.9
1607142942 6.0
1607142943 6.0
1607142944 6.0
1607142945 6.0
1607142946 5.7
1607142947 5.5
1607142948 5.4
1607142949 5.3
1607142950 5.3
1607142951 5.5
1607142952 5.6
1607142953 5.7
1607142954 5.7
1607142955 5.8
1607142956 5.8
1607142957 5.9
1607142958 5.9
1607142959 5.9
1607142960 6.0
1607142961 6.0
1607142962 6.0
1607142963 6.0
1607142964 6.0
1607142965 6.0
1607142966 6.1
1607142967 6.0
1607142968 5.9
1607142969 5.7
1607142970 5.4
1607142971 5.2
1607142972 5.3
1607142973 5.5
1607142974 5.6
1607142975 5.7
1607142976 5.8
1607142977 5.8
1607142978 5.9
1607142979 5.9
1607142980 6.0
1607142981 6.0
1607142982 6.0
1607142983 6.0
1607142984 6.0
1607142985 6.0
1607142986 6.0
1607142987 6.0
1607142988 6.0
1607142989 6.0
1607142990 6.0
1607142991 6.0
1607142992 6.0
1607142993 6.0
1607142994 5.8
1607142995 5.6
1607142996 5.5
1607142997 5.4
1607142998 5.3
1607142999 5.4
1607143000 5.5
1607143001 5.6
1607143002 5.6
1607143003 5.7
1607143004 5.8
1607143005 5.7
1607143006 5.4
1607143007 5.3
1607143008 5.3
1607143009 5.2
1607143010 4.9
1607143011 4.7
1607143012 4.6
1607143013 4.4
1607143014 4.3
1607143015 4.2
1607143016 4.4
1607143017 4.5
1607143018 4.5
1607143019 4.6
1607143020 4.5
1607143021 4.3
1607143022 4.2
1607143023 4.1
1607143024 4.0
1607143025 3.9
1607143026 3.8
1607143027 3.7
1607143028 3.7
1607143029 3.7
1607143030 3.6
1607143031 3.7
1607143032 3.9
1607143033 3.9
1607143034 3.8
1607143035 3.8
1607143036 3.7
1607143037 3.6
1607143038 3.6
1607143039 3.5
1607143040 3.5
1607143041 3.4
1607143042 3.4
1607143043 3.4
1607143044 3.3
1607143045 3.3
1607143046 3.3
1607143047 3.3
1607143048 3.3
1607143049 3.2
1607143050 3.2
1607143051 3.2
1607143052 3.2
1607143053 3.2
1607143054 3.2
1607143055 3.2
1607143056 3.2
1607143057 3.1
1607143058 3.2
1607143059 3.1
1607143060 3.1
1607143061 3.1
1607143062 3.1
1607143063 3.1
1607143064 3.1
1607143065 3.1
1607143066 3.1
1607143067 3.1
1607143068 3.1
1607143069 3.1
1607143070 3.1
1607143071 3.1
1607143072 3.1
1607143073 3.1
1607143074 3.0
1607143075 3.1
1607143076 3.1
1607143077 3.1
1607143078 3.0
1607143079 3.0
1607143080 3.1
1607143081 3.0
1607143082 3.0
1607143083 3.0
1607143084 3.0
1607143085 3.1
1607143086 3.1
1607143087 3.0
1607143088 3.0
1607143089 3.0
1607143090 3.0
1607143091 3.1
1607143092 3.1
1607143093 3.1
1607143094 3.3
1607143095 3.4
1607143096 3.5
1607143097 3.4
1607143098 3.3
1607143099 3.3
1607143100 3.3
1607143101 3.2
1607143102 3.2
1607143103 3.2
1607143104 3.1
1607143105 3.1
1607143106 3.1
1607143107 3.1
1607143108 3.1
1607143109 3.1
1607143110 3.0
1607143111 3.0
1607143112 3.0
1607143113 3.0
1607143114 3.0
1607143115 3.0
1607143116 3.0
1607143117 3.0
1607143118 3.0
1607143119 3.0
1607143120 3.0
1607143121 3.0
1607143122 3.0
1607143123 2.9
1607143124 3.0
1607143125 3.0
1607143126 2.9
1607143127 3.0
1607143128 3.0
1607143129 2.9
1607143130 2.9
1607143131 3.0
1607143132 3.0
1607143133 2.9
1607143134 2.9
1607143135 2.9
1607143136 2.9
1607143137 2.9
1607143138 2.9
1607143140 3.0