1607120746 5.2
1607120753 5.6
1607120754 5.7
1607120755 5.8
1607120756 5.9
1607120757 5.9
1607120758 6.0
1607120759 6.0
1607120760 6.1
1607120761 6.1
1607120762 6.2
1607120763 6.2
1607120764 6.2
1607120765 6.2
1607120766 6.2
1607120767 6.2
1607120768 6.2
1607120769 6.2
1607120770 6.2
1607120771 6.2
1607120772 6.2
1607120773 6.0
1607120774 5.7
1607120775 5.4
1607120776 5.2
1607120777 5.2
1607120778 5.4
1607120779 5.6
1607120780 5.7
1607120781 5.8
1607120782 5.9
1607120783 6.0
1607120784 6.0
1607120785 6.0
1607120786 6.1
1607120787 6.1
1607120788 6.2
1607120789 6.2
1607120790 6.2
1607120791 6.2
1607120792 6.2
1607120793 6.2
1607120794 6.2
1607120795 6.2
1607120796 6.2
1607120797 6.2
1607120798 6.2
1607120799 6.1
1607120800 6.1
1607120801 6.0
1607120802 6.0
1607120803 6.0
1607120804 6.0
1607120805 5.9
1607120806 5.7
1607120807 5.4
1607120808 5.1
1607120809 5.1
1607120810 5.3
1607120811 5.5
1607120812 5.7
1607120813 5.8
1607120814 5.9
1607120815 5.9
1607120816 5.8
1607120817 5.6
1607120818 5.3
1607120819 5.1
1607120820 5.0
1607120821 5.1
1607120822 5.3
1607120823 5.5
1607120824 5.7
1607120825 5.8
1607120826 5.8
1607120827 5.9
1607120828 6.0
1607120829 6.0
1607120830 6.1
1607120831 6.1
1607120832 6.1
1607120833 6.2
1607120834 6.2
1607120835 6.2
1607120836 6.2
1607120837 6.0
1607120838 5.7
1607120839 5.7
1607120840 5.8
1607120841 5.9
1607120842 6.0
1607120843 6.0
1607120844 6.1
1607120845 6.1
1607120846 6.1
1607120847 6.1
1607120848 6.1
1607120849 6.2
1607120850 6.1
1607120851 6.0
1607120852 5.7
1607120853 5.7
1607120854 5.6
1607120855 5.4
1607120856 5.6
1607120857 5.7
1607120858 5.8
1607120859 5.8
1607120860 5.9
1607120861 5.9
1607120862 6.0
1607120863 6.0
1607120864 6.0
1607120865 6.0
1607120866 6.0
1607120867 6.0
1607120868 6.0
1607120869 5.8
1607120870 5.6
1607120871 5.5
1607120872 5.3
1607120873 5.1
1607120874 5.4
1607120875 5.5
1607120876 5.7
1607120877 5.7
1607120878 5.8
1607120879 5.9
1607120880 5.9
1607120881 5.9
1607120882 6.0
1607120883 6.0
1607120884 6.0
1607120885 6.0
1607120886 6.0
1607120887 6.0
1607120888 6.0
1607120889 6.0
1607120890 6.0
1607120891 6.0
1607120892 6.0
1607120893 6.0
1607120894 6.0
1607120895 6.0
1607120896 6.0
1607120897 6.0
1607120898 5.9
1607120899 5.6
1607120900 5.3
1607120901 5.1
1607120902 5.0
1607120903 5.3
1607120904 5.5
1607120905 5.6
1607120906 5.7
1607120907 5.8
1607120908 5.8
1607120909 5.9
1607120910 5.9
1607120911 6.0
1607120912 6.0
1607120913 6.1
1607120914 6.1
1607120915 6.2
1607120916 6.2
1607120917 6.2
1607120918 6.2
1607120919 5.9
1607120920 5.7
1607120921 5.8
1607120922 5.7
1607120923 5.8
1607120924 5.8
1607120925 5.7
1607120926 5.4
1607120927 5.2
1607120928 5.0
1607120929 5.0
1607120930 5.1
1607120931 5.3
1607120932 5.5
1607120933 5.6
1607120934 5.7
1607120935 5.8
1607120936 5.9
1607120937 5.9
1607120938 5.9
1607120939 6.0
1607120940 6.0
1607120941 6.0
1607120942 6.0
1607120943 5.8
1607120944 5.7
1607120945 5.6
1607120946 5.3
1607120947 5.3
1607120948 5.5
1607120949 5.6
1607120950 5.7
1607120951 5.8
1607120952 5.9
1607120953 6.0
1607120954 6.0
1607120955 6.1
1607120956 6.1
1607120957 6.1
1607120958 6.1
1607120959 5.8
1607120960 5.6
1607120961 5.5
1607120962 5.4
1607120963 5.2
1607120964 5.1
1607120965 4.9
1607120966 4.7
1607120967 4.6
1607120968 4.9
1607120969 5.0
1607120970 4.9
1607120971 5.3
1607120973 5.3
1607120980 5.4