1607072485 6.6
1607072486 6.2
1607072487 6.0
1607072488 6.1
1607072489 6.4
1607072490 6.5
1607072491 6.7
1607072492 6.9
1607072493 7.0
1607072494 7.1
1607072495 7.3
1607072496 7.4
1607072497 7.5
1607072498 7.7
1607072499 7.9
1607072500 7.9
1607072501 8.0
1607072502 8.1
1607072503 8.1
1607072504 8.0
1607072505 8.0
1607072506 8.0
1607072507 8.0
1607072508 8.0
1607072509 8.0
1607072510 7.9
1607072511 7.9
1607072512 7.9
1607072513 7.4
1607072514 7.1
1607072515 6.6
1607072516 6.2
1607072517 6.0
1607072518 6.3
1607072519 6.5
1607072520 6.7
1607072521 6.8
1607072522 6.8
1607072523 6.9
1607072524 7.0
1607072525 7.1
1607072526 7.1
1607072527 7.1
1607072528 7.0
1607072529 6.8
1607072530 6.6
1607072531 6.3
1607072532 6.1
1607072533 6.0
1607072534 6.1
1607072535 6.4
1607072536 6.5
1607072537 6.5
1607072538 6.6
1607072539 6.6
1607072540 6.6
1607072541 6.2
1607072542 5.9
1607072543 5.6
1607072544 5.3
1607072545 5.1
1607072546 5.5
1607072547 5.7
1607072548 5.9
1607072549 6.1
1607072550 6.2
1607072551 6.3
1607072552 6.4
1607072553 6.5
1607072554 6.5
1607072555 6.5
1607072556 6.5
1607072557 6.6
1607072558 6.6
1607072559 6.6
1607072560 6.6
1607072561 6.5
1607072562 6.1
1607072563 6.2
1607072564 6.3
1607072565 6.4
1607072566 6.4
1607072567 6.4
1607072568 6.5
1607072569 6.4
1607072570 6.5
1607072571 6.5
1607072572 6.4
1607072573 6.4
1607072575 6.4
1607072576 6.0
1607072577 5.7
1607072578 5.6
1607072579 5.4
1607072579 5.4
1607072580 5.7
1607072581 5.8
1607072583 5.9
1607072584 6.0
1607072585 6.1
1607072586 6.2
1607072587 6.2
1607072588 6.2
1607072589 6.3
1607072590 6.2
1607072591 5.9
1607072592 5.9
1607072593 5.9
1607072594 5.7
1607072595 5.9
1607072596 6.0
1607072597 5.8
1607072598 5.5
1607072599 5.3
1607072600 5.2
1607072601 5.1
1607072602 5.4
1607072603 5.6
1607072604 5.7
1607072605 5.8
1607072606 6.0
1607072607 6.1
1607072608 6.1
1607072609 6.2
1607072610 6.3
1607072611 6.3
1607072612 6.3
1607072613 6.3
1607072614 6.3
1607072615 6.3
1607072616 6.2
1607072617 6.3
1607072618 6.2
1607072619 6.2
1607072620 6.2
1607072621 6.2
1607072622 6.2
1607072623 5.9
1607072624 5.6
1607072625 5.4
1607072626 5.2
1607072627 5.1
1607072628 5.4
1607072629 5.6
1607072630 5.7
1607072631 5.8
1607072632 5.9
1607072633 6.0
1607072634 6.1
1607072635 6.1
1607072636 6.0
1607072637 5.8
1607072638 5.5
1607072639 5.2
1607072640 5.0
1607072641 5.2
1607072642 5.4
1607072643 5.6
1607072644 5.8
1607072645 5.9
1607072646 5.9
1607072647 6.0
1607072648 6.0
1607072649 6.0
1607072650 6.1
1607072651 6.1
1607072652 6.2
1607072653 6.2
1607072654 6.2
1607072655 6.2
1607072656 6.2
1607072657 6.3
1607072658 6.3
1607072659 6.3
1607072660 6.2
1607072661 6.1
1607072662 6.1
1607072663 6.0
1607072664 6.1
1607072665 6.0
1607072666 6.0
1607072667 6.0
1607072668 6.0
1607072669 6.0
1607072670 5.9
1607072671 5.9
1607072672 5.9
1607072673 5.9
1607072674 5.9
1607072675 5.9
1607072676 5.9
1607072677 5.9
1607072678 5.9
1607072679 5.8
1607072680 5.8
1607072681 5.8
1607072682 5.9
1607072683 5.9
1607072684 5.8
1607072685 5.9
1607072686 5.9
1607072687 5.8
1607072688 5.9
1607072689 5.9
1607072690 5.8
1607072691 5.6
1607072692 5.3
1607072693 5.1
1607072694 5.0
1607072695 5.2
1607072696 5.4
1607072697 5.5
1607072698 5.7
1607072699 5.7
1607072700 5.8
1607072701 5.8
1607072702 5.9
1607072703 6.0
1607072704 6.0
1607072705 6.0
1607072706 5.8
1607072707 5.6
1607072708 5.5
1607072709 5.4
1607072710 5.2
1607072711 5.1
1607072712 5.0
1607072713 4.8
1607072714 4.6
1607072715 4.4
1607072716 4.8
1607072717 4.9
1607072718 4.8
1607072719 5.1
1607072721 5.3