1607116594 3.7
1607116595 3.6
1607116596 3.5
1607116597 3.8
1607116598 4.3
1607116599 4.7
1607116600 5.1
1607116601 5.4
1607116602 5.7
1607116603 6.0
1607116604 6.2
1607116605 6.4
1607116606 6.6
1607116607 6.9
1607116608 7.1
1607116609 7.3
1607116610 7.4
1607116611 7.4
1607116612 7.5
1607116613 7.6
1607116614 7.6
1607116615 7.2
1607116616 7.0
1607116617 6.6
1607116618 6.3
1607116619 6.0
1607116620 6.2
1607116621 6.5
1607116622 6.7
1607116623 6.9
1607116624 7.1
1607116625 7.3
1607116626 7.3
1607116627 7.5
1607116628 7.6
1607116629 7.7
1607116630 7.7
1607116631 7.8
1607116632 7.9
1607116633 8.0
1607116634 7.6
1607116635 7.2
1607116636 6.8
1607116637 6.5
1607116638 6.0
1607116639 6.2
1607116640 6.5
1607116641 6.7
1607116642 7.0
1607116643 7.1
1607116644 7.2
1607116645 7.3
1607116646 7.3
1607116647 7.4
1607116648 7.4
1607116649 7.4
1607116650 7.4
1607116651 7.5
1607116652 7.4
1607116653 7.4
1607116654 7.4
1607116655 7.4
1607116656 7.3
1607116657 7.3
1607116658 7.3
1607116659 7.1
1607116660 6.8
1607116661 6.5
1607116662 6.3
1607116663 6.0
1607116664 6.2
1607116665 6.4
1607116666 6.5
1607116667 6.6
1607116668 6.7
1607116669 6.7
1607116670 6.8
1607116671 6.8
1607116672 6.8
1607116673 6.6
1607116674 6.3
1607116675 6.1
1607116676 5.7
1607116677 5.6
1607116678 5.9
1607116679 5.9
1607116680 5.7
1607116681 5.5
1607116682 5.3
1607116683 5.2
1607116684 5.2
1607116685 5.6
1607116686 5.9
1607116687 6.0
1607116688 6.2
1607116689 6.4
1607116690 6.5
1607116691 6.5
1607116692 6.5
1607116693 6.6
1607116694 6.7
1607116695 6.6
1607116696 6.4
1607116697 6.0
1607116698 5.6
1607116699 5.3
1607116700 5.4
1607116701 5.8
1607116702 6.0
1607116703 6.1
1607116704 6.3
1607116705 6.3
1607116706 6.4
1607116707 6.5
1607116708 6.5
1607116709 6.5
1607116710 6.2
1607116711 6.0
1607116712 5.8
1607116713 5.6
1607116714 5.7
1607116715 5.9
1607116716 6.1
1607116717 6.2
1607116718 6.2
1607116719 6.3
1607116720 6.4
1607116721 6.4
1607116722 6.5
1607116723 6.5
1607116724 6.5
1607116725 6.4
1607116726 6.1
1607116727 5.9
1607116728 5.8
1607116729 5.5
1607116730 5.4
1607116731 5.7
1607116732 5.8
1607116733 6.0
1607116734 6.1
1607116735 6.2
1607116736 6.3
1607116737 6.3
1607116738 6.4
1607116739 6.4
1607116740 6.4
1607116741 6.4
1607116742 6.4
1607116743 6.5
1607116744 6.4
1607116745 6.4
1607116746 6.3
1607116747 6.3
1607116748 6.3
1607116749 6.2
1607116750 6.2
1607116751 6.1
1607116752 6.2
1607116753 6.2
1607116754 6.1
1607116755 6.1
1607116756 6.0
1607116757 6.0
1607116758 6.2
1607116759 6.2
1607116760 6.1
1607116761 6.1
1607116762 6.0
1607116763 6.0
1607116764 6.1
1607116765 6.1
1607116766 6.0
1607116767 6.0
1607116768 6.0
1607116769 6.0
1607116770 6.0
1607116771 6.0
1607116772 6.0
1607116773 5.9
1607116774 5.9
1607116775 5.9
1607116776 6.0
1607116777 6.0
1607116778 5.8
1607116779 5.5
1607116780 5.2
1607116781 5.0
1607116782 5.1
1607116783 5.4
1607116784 5.6
1607116785 5.7
1607116786 5.8
1607116787 5.9
1607116788 6.0
1607116789 6.1
1607116790 6.1
1607116791 6.1
1607116792 6.2
1607116793 6.2
1607116794 6.2
1607116795 6.0
1607116796 5.6
1607116797 5.4
1607116798 5.4
1607116799 5.4
1607116800 5.5
1607116801 5.7
1607116802 5.8
1607116803 5.9
1607116804 5.9
1607116805 6.0
1607116806 6.1
1607116807 6.2
1607116808 6.2
1607116809 6.2
1607116810 6.2
1607116811 6.2
1607116812 6.2
1607116813 6.2
1607116814 6.2
1607116815 6.2
1607116816 6.2
1607116817 6.2
1607116818 6.2
1607116819 6.2
1607116820 6.1
1607116821 5.8
1607116822 5.7
1607116823 5.7
1607116824 5.7
1607116825 5.7
1607116826 5.4
1607116827 5.6
1607116829 5.6