1607139647 5.0
1607139648 4.7
1607139649 4.8
1607139650 5.0
1607139651 5.2
1607139652 5.4
1607139653 5.5
1607139654 5.6
1607139655 5.7
1607139656 5.8
1607139657 5.8
1607139658 5.8
1607139659 5.9
1607139660 5.9
1607139661 6.0
1607139662 6.0
1607139663 6.1
1607139664 6.1
1607139665 6.1
1607139666 6.1
1607139667 6.2
1607139668 6.2
1607139669 6.1
1607139670 6.1
1607139671 6.1
1607139672 6.1
1607139673 6.1
1607139674 6.1
1607139675 6.1
1607139676 6.1
1607139677 6.1
1607139678 6.1
1607139679 6.1
1607139680 6.1
1607139681 6.1
1607139682 6.1
1607139683 6.0
1607139684 6.1
1607139685 6.0
1607139686 6.0
1607139687 5.9
1607139688 5.7
1607139689 5.4
1607139690 5.2
1607139691 5.0
1607139692 5.2
1607139693 5.4
1607139694 5.4
1607139695 5.3
1607139696 5.0
1607139697 4.9
1607139698 4.9
1607139699 5.0
1607139700 5.2
1607139701 5.5
1607139702 5.6
1607139703 5.7
1607139704 5.7
1607139705 5.8
1607139706 5.8
1607139707 5.9
1607139708 5.9
1607139709 5.9
1607139710 5.9
1607139711 5.9
1607139712 5.7
1607139713 5.4
1607139714 5.4
1607139715 5.3
1607139716 5.2
1607139717 5.4
1607139718 5.6
1607139719 5.7
1607139720 5.8
1607139721 5.8
1607139722 5.9
1607139723 5.9
1607139724 5.9
1607139725 6.0
1607139726 5.6
1607139727 5.4
1607139728 5.1
1607139729 4.9
1607139730 4.8
1607139731 5.2
1607139732 5.3
1607139733 5.4
1607139734 5.6
1607139735 5.7
1607139736 5.8
1607139737 5.8
1607139738 5.9
1607139739 6.0
1607139740 6.0
1607139741 6.0
1607139742 6.1
1607139743 6.1
1607139744 6.0
1607139745 6.0
1607139746 5.7
1607139747 5.4
1607139748 5.2
1607139749 4.9
1607139750 5.1
1607139751 5.4
1607139752 5.6
1607139753 5.8
1607139754 5.9
1607139755 6.0
1607139756 6.0
1607139757 6.1
1607139758 6.1
1607139759 6.1
1607139760 6.1
1607139761 6.1
1607139762 6.1
1607139763 6.1
1607139764 6.2
1607139765 6.2
1607139766 6.1
1607139767 6.1
1607139768 6.0
1607139769 5.9
1607139770 5.9
1607139771 6.0
1607139772 5.9
1607139773 5.9
1607139774 5.9
1607139775 5.9
1607139776 5.9
1607139777 5.9
1607139778 5.9
1607139779 5.9
1607139780 5.9
1607139781 5.8
1607139782 5.8
1607139783 5.8
1607139784 5.8
1607139785 5.8
1607139786 5.8
1607139787 5.8
1607139788 5.7
1607139789 5.8
1607139790 5.8
1607139791 5.8
1607139792 5.8
1607139793 5.8
1607139794 5.7
1607139795 5.8
1607139796 5.9
1607139797 5.8
1607139798 5.5
1607139799 5.3
1607139800 5.1
1607139801 5.0
1607139802 5.2
1607139803 5.4
1607139804 5.6
1607139805 5.6
1607139806 5.7
1607139807 5.7
1607139808 5.7
1607139809 5.8
1607139810 5.8
1607139811 5.9
1607139812 5.9
1607139813 5.9
1607139814 6.0
1607139815 6.0
1607139816 6.1
1607139817 6.0
1607139818 6.0
1607139819 6.0
1607139820 6.0
1607139821 6.0
1607139822 5.9
1607139823 5.8
1607139824 5.9
1607139825 5.9
1607139826 5.9
1607139827 5.9
1607139828 5.9
1607139829 5.9
1607139830 5.9
1607139831 5.9
1607139832 5.9
1607139833 5.9
1607139834 5.9
1607139835 5.9
1607139836 5.7
1607139837 5.4
1607139838 5.1
1607139839 4.9
1607139840 4.8
1607139841 5.1
1607139842 5.3
1607139843 5.5
1607139844 5.6
1607139845 5.6
1607139846 5.7
1607139847 5.7
1607139848 5.8
1607139849 5.9
1607139850 5.9
1607139851 5.9
1607139852 5.9
1607139853 5.6
1607139854 5.4
1607139855 5.1
1607139856 5.0
1607139857 5.1
1607139858 5.3
1607139859 5.5
1607139860 5.5
1607139861 5.7
1607139862 5.7
1607139863 5.8
1607139864 5.8
1607139865 5.6
1607139866 5.5
1607139867 5.3
1607139868 5.1
1607139869 5.0
1607139870 5.3
1607139871 5.5
1607139872 5.6
1607139873 5.7
1607139874 5.8
1607139875 5.9
1607139876 5.9
1607139877 6.0
1607139878 6.1
1607139879 6.1
1607139880 6.1
1607139881 6.1
1607139882 5.9
1607139883 5.6
1607139884 5.4
1607139885 5.3
1607139886 5.3
1607139887 5.2
1607139888 4.9
1607139889 4.7
1607139890 4.5
1607139891 4.6
1607139892 4.8
1607139893 4.8
1607139894 4.8
1607139895 5.2
1607139897 5.2
1607139899 4.9