		g3log created log at: Sat Dec 05 05:30:32 2020
		LOG format: [YYYY/MM/DD hh:mm:ss uuu* LEVEL FILE->FUNCTION:LINE] messagen
		(uuu*: microseconds fractions of the seconds value)

2020/12/05 05:30:32 977992	INFO [experimenter.cc->experiment_fentry:301]	2426883:	UpdateStyleAndLayoutTree	00001001	4
2020/12/05 05:30:32 991410	INFO [experimenter.cc->experiment_fentry:301]	2426883:	ParseSheet	00001001	4
2020/12/05 05:30:33 197950	INFO [experimenter.cc->experiment_fexit:326]	2426883:	ParseSheet	11111010	4	196.11
2020/12/05 05:30:33 198701	INFO [experimenter.cc->experiment_fentry:301]	2426883:	ParseSheet	00001001	4
2020/12/05 05:30:33 200876	INFO [experimenter.cc->experiment_fexit:326]	2426883:	ParseSheet	11111010	4	2.02217
2020/12/05 05:30:33 405629	INFO [experimenter.cc->experiment_fexit:326]	2426883:	UpdateStyleAndLayoutTree	11111010	0	418.361
2020/12/05 05:30:33 406932	INFO [experimenter.cc->experiment_fentry:301]	2426883:	UpdateStyleAndLayoutTree	00001001	4
2020/12/05 05:30:33 412798	INFO [experimenter.cc->experiment_fexit:326]	2426883:	UpdateStyleAndLayoutTree	11111010	4	0.0525007
2020/12/05 05:30:34 105819	INFO [experimenter.cc->experiment_fentry:301]	2426883:	ResumeParsingAfterYield	00001001	4
2020/12/05 05:30:34 418096	INFO [experimenter.cc->experiment_fexit:326]	2426883:	ResumeParsingAfterYield	11111010	4	312.045
2020/12/05 05:30:34 455309	INFO [experimenter.cc->experiment_fentry:301]	2426883:	ExecuteScriptInMainWorld	00001001	4
2020/12/05 05:30:34 458523	INFO [experimenter.cc->experiment_fexit:326]	2426883:	ExecuteScriptInMainWorld	11111010	4	2.98002
2020/12/05 05:30:34 460581	INFO [experimenter.cc->experiment_fentry:301]	2426883:	ExecuteScriptInMainWorld	00001001	4
2020/12/05 05:30:34 467417	INFO [experimenter.cc->experiment_fexit:326]	2426883:	ExecuteScriptInMainWorld	11111010	4	1.20198
2020/12/05 05:30:34 496471	INFO [experimenter.cc->experiment_fentry:301]	2426883:	UpdateStyleAndLayoutTree	00001001	4
2020/12/05 05:30:34 511988	INFO [experimenter.cc->experiment_fexit:326]	2426883:	UpdateStyleAndLayoutTree	11111010	4	14.9474
2020/12/05 05:30:34 537762	INFO [experimenter.cc->experiment_fentry:301]	2426883:	UpdateStyleAndLayoutTree	00001001	4
2020/12/05 05:30:34 544057	INFO [experimenter.cc->experiment_fexit:326]	2426883:	UpdateStyleAndLayoutTree	11111010	4	0.0522089
2020/12/05 05:30:34 656591	INFO [experimenter.cc->experiment_fentry:301]	2426883:	ParseSheet	00001001	4
2020/12/05 05:30:34 682032	INFO [experimenter.cc->experiment_fexit:326]	2426883:	ParseSheet	11111010	4	25.2297
2020/12/05 05:30:34 724828	INFO [experimenter.cc->experiment_fentry:301]	2426883:	ParseSheet	00001001	4
2020/12/05 05:30:34 735222	INFO [experimenter.cc->experiment_fexit:326]	2426883:	ParseSheet	11111010	4	10.1814
2020/12/05 05:30:34 787000	INFO [experimenter.cc->experiment_fentry:301]	2426883:	ParseSheet	00001001	4
2020/12/05 05:30:34 886317	INFO [experimenter.cc->experiment_fexit:326]	2426883:	ParseSheet	11111010	4	99.0872
2020/12/05 05:30:34 904776	INFO [experimenter.cc->experiment_fentry:301]	2426883:	ParseSheet	00001001	4
2020/12/05 05:30:34 935448	INFO [experimenter.cc->experiment_fexit:326]	2426883:	ParseSheet	11111010	4	30.46
2020/12/05 05:30:34 957907	INFO [experimenter.cc->experiment_fentry:301]	2426883:	ParseSheet	00001001	4
2020/12/05 05:30:34 958458	INFO [experimenter.cc->experiment_fexit:326]	2426883:	ParseSheet	11111010	4	0.351174
2020/12/05 05:30:34 989690	INFO [experimenter.cc->experiment_fentry:301]	2426883:	ParseSheet	00001001	4
2020/12/05 05:30:35 009364	INFO [experimenter.cc->experiment_fexit:326]	2426883:	ParseSheet	11111010	4	19.4386
2020/12/05 05:30:35 152592	INFO [experimenter.cc->experiment_fentry:301]	2426883:	ParseSheet	00001001	4
2020/12/05 05:30:35 152931	INFO [experimenter.cc->experiment_fexit:326]	2426883:	ParseSheet	11111010	4	0.0790443
