1607070933 4.7
1607070934 4.5
1607070935 4.3
1607070936 4.6
1607070937 4.9
1607070938 5.1
1607070939 5.3
1607070940 5.5
1607070941 5.6
1607070942 5.7
1607070943 5.8
1607070944 5.8
1607070945 5.9
1607070946 6.0
1607070947 6.1
1607070948 6.2
1607070949 6.2
1607070950 6.2
1607070951 6.1
1607070952 5.8
1607070953 5.8
1607070954 5.6
1607070955 5.5
1607070956 5.5
1607070957 5.7
1607070958 5.9
1607070959 6.0
1607070960 6.1
1607070961 6.2
1607070962 6.2
1607070963 6.2
1607070964 6.2
1607070965 6.3
1607070966 6.0
1607070967 5.7
1607070968 5.6
1607070969 5.5
1607070970 5.6
1607070971 5.7
1607070972 5.8
1607070973 5.9
1607070974 6.0
1607070975 6.0
1607070976 6.0
1607070977 6.0
1607070978 6.1
1607070979 6.1
1607070980 6.1
1607070981 6.1
1607070982 6.1
1607070983 6.1
1607070984 6.1
1607070985 6.0
1607070986 5.7
1607070987 5.5
1607070988 5.2
1607070989 4.9
1607070990 5.2
1607070991 5.4
1607070992 5.6
1607070993 5.7
1607070994 5.8
1607070995 5.8
1607070996 5.8
1607070997 5.9
1607070998 6.0
1607070999 5.8
1607071000 5.7
1607071001 5.5
1607071002 5.3
1607071003 5.1
1607071004 5.3
1607071005 5.5
1607071006 5.7
1607071007 5.8
1607071008 5.8
1607071009 5.9
1607071010 6.0
1607071011 6.0
1607071012 6.0
1607071013 6.0
1607071014 6.0
1607071015 6.0
1607071016 6.0
1607071017 6.0
1607071018 6.0
1607071019 6.1
1607071020 6.2
1607071021 6.2
1607071022 6.2
1607071023 6.2
1607071024 6.1
1607071025 6.1
1607071026 6.0
1607071027 6.1
1607071028 6.1
1607071029 6.1
1607071030 6.0
1607071031 6.1
1607071032 6.1
1607071033 6.0
1607071034 5.8
1607071035 5.7
1607071036 5.4
1607071037 5.3
1607071038 5.3
1607071039 5.5
1607071040 5.6
1607071041 5.7
1607071042 5.8
1607071043 5.8
1607071044 5.9
1607071045 5.9
1607071046 5.9
1607071047 5.9
1607071048 5.9
1607071049 5.9
1607071050 5.9
1607071051 5.9
1607071052 5.9
1607071053 5.9
1607071054 5.9
1607071055 5.9
1607071056 5.9
1607071057 5.9
1607071058 5.9
1607071059 5.8
1607071060 5.8
1607071061 5.7
1607071062 5.8
1607071063 5.8
1607071064 5.7
1607071065 5.7
1607071066 5.6
1607071067 5.6
1607071068 5.7
1607071069 5.7
1607071070 5.7
1607071071 5.7
1607071072 5.7
1607071073 5.7
1607071074 5.8
1607071075 5.7
1607071076 5.7
1607071077 5.7
1607071078 5.7
1607071079 5.7
1607071080 5.8
1607071081 5.7
1607071082 5.7
1607071083 5.8
1607071084 5.8
1607071085 5.8
1607071086 5.8
1607071087 5.8
1607071088 5.5
1607071089 5.3
1607071090 5.0
1607071091 4.8
1607071092 4.9
1607071093 5.2
1607071094 5.3
1607071095 5.4
1607071096 5.5
1607071097 5.6
1607071098 5.6
1607071099 5.6
1607071100 5.5
1607071101 5.5
1607071102 5.4
1607071103 5.2
1607071104 5.2
1607071105 5.5
1607071106 5.6
1607071107 5.7
1607071108 5.8
1607071109 5.9
1607071110 5.9
1607071111 5.9
1607071112 6.0
1607071113 6.0
1607071114 6.0
1607071115 6.0
1607071116 5.7
1607071117 5.5
1607071118 5.2
1607071119 5.1
1607071120 5.1
1607071121 5.3
1607071122 5.5
1607071123 5.6
1607071124 5.7
1607071125 5.8
1607071126 5.8
1607071127 5.9
1607071128 5.9
1607071129 5.9
1607071130 5.9
1607071131 5.9
1607071132 5.9
1607071133 5.9
1607071134 5.7
1607071135 5.6
1607071136 5.4
1607071137 5.2
1607071138 5.3
1607071139 5.5
1607071140 5.6
1607071141 5.7
1607071142 5.8
1607071143 5.9
1607071144 5.9
1607071145 6.0
1607071146 6.0
1607071147 6.1
1607071148 6.1
1607071149 6.1
1607071150 6.1
1607071151 6.1
1607071152 6.1
1607071153 6.1
1607071154 6.1
1607071155 6.0
1607071156 6.0
1607071157 6.0
1607071158 6.0
1607071159 6.0
1607071160 5.9
1607071161 5.8
1607071162 5.5
1607071163 5.3
1607071164 5.1
1607071165 4.8
1607071166 4.7
1607071167 4.5
1607071168 4.3
1607071169 4.4
1607071170 4.7
1607071171 4.7
1607071172 4.7
1607071179 4.8