1607133992 4.9
1607133993 4.7
1607133994 4.6
1607133995 4.8
1607133996 5.1
1607133997 5.3
1607133998 5.5
1607133999 5.6
1607134000 5.7
1607134001 5.8
1607134002 5.9
1607134003 5.9
1607134004 6.0
1607134005 6.0
1607134006 6.1
1607134007 6.2
1607134008 6.2
1607134009 6.3
1607134010 6.3
1607134011 6.3
1607134012 6.3
1607134013 6.3
1607134014 6.2
1607134015 6.2
1607134016 6.2
1607134017 6.2
1607134018 6.2
1607134019 6.2
1607134020 6.3
1607134021 6.4
1607134022 6.3
1607134023 6.3
1607134024 6.3
1607134025 6.3
1607134026 6.2
1607134027 6.0
1607134028 5.9
1607134029 6.0
1607134030 6.0
1607134031 6.0
1607134032 6.1
1607134033 6.1
1607134034 6.1
1607134035 6.1
1607134036 6.1
1607134037 6.1
1607134038 6.1
1607134039 6.1
1607134040 6.0
1607134041 5.7
1607134042 5.4
1607134043 5.1
1607134044 4.9
1607134045 5.0
1607134046 5.3
1607134047 5.5
1607134048 5.6
1607134049 5.8
1607134050 5.8
1607134051 5.9
1607134052 6.0
1607134053 6.0
1607134054 6.1
1607134055 6.1
1607134056 6.1
1607134057 6.1
1607134058 6.1
1607134059 6.2
1607134060 6.2
1607134061 6.2
1607134062 6.2
1607134063 6.1
1607134064 6.1
1607134065 6.0
1607134066 6.0
1607134067 6.0
1607134068 6.0
1607134069 6.0
1607134070 6.0
1607134071 5.9
1607134072 5.9
1607134073 6.0
1607134074 6.0
1607134075 5.9
1607134076 5.9
1607134077 5.9
1607134078 5.9
1607134079 5.9
1607134080 6.0
1607134081 5.9
1607134082 6.0
1607134083 6.0
1607134084 6.0
1607134085 6.0
1607134086 6.0
1607134087 6.0
1607134088 6.0
1607134089 5.9
1607134090 5.9
1607134091 5.9
1607134092 5.9
1607134093 6.0
1607134094 5.9
1607134095 5.6
1607134096 5.4
1607134097 5.1
1607134098 5.1
1607134099 5.3
1607134100 5.5
1607134101 5.6
1607134102 5.7
1607134103 5.8
1607134104 5.8
1607134105 5.9
1607134106 5.9
1607134107 6.0
1607134108 6.0
1607134109 6.1
1607134110 6.1
1607134111 6.1
1607134112 6.0
1607134113 5.9
1607134114 5.7
1607134115 5.6
1607134116 5.5
1607134117 5.5
1607134118 5.7
1607134119 5.6
1607134120 5.3
1607134121 5.1
1607134122 5.0
1607134123 4.9
1607134124 5.1
1607134125 5.3
1607134126 5.5
1607134127 5.6
1607134128 5.7
1607134129 5.9
1607134130 6.0
1607134131 6.0
1607134132 6.1
1607134133 6.1
1607134134 6.1
1607134135 6.0
1607134136 5.9
1607134137 5.7
1607134138 5.6
1607134139 5.6
1607134140 5.7
1607134141 5.8
1607134142 5.8
1607134143 5.9
1607134144 6.0
1607134145 6.0
1607134146 6.1
1607134147 6.2
1607134148 6.2
1607134149 6.2
1607134150 6.2
1607134151 6.2
1607134152 6.1
1607134153 6.1
1607134154 6.1
1607134155 6.2
1607134156 6.1
1607134157 6.1
1607134158 6.1
1607134159 6.1
1607134160 6.1
1607134161 6.1
1607134162 6.0
1607134163 6.0
1607134164 6.0
1607134165 5.7
1607134166 5.4
1607134167 5.2
1607134168 4.9
1607134169 5.1
1607134170 5.3
1607134171 5.5
1607134172 5.6
1607134173 5.7
1607134174 5.8
1607134175 5.8
1607134176 5.7
1607134177 5.5
1607134178 5.3
1607134179 5.0
1607134180 4.8
1607134181 4.9
1607134182 5.2
1607134183 5.4
1607134184 5.5
1607134185 5.6
1607134186 5.7
1607134187 5.9
1607134188 5.9
1607134189 6.0
1607134190 5.9
1607134191 5.7
1607134192 5.6
1607134193 5.6
1607134194 5.4
1607134195 5.5
1607134196 5.7
1607134197 5.8
1607134198 5.9
1607134199 5.9
1607134200 5.9
1607134201 5.9
1607134202 6.0
1607134203 6.0
1607134204 6.0
1607134205 6.0
1607134206 6.1
1607134207 6.1
1607134208 5.9
1607134209 5.6
1607134210 5.4
1607134211 5.4
1607134212 5.3
1607134213 5.5
1607134214 5.7
1607134215 5.7
1607134216 5.8
1607134217 5.9
1607134218 5.9
1607134219 6.0
1607134220 6.0
1607134221 6.0
1607134222 6.1
1607134223 6.1
1607134224 6.1
1607134225 6.0
1607134226 6.1
1607134227 6.0
1607134228 6.0
1607134229 6.0
1607134230 5.8
1607134231 5.4
1607134232 5.2
1607134233 5.0
1607134234 4.8
1607134235 4.6
1607134236 4.5
1607134237 4.5
1607134238 4.4
1607134239 4.4
1607134240 4.7
1607134241 4.8
1607134242 4.8
1607134243 5.1
1607134245 5.2