1607150198 4.2
1607150199 4.0
1607150200 3.9
1607150201 4.1
1607150202 4.4
1607150203 4.9
1607150204 5.2
1607150205 5.6
1607150206 5.9
1607150207 6.1
1607150208 6.4
1607150209 6.6
1607150210 6.8
1607150211 7.1
1607150212 7.4
1607150213 7.6
1607150214 7.8
1607150215 7.8
1607150216 7.9
1607150217 8.0
1607150218 8.0
1607150219 8.0
1607150220 8.0
1607150221 8.0
1607150222 7.9
1607150223 7.7
1607150224 7.1
1607150225 6.8
1607150226 6.5
1607150227 6.0
1607150228 5.9
1607150229 6.3
1607150230 6.5
1607150231 6.7
1607150232 6.9
1607150233 7.1
1607150234 7.1
1607150235 7.2
1607150236 7.3
1607150237 7.3
1607150238 7.3
1607150239 7.4
1607150240 7.3
1607150241 7.3
1607150242 7.3
1607150243 7.2
1607150244 7.2
1607150245 7.2
1607150246 7.1
1607150247 7.0
1607150248 6.9
1607150249 6.8
1607150250 6.8
1607150251 6.7
1607150252 6.7
1607150253 6.7
1607150254 6.7
1607150255 6.6
1607150256 6.6
1607150257 6.6
1607150258 6.6
1607150259 6.5
1607150260 6.5
1607150261 6.5
1607150262 6.5
1607150263 6.5
1607150264 6.5
1607150265 6.5
1607150266 6.4
1607150267 6.4
1607150268 6.4
1607150269 6.4
1607150270 6.3
1607150271 6.3
1607150272 6.3
1607150273 6.3
1607150274 6.4
1607150275 6.5
1607150276 6.2
1607150277 5.9
1607150278 5.6
1607150279 5.5
1607150280 5.4
1607150281 5.7
1607150282 5.9
1607150283 6.0
1607150284 6.1
1607150285 6.2
1607150286 6.3
1607150287 6.3
1607150288 6.4
1607150289 6.5
1607150290 6.5
1607150291 6.4
1607150292 6.0
1607150293 5.7
1607150294 5.5
1607150295 5.4
1607150296 5.7
1607150297 5.9
1607150298 6.0
1607150299 6.1
1607150300 6.2
1607150301 6.3
1607150302 6.3
1607150303 6.4
1607150304 6.4
1607150305 6.4
1607150306 6.4
1607150307 6.2
1607150308 5.9
1607150310 5.8
1607150312 5.9
1607150314 6.1
1607150316 6.3
1607150318 6.3
1607150320 6.4
1607150322 6.2
1607150324 5.8
1607150331 6.1
1607150338 6.5
