1607148903 4.9
1607148904 4.7
1607148905 4.5
1607148906 4.8
1607148907 5.2
1607148908 5.4
1607148909 5.5
1607148910 5.6
1607148911 5.7
1607148912 5.8
1607148913 5.9
1607148914 5.9
1607148915 6.0
1607148916 6.1
1607148917 6.2
1607148918 6.3
1607148919 6.3
1607148920 6.3
1607148921 6.4
1607148922 6.4
1607148923 6.4
1607148924 6.4
1607148925 6.4
1607148926 6.5
1607148927 6.5
1607148928 6.4
1607148929 6.4
1607148930 6.4
1607148931 6.3
1607148932 6.3
1607148933 6.3
1607148934 6.0
1607148935 5.7
1607148936 5.4
1607148937 5.1
1607148938 4.9
1607148939 5.2
1607148940 5.5
1607148941 5.7
1607148942 5.8
1607148943 5.9
1607148944 6.0
1607148945 6.1
1607148946 6.1
1607148947 6.1
1607148948 6.2
1607148949 6.1
1607148950 6.0
1607148951 5.7
1607148952 5.6
1607148953 5.6
1607148954 5.8
1607148955 5.9
1607148956 6.0
1607148957 6.0
1607148958 6.1
1607148959 6.1
1607148960 6.1
1607148961 6.2
1607148962 6.2
1607148963 6.2
1607148964 6.2
1607148965 6.2
1607148966 6.3
1607148967 6.2
1607148968 6.2
1607148969 6.2
1607148970 6.2
1607148971 6.2
1607148972 6.1
1607148973 6.1
1607148974 6.0
1607148975 6.1
1607148976 6.0
1607148977 6.0
1607148978 6.0
1607148979 5.9
1607148980 5.9
1607148981 6.0
1607148982 6.0
1607148983 5.9
1607148984 5.9
1607148985 6.0
1607148986 6.0
1607148987 6.0
1607148988 6.0
1607148989 5.9
1607148990 5.9
1607148991 5.9
1607148992 5.8
1607148993 5.9
1607148994 5.9
1607148995 5.8
1607148996 5.8
1607148997 5.8
1607148998 5.8
1607148999 5.8
1607149000 5.9
1607149001 5.8
1607149002 5.5
1607149003 5.3
1607149004 5.0
1607149005 5.0
1607149006 5.3
1607149007 5.5
1607149008 5.6
1607149009 5.7
1607149010 5.8
1607149011 5.9
1607149012 5.9
1607149013 6.0
1607149014 6.1
1607149015 6.2
1607149016 6.2
1607149017 6.2
1607149018 6.2
1607149019 6.2
1607149020 6.2
1607149021 6.2
1607149022 6.1
1607149023 6.2
1607149024 6.2
1607149025 6.1
1607149026 6.1
1607149027 6.0
1607149028 5.8
1607149029 5.5
1607149030 5.2
1607149031 5.3
1607149032 5.4
1607149033 5.6
1607149034 5.7
1607149035 5.8
1607149036 5.8
1607149037 5.9
1607149038 6.0
1607149039 6.0
1607149040 6.0
1607149041 6.1
1607149042 6.0
1607149043 5.7
1607149044 5.5
1607149045 5.3
1607149046 5.2
1607149047 5.3
1607149048 5.5
1607149049 5.7
1607149050 5.8
1607149051 5.8
1607149052 5.9
1607149053 5.9
1607149054 5.6
1607149055 5.4
1607149056 5.1
1607149057 5.0
1607149058 4.8
1607149059 5.0
1607149060 5.2
1607149061 5.5
1607149062 5.6
1607149063 5.7
1607149064 5.8
1607149065 5.9
1607149066 5.9
1607149067 6.0
1607149068 6.1
1607149069 6.1
1607149070 5.9
1607149071 5.6
1607149072 5.4
1607149073 5.2
1607149074 5.1
1607149075 5.4
1607149076 5.6
1607149077 5.8
1607149078 5.9
1607149079 6.0
1607149080 6.0
1607149081 6.0
1607149082 6.1
1607149083 6.1
1607149084 6.1
1607149085 6.1
1607149086 6.1
1607149087 6.1
1607149088 6.1
1607149089 6.2
1607149090 6.2
1607149091 6.2
1607149092 6.1
1607149093 6.2
1607149094 6.1
1607149095 6.1
1607149096 6.1
1607149097 6.0
1607149098 6.1
1607149099 6.0
1607149100 6.0
1607149101 5.9
1607149102 5.6
1607149103 5.3
1607149104 5.0
1607149105 4.8
1607149106 5.0
1607149107 5.2
1607149108 5.2
1607149109 5.0
1607149110 4.9
1607149111 4.8
1607149112 4.7
1607149113 5.0
1607149114 5.3
1607149115 5.4
1607149116 5.6
1607149117 5.7
1607149118 5.9
1607149119 5.9
1607149120 6.0
1607149121 6.1
1607149122 6.1
1607149123 6.0
1607149124 5.8
1607149125 5.6
1607149126 5.4
1607149127 5.2
1607149128 5.1
1607149129 5.0
1607149130 4.9
1607149131 4.8
1607149132 4.8
1607149133 5.0
1607149134 5.2
1607149135 5.1
1607149136 5.1
1607149138 5.5
1607149145 5.5
1607149152 6.0
1607149153 6.0
1607149154 6.1
1607149155 6.1
1607149156 6.2
1607149157 6.2
1607149158 6.2
1607149159 6.2
1607149160 6.3
1607149161 6.2
1607149162 6.2
1607149163 6.3
1607149164 6.3
1607149165 6.3
1607149166 6.2
1607149167 6.3
1607149168 6.2
1607149169 6.2
1607149170 6.2
1607149171 6.2
1607149172 6.2
1607149173 6.1
1607149174 6.1
1607149175 6.1
1607149176 6.0
1607149177 6.0
1607149178 6.0
1607149179 5.9
1607149180 5.9
1607149181 5.9
1607149182 5.9
1607149183 5.9
1607149184 5.9
1607149185 5.9
1607149186 5.8
1607149187 5.9
1607149188 5.9
1607149189 5.9
1607149190 5.9
1607149191 5.8
1607149192 5.8
1607149193 5.8
1607149194 5.7
1607149195 5.8
1607149196 5.8
1607149197 5.8
1607149198 5.8
1607149199 5.8
1607149200 5.8
1607149201 5.9
1607149202 5.9
1607149203 5.9
1607149204 5.7
1607149205 5.4
1607149206 5.2
1607149207 5.0
1607149208 5.3
1607149209 5.5
1607149210 5.6
1607149211 5.7
1607149212 5.8
1607149213 5.8
1607149214 5.9
1607149215 5.9
1607149216 6.0
1607149217 6.0
1607149218 6.0
1607149219 6.0
1607149220 6.0
1607149221 5.8
1607149222 5.4
1607149223 5.3
1607149224 5.2
1607149225 5.4
1607149226 5.5
1607149227 5.7
1607149228 5.7
1607149229 5.8
1607149230 5.9
1607149231 6.0
1607149232 6.0
1607149233 6.0
1607149234 6.0
1607149235 6.0
1607149236 6.0
1607149237 5.9
1607149238 5.8
1607149239 5.7
1607149240 5.5
1607149241 5.2
1607149242 5.4
1607149243 5.6
1607149244 5.7
1607149245 5.8
1607149246 5.9
1607149247 6.0
1607149248 6.0
1607149249 6.1
1607149250 6.1
1607149251 6.2
1607149252 6.2
1607149253 6.2
1607149254 6.2
1607149255 6.1
1607149256 6.1
1607149257 6.1
1607149258 6.1
1607149259 6.1
1607149260 6.1
1607149261 6.1
1607149262 5.9
1607149263 5.7
1607149264 5.4
1607149265 5.2
1607149266 5.3
1607149267 5.5
1607149268 5.7
1607149269 5.8
1607149270 5.8
1607149271 5.9
1607149272 5.9
1607149273 5.9
1607149274 6.0
1607149275 6.0
1607149276 6.0
1607149277 6.1
1607149278 6.0
1607149279 6.1
1607149280 6.1
1607149281 6.1
1607149282 6.0
1607149283 5.7
1607149284 5.4
1607149285 5.2
1607149286 4.9
1607149287 5.0
1607149288 5.3
1607149289 5.4
1607149290 5.6
1607149291 5.7
1607149292 5.8
1607149293 5.9
1607149294 5.9
1607149295 6.0
1607149296 5.8
1607149297 5.5
1607149298 5.2
1607149299 5.0
1607149300 4.9
1607149301 5.2
1607149302 5.4
1607149303 5.6
1607149304 5.7
1607149305 5.8
1607149306 5.9
1607149307 6.0
1607149308 6.0
1607149309 6.1
1607149310 6.1
1607149311 5.8
1607149312 5.6
1607149313 5.3
1607149314 5.3
1607149315 5.5
1607149316 5.6
1607149317 5.7
1607149318 5.8
1607149319 5.8
1607149320 5.9
1607149321 5.9
1607149322 5.8
1607149323 5.7
1607149324 5.6
1607149325 5.3
1607149326 5.1
1607149327 5.4
1607149328 5.5
1607149329 5.4
1607149330 5.3
1607149331 5.2
1607149332 5.0
1607149333 4.9
1607149334 5.2
1607149335 5.5
1607149336 5.7
1607149337 5.8
1607149338 5.9
1607149339 6.0
1607149340 6.0
1607149341 6.1
1607149342 6.1
1607149343 6.1
1607149344 6.1
1607149345 5.9
1607149346 5.6
1607149347 5.4
1607149348 5.3
1607149349 5.3
1607149350 5.5
1607149351 5.6
1607149352 5.7
1607149353 5.8
1607149354 5.9
1607149355 6.0
1607149356 6.0
1607149357 6.1
1607149358 6.1
1607149359 6.1
1607149360 6.1
1607149361 6.1
1607149362 6.1
1607149363 6.1
1607149364 6.1
1607149365 6.2
1607149366 6.2
1607149367 6.2
1607149368 6.1
1607149369 6.0
1607149370 5.7
1607149371 5.4
1607149372 5.3
1607149373 5.5
1607149374 5.5
1607149375 5.2
1607149376 5.2
1607149377 5.5
1607149378 5.4
1607149379 5.4
1607149381 5.0