1607071422 5.0
1607071423 4.7
1607071424 4.7
1607071425 5.0
1607071426 5.1
1607071427 5.3
1607071428 5.4
1607071429 5.5
1607071430 5.6
1607071431 5.7
1607071432 5.7
1607071433 5.8
1607071434 5.9
1607071435 5.9
1607071436 6.0
1607071437 6.1
1607071438 6.1
1607071439 6.1
1607071440 6.2
1607071441 6.2
1607071442 6.2
1607071443 6.1
1607071444 6.2
1607071445 6.2
1607071446 6.2
1607071447 6.2
1607071448 6.2
1607071449 6.2
1607071450 6.1
1607071451 6.1
1607071452 6.0
1607071453 5.8
1607071454 5.5
1607071455 5.3
1607071456 5.0
1607071457 5.0
1607071458 5.3
1607071459 5.5
1607071460 5.7
1607071461 5.8
1607071462 5.8
1607071463 5.9
1607071464 5.9
1607071465 5.9
1607071466 6.0
1607071467 6.0
1607071468 5.9
1607071469 5.9
1607071470 5.7
1607071471 5.6
1607071472 5.4
1607071473 5.2
1607071474 5.1
1607071475 5.4
1607071476 5.5
1607071477 5.6
1607071478 5.7
1607071479 5.8
1607071480 5.9
1607071481 5.9
1607071482 5.9
1607071483 6.0
1607071484 5.7
1607071485 5.4
1607071486 5.2
1607071487 4.9
1607071488 4.8
1607071489 5.2
1607071490 5.4
1607071491 5.5
1607071492 5.7
1607071493 5.7
1607071494 5.8
1607071495 5.9
1607071496 5.9
1607071497 5.9
1607071498 6.0
1607071499 6.0
1607071500 5.7
1607071501 5.5
1607071502 5.5
1607071503 5.4
1607071504 5.3
1607071505 5.4
1607071506 5.6
1607071507 5.7
1607071508 5.8
1607071509 5.9
1607071510 5.9
1607071511 6.0
1607071512 6.0
1607071513 6.0
1607071514 6.1
1607071515 6.1
1607071516 6.1
1607071517 6.1
1607071518 6.1
1607071519 6.1
1607071520 6.1
1607071521 6.1
1607071522 6.1
1607071523 6.1
1607071524 6.1
1607071525 6.1
1607071526 6.0
1607071527 5.7
1607071528 5.5
1607071529 5.2
1607071530 5.0
1607071531 5.2
1607071532 5.4
1607071533 5.5
1607071534 5.7
1607071535 5.7
1607071536 5.8
1607071537 5.9
1607071538 5.9
1607071539 5.9
1607071540 6.0
1607071541 6.0
1607071542 6.0
1607071543 6.0
1607071544 6.0
1607071545 6.0
1607071546 6.0
1607071547 6.0
1607071548 6.0
1607071549 6.0
1607071550 6.0
1607071551 6.0
1607071552 5.9
1607071553 5.9
1607071554 5.8
1607071555 5.9
1607071556 5.9
1607071557 5.8
1607071558 5.8
1607071559 5.8
1607071560 5.8
1607071561 5.8
1607071562 5.8
1607071563 5.8
1607071564 5.8
1607071565 5.8
1607071566 5.8
1607071567 5.6
1607071568 5.3
1607071569 5.1
1607071570 4.9
1607071571 4.9
1607071572 5.0
1607071573 5.0
1607071574 5.1
1607071575 5.0
1607071576 4.8
1607071577 4.6
1607071578 4.7
1607071579 4.8
1607071580 4.8
1607071581 4.7
1607071582 4.7
1607071583 4.6
1607071584 4.8
1607071585 4.8
1607071586 4.8
1607071587 4.7
1607071588 4.7
1607071589 4.7
1607071590 4.8
1607071591 4.9
1607071592 4.8
1607071593 4.6
1607071594 4.5
1607071595 4.3
1607071596 4.5
1607071597 4.7
1607071598 4.7
1607071599 4.6
1607071600 4.5
1607071601 4.3
1607071602 4.4
1607071603 4.9
1607071604 5.2
1607071605 5.5
1607071606 5.7
1607071607 5.8
1607071608 6.0
1607071609 6.0
1607071610 5.7
1607071611 5.5
1607071612 5.5
1607071613 5.4
1607071614 5.5
1607071615 5.7
1607071616 5.7
1607071617 5.4
1607071618 5.2
1607071619 5.0
1607071620 4.9
1607071621 5.0
1607071622 5.4
1607071623 5.6
1607071624 5.8
1607071625 5.9
1607071626 6.0
1607071627 6.1
1607071628 6.2
1607071629 6.2
1607071630 6.2
1607071631 6.2
1607071632 6.0
1607071633 5.7
1607071634 5.5
1607071635 5.3
1607071636 5.5
1607071637 5.7
1607071638 5.9
1607071639 6.0
1607071640 6.1
1607071641 6.1
1607071642 6.2
1607071643 6.2
1607071644 6.2
1607071645 6.3
1607071646 6.2
1607071647 5.9
1607071648 5.7
1607071649 5.7
1607071650 5.6
1607071651 5.5
1607071652 5.5
1607071653 5.4
1607071654 5.2
1607071655 5.0
1607071656 5.0
1607071657 5.2
1607071658 5.0
1607071659 4.8
1607071660 5.3
1607071662 5.3