1607117797 5.2
1607117798 4.9
1607117799 4.7
1607117800 4.7
1607117801 4.9
1607117802 5.2
1607117803 5.3
1607117804 5.5
1607117805 5.6
1607117806 5.7
1607117807 5.8
1607117808 5.8
1607117809 5.9
1607117810 5.9
1607117811 6.0
1607117812 6.1
1607117813 6.2
1607117814 6.2
1607117815 6.2
1607117816 6.3
1607117817 6.3
1607117818 6.3
1607117819 6.3
1607117820 6.3
1607117821 6.2
1607117822 6.3
1607117823 6.3
1607117824 6.3
1607117825 6.3
1607117826 6.0
1607117827 5.9
1607117828 5.8
1607117829 5.5
1607117830 5.4
1607117831 5.7
1607117832 5.7
1607117833 5.8
1607117834 6.0
1607117835 6.0
1607117836 6.1
1607117837 6.1
1607117838 6.2
1607117839 6.2
1607117840 6.2
1607117841 6.2
1607117842 6.2
1607117843 6.2
1607117844 6.2
1607117845 6.2
1607117846 6.2
1607117847 6.1
1607117848 6.2
1607117849 6.2
1607117850 6.1
1607117851 6.0
1607117852 6.0
1607117853 6.0
1607117854 6.0
1607117855 6.0
1607117856 5.9
1607117857 5.9
1607117858 5.9
1607117859 5.9
1607117860 6.0
1607117861 6.0
1607117862 5.9
1607117863 5.9
1607117864 5.9
1607117865 5.8
1607117866 5.9
1607117867 5.9
1607117868 5.8
1607117869 5.8
1607117870 5.8
1607117871 5.8
1607117872 5.9
1607117873 5.9
1607117874 5.8
1607117875 5.8
1607117876 5.8
1607117877 5.9
1607117878 5.9
1607117879 5.7
1607117880 5.5
1607117881 5.4
1607117882 5.2
1607117883 5.1
1607117884 5.3
1607117885 5.5
1607117886 5.6
1607117887 5.8
1607117888 5.8
1607117889 5.9
1607117890 6.0
1607117891 6.1
1607117892 6.2
1607117893 5.9
1607117894 5.7
1607117895 5.6
1607117896 5.5
1607117897 5.5
1607117898 5.6
1607117899 5.7
1607117900 5.8
1607117901 5.9
1607117902 5.9
1607117903 6.0
1607117904 6.0
1607117905 6.1
1607117906 6.1
1607117907 6.1
1607117908 5.9
1607117909 5.7
1607117910 5.4
1607117911 5.2
1607117912 5.0
1607117913 5.3
1607117914 5.5
1607117915 5.6
1607117916 5.8
1607117917 5.9
1607117918 5.9
1607117919 6.0
1607117920 6.0
1607117921 6.0
1607117922 6.1
1607117923 6.1
1607117924 6.1
1607117925 6.1
1607117926 6.1
1607117927 6.1
1607117928 6.1
1607117929 6.2
1607117930 6.2
1607117931 6.1
1607117932 6.1
1607117933 6.1
1607117934 6.1
1607117935 6.0
1607117936 5.7
1607117937 5.4
1607117938 5.2
1607117939 4.9
1607117940 5.1
1607117941 5.3
1607117942 5.5
1607117943 5.6
1607117944 5.7
1607117945 5.8
1607117946 5.9
1607117947 6.0
1607117948 6.0
1607117949 6.1
1607117950 6.1
1607117951 6.1
1607117952 6.1
1607117953 6.1
1607117954 6.2
1607117955 6.3
1607117956 6.1
1607117957 5.9
1607117958 5.9
1607117959 5.9
1607117960 6.0
1607117961 6.0
1607117962 6.1
1607117963 6.1
1607117964 6.1
1607117965 6.1
1607117966 6.2
1607117967 6.2
1607117968 6.1
1607117969 6.1
1607117970 5.9
1607117971 5.7
1607117972 5.6
1607117973 5.4
1607117974 5.3
1607117975 5.5
1607117976 5.6
1607117977 5.7
1607117978 5.8
1607117979 5.9
1607117980 5.9
1607117981 5.9
1607117982 5.8
1607117983 5.6
1607117984 5.4
1607117985 5.2
1607117986 5.1
1607117987 5.1
1607117988 5.4
1607117989 5.4
1607117990 5.1
1607117991 4.9
1607117992 4.8
1607117993 4.8
1607117994 4.9
1607117995 5.2
1607117996 5.4
1607117997 5.6
1607117998 5.8
1607117999 5.8
1607118000 5.9
1607118001 6.0
1607118002 6.0
1607118003 6.1
1607118004 6.1
1607118005 6.1
1607118006 6.1
1607118007 6.1
1607118008 6.1
1607118009 6.1
1607118010 5.9
1607118011 5.9
1607118012 5.9
1607118013 5.9
1607118014 6.0
1607118015 6.1
1607118016 6.2
1607118017 6.3
1607118018 6.4
1607118019 6.4
1607118020 6.4
1607118021 6.4
1607118022 6.4
1607118023 6.4
1607118024 6.4
1607118025 6.4
1607118026 6.3
1607118027 6.0
1607118028 5.9
1607118029 5.7
1607118030 5.7
1607118031 5.6
1607118032 5.4
1607118033 5.2
1607118034 5.0
1607118035 5.2
1607118036 5.1
1607118037 5.1
1607118038 5.3
1607118041 5.4