1607118532 4.9
1607118533 4.7
1607118534 4.6
1607118535 4.7
1607118536 5.0
1607118537 5.2
1607118538 5.4
1607118539 5.6
1607118540 5.7
1607118541 5.8
1607118542 5.9
1607118543 5.9
1607118544 6.0
1607118545 6.0
1607118546 6.2
1607118547 6.2
1607118548 6.2
1607118549 6.2
1607118550 6.3
1607118551 6.3
1607118552 6.3
1607118553 6.4
1607118554 6.3
1607118555 6.3
1607118556 6.3
1607118557 6.4
1607118558 6.4
1607118559 6.3
1607118560 6.2
1607118561 6.2
1607118562 5.9
1607118563 5.6
1607118564 5.3
1607118565 5.3
1607118567 5.5