PROCESS_START initial 2396455
PERF_DUMP 2396455 1607118534333.071045
0	0
1	0
2	0
3	0
4	0
5	0
6	0
[2396455:2396455:1204/214854.395411:INFO:content_main_runner_impl.cc(961)] Chrome is running in full browser mode.
PERF_DUMP 2396455 1607118534433.316895
0	0
1	0
2	0
3	0
4	0
5	0
6	0
PERF_DUMP 2396455 1607118534533.543457
0	0
1	0
2	0
3	0
4	0
5	0
6	0
[2396455:2396455:1204/214854.579714:ERROR:edid_parser.cc(102)] Too short EDID data: manufacturer id
PERF_DUMP 2396455 1607118534638.382568
0	0
1	0
2	0
3	0
4	0
5	0
6	0
PERF_DUMP 2396455 1607118534746.419922
0	0
1	0
2	0
3	0
4	0
5	0
6	0
PERF_DUMP 2396455 1607118534846.666016
0	0
1	0
2	0
3	0
4	0
5	0
6	0
PERF_DUMP 2396455 1607118534946.881104
0	0
1	0
2	0
3	0
4	0
5	0
6	0
[2396455:2396455:1204/214855.016666:WARNING:account_consistency_mode_manager.cc(219)] Desktop Identity Consistency cannot be enabled as no OAuth client ID and client secret have been configured.
[2396455:2396455:1204/214855.016991:WARNING:account_consistency_mode_manager.cc(219)] Desktop Identity Consistency cannot be enabled as no OAuth client ID and client secret have been configured.
[2396455:2396455:1204/214855.020133:WARNING:account_consistency_mode_manager.cc(219)] Desktop Identity Consistency cannot be enabled as no OAuth client ID and client secret have been configured.
PERF_DUMP 2396455 1607118535047.118896
0	0
1	0
2	0
3	0
4	0
5	0
6	0
[2396455:2396455:1204/214855.061463:WARNING:account_consistency_mode_manager.cc(219)] Desktop Identity Consistency cannot be enabled as no OAuth client ID and client secret have been configured.
PERF_DUMP 2396455 1607118535147.342041
0	0
1	0
2	0
3	0
4	0
5	0
6	0
PERF_DUMP 2396455 1607118535247.565918
0	0
1	0
2	0
3	0
4	0
5	0
6	0
[2396455:2396455:1204/214855.250178:WARNING:account_consistency_mode_manager.cc(219)] Desktop Identity Consistency cannot be enabled as no OAuth client ID and client secret have been configured.
PERF_DUMP 2396455 1607118535347.788330
0	0
1	0
2	0
3	0
4	0
5	0
6	0
[2396455:2396455:1204/214855.388901:WARNING:account_consistency_mode_manager.cc(219)] Desktop Identity Consistency cannot be enabled as no OAuth client ID and client secret have been configured.
[2396455:2396480:1204/214855.430830:ERROR:socket_posix.cc(148)] bind() failed: Address already in use (98)

DevTools listening on ws://[::1]:9222/devtools/browser/7df99f1b-10cb-4b90-a3d3-448cc08d93d3
PERF_DUMP 2396455 1607118535448.016357
0	0
1	0
2	0
3	0
4	0
5	0
6	0
PERF_DUMP 2396455 1607118535548.245850
0	0
1	0
2	0
3	0
4	0
5	0
6	0
PERF_DUMP 2396455 1607118535648.470459
0	0
1	0
2	0
3	0
4	0
5	0
6	0
PERF_DUMP 2396455 1607118535748.722900
0	0
1	0
2	0
3	0
4	0
5	0
6	0
PERF_DUMP 2396455 1607118535848.944580
0	0
1	0
2	0
3	0
4	0
5	0
6	0
PERF_DUMP 2396455 1607118535949.188965
0	0
1	0
2	0
3	0
4	0
5	0
6	0
PERF_DUMP 2396455 1607118536049.418213
0	0
1	0
2	0
3	0
4	0
5	0
6	0
PERF_DUMP 2396455 1607118536149.656250
0	0
1	0
2	0
3	0
4	0
5	0
6	0
[2396455:2396455:1204/214856.238165:WARNING:account_consistency_mode_manager.cc(219)] Desktop Identity Consistency cannot be enabled as no OAuth client ID and client secret have been configured.
PERF_DUMP 2396455 1607118536249.880127
0	0
1	0
2	0
3	0
4	0
5	0
6	0
PERF_DUMP 2396455 1607118536350.101562
0	0
1	0
2	0
3	0
4	0
5	0
6	0
PERF_DUMP 2396455 1607118536491.636719
0	0
1	0
2	0
3	0
4	0
5	0
6	0
PERF_DUMP 2396455 1607118536591.926270
0	0
1	0
2	0
3	0
4	0
5	0
6	0
PERF_DUMP 2396455 1607118536692.171143
0	0
1	0
2	0
3	0
4	0
5	0
6	0
[2396455:2396455:1204/214856.694766:WARNING:account_consistency_mode_manager.cc(219)] Desktop Identity Consistency cannot be enabled as no OAuth client ID and client secret have been configured.
PERF_DUMP 2396455 1607118536792.423096
0	0
1	0
2	0
3	0
4	0
5	0
6	0
PERF_DUMP 2396455 1607118536892.651855
0	0
1	0
2	0
3	0
4	0
5	0
6	0
PERF_DUMP 2396455 1607118536992.893799
0	0
1	0
2	0
3	0
4	0
5	0
6	0
PERF_DUMP 2396455 1607118537093.141357
0	0
1	0
2	0
3	0
4	0
5	0
6	0
PERF_DUMP 2396455 1607118537193.380859
0	0
1	0
2	0
3	0
4	0
5	0
6	0
PERF_DUMP 2396455 1607118537293.660400
0	0
1	0
2	0
3	0
4	0
5	0
6	0
PERF_DUMP 2396455 1607118537425.650879
0	0
1	0
2	0
3	0
4	0
5	0
6	0
PERF_DUMP 2396455 1607118537525.948975
0	0
1	0
2	0
3	0
4	0
5	0
6	0
PERF_DUMP 2396455 1607118537626.212891
0	0
1	0
2	0
3	0
4	0
5	0
6	0
PERF_DUMP 2396455 1607118537726.446533
0	0
1	0
2	0
3	0
4	0
5	0
6	0
PERF_DUMP 2396455 1607118537826.663086
0	0
1	0
2	0
3	0
4	0
5	0
6	0
PERF_DUMP 2396455 1607118537926.884766
0	0
1	0
2	0
3	0
4	0
5	0
6	0
[2396455:2396508:1204/214857.989692:ERROR:object_proxy.cc(632)] Failed to call method: org.freedesktop.DBus.Properties.Get: object_path= /org/freedesktop/UPower: org.freedesktop.DBus.Error.ServiceUnknown: The name org.freedesktop.UPower was not provided by any .service files
[2396455:2396508:1204/214857.989893:WARNING:property.cc(144)] DaemonVersion: GetAndBlock: failed.
[2396455:2396508:1204/214857.991187:ERROR:object_proxy.cc(632)] Failed to call method: org.freedesktop.UPower.GetDisplayDevice: object_path= /org/freedesktop/UPower: org.freedesktop.DBus.Error.ServiceUnknown: The name org.freedesktop.UPower was not provided by any .service files
[2396455:2396508:1204/214857.992560:ERROR:object_proxy.cc(632)] Failed to call method: org.freedesktop.UPower.EnumerateDevices: object_path= /org/freedesktop/UPower: org.freedesktop.DBus.Error.ServiceUnknown: The name org.freedesktop.UPower was not provided by any .service files
PERF_DUMP 2396455 1607118538027.101074
0	0
1	0
2	0
3	0
4	0
5	0
6	0
PERF_DUMP 2396455 1607118538127.334473
0	0
1	0
2	0
3	0
4	0
5	0
6	0
PERF_DUMP 2396455 1607118538227.555420
0	0
1	0
2	0
3	0
4	0
5	0
6	0
PERF_DUMP 2396455 1607118538327.794434
0	0
1	0
2	0
3	0
4	0
5	0
6	0
PERF_DUMP 2396455 1607118538428.042725
0	0
1	0
2	0
3	0
4	0
5	0
6	0
[2396475:2396475:1204/214858.490645:ERROR:gl_surface_egl.cc(642)] No suitable EGL configs found.
[2396475:2396475:1204/214858.491316:ERROR:gl_surface_egl.cc(690)] EGL Driver message (Error) eglGetConfigAttrib: Bad config.
[2396475:2396475:1204/214858.491429:ERROR:gl_context_egl.cc(84)] eglGetConfigAttrib failed with error EGL_BAD_CONFIG
[2396475:2396475:1204/214858.492212:ERROR:gl_surface_egl.cc(642)] No suitable EGL configs found.
[2396475:2396475:1204/214858.492412:ERROR:gl_surface_egl.cc(690)] EGL Driver message (Error) eglCreatePbufferSurface: Bad config.
[2396475:2396475:1204/214858.492508:ERROR:gl_surface_egl.cc(1963)] eglCreatePbufferSurface failed with error EGL_BAD_CONFIG
[2396475:2396475:1204/214858.492634:ERROR:gpu_info_collector.cc(61)] gl::GLContext::CreateOffscreenGLSurface failed
[2396475:2396475:1204/214858.492722:ERROR:gpu_info_collector.cc(200)] Could not create surface for info collection.
[2396475:2396475:1204/214858.492800:ERROR:gpu_init.cc(66)] gpu::CollectGraphicsInfo failed.
PERF_DUMP 2396455 1607118538528.260254
0	0
1	0
2	0
3	0
4	0
5	0
6	0
PERF_DUMP 2396455 1607118538628.480957
0	0
1	0
2	0
3	0
4	0
5	0
6	0
[2396475:2396475:1204/214858.650741:ERROR:viz_main_impl.cc(158)] Exiting GPU process due to errors during initialization
PERF_DUMP 2396455 1607118538728.707764
0	0
1	0
2	0
3	0
4	0
5	0
6	0
PERF_DUMP 2396455 1607118538828.962158
0	0
1	0
2	0
3	0
4	0
5	0
6	0
[2396455:2396455:1204/214858.891906:WARNING:internal_linux.cc(64)] Failed to read /proc/2396475/stat
PERF_DUMP 2396455 1607118538929.238037
0	0
1	0
2	0
3	0
4	0
5	0
6	0
PERF_DUMP 2396455 1607118539029.532715
0	0
1	0
2	0
3	0
4	0
5	0
6	0
PERF_DUMP 2396455 1607118539129.771240
0	0
1	0
2	0
3	0
4	0
5	0
6	0
PERF_DUMP 2396455 1607118539230.008057
0	0
1	0
2	0
3	0
4	0
5	0
6	0
PERF_DUMP 2396455 1607118539330.243896
0	0
1	0
2	0
3	0
4	0
5	0
6	0
PERF_DUMP 2396455 1607118539430.488525
0	0
1	0
2	0
3	0
4	0
5	0
6	0
PERF_DUMP 2396455 1607118539530.738037
0	0
1	0
2	0
3	0
4	0
5	0
6	0
PERF_DUMP 2396455 1607118539637.000244
0	0
1	0
2	0
3	0
4	0
5	0
6	0
PERF_DUMP 2396455 1607118539744.899658
0	0
1	0
2	0
3	0
4	0
5	0
6	0
PERF_DUMP 2396455 1607118539845.223633
0	0
1	0
2	0
3	0
4	0
5	0
6	0
PERF_DUMP 2396455 1607118539945.458252
0	0
1	0
2	0
3	0
4	0
5	0
6	0
PERF_DUMP 2396455 1607118540045.713379
0	0
1	0
2	0
3	0
4	0
5	0
6	0
PERF_DUMP 2396455 1607118540145.943115
0	0
1	0
2	0
3	0
4	0
5	0
6	0
PERF_DUMP 2396455 1607118540246.193848
0	0
1	0
2	0
3	0
4	0
5	0
6	0
PERF_DUMP 2396455 1607118540346.432129
0	0
1	0
2	0
3	0
4	0
5	0
6	0
PERF_DUMP 2396455 1607118540446.713135
0	0
1	0
2	0
3	0
4	0
5	0
6	0
PERF_DUMP 2396455 1607118540546.952148
0	0
1	0
2	0
3	0
4	0
5	0
6	0
PERF_DUMP 2396455 1607118540647.198486
0	0
1	0
2	0
3	0
4	0
5	0
6	0
PERF_DUMP 2396455 1607118540747.447266
0	0
1	0
2	0
3	0
4	0
5	0
6	0
PROCESS_START renderer 2396484
PERF_DUMP 2396455 1607118540847.691406
0	0
1	0
2	0
3	0
4	0
5	0
6	0
PERF_DUMP 2396455 1607118540947.951172
0	0
1	0
2	0
3	0
4	0
5	0
6	0
PERF_DUMP 2396484 1607118540948.133545
0	0
1	0
2	0
3	0
4	0
5	0
6	0
[2396484:2396484:1204/214900.960104:WARNING:chrome_main_delegate.cc(293)] process type 'renderer' should be created through the zygote.
PERF_DUMP 2396455 1607118541048.201660
0	0
1	0
2	0
3	0
4	0
5	0
6	0
PERF_DUMP 2396484 1607118541048.398682
0	0
1	0
2	0
3	0
4	0
5	0
6	0
PERF_DUMP 2396455 1607118541148.460693
0	0
1	0
2	0
3	0
4	0
5	0
6	0
PERF_DUMP 2396484 1607118541148.656982
0	0
1	0
2	0
3	0
4	0
5	0
6	0
PERF_DUMP 2396455 1607118541248.729980
0	0
1	0
2	0
3	0
4	0
5	0
6	0
PERF_DUMP 2396484 1607118541248.905273
0	0
1	0
2	0
3	0
4	0
5	0
6	0
PROCESS_START renderer 2396483
PERF_DUMP 2396455 1607118541348.978027
0	0
1	0
2	0
3	0
4	0
5	0
6	0
PERF_DUMP 2396484 1607118541349.171631
0	0
1	0
2	0
3	0
4	0
5	0
6	0
PERF_DUMP 2396455 1607118541449.245850
0	0
1	0
2	0
3	0
4	0
5	0
6	0
PERF_DUMP 2396484 1607118541449.440186
0	0
1	0
2	0
3	0
4	0
5	0
6	0
PERF_DUMP 2396483 1607118541449.577393
0	0
1	0
2	0
3	0
4	0
5	0
6	0
[2396483:2396483:1204/214901.511371:WARNING:chrome_main_delegate.cc(293)] process type 'renderer' should be created through the zygote.
PERF_DUMP 2396455 1607118541549.507324
0	0
1	0
2	0
3	0
4	0
5	0
6	0
PERF_DUMP 2396484 1607118541549.704834
0	0
1	0
2	0
3	0
4	0
5	0
6	0
PERF_DUMP 2396483 1607118541549.867676
0	0
1	0
2	0
3	0
4	0
5	0
6	0
PERF_DUMP 2396455 1607118541651.355713
0	0
1	0
2	0
3	0
4	0
5	0
6	0
PERF_DUMP 2396484 1607118541651.529297
0	0
1	0
2	0
3	0
4	0
5	0
6	0
PERF_DUMP 2396483 1607118541651.643799
0	0
1	0
2	0
3	0
4	0
5	0
6	0
PERF_DUMP 2396455 1607118541751.598145
0	0
1	0
2	0
3	0
4	0
5	0
6	0
PERF_DUMP 2396484 1607118541751.778320
0	0
1	0
2	0
3	0
4	0
5	0
6	0
PERF_DUMP 2396483 1607118541751.898682
0	0
1	0
2	0
3	0
4	0
5	0
6	0
PERF_DUMP 2396455 1607118541851.846680
0	0
1	0
2	0
3	0
4	0
5	0
6	0
PERF_DUMP 2396484 1607118541852.025635
0	0
1	0
2	0
3	0
4	0
5	0
6	0
PERF_DUMP 2396483 1607118541852.137939
0	0
1	0
2	0
3	0
4	0
5	0
6	0
PERF_DUMP 2396455 1607118541952.085693
0	0
1	0
2	0
3	0
4	0
5	0
6	0
PERF_DUMP 2396484 1607118541952.273193
0	0
1	0
2	0
3	0
4	0
5	0
6	0
PERF_DUMP 2396483 1607118541952.391357
0	0
1	0
2	0
3	0
4	0
5	0
6	0
PERF_DUMP 2396455 1607118542052.329102
0	0
1	0
2	0
3	0
4	0
5	0
6	0
PERF_DUMP 2396484 1607118542052.519043
0	0
1	0
2	0
3	0
4	0
5	0
6	0
PERF_DUMP 2396483 1607118542052.648438
0	0
1	0
2	0
3	0
4	0
5	0
6	0
PERF_DUMP 2396455 1607118542152.582764
0	0
1	0
2	0
3	0
4	0
5	0
6	0
PERF_DUMP 2396484 1607118542152.755859
0	0
1	0
2	0
3	0
4	0
5	0
6	0
PERF_DUMP 2396483 1607118542152.875977
0	0
1	0
2	0
3	0
4	0
5	0
6	0
PERF_DUMP 2396455 1607118542252.827881
0	0
1	0
2	0
3	0
4	0
5	0
6	0
PERF_DUMP 2396484 1607118542253.020752
0	0
1	0
2	0
3	0
4	0
5	0
6	0
PERF_DUMP 2396483 1607118542253.138672
0	0
1	0
2	0
3	0
4	0
5	0
6	0
PERF_DUMP 2396455 1607118542353.082031
0	0
1	0
2	0
3	0
4	0
5	0
6	0
PERF_DUMP 2396484 1607118542353.270996
0	0
1	0
2	0
3	0
4	0
5	0
6	0
PERF_DUMP 2396483 1607118542353.395508
0	0
1	0
2	0
3	0
4	0
5	0
6	0
PERF_DUMP 2396455 1607118542453.332764
0	0
1	0
2	0
3	0
4	0
5	0
6	0
PERF_DUMP 2396484 1607118542453.515625
0	0
1	0
2	0
3	0
4	0
5	0
6	0
PERF_DUMP 2396483 1607118542453.669678
0	0
1	0
2	0
3	0
4	0
5	0
6	0
PERF_DUMP 2396455 1607118542553.584961
0	0
1	0
2	0
3	0
4	0
5	0
6	0
PERF_DUMP 2396484 1607118542553.752197
0	0
1	0
2	0
3	0
4	0
5	0
6	0
PERF_DUMP 2396483 1607118542553.861572
0	0
1	0
2	0
3	0
4	0
5	0
6	0
PERF_DUMP 2396455 1607118542653.814209
0	0
1	0
2	0
3	0
4	0
5	0
6	0
PERF_DUMP 2396484 1607118542654.000732
0	0
1	0
2	0
3	0
4	0
5	0
6	0
PERF_DUMP 2396483 1607118542654.119141
0	0
1	0
2	0
3	0
4	0
5	0
6	0
PERF_DUMP 2396455 1607118542754.060303
0	0
1	0
2	0
3	0
4	0
5	0
6	0
PERF_DUMP 2396484 1607118542754.256836
0	0
1	0
2	0
3	0
4	0
5	0
6	0
PERF_DUMP 2396483 1607118542754.392822
0	0
1	0
2	0
3	0
4	0
5	0
6	0
PERF_DUMP 2396455 1607118542854.320801
0	0
1	0
2	0
3	0
4	0
5	0
6	0
PERF_DUMP 2396484 1607118542854.520996
0	0
1	0
2	0
3	0
4	0
5	0
6	0
PERF_DUMP 2396483 1607118542854.656250
0	0
1	0
2	0
3	0
4	0
5	0
6	0
PERF_DUMP 2396455 1607118542954.609863
0	0
1	0
2	0
3	0
4	0
5	0
6	0
PERF_DUMP 2396484 1607118542954.839844
0	0
1	0
2	0
3	0
4	0
5	0
6	0
PERF_DUMP 2396483 1607118542954.951904
0	0
1	0
2	0
3	0
4	0
5	0
6	0
PERF_DUMP 2396455 1607118543054.907471
0	0
1	0
2	0
3	0
4	0
5	0
6	0
PERF_DUMP 2396484 1607118543055.071777
0	0
1	0
2	0
3	0
4	0
5	0
6	0
PERF_DUMP 2396483 1607118543055.194824
0	0
1	0
2	0
3	0
4	0
5	0
6	0
PERF_DUMP 2396455 1607118543155.484619
0	0
1	0
2	0
3	0
4	0
5	0
6	0
PERF_DUMP 2396484 1607118543155.635010
0	0
1	0
2	0
3	0
4	0
5	0
6	0
PERF_DUMP 2396483 1607118543155.750732
0	0
1	0
2	0
3	0
4	0
5	0
6	0
PERF_DUMP 2396455 1607118543255.823730
0	0
1	0
2	0
3	0
4	0
5	0
6	0
PERF_DUMP 2396484 1607118543255.978516
0	0
1	0
2	0
3	0
4	0
5	0
6	0
PERF_DUMP 2396483 1607118543256.093506
0	0
1	0
2	0
3	0
4	0
5	0
6	0
PERF_DUMP 2396455 1607118543356.052734
0	0
1	0
2	0
3	0
4	0
5	0
6	0
PERF_DUMP 2396484 1607118543356.217773
0	0
1	0
2	0
3	0
4	0
5	0
6	0
PERF_DUMP 2396483 1607118543356.345703
0	0
1	0
2	0
3	0
4	0
5	0
6	0
PERF_DUMP 2396455 1607118543456.284668
0	0
1	0
2	0
3	0
4	0
5	0
6	0
PERF_DUMP 2396484 1607118543456.461670
0	0
1	0
2	0
3	0
4	0
5	0
6	0
PERF_DUMP 2396483 1607118543456.597168
0	0
1	0
2	0
3	0
4	0
5	0
6	0
PERF_DUMP 2396455 1607118543559.307129
0	0
1	0
2	0
3	0
4	0
5	0
6	0
PERF_DUMP 2396484 1607118543559.477051
0	0
1	0
2	0
3	0
4	0
5	0
6	0
PERF_DUMP 2396483 1607118543559.611328
0	0
1	0
2	0
3	0
4	0
5	0
6	0
PERF_DUMP 2396455 1607118543659.547607
0	0
1	0
2	0
3	0
4	0
5	0
6	0
PERF_DUMP 2396484 1607118543659.717041
0	0
1	0
2	0
3	0
4	0
5	0
6	0
PERF_DUMP 2396483 1607118543659.841797
0	0
1	0
2	0
3	0
4	0
5	0
6	0
[2396455:2396455:1204/214903.679691:ERROR:viz_process_transport_factory.cc(297)] Switching to software compositing.
PERF_DUMP 2396455 1607118543761.815674
0	0
1	0
2	0
3	0
4	0
5	0
6	0
PERF_DUMP 2396484 1607118543761.970947
0	0
1	0
2	0
3	0
4	0
5	0
6	0
PERF_DUMP 2396483 1607118543762.090332
0	0
1	0
2	0
3	0
4	0
5	0
6	0
PERF_DUMP 2396455 1607118543862.032959
0	0
1	0
2	0
3	0
4	0
5	0
6	0
PERF_DUMP 2396484 1607118543862.196289
0	112144
1	1732040
2	23291
3	294589
4	3046472
5	4858137
6	9716266
PERF_DUMP 2396483 1607118543862.316895
0	0
1	0
2	0
3	0
4	0
5	0
6	0
PERF_DUMP 2396455 1607118543962.263916
0	0
1	0
2	0
3	0
4	0
5	0
6	0
PERF_DUMP 2396484 1607118543962.457764
0	0
1	0
2	0
3	0
4	0
5	0
6	0
PERF_DUMP 2396483 1607118543962.569824
0	0
1	0
2	0
3	0
4	0
5	0
6	0
PERF_DUMP 2396455 1607118544062.579346
0	0
1	0
2	0
3	0
4	0
5	0
6	0
PERF_DUMP 2396484 1607118544062.759521
0	0
1	0
2	0
3	0
4	0
5	0
6	0
PERF_DUMP 2396483 1607118544062.854980
0	0
1	0
2	0
3	0
4	0
5	0
6	0
PERF_DUMP 2396455 1607118544162.840088
0	0
1	0
2	0
3	0
4	0
5	0
6	0
PERF_DUMP 2396484 1607118544163.034912
0	61075
1	13738324
2	103991
3	3922368
4	26957528
5	23552936
6	47105875
PERF_DUMP 2396483 1607118544163.293457
0	0
1	0
2	0
3	0
4	0
5	0
6	0
PERF_DUMP 2396455 1607118544263.117188
0	0
1	0
2	0
3	0
4	0
5	0
6	0
PERF_DUMP 2396484 1607118544263.349365
0	1031565
1	35551957
2	260493
3	10397757
4	70774703
5	73674124
6	147347021
PERF_DUMP 2396483 1607118544263.633545
0	0
1	0
2	0
3	0
4	0
5	0
6	0
PERF_DUMP 2396455 1607118544363.367920
0	0
1	0
2	0
3	0
4	0
5	0
6	0
PERF_DUMP 2396484 1607118544363.688721
0	711948
1	30099556
2	388354
3	9406580
4	59627318
5	72777145
6	145552995
PERF_DUMP 2396483 1607118544363.968262
0	0
1	0
2	0
3	0
4	0
5	0
6	0
PERF_DUMP 2396455 1607118544463.659180
0	0
1	0
2	0
3	0
4	0
5	0
6	0
PERF_DUMP 2396484 1607118544464.306641
0	1340867
1	24125532
2	366086
3	6410972
4	54342719
5	72068959
6	144136688
PERF_DUMP 2396483 1607118544464.612061
0	0
1	0
2	0
3	0
4	0
5	0
6	0
[2396455:2396455:1204/214904.521213:WARNING:account_consistency_mode_manager.cc(219)] Desktop Identity Consistency cannot be enabled as no OAuth client ID and client secret have been configured.
PERF_DUMP 2396455 1607118544563.893555
0	0
1	0
2	0
3	0
4	0
5	0
6	0
PERF_DUMP 2396484 1607118544564.676758
0	868202
1	27717165
2	428196
3	8280319
4	57229832
5	71393603
6	142785866
PERF_DUMP 2396483 1607118544565.019775
0	0
1	0
2	0
3	0
4	0
5	0
6	0
PERF_DUMP 2396455 1607118544664.120850
0	0
1	0
2	0
3	0
4	0
5	0
6	0
PERF_DUMP 2396484 1607118544665.085693
0	222052
1	39220887
2	479753
3	12866866
4	78068183
5	73760121
6	147519188
PERF_DUMP 2396483 1607118544665.387207
0	0
1	0
2	0
3	0
4	0
5	0
6	0
PERF_DUMP 2396455 1607118544764.363770
0	0
1	0
2	0
3	0
4	0
5	0
6	0
PERF_DUMP 2396484 1607118544767.325928
0	535572
1	25387781
2	339006
3	7888893
4	49966006
5	72970956
6	145940727
PERF_DUMP 2396483 1607118544767.647705
0	0
1	0
2	0
3	0
4	0
5	0
6	0
PERF_DUMP 2396455 1607118544864.608154
0	0
1	0
2	0
3	0
4	0
5	0
6	0
PERF_DUMP 2396484 1607118544867.715820
0	227501
1	40002955
PERF_DUMP 2396483 1607118544867.840332
2	368975
3	12467354
4	78212620
0	0
5	73247246
1	0
6	146493096
2	0
3	0
4	0
5	0
6	0
PERF_DUMP 2396455 1607118544964.824951
0	0
1	0
2	0
3	0
4	0
5	0
6	0
PERF_DUMP 2396483 1607118544968.041992
PERF_DUMP 2396484 1607118544968.122559
0	0
1	0
2	0
3	0
4	0
5	0
6	0
0	383940
1	24163575
2	375216
3	7322373
4	46967894
5	73072164
6	146142998
PERF_DUMP 2396455 1607118545065.086182
0	0
1	0
2	0
3	0
4	0
5	0
6	0
PERF_DUMP 2396483 1607118545068.312988
0	0
1	0
2	0
3	0
4	0
5	0
6	0
PERF_DUMP 2396484 1607118545068.489014
0	386127
1	33975439
2	414405
3	10631101
4	66527183
5	73177481
6	146353630
PERF_DUMP 2396455 1607118545165.334229
0	0
1	0
2	0
3	0
4	0
5	0
6	0
PERF_DUMP 2396483 1607118545168.580811
0	0
1	0
2	0
3	0
4	0
5	0
6	0
PERF_DUMP 2396484 1607118545176.826904
0	219788
1	30329904
2	386558
3	9892993
4	60252532
5	64050401
6	128100798
PERF_DUMP 2396455 1607118545265.596924
0	0
1	0
2	0
3	0
4	0
5	0
6	0
PERF_DUMP 2396483 1607118545268.837891
0	0
1	0
2	0
3	0
4	0
5	0
6	0
PERF_DUMP 2396484 1607118545277.116943
0	23278
1	4399363
2	57804
3	1432037
4	8706760
5	10014073
6	20028147
PERF_DUMP 2396455 1607118545365.810547
0	0
1	0
2	0
3	0
4	0
5	0
6	0
PERF_DUMP 2396483 1607118545369.085938
0	0
1	0
2	0
3	0
4	0
5	0
6	0
PERF_DUMP 2396484 1607118545377.396729
0	229003
1	10596857
2	139946
3	3337337
4	21020818
5	26998739
6	53997458
PERF_DUMP 2396455 1607118545466.052734
0	0
1	0
2	0
3	0
4	0
5	0
6	0
PERF_DUMP 2396483 1607118545469.349854
0	0
1	0
2	0
3	0
4	0
5	0
6	0
PERF_DUMP 2396484 1607118545477.819580
0	69665
1	10201438
2	139021
3	3280106
4	20111295
5	24927043
6	49852801
PERF_DUMP 2396455 1607118545566.278076
0	0
1	0
2	0
3	0
4	0
5	0
6	0
PERF_DUMP 2396483 1607118545569.602051
0	0
1	0
2	0
3	0
4	0
5	0
6	0
PERF_DUMP 2396484 1607118545578.052734
0	20998
1	3665237
2	51729
3	1186851
4	7249152
5	9227075
6	18454147
PERF_DUMP 2396455 1607118545666.503418
0	0
1	0
2	0
3	0
4	0
5	0
6	0
PERF_DUMP 2396483 1607118545669.835938
0	0
1	0
2	0
3	0
4	0
5	0
6	0
PERF_DUMP 2396484 1607118545678.427490
0	74595
1	10827038
2	144982
3	3423082
4	21081841
5	27245864
6	54490538
PERF_DUMP 2396455 1607118545766.758545
0	0
1	0
2	0
3	0
4	0
5	0
6	0
PERF_DUMP 2396483 1607118545770.081787
0	0
1	0
2	0
3	0
4	0
5	0
6	0
PERF_DUMP 2396484 1607118545778.682617
0	0
1	0
2	0
3	0
4	0
5	0
6	0
PERF_DUMP 2396455 1607118545867.009521
0	0
1	0
2	0
3	0
4	0
5	0
6	0
PERF_DUMP 2396483 1607118545870.322510
0	0
1	0
2	0
3	0
4	0
5	0
6	0
PERF_DUMP 2396484 1607118545878.930420
0	0
1	0
2	0
3	0
4	0
5	0
6	0
PERF_DUMP 2396455 1607118545967.235596
0	0
1	0
2	0
3	0
4	0
5	0
6	0
PERF_DUMP 2396483 1607118545970.554932
0	0
1	0
2	0
3	0
4	0
5	0
6	0
PERF_DUMP 2396484 1607118545979.186279
0	130854
1	6834055
2	94920
3	2117553
4	13519042
5	18490792
6	36981593
PERF_DUMP 2396455 1607118546067.470703
0	0
1	0
2	0
3	0
4	0
5	0
6	0
PERF_DUMP 2396483 1607118546070.790527
0	0
1	0
2	0
3	0
4	0
5	0
6	0
PERF_DUMP 2396484 1607118546079.633789
0	379257
1	38102815
2	377022
3	11522443
4	75530359
5	72791711
6	145582095
PERF_DUMP 2396455 1607118546167.720215
0	0
1	0
2	0
3	0
4	0
5	0
6	0
PERF_DUMP 2396483 1607118546171.026367
0	0
1	0
2	0
3	0
4	0
5	0
6	0
PERF_DUMP 2396484 1607118546180.027100
0	228510
1	28191923
2	390748
3	9013926
4	55521608
5	71827167
6	143653172
PERF_DUMP 2396455 1607118546267.962158
0	0
1	0
2	0
3	0
4	0
5	0
6	0
PERF_DUMP 2396483 1607118546273.326904
0	0
1	0
2	0
3	0
4	0
5	0
6	0
PERF_DUMP 2396484 1607118546280.429932
0	362802
1	14573661
2	215039
3	4632782
4	29981002
5	40212637
6	80423980
PROCESS_START renderer 2396618
PERF_DUMP 2396455 1607118546368.214355
0	0
1	0
2	0
3	0
4	0
5	0
6	0
PERF_DUMP 2396483 1607118546373.597168
0	103835
1	1701338
2	23030
3	287365
4	2981707
5	4784788
6	9569581
PERF_DUMP 2396484 1607118546380.663818
0	35787
1	4051906
2	52416
3	1336050
4	8199622
5	8690121
6	17380252
[2396618:2396618:1204/214906.412704:WARNING:chrome_main_delegate.cc(293)] process type 'renderer' should be created through the zygote.
PERF_DUMP 2396618 1607118546461.759033
0	0
1	0
2	0
3	0
4	0
5	0
6	0
PERF_DUMP 2396455 1607118546468.459961
0	0
1	0
2	0
3	0
4	0
5	0
6	0
PERF_DUMP 2396483 1607118546473.830322
0	0
1	0
2	0
3	0
4	0
5	0
6	0
PERF_DUMP 2396484 1607118546480.945068
0	985
1	190604
2	2735
3	61891
4	380501
5	558275
6	1116551
PERF_DUMP 2396618 1607118546562.053955
0	0
1	0
2	0
3	0
4	0
5	0
6	0
PERF_DUMP 2396455 1607118546568.712646
0	0
1	0
2	0
3	0
4	0
5	0
6	0
PERF_DUMP 2396483 1607118546574.070312
0	0
1	0
2	0
3	0
4	0
5	0
6	0
PERF_DUMP 2396484 1607118546581.214355
0	0
1	0
2	0
3	0
4	0
5	0
6	0
PERF_DUMP 2396618 1607118546662.281738
0	0
1	0
2	0
3	0
4	0
5	0
6	0
PERF_DUMP 2396455 1607118546668.956543
0	0
1	0
2	0
3	0
4	0
5	0
6	0
PERF_DUMP 2396483 1607118546676.336670
0	40606
1	3929669
2	34549
3	1112265
4	7696797
5	7587194
6	15174385
PERF_DUMP 2396484 1607118546682.000732
0	0
1	0
2	0
3	0
4	0
5	0
6	0
PERF_DUMP 2396618 1607118546762.475586
0	0
1	0
2	0
3	0
4	0
5	0
6	0
PERF_DUMP 2396455 1607118546769.198486
0	0
1	0
2	0
3	0
4	0
5	0
6	0
from experimenter.cc, logging performance counters at end of experiment
0	45234
1	5814478
2	76533
3	1889470
4	11535373
5	14858249
6	29716500
PERF_DUMP 2396483 1607118546776.925781
0	538424
1	41267551
2	275007
3	12095548
4	81831295
5	74670814
6	149340439
PERF_DUMP 2396618 1607118546863.224854
0	0
1	0
2	0
3	0
4	0
5	0
6	0
PERF_DUMP 2396455 1607118546869.478760
0	0
1	0
2	0
3	0
4	0
5	0
6	0
PERF_DUMP 2396483 1607118546877.296631
0	952360
1	24820957
2	259301
3	7272339
4	48362638
5	70995971
6	141990325
PERF_DUMP 2396618 1607118546963.464355
0	0
1	0
2	0
3	0
4	0
5	0
6	0
PERF_DUMP 2396455 1607118546969.745850
0	0
1	0
2	0
3	0
4	0
5	0
6	0
PERF_DUMP 2396483 1607118546977.713379
0	233666
1	33100878
2	333827
3	9793959
4	63901588
5	73010270
6	146019461
PERF_DUMP 2396618 1607118547064.587646
0	0
1	0
2	0
3	0
4	0
5	0
6	0
PERF_DUMP 2396455 1607118547069.971436
0	0
1	0
2	0
3	0
4	0
5	0
6	0
PERF_DUMP 2396483 1607118547078.109863
0	239722
1	37202197
2	347683
3	11159132
4	72771518
5	73980149
6	147959039
PERF_DUMP 2396618 1607118547164.879395
0	0
1	0
2	0
3	0
4	0
5	0
6	0
PERF_DUMP 2396455 1607118547170.215820
0	0
1	0
2	0
3	0
4	0
5	0
6	0
PERF_DUMP 2396483 1607118547178.513672
0	245407
1	25698918
2	427582
3	7558220
4	50100287
5	73846216
6	147691192
PERF_DUMP 2396618 1607118547265.125977
0	0
1	0
2	0
3	0
4	0
5	0
6	0
PERF_DUMP 2396455 1607118547270.465576
0	0
1	0
2	0
3	0
4	0
5	0
6	0
PERF_DUMP 2396483 1607118547278.901123
0	211060
1	38069883
2	338090
3	11673507
4	72990591
5	73570384
6	147139613
PERF_DUMP 2396618 1607118547365.360840
0	0
1	0
2	0
3	0
4	0
5	0
6	0
PERF_DUMP 2396455 1607118547370.712891
0	0
1	0
2	0
3	0
4	0
5	0
6	0
PERF_DUMP 2396483 1607118547379.302979
0	275598
1	43788149
2	381358
3	13748740
4	84373548
5	74168510
6	148335735
PERF_DUMP 2396618 1607118547465.583252
0	0
1	0
2	0
3	0
4	0
5	0
6	0
PERF_DUMP 2396455 1607118547470.940430
0	0
1	0
2	0
3	0
4	0
5	0
6	0
PERF_DUMP 2396483 1607118547479.681641
0	190694
1	39479108
2	359345
3	11879151
4	76736505
5	73009220
6	146017296
[2396455:2396455:1204/214907.517956:INFO:CONSOLE(13)] "Uncaught ReferenceError: getURLParams is not defined", source: http://tucunare.cs.pitt.edu:8080/twitter/twitter.com/index.html (13)
PERF_DUMP 2396618 1607118547565.816650
0	0
1	0
2	0
3	0
4	0
5	0
6	0
PERF_DUMP 2396455 1607118547571.222412
0	0
1	0
2	0
3	0
4	0
5	0
6	0
PERF_DUMP 2396483 1607118547580.069580
0	767022
1	20734563
2	317928
3	6121324
4	41262521
5	71944662
6	143888118
PERF_DUMP 2396618 1607118547666.067139
0	0
1	0
2	0
3	0
4	0
5	0
6	0
PERF_DUMP 2396455 1607118547671.497559
0	0
1	0
2	0
3	0
4	0
5	0
6	0
PERF_DUMP 2396483 1607118547680.460938
0	151567
1	14918837
2	239306
3	4536647
4	28720242
5	45944255
6	91888501
PERF_DUMP 2396618 1607118547766.306641
0	0
1	0
2	0
3	0
4	0
5	0
6	0
PERF_DUMP 2396455 1607118547771.816162
0	0
1	0
2	0
3	0
4	0
5	0
6	0
PERF_DUMP 2396483 1607118547780.875000
0	170715
1	24659270
2	386111
3	7548753
4	47311984
5	72104215
6	144207187
PERF_DUMP 2396618 1607118547866.550293
0	0
1	0
2	0
3	0
4	0
5	0
6	0
PERF_DUMP 2396455 1607118547872.074463
0	0
1	0
2	0
3	0
4	0
5	0
6	0
PERF_DUMP 2396483 1607118547881.278320
0	176382
1	24729140
2	387252
3	7583206
4	47439993
5	71434298
6	142867563
PERF_DUMP 2396618 1607118547966.785400
0	0
1	0
2	0
3	0
4	0
5	0
6	0
PERF_DUMP 2396455 1607118547972.326416
0	0
1	0
2	0
3	0
4	0
5	0
6	0
PERF_DUMP 2396483 1607118547982.358398
0	160060
1	9929796
2	141574
3	3104211
4	19415224
5	29558929
6	59116635
PERF_DUMP 2396618 1607118548067.027100
0	0
1	0
2	0
3	0
4	0
5	0
6	0
PERF_DUMP 2396455 1607118548072.593262
0	0
1	0
2	0
3	0
4	0
5	0
6	0
PERF_DUMP 2396483 1607118548082.599121
0	23606
1	3309276
2	46123
3	1045645
4	6463163
5	8812814
6	17625632
PERF_DUMP 2396618 1607118548167.258789
0	0
1	0
2	0
3	0
4	0
5	0
6	0
PERF_DUMP 2396455 1607118548172.847168
0	0
1	0
2	0
3	0
4	0
5	0
6	0
PERF_DUMP 2396483 1607118548182.817139
0	76524
1	3109944
2	41802
3	961888
4	6095766
5	9817085
6	19634165
PERF_DUMP 2396618 1607118548267.505859
0	0
1	0
2	0
3	0
4	0
5	0
6	0
PERF_DUMP 2396455 1607118548273.117920
0	0
1	0
2	0
3	0
4	0
5	0
6	0
PERF_DUMP 2396483 1607118548283.211670
0	176327
1	49630746
2	303706
3	14434848
4	95892204
5	73817809
6	147634385
PERF_DUMP 2396618 1607118548367.738281
0	0
1	0
2	0
3	0
4	0
5	0
6	0
PERF_DUMP 2396455 1607118548373.656250
0	0
1	0
2	0
3	0
4	0
5	0
6	0
PERF_DUMP 2396483 1607118548383.625977
0	38706
1	6627908
2	70521
3	2041504
4	12593836
5	13289932
6	26578616
PERF_DUMP 2396618 1607118548468.387451
0	0
1	0
2	0
3	0
4	0
5	0
6	0
PERF_DUMP 2396455 1607118548473.887695
0	0
1	0
2	0
3	0
4	0
5	0
6	0
PERF_DUMP 2396483 1607118548484.134766
0	0
1	0
2	0
3	0
4	0
5	0
6	0
PERF_DUMP 2396618 1607118548568.629883
0	0
1	0
2	0
3	0
4	0
5	0
6	0
PERF_DUMP 2396455 1607118548574.119873
0	0
1	0
2	0
3	0
4	0
5	0
6	0
PERF_DUMP 2396483 1607118548584.391357
0	0
1	0
2	0
3	0
4	0
5	0
6	0
PERF_DUMP 2396618 1607118548668.868164
0	0
1	0
2	0
3	0
4	0
5	0
6	0
PERF_DUMP 2396455 1607118548674.355225
0	0
1	0
2	0
3	0
4	0
5	0
6	0
PERF_DUMP 2396483 1607118548685.111084
0	0
1	0
2	0
3	0
4	0
5	0
6	0
PERF_DUMP 2396618 1607118548769.099121
0	0
1	0
2	0
3	0
4	0
5	0
6	0
PERF_DUMP 2396455 1607118548774.588135
0	0
1	0
2	0
3	0
4	0
5	0
6	0
PERF_DUMP 2396483 1607118548785.374023
0	0
1	0
2	0
3	0
4	0
5	0
6	0
PERF_DUMP 2396618 1607118548869.599854
0	0
1	0
2	0
3	0
4	0
5	0
6	0
PERF_DUMP 2396455 1607118548874.830078
0	0
1	0
2	0
3	0
4	0
5	0
6	0
PERF_DUMP 2396483 1607118548885.593994
0	0
1	0
2	0
3	0
4	0
5	0
6	0
PERF_DUMP 2396618 1607118548969.851562
0	0
1	0
2	0
3	0
4	0
5	0
6	0
PERF_DUMP 2396455 1607118548975.069336
0	0
1	0
2	0
3	0
4	0
5	0
6	0
PERF_DUMP 2396483 1607118548985.824707
0	0
1	0
2	0
3	0
4	0
5	0
6	0
PERF_DUMP 2396618 1607118549071.104736
0	0
1	0
2	0
3	0
4	0
5	0
6	0
PERF_DUMP 2396455 1607118549075.302246
0	0
1	0
2	0
3	0
4	0
5	0
6	0
PERF_DUMP 2396483 1607118549086.061035
0	0
1	0
2	0
3	0
4	0
5	0
6	0
PERF_DUMP 2396618 1607118549171.351562
0	0
1	0
2	0
3	0
4	0
5	0
6	0
PERF_DUMP 2396455 1607118549175.531494
0	0
1	0
2	0
3	0
4	0
5	0
6	0
PERF_DUMP 2396483 1607118549186.486328
0	0
1	0
2	0
3	0
4	0
5	0
6	0
PERF_DUMP 2396618 1607118549273.027832
0	0
1	0
2	0
3	0
4	0
5	0
6	0
PERF_DUMP 2396455 1607118549275.771729
0	0
1	0
2	0
3	0
4	0
5	0
6	0
PERF_DUMP 2396483 1607118549286.728027
0	236024
1	34308182
2	320660
3	10379380
4	68007537
5	62449970
6	124899949
PERF_DUMP 2396618 1607118549373.287598
0	0
1	0
2	0
3	0
4	0
5	0
6	0
PERF_DUMP 2396455 1607118549375.997803
0	0
1	0
2	0
3	0
4	0
5	0
6	0
PERF_DUMP 2396483 1607118549387.107422
0	102881
1	47424084
2	339026
3	14296450
4	94665236
5	73744332
6	147487616
PERF_DUMP 2396618 1607118549473.799316
0	0
1	0
2	0
3	0
4	0
5	0
6	0
PERF_DUMP 2396455 1607118549476.257324
0	0
1	0
2	0
3	0
4	0
5	0
6	0
PERF_DUMP 2396483 1607118549487.496582
0	109758
1	45845622
2	331794
3	13584923
4	90927847
5	71152009
6	142302792
PERF_DUMP 2396618 1607118549574.033447
0	0
1	0
2	0
3	0
4	0
5	0
6	0
PERF_DUMP 2396455 1607118549576.521484
0	0
1	0
2	0
3	0
4	0
5	0
6	0
PERF_DUMP 2396483 1607118549587.911621
0	322071
1	41522412
2	360642
3	13044063
4	82592256
5	73339627
6	146678006
PERF_DUMP 2396618 1607118549674.299316
0	0
1	0
2	0
3	0
4	0
5	0
6	0
PERF_DUMP 2396455 1607118549677.032227
0	0
1	0
2	0
3	0
4	0
5	0
6	0
PERF_DUMP 2396483 1607118549688.340088
0	896971
1	28593484
2	350104
3	9023822
4	57032351
5	70964410
6	141927587
PERF_DUMP 2396618 1607118549774.561279
0	0
1	0
2	0
3	0
4	0
5	0
6	0
PERF_DUMP 2396455 1607118549777.299561
0	0
1	0
2	0
3	0
4	0
5	0
6	0
PERF_DUMP 2396483 1607118549788.748779
0	208661
1	46338357
2	530655
3	15277004
4	92407585
5	73821981
6	147642750
PERF_DUMP 2396618 1607118549874.827637
0	0
1	0
2	0
3	0
4	0
5	0
6	0
PERF_DUMP 2396455 1607118549881.091797
0	0
1	0
2	0
3	0
4	0
5	0
6	0
PERF_DUMP 2396483 1607118549889.147217
0	178537
1	33562728
2	387054
3	10675661
4	65478006
5	72691326
6	145381449
PERF_DUMP 2396618 1607118549975.093750
0	0
1	0
2	0
3	0
4	0
5	0
6	0
PERF_DUMP 2396455 1607118549981.761475
0	0
1	0
2	0
3	0
4	0
5	0
6	0
PERF_DUMP 2396483 1607118549989.630127
0	176046
1	30454348
2	362765
3	9435458
4	59215908
5	70992222
6	141983057
PERF_DUMP 2396618 1607118550075.366211
0	0
1	0
2	0
3	0
4	0
5	0
6	0
PERF_DUMP 2396455 1607118550082.016113
0	0
1	0
2	0
3	0
4	0
5	0
6	0
PERF_DUMP 2396483 1607118550090.024414
0	161341
1	30075476
2	352910
3	9149856
4	57833004
5	70801041
6	141600862
PERF_DUMP 2396618 1607118550175.658447
0	0
1	0
2	0
3	0
4	0
5	0
6	0
PERF_DUMP 2396455 1607118550182.270264
0	0
1	0
2	0
3	0
4	0
5	0
6	0
PERF_DUMP 2396483 1607118550190.726562
0	482324
1	27651200
2	346780
3	8363301
4	54170101
5	72913237
6	145825193
PERF_DUMP 2396618 1607118550275.931396
0	0
1	0
2	0
3	0
4	0
5	0
6	0
PERF_DUMP 2396455 1607118550283.257324
0	0
1	0
2	0
3	0
4	0
5	0
6	0
PERF_DUMP 2396483 1607118550291.136230
0	400466
1	35209995
2	391357
3	10799467
4	69452619
5	74242466
6	148483769
PERF_DUMP 2396618 1607118550376.189209
0	0
1	0
2	0
3	0
4	0
5	0
6	0
PERF_DUMP 2396455 1607118550383.531250
0	0
1	0
2	0
3	0
4	0
5	0
6	0
PERF_DUMP 2396483 1607118550392.557373
0	430503
1	34150533
2	430222
3	10260472
4	66793797
5	74815739
6	149631490
PERF_DUMP 2396618 1607118550476.465576
0	0
1	0
2	0
3	0
4	0
5	0
6	0
PERF_DUMP 2396455 1607118550483.811768
0	0
1	0
2	0
3	0
4	0
5	0
6	0
PERF_DUMP 2396483 1607118550492.965820
0	312383
1	29746543
2	375788
3	9089667
4	58724074
5	73477758
6	146954363
PERF_DUMP 2396618 1607118550576.730713
0	0
1	0
2	0
3	0
4	0
5	0
6	0
PERF_DUMP 2396455 1607118550584.101807
0	0
1	0
2	0
3	0
4	0
5	0
6	0
PERF_DUMP 2396483 1607118550593.372314
0	173853
1	15285659
2	244360
3	4637658
4	29944503
5	43977427
6	87953616
PERF_DUMP 2396618 1607118550676.981201
0	0
1	0
2	0
3	0
4	0
5	0
6	0
PERF_DUMP 2396455 1607118550684.362549
0	0
1	0
2	0
3	0
4	0
5	0
6	0
PERF_DUMP 2396483 1607118550693.603516
0	0
1	0
2	0
3	0
4	0
5	0
6	0
PERF_DUMP 2396618 1607118550777.261475
0	0
1	0
2	0
3	0
4	0
5	0
6	0
PERF_DUMP 2396455 1607118550784.619629
0	0
1	0
2	0
3	0
4	0
5	0
6	0
PERF_DUMP 2396483 1607118550793.858643
0	71161
1	12939478
2	158172
3	3836799
4	25055014
5	31586874
6	63173764
PERF_DUMP 2396618 1607118550877.529297
0	0
1	0
2	0
3	0
4	0
5	0
6	0
PERF_DUMP 2396455 1607118550884.875977
0	0
1	0
2	0
3	0
4	0
5	0
6	0
PERF_DUMP 2396483 1607118550894.424072
0	220906
1	35245146
2	383174
3	11251011
4	69923931
5	74029182
6	148057229
PERF_DUMP 2396618 1607118550978.753662
0	0
1	0
2	0
3	0
4	0
5	0
6	0
PERF_DUMP 2396455 1607118550985.146240
0	0
1	0
2	0
3	0
4	0
5	0
6	0
PERF_DUMP 2396483 1607118550995.266846
0	617383
1	18947675
2	211911
3	5681245
4	38142330
5	47697443
6	95393525
PERF_DUMP 2396618 1607118551079.019287
0	0
1	0
2	0
3	0
4	0
5	0
6	0
PERF_DUMP 2396455 1607118551085.416504
0	0
1	0
2	0
3	0
4	0
5	0
6	0
PERF_DUMP 2396483 1607118551095.707520
0	1500539
1	28411178
2	338384
3	7942125
4	56809154
5	63260423
6	126519147
PERF_DUMP 2396618 1607118551179.250488
0	0
1	0
2	0
3	0
4	0
5	0
6	0
PERF_DUMP 2396455 1607118551185.687744
0	0
1	0
2	0
3	0
4	0
5	0
6	0
PERF_DUMP 2396483 1607118551195.993896
0	151139
1	22175192
2	255238
3	6883808
4	43923430
5	51010669
6	102021337
PERF_DUMP 2396618 1607118551279.513184
0	0
1	0
2	0
3	0
4	0
5	0
6	0
PERF_DUMP 2396455 1607118551287.267822
0	0
1	0
2	0
3	0
4	0
5	0
6	0
PERF_DUMP 2396483 1607118551296.403076
0	214898
1	31517710
2	365639
3	10013715
4	62960278
5	74230936
6	148460585
PERF_DUMP 2396618 1607118551379.767090
0	0
1	0
2	0
3	0
4	0
5	0
6	0
PERF_DUMP 2396455 1607118551388.729004
0	0
1	0
2	0
3	0
4	0
5	0
6	0
PERF_DUMP 2396483 1607118551396.807373
0	249567
1	34665401
2	377735
3	10970042
4	69020580
5	74724150
6	149447175
PERF_DUMP 2396618 1607118551480.046631
0	0
1	0
2	0
3	0
4	0
5	0
6	0
PERF_DUMP 2396455 1607118551489.000000
0	0
1	0
2	0
3	0
4	0
5	0
6	0
PERF_DUMP 2396483 1607118551497.224365
0	266894
1	35783584
2	385603
3	11363712
4	71270824
5	74741490
6	149481677
PERF_DUMP 2396618 1607118551580.285156
0	0
1	0
2	0
3	0
4	0
5	0
6	0
PERF_DUMP 2396455 1607118551589.267822
0	0
1	0
2	0
3	0
4	0
5	0
6	0
PERF_DUMP 2396483 1607118551597.755859
0	260569
1	35006061
2	378038
3	11116028
4	69727498
5	74565272
6	149129339
PERF_DUMP 2396618 1607118551680.568359
0	0
1	0
2	0
3	0
4	0
5	0
6	0
PERF_DUMP 2396455 1607118551689.538330
0	0
1	0
2	0
3	0
4	0
5	0
6	0
PERF_DUMP 2396483 1607118551707.899414
0	262313
1	36465412
2	407221
3	11495830
4	72473674
5	81766710
6	163531990
PERF_DUMP 2396618 1607118551780.821777
0	0
1	0
2	0
3	0
4	0
5	0
6	0
PERF_DUMP 2396455 1607118551789.812256
0	0
1	0
2	0
3	0
4	0
5	0
6	0
PERF_DUMP 2396483 1607118551808.295654
0	223887
1	31229523
2	368694
3	9830285
4	62113380
5	74411000
6	148820908
PERF_DUMP 2396618 1607118551881.300293
0	0
1	0
2	0
3	0
4	0
5	0
6	0
PERF_DUMP 2396455 1607118551890.068848
0	0
1	0
2	0
3	0
4	0
5	0
6	0
PERF_DUMP 2396483 1607118551908.926025
0	271110
1	34053410
2	383816
3	10769093
4	67745260
5	74824646
6	149648200
PERF_DUMP 2396618 1607118551981.565430
0	0
1	0
2	0
3	0
4	0
5	0
6	0
PERF_DUMP 2396455 1607118551990.286865
0	0
1	0
2	0
3	0
4	0
5	0
6	0
PERF_DUMP 2396483 1607118552009.316650
0	263729
1	32797012
2	381089
3	10305483
4	65106109
5	74518161
6	149035047
PERF_DUMP 2396618 1607118552081.810791
0	0
1	0
2	0
3	0
4	0
5	0
6	0
PERF_DUMP 2396455 1607118552090.516113
0	0
1	0
2	0
3	0
4	0
5	0
6	0
PERF_DUMP 2396483 1607118552109.741455
0	492879
1	35648901
2	419883
3	11871077
4	71578165
5	73919830
6	147838350
PERF_DUMP 2396618 1607118552182.041504
0	0
1	0
2	0
3	0
4	0
5	0
6	0
PERF_DUMP 2396455 1607118552194.542480
0	0
1	0
2	0
3	0
4	0
5	0
6	0
PERF_DUMP 2396483 1607118552210.130859
0	425572
1	38244102
2	445029
3	13048955
4	77370439
5	74332628
6	148664061
PERF_DUMP 2396618 1607118552282.271240
0	0
1	0
2	0
3	0
4	0
5	0
6	0
PERF_DUMP 2396455 1607118552294.772705
0	0
1	0
2	0
3	0
4	0
5	0
6	0
PERF_DUMP 2396483 1607118552310.965576
0	165379
1	2018994
2	33949
3	546323
4	3899857
5	9699410
6	19397531
PERF_DUMP 2396618 1607118552382.510254
0	0
1	0
2	0
3	0
4	0
5	0
6	0
PERF_DUMP 2396455 1607118552395.003906
0	0
1	0
2	0
3	0
4	0
5	0
6	0
PERF_DUMP 2396483 1607118552411.264893
0	216682
1	14314377
2	220577
3	3728532
4	28835716
5	24067353
6	48134721
PERF_DUMP 2396618 1607118552486.531006
0	0
1	0
2	0
3	0
4	0
5	0
6	0
PERF_DUMP 2396455 1607118552495.230225
0	0
1	0
2	0
3	0
4	0
5	0
6	0
PERF_DUMP 2396483 1607118552511.810303
0	377649
1	16760187
2	262986
3	4752942
4	32721131
5	53441039
6	106880660
PERF_DUMP 2396618 1607118552586.784668
0	0
1	0
2	0
3	0
4	0
5	0
6	0
PERF_DUMP 2396455 1607118552595.470215
0	0
1	0
2	0
3	0
4	0
5	0
6	0
PERF_DUMP 2396483 1607118552612.088867
0	75210
1	6818133
2	125244
3	1877802
4	12898943
5	19214285
6	38428576
PERF_DUMP 2396618 1607118552687.033203
0	0
1	0
2	0
3	0
4	0
5	0
6	0
PERF_DUMP 2396455 1607118552695.710205
0	0
1	0
2	0
3	0
4	0
5	0
6	0
PERF_DUMP 2396483 1607118552712.364502
0	69439
1	5481147
2	104810
3	1524312
4	10404430
5	15678283
6	31356565
PERF_DUMP 2396618 1607118552787.362061
0	0
1	0
2	0
3	0
4	0
5	0
6	0
PERF_DUMP 2396455 1607118552795.924561
0	0
1	0
2	0
3	0
4	0
5	0
6	0
PERF_DUMP 2396483 1607118552812.629150
0	87581
1	5466801
2	97126
3	1633375
4	10505673
5	17728992
6	35457993
PERF_DUMP 2396618 1607118552887.593994
0	0
1	0
2	0
3	0
4	0
5	0
6	0
PERF_DUMP 2396455 1607118552896.189697
0	0
1	0
2	0
3	0
4	0
5	0
6	0
PERF_DUMP 2396483 1607118552912.947510
0	91864
1	9904210
2	171382
3	2806575
4	18946594
5	27531811
6	55063638
PERF_DUMP 2396618 1607118552988.200439
0	0
1	0
2	0
3	0
4	0
5	0
6	0
PERF_DUMP 2396455 1607118552996.457275
0	0
1	0
2	0
3	0
4	0
5	0
6	0
PERF_DUMP 2396483 1607118553013.378906
0	140927
1	13285633
2	223368
3	3978076
4	25944591
5	39477670
6	78954198
PERF_DUMP 2396618 1607118553088.463379
0	0
1	0
2	0
3	0
4	0
5	0
6	0
PERF_DUMP 2396455 1607118553097.038818
0	0
1	0
2	0
3	0
4	0
5	0
6	0
PERF_DUMP 2396483 1607118553113.656982
0	0
1	0
2	0
3	0
4	0
5	0
6	0
PERF_DUMP 2396618 1607118553188.701172
0	0
1	0
2	0
3	0
4	0
5	0
6	0
PERF_DUMP 2396455 1607118553197.291016
0	0
1	0
2	0
3	0
4	0
5	0
6	0
PERF_DUMP 2396483 1607118553213.912109
0	7044
1	1269946
2	12696
3	369707
4	2386397
5	2712294
6	5424591
PERF_DUMP 2396618 1607118553288.967773
0	0
1	0
2	0
3	0
4	0
5	0
6	0
PERF_DUMP 2396455 1607118553297.573975
0	0
1	0
2	0
3	0
4	0
5	0
6	0
PERF_DUMP 2396483 1607118553314.421387
0	109342
1	9167499
2	171950
3	2628475
4	18514617
5	27269360
6	54538734
PERF_DUMP 2396618 1607118553389.220703
0	0
1	0
2	0
3	0
4	0
5	0
6	0
PERF_DUMP 2396455 1607118553397.818604
0	0
1	0
2	0
3	0
4	0
5	0
6	0
PERF_DUMP 2396483 1607118553414.686035
0	118590
1	8889066
2	166366
3	2708561
4	17244241
5	28813019
6	57626050
PERF_DUMP 2396618 1607118553489.460205
0	0
1	0
2	0
3	0
4	0
5	0
6	0
PERF_DUMP 2396455 1607118553498.070068
0	0
1	0
2	0
3	0
4	0
5	0
6	0
PERF_DUMP 2396483 1607118553514.940674
0	874
1	22482
2	817
3	6591
4	42994
5	189456
6	378913
PERF_DUMP 2396618 1607118553589.699219
0	0
1	0
2	0
3	0
4	0
5	0
6	0
PERF_DUMP 2396455 1607118553598.324463
0	0
1	0
2	0
3	0
4	0
5	0
6	0
PERF_DUMP 2396483 1607118553615.194336
0	43990
1	3450426
2	68233
3	1021154
4	6693788
5	12051772
6	24103550
PERF_DUMP 2396618 1607118553689.945557
0	0
1	0
2	0
3	0
4	0
5	0
6	0
PERF_DUMP 2396455 1607118553698.574219
0	0
1	0
2	0
3	0
4	0
5	0
6	0
PERF_DUMP 2396483 1607118553717.224365
0	146090
1	10162937
2	102103
3	2965068
4	18794763
5	20189100
6	40378203
PERF_DUMP 2396618 1607118553790.175293
0	0
1	0
2	0
3	0
4	0
5	0
6	0
PERF_DUMP 2396455 1607118553798.809082
0	0
1	0
2	0
3	0
4	0
5	0
6	0
PERF_DUMP 2396483 1607118553817.471680
0	140028
1	14723499
2	147377
3	4937108
4	29106169
5	29722060
6	59444122
PERF_DUMP 2396618 1607118553890.420654
0	0
1	0
2	0
3	0
4	0
5	0
6	0
PERF_DUMP 2396455 1607118553899.061279
0	0
1	0
2	0
3	0
4	0
5	0
6	0
PERF_DUMP 2396483 1607118553917.891602
0	215109
1	23598703
2	256666
3	7370333
4	45828020
5	50146783
6	100292354
PERF_DUMP 2396618 1607118553990.671143
0	0
1	0
2	0
3	0
4	0
5	0
6	0
PERF_DUMP 2396455 1607118553999.341064
0	0
1	0
2	0
3	0
4	0
5	0
6	0
PERF_DUMP 2396483 1607118554018.556885
0	200859
1	11479456
2	164819
3	3463727
4	21949221
5	33377858
6	66755726
PERF_DUMP 2396618 1607118554090.933105
0	0
1	0
2	0
3	0
4	0
5	0
6	0
PERF_DUMP 2396455 1607118554099.574219
0	0
1	0
2	0
3	0
4	0
5	0
6	0
PERF_DUMP 2396483 1607118554118.831543
0	121486
1	18124161
2	233729
3	5553806
4	34989328
5	46400355
6	92800710
PERF_DUMP 2396618 1607118554191.167969
0	0
1	0
2	0
3	0
4	0
5	0
6	0
PERF_DUMP 2396455 1607118554199.885254
0	0
1	0
2	0
3	0
4	0
5	0
6	0
PERF_DUMP 2396483 1607118554219.245605
0	270330
1	35834420
2	377531
3	11179956
4	69672861
5	72795880
6	145591771
PERF_DUMP 2396618 1607118554291.417236
0	0
1	0
2	0
3	0
4	0
5	0
6	0
PERF_DUMP 2396455 1607118554300.139404
0	0
1	0
2	0
3	0
4	0
5	0
6	0
PERF_DUMP 2396483 1607118554319.637207
0	136452
1	18724991
2	225038
3	6052122
4	36602290
5	41671633
6	83342017
PERF_DUMP 2396618 1607118554391.646240
0	0
1	0
2	0
3	0
4	0
5	0
6	0
PERF_DUMP 2396455 1607118554400.380371
0	0
1	0
2	0
3	0
4	0
5	0
6	0
PERF_DUMP 2396483 1607118554420.022217
0	111806
1	15462410
2	150679
3	4915055
4	30193610
5	27585010
6	55168694
PERF_DUMP 2396618 1607118554491.892334
0	0
1	0
2	0
3	0
4	0
5	0
6	0
PERF_DUMP 2396455 1607118554500.761475
0	0
1	0
2	0
3	0
4	0
5	0
6	0
PERF_DUMP 2396483 1607118554520.290771
0	29891
1	4707627
2	59936
3	1462921
4	9074401
5	11934441
6	23868887
PERF_DUMP 2396618 1607118554592.136963
0	0
1	0
2	0
3	0
4	0
5	0
6	0
PERF_DUMP 2396455 1607118554601.017822
0	0
1	0
2	0
3	0
4	0
5	0
6	0
PERF_DUMP 2396483 1607118554620.684326
0	155225
1	22368435
2	302504
3	6799712
4	43344344
5	59150548
6	118299882
PERF_DUMP 2396618 1607118554692.623291
0	0
1	0
2	0
3	0
4	0
5	0
6	0
PERF_DUMP 2396455 1607118554701.590088
0	0
1	0
2	0
3	0
4	0
5	0
6	0
PERF_DUMP 2396483 1607118554721.527832
0	12686
1	2031199
2	30975
3	636800
4	3976229
5	5423756
6	10846283
PERF_DUMP 2396618 1607118554792.848877
0	0
1	0
2	0
3	0
4	0
5	0
6	0
PERF_DUMP 2396455 1607118554801.811279
0	0
1	0
2	0
3	0
4	0
5	0
6	0
PERF_DUMP 2396483 1607118554821.802246
0	117465
1	20161049
2	243131
3	6157112
4	38791468
5	48296567
6	96593146
PERF_DUMP 2396618 1607118554893.538818
0	0
1	0
2	0
3	0
4	0
5	0
6	0
PERF_DUMP 2396455 1607118554902.442139
0	0
1	0
2	0
3	0
4	0
5	0
6	0
PERF_DUMP 2396483 1607118554922.200684
0	66492
1	11034636
2	137430
3	3405421
4	21308862
5	27726445
6	55451617
PERF_DUMP 2396618 1607118554993.784180
0	0
1	0
2	0
3	0
4	0
5	0
6	0
PERF_DUMP 2396455 1607118555002.706543
0	0
1	0
2	0
3	0
4	0
5	0
6	0
PERF_DUMP 2396483 1607118555022.450684
0	453056
1	21447403
2	454616
3	5781936
4	47137387
5	58622595
6	117245177
PERF_DUMP 2396618 1607118555094.017578
0	0
1	0
2	0
3	0
4	0
5	0
6	0
PERF_DUMP 2396455 1607118555103.282959
0	0
1	0
2	0
3	0
4	0
5	0
6	0
PERF_DUMP 2396483 1607118555122.836914
0	253632
1	20000156
2	299307
3	6401378
4	41469312
5	46351473
6	92701814
PERF_DUMP 2396618 1607118555194.251953
0	0
1	0
2	0
3	0
4	0
5	0
6	0
PERF_DUMP 2396455 1607118555204.720947
0	0
1	0
2	0
3	0
4	0
5	0
6	0
PERF_DUMP 2396483 1607118555223.102295
0	392682
1	32867680
2	735590
3	8253777
4	75015349
5	73087110
6	146174234
PERF_DUMP 2396618 1607118555294.520996
0	0
1	0
2	0
3	0
4	0
5	0
6	0
PERF_DUMP 2396455 1607118555304.997803
0	0
1	0
2	0
3	0
4	0
5	0
6	0
PERF_DUMP 2396483 1607118555323.830078
0	279336
1	23189205
2	582937
3	6076432
4	49384341
5	64327225
6	128653269
PERF_DUMP 2396618 1607118555394.748291
0	0
1	0
2	0
3	0
4	0
5	0
6	0
PERF_DUMP 2396455 1607118555405.248291
0	0
1	0
2	0
3	0
4	0
5	0
6	0
PERF_DUMP 2396483 1607118555424.223877
0	257212
1	19074543
2	378835
3	5396249
4	39514098
5	52578616
6	105155987
PERF_DUMP 2396618 1607118555494.975586
0	0
1	0
2	0
3	0
4	0
5	0
6	0
PERF_DUMP 2396455 1607118555505.511475
0	0
1	0
2	0
3	0
4	0
5	0
6	0
PERF_DUMP 2396483 1607118555524.620605
0	136419
1	22277055
2	301076
3	7220015
4	44569482
5	46173627
6	92346045
PERF_DUMP 2396618 1607118555595.253662
0	0
1	0
2	0
3	0
4	0
5	0
6	0
PERF_DUMP 2396455 1607118555605.850342
0	0
1	0
2	0
3	0
4	0
5	0
6	0
PERF_DUMP 2396483 1607118555625.225342
0	177594
1	35204673
2	399048
3	11168559
4	68599672
5	73184725
6	146368204
PERF_DUMP 2396618 1607118555695.520020
0	0
1	0
2	0
3	0
4	0
5	0
6	0
PERF_DUMP 2396455 1607118555706.130371
0	0
1	0
2	0
3	0
4	0
5	0
6	0
PERF_DUMP 2396483 1607118555725.600342
0	140064
1	27525939
2	297741
3	9274734
4	55406918
5	52639529
6	105277891
PERF_DUMP 2396618 1607118555796.435791
0	0
1	0
2	0
3	0
4	0
5	0
6	0
PERF_DUMP 2396455 1607118555806.383301
0	0
1	0
2	0
3	0
4	0
5	0
6	0
PERF_DUMP 2396483 1607118555825.872559
0	102028
1	18920468
2	189097
3	5799914
4	36718131
5	36674174
6	73348341
PERF_DUMP 2396618 1607118555896.708496
0	0
1	0
2	0
3	0
4	0
5	0
6	0
PERF_DUMP 2396455 1607118555906.642090
0	0
1	0
2	0
3	0
4	0
5	0
6	0
PERF_DUMP 2396483 1607118555926.272461
0	219746
1	36612890
2	418071
3	11563882
4	72399874
5	73137385
6	146273649
PERF_DUMP 2396618 1607118555997.438721
0	0
1	0
2	0
3	0
4	0
5	0
6	0
PERF_DUMP 2396455 1607118556006.897705
0	0
1	0
2	0
3	0
4	0
5	0
6	0
PERF_DUMP 2396483 1607118556026.663574
0	167745
1	28489918
2	371609
3	9433169
4	56788538
5	69838333
6	139675301
PERF_DUMP 2396618 1607118556098.413330
0	0
1	0
2	0
3	0
4	0
5	0
6	0
PERF_DUMP 2396455 1607118556107.167480
0	0
1	0
2	0
3	0
4	0
5	0
6	0
PERF_DUMP 2396483 1607118556127.897705
0	200164
1	31103574
2	363004
3	9411095
4	60382719
5	69915149
6	139828835
PERF_DUMP 2396618 1607118556198.668945
0	0
1	0
2	0
3	0
4	0
5	0
6	0
PERF_DUMP 2396455 1607118556207.424561
0	0
1	0
2	0
3	0
4	0
5	0
6	0
PERF_DUMP 2396483 1607118556232.784180
0	163822
1	20263602
2	240416
3	6359917
4	39748804
5	43158969
6	86316378
PERF_DUMP 2396618 1607118556300.292725
0	0
1	0
2	0
3	0
4	0
5	0
6	0
PERF_DUMP 2396455 1607118556307.648682
0	0
1	0
2	0
3	0
4	0
5	0
6	0
PERF_DUMP 2396483 1607118556333.077637
0	185355
1	33693126
2	271373
3	8901395
4	62905780
5	60628042
6	121256172
PERF_DUMP 2396618 1607118556400.545654
0	0
1	0
2	0
3	0
4	0
5	0
6	0
PERF_DUMP 2396455 1607118556409.093506
0	0
1	0
2	0
3	0
4	0
5	0
6	0
PERF_DUMP 2396483 1607118556433.571289
0	192527
1	28288967
2	277026
3	8918671
4	55765435
5	52791152
6	105580741
PERF_DUMP 2396618 1607118556500.819092
0	0
1	0
2	0
3	0
4	0
5	0
6	0
PERF_DUMP 2396455 1607118556509.352051
0	0
1	0
2	0
3	0
4	0
5	0
6	0
PERF_DUMP 2396483 1607118556534.002197
0	333477
1	23668190
2	639345
3	5779580
4	49913367
5	64611578
6	129221796
PERF_DUMP 2396618 1607118556601.093994
0	0
1	0
2	0
3	0
4	0
5	0
6	0
PERF_DUMP 2396455 1607118556609.853760
0	0
1	0
2	0
3	0
4	0
5	0
6	0
PERF_DUMP 2396483 1607118556634.379883
0	202678
1	13865172
2	411407
3	3024757
4	27721118
5	43532035
6	87062773
PERF_DUMP 2396618 1607118556701.462402
0	0
1	0
2	0
3	0
4	0
5	0
6	0
PERF_DUMP 2396455 1607118556710.076904
0	0
1	0
2	0
3	0
4	0
5	0
6	0
PERF_DUMP 2396483 1607118556734.648193
0	91459
1	10853911
2	232818
3	2140521
4	20969020
5	29297227
6	58594458
PERF_DUMP 2396618 1607118556802.336670
0	0
1	0
2	0
3	0
4	0
5	0
6	0
PERF_DUMP 2396455 1607118556810.312744
0	0
1	0
2	0
3	0
4	0
5	0
6	0
PERF_DUMP 2396483 1607118556835.484375
0	84930
1	10883501
2	233538
3	2055929
4	21049080
5	28200124
6	56400243
PERF_DUMP 2396618 1607118556903.588867
0	0
1	0
2	0
3	0
4	0
5	0
6	0
PERF_DUMP 2396455 1607118556910.538086
0	0
1	0
2	0
3	0
4	0
5	0
6	0
PERF_DUMP 2396483 1607118556935.754395
0	128982
1	11759987
2	242506
3	2875059
4	23247784
5	32109512
6	64219016
PERF_DUMP 2396618 1607118557003.853271
0	0
1	0
2	0
3	0
4	0
5	0
6	0
PERF_DUMP 2396455 1607118557010.802490
0	0
1	0
2	0
3	0
4	0
5	0
6	0
PERF_DUMP 2396483 1607118557036.013184
0	3795
1	207286
2	4708
3	65937
4	407785
5	950648
6	1901298
PERF_DUMP 2396618 1607118557104.104980
0	0
1	0
2	0
3	0
4	0
5	0
6	0
PERF_DUMP 2396455 1607118557111.063477
0	0
1	0
2	0
3	0
4	0
5	0
6	0
PERF_DUMP 2396483 1607118557136.263184
0	0
1	0
2	0
3	0
4	0
5	0
6	0
PERF_DUMP 2396618 1607118557204.370605
0	0
1	0
2	0
3	0
4	0
5	0
6	0
PERF_DUMP 2396455 1607118557211.334961
0	0
1	0
2	0
3	0
4	0
5	0
6	0
PERF_DUMP 2396483 1607118557236.511475
0	1906
1	95653
2	4210
3	21384
4	208688
5	515688
6	1031376
PERF_DUMP 2396618 1607118557305.509277
0	0
1	0
2	0
3	0
4	0
5	0
6	0
PERF_DUMP 2396455 1607118557311.610107
0	0
1	0
2	0
3	0
4	0
5	0
6	0
PERF_DUMP 2396483 1607118557336.764404
0	1243
1	43343
2	1954
3	11721
4	91176
5	260262
6	520525
PERF_DUMP 2396618 1607118557405.782959
0	0
1	0
2	0
3	0
4	0
5	0
6	0
PERF_DUMP 2396455 1607118557411.867676
0	0
1	0
2	0
3	0
4	0
5	0
6	0
[2396455:2396455:1204/214917.435636:INFO:CONSOLE(1414)] "The twttr.i18n array was not configured properly for your locale.", source: http://tucunare.cs.pitt.edu:8080/twitter/twitter.com/js/twitter.js?1304530346 (1414)
PERF_DUMP 2396483 1607118557437.020752
0	2444
1	309737
2	5336
3	80337
4	614501
5	822731
6	1645463
[2396455:2396455:1204/214917.442320:INFO:CONSOLE(1414)] "The twttr.i18n array was not configured properly for your locale.", source: http://tucunare.cs.pitt.edu:8080/twitter/twitter.com/js/twitter.js?1304530346 (1414)
[2396455:2396455:1204/214917.461328:INFO:CONSOLE(1414)] "The twttr.i18n array was not configured properly for your locale.", source: http://tucunare.cs.pitt.edu:8080/twitter/twitter.com/js/twitter.js?1304530346 (1414)
[2396455:2396455:1204/214917.467135:INFO:CONSOLE(1414)] "The twttr.i18n array was not configured properly for your locale.", source: http://tucunare.cs.pitt.edu:8080/twitter/twitter.com/js/twitter.js?1304530346 (1414)
[2396455:2396455:1204/214917.474020:INFO:CONSOLE(1414)] "The twttr.i18n array was not configured properly for your locale.", source: http://tucunare.cs.pitt.edu:8080/twitter/twitter.com/js/twitter.js?1304530346 (1414)
[2396455:2396455:1204/214917.481887:INFO:CONSOLE(1414)] "The twttr.i18n array was not configured properly for your locale.", source: http://tucunare.cs.pitt.edu:8080/twitter/twitter.com/js/twitter.js?1304530346 (1414)
[2396455:2396455:1204/214917.490561:INFO:CONSOLE(1414)] "The twttr.i18n array was not configured properly for your locale.", source: http://tucunare.cs.pitt.edu:8080/twitter/twitter.com/js/twitter.js?1304530346 (1414)
[2396455:2396455:1204/214917.496341:INFO:CONSOLE(1414)] "The twttr.i18n array was not configured properly for your locale.", source: http://tucunare.cs.pitt.edu:8080/twitter/twitter.com/js/twitter.js?1304530346 (1414)
PERF_DUMP 2396618 1607118557506.213623
0	0
1	0
2	0
3	0
4	0
5	0
6	0
[2396455:2396455:1204/214917.509243:INFO:CONSOLE(1414)] "The twttr.i18n array was not configured properly for your locale.", source: http://tucunare.cs.pitt.edu:8080/twitter/twitter.com/js/twitter.js?1304530346 (1414)
PERF_DUMP 2396455 1607118557512.110107
0	0
1	0
2	0
3	0
4	0
5	0
6	0
[2396455:2396455:1204/214917.517088:INFO:CONSOLE(1414)] "The twttr.i18n array was not configured properly for your locale.", source: http://tucunare.cs.pitt.edu:8080/twitter/twitter.com/js/twitter.js?1304530346 (1414)
[2396455:2396455:1204/214917.522947:INFO:CONSOLE(1414)] "The twttr.i18n array was not configured properly for your locale.", source: http://tucunare.cs.pitt.edu:8080/twitter/twitter.com/js/twitter.js?1304530346 (1414)
[2396455:2396455:1204/214917.528747:INFO:CONSOLE(1414)] "The twttr.i18n array was not configured properly for your locale.", source: http://tucunare.cs.pitt.edu:8080/twitter/twitter.com/js/twitter.js?1304530346 (1414)
[2396455:2396455:1204/214917.535785:INFO:CONSOLE(1414)] "The twttr.i18n array was not configured properly for your locale.", source: http://tucunare.cs.pitt.edu:8080/twitter/twitter.com/js/twitter.js?1304530346 (1414)
PERF_DUMP 2396483 1607118557537.260742
0	95771
1	17807516
2	168868
3	4966548
4	37284248
5	34904528
6	69809064
[2396455:2396455:1204/214917.545129:INFO:CONSOLE(1414)] "The twttr.i18n array was not configured properly for your locale.", source: http://tucunare.cs.pitt.edu:8080/twitter/twitter.com/js/twitter.js?1304530346 (1414)
[2396455:2396455:1204/214917.551184:INFO:CONSOLE(1414)] "The twttr.i18n array was not configured properly for your locale.", source: http://tucunare.cs.pitt.edu:8080/twitter/twitter.com/js/twitter.js?1304530346 (1414)
[2396455:2396455:1204/214917.556432:INFO:CONSOLE(1414)] "The twttr.i18n array was not configured properly for your locale.", source: http://tucunare.cs.pitt.edu:8080/twitter/twitter.com/js/twitter.js?1304530346 (1414)
PERF_DUMP 2396618 1607118557608.545654
0	0
1	0
2	0
3	0
4	0
5	0
6	0
PERF_DUMP 2396455 1607118557612.362549
0	0
1	0
2	0
3	0
4	0
5	0
6	0
PERF_DUMP 2396483 1607118557637.529785
0	57859
1	8523894
2	141558
3	2463264
4	17009389
5	20233088
6	40466183
PERF_DUMP 2396618 1607118557708.797852
0	0
1	0
2	0
3	0
4	0
5	0
6	0
PERF_DUMP 2396455 1607118557712.739258
0	0
1	0
2	0
3	0
4	0
5	0
6	0
PERF_DUMP 2396483 1607118557737.920166
0	41038
1	5320725
2	111887
3	955065
4	10224324
5	13133022
6	26264703
PERF_DUMP 2396618 1607118557809.054932
0	0
1	0
2	0
3	0
4	0
5	0
6	0
PERF_DUMP 2396455 1607118557812.992432
0	0
1	0
2	0
3	0
4	0
5	0
6	0
PERF_DUMP 2396483 1607118557838.176758
0	30468
1	6090833
2	53890
3	1950977
4	12158173
5	11008472
6	22016945
PERF_DUMP 2396618 1607118557909.299072
0	0
1	0
2	0
3	0
4	0
5	0
6	0
PERF_DUMP 2396455 1607118557914.144043
0	0
1	0
2	0
3	0
4	0
5	0
6	0
PERF_DUMP 2396483 1607118557939.326416
0	260193
1	41095628
2	425111
3	12812794
4	81794173
5	75140374
6	150279647
[2396455:2396455:1204/214917.978764:INFO:CONSOLE(0)] "[DOM] Input elements should have autocomplete attributes (suggested: "current-password"): (More info: https://goo.gl/9p2vKq) %o", source: http://tucunare.cs.pitt.edu:8080/twitter/twitter.com/index.html (0)
PERF_DUMP 2396618 1607118558009.617432
0	0
1	0
2	0
3	0
4	0
5	0
6	0
PERF_DUMP 2396455 1607118558014.389160
0	0
1	0
2	0
3	0
4	0
5	0
6	0
PERF_DUMP 2396483 1607118558040.064453
0	152601
1	34710256
2	339915
3	10252698
4	68136156
5	59954623
6	119908165
[2396455:2396455:1204/214918.078204:INFO:CONSOLE(216)] "Uncaught ReferenceError: siteTest is not defined", source: http://tucunare.cs.pitt.edu:8080/twitter/twitter.com/index.html (216)
PERF_DUMP 2396618 1607118558109.840820
0	0
1	0
2	0
3	0
4	0
5	0
6	0
PERF_DUMP 2396455 1607118558115.541748
0	0
1	0
2	0
3	0
4	0
5	0
6	0
PERF_DUMP 2396483 1607118558142.456299
0	50258
1	14836478
2	141546
3	4393859
4	29056812
5	24969980
6	49938786
PERF_DUMP 2396618 1607118558210.069092
0	0
1	0
2	0
3	0
4	0
5	0
6	0
PERF_DUMP 2396455 1607118558216.836426
0	0
1	0
2	0
3	0
4	0
5	0
6	0
PERF_DUMP 2396483 1607118558243.014404
0	303253
1	38672176
2	426663
3	12165159
4	75619912
5	74757822
6	149514364
Received signal 11 SEGV_MAPERR 000000000000
#0 0xffffb14069a4 base::debug::CollectStackTrace()
#1 0xffffb1133228 base::debug::StackTrace::StackTrace()
#2 0xffffb11331cc base::debug::StackTrace::StackTrace()
#3 0xffffb1406858 base::debug::(anonymous namespace)::StackDumpSignalHandler()
#4 0xffffb1534578 ([vdso]+0x577)
#5 0xffff86784650 __libc_malloc
#6 0xffffb146119c (anonymous namespace)::GlibcMalloc()
#7 0xffffb1240754 PERF_DUMP 2396618 1607118558310.308105
0	0
1	0
2	0
3	0
4	0
5	0
6	0
base::(anonymous namespace)::AllocFn()
#8 0xffffb14609e8 PERF_DUMP 2396455 1607118558317.538330
0	0
1	0
2	0
3	0
4	0
5	0
6	0
ShimCppNew
#9 0xffffb1460350 operator new()
#10 0xffffa5215988 std::__Cr::__libcpp_allocate()
#11 0xffffa545a6b0 std::__Cr::allocator<>::allocate()
#12 0xffffa545a570 std::__Cr::allocator_traits<>::allocate()
#13 0xffffa545a13c std::__Cr::__split_buffer<>::__split_buffer()
#14 0xffffa5459da0 PERF_DUMP 2396483 1607118558343.407227
0	122550
std::__Cr::vector<>::__push_back_slow_path<>()1	19759319

2	265239
#3	5953701
154	38635538
 5	35251713
0x6	70502249
ffffa54555d8 std::__Cr::vector<>::push_back()
#16 0xffffa549da80 cc::LayerTreeHostImpl::CalculateRenderPasses()
#17 0xffffa54a03cc cc::LayerTreeHostImpl::PrepareToDraw()
#18 0xffffa558dfa4 cc::SingleThreadProxy::DoComposite()
#19 0xffffa558f1c8 cc::SingleThreadProxy::ScheduledActionDrawIfPossible()
#20 0xffffa5363010 PERF_DUMP 2396618 1607118558410.562012
0	0
1	0
2	0
3	0
4	0
5	0
6	0
cc::Scheduler::DrawIfPossible()
#21 0xffffa535df8c PERF_DUMP 2396455 1607118558417.802246
0	0
1	0
2	0
3	0
4	0
5	0
6	0
cc::Scheduler::ProcessScheduledActions()
#22 0xffffa5362e98 cc::Scheduler::OnBeginImplFrameDeadline()
#23 0xffffa5367158 base::internal::FunctorTraits<>::Invoke<>()
#24 0xffffa536706c base::internal::InvokeHelper<>::MakeItSo<>()
#25 0xffffa5366fdc _ZN4base8internal7InvokerINS0_9BindStateIMN2cc9SchedulerEFvvEJNS0_17UnretainedWrapperIS4_EEEEEFvvEE7RunImplIS6_NSt4__Cr5tupleIJS8_EEEJLm0EEEEvOT_OT0_NSD_16integer_sequenceImJXspT1_EEEE
#26 0xffffa5366f80 PERF_DUMP 2396483 1607118558443.665771
0	112660
1	26521245
2	293254
3	8759257
4	52974716
5	40389540
6	80779091
base::internal::Invoker<>::RunOnce()
#27 0xffffa52439b0 _ZNO4base12OnceCallbackIFvvEE3RunEv
#28 0xffffa5243850 base::internal::CancelableCallbackImpl<>::ForwardOnce<>()
#29 0xffffa5243da0 base::internal::FunctorTraits<>::Invoke<>()
#30 0xffffa5243c6c base::internal::InvokeHelper<>::MakeItSo<>()
#31 0xffffa5243bcc _ZN4base8internal7InvokerINS0_9BindStateIMNS0_22CancelableCallbackImplINS_12OnceCallbackIFvvEEEEEFvvEJNS_7WeakPtrIS7_EEEEES5_E7RunImplIS9_NSt4__Cr5tupleIJSB_EEEJLm0EEEEvOT_OT0_NSF_16integer_sequenceImJXspT1_EEEE
#32 0xffffa5243b74 base::internal::Invoker<>::RunOnce()
#33 0xffffb10ed134 _ZNO4base12OnceCallbackIFvvEE3RunEv
#34 0xffffb12a416c base::TaskAnnotator::RunTask()
#35 0xffffb12e8c24 base::sequence_manager::internal::ThreadControllerWithMessagePumpImpl::DoWorkImpl()
#36 0xffffb12e855c base::sequence_manager::internal::ThreadControllerWithMessagePumpImpl::DoSomeWork()
#37 0xffffb12e8f10 base::sequence_manager::internal::ThreadControllerWithMessagePumpImpl::DoSomeWork()
#38 0xffffb119afbc base::MessagePumpGlib::Run()
#39 0xffffb12e9a44 base::sequence_manager::internal::ThreadControllerWithMessagePumpImpl::Run()
#40 0xffffb1231ce8 base::RunLoop::Run()
#41 0xaaaaee81dd68 PERF_DUMP 2396618 1607118558510.823730
0	0
1	0
2	0
3	0
4	0
5	0
6	0
PERF_DUMP 2396455 1607118558518.031006
0	0
1	0
2	0
3	0
4	0
5	0
6	0
PERF_DUMP 2396483 1607118558544.038330
0	111698
1	22266963
2	258408
3	7313602
4	44377858
5	39817427
6	79633606
ChromeBrowserMainParts::MainMessageLoopRun()
#42 0xffffaa5faec8 PERF_DUMP 2396618 1607118558611.073242
0	0
1	0
2	0
3	0
4	0
5	0
6	0
PERF_DUMP 2396455 1607118558618.282471
0	0
1	0
2	0
3	0
4	0
5	0
6	0
content::BrowserMainLoop::RunMainMessageLoopParts()
#43 0xffffaa608eb8 PERF_DUMP 2396483 1607118558644.369141
0	1465
1	298207
2	3808
3	97052
4	595305
5	631774
6	1263546
content::BrowserMainRunnerImpl::Run()
#44 0xffffaa5f6c88 PERF_DUMP 2396618 1607118558711.339600
0	0
1	0
2	0
3	0
4	0
5	0
6	0
PERF_DUMP 2396455 1607118558718.553223
0	0
1	0
2	0
3	0
4	0
5	0
6	0
PERF_DUMP 2396483 1607118558744.611328
0	0
1	0
2	0
3	0
4	0
5	0
6	0
content::BrowserMain()
#45 0xffffac62c450 PERF_DUMP 2396618 1607118558811.586426
0	0
1	0
2	0
3	0
4	0
5	0
6	0
PERF_DUMP 2396455 1607118558818.802490
0	0
1	0
2	0
3	0
4	0
5	0
6	0
PERF_DUMP 2396483 1607118558844.892578
0	0
1	0
2	0
3	0
4	0
5	0
6	0
content::RunBrowserProcessMain()
#46 0xffffac62d840 PERF_DUMP 2396618 1607118558911.851318
0	0
1	0
2	0
3	0
4	0
5	0
6	0
PERF_DUMP 2396455 1607118558919.068848
0	0
1	0
2	0
3	0
4	0
5	0
6	0
content::ContentMainRunnerImpl::RunServiceManager()
#47 0xffffac62d274 PERF_DUMP 2396483 1607118558945.159180
0	0
1	0
2	0
3	0
4	0
5	0
6	0
content::ContentMainRunnerImpl::Run()
#48 0xffffac628b98 PERF_DUMP 2396618 1607118559012.099854
0	0
1	0
2	0
3	0
4	0
5	0
6	0
PERF_DUMP 2396455 1607118559019.319824
0	0
1	0
2	0
3	0
4	0
5	0
6	0
PERF_DUMP 2396483 1607118559045.470459
0	0
1	0
2	0
3	0
4	0
5	0
6	0
content::ContentServiceManagerMainDelegate::RunEmbedderProcess()
#49 0xffff82660124 service_manager::Main()
#50 0xffffac62be74 PERF_DUMP 2396618 1607118559112.339111
0	0
1	0
2	0
3	0
4	0
5	0
6	0
PERF_DUMP 2396455 1607118559119.575195
0	0
1	0
2	0
3	0
4	0
5	0
6	0
PERF_DUMP 2396483 1607118559145.805420
0	0
1	0
2	0
3	0
4	0
5	0
6	0
content::ContentMain()
#51 0xaaaaec36af04 PERF_DUMP 2396618 1607118559212.590332
0	0
1	0
2	0
3	0
4	0
5	0
6	0
PERF_DUMP 2396455 1607118559219.826904
0	0
1	0
2	0
3	0
4	0
5	0
6	0
PERF_DUMP 2396483 1607118559246.090332
0	0
1	0
2	0
3	0
4	0
5	0
6	0
PERF_DUMP 2396618 1607118559312.842285
0	0
1	0
2	0
3	0
4	0
5	0
6	0
PERF_DUMP 2396455 1607118559320.079102
0	0
1	0
2	0
3	0
4	0
5	0
6	0
ChromeMain
#52 0xaaaaec36ad98 main
#53 0xffffb14e17dc my_main()
#54 0xffff8672c090 __libc_start_main
#55 0xffffb14e192c __libc_start_main
#56 0xaaaaec36ac9c PERF_DUMP 2396483 1607118559346.400391
0	0
1	0
2	0
3	0
4	0
5	0
6	0
PERF_DUMP 2396618 1607118559413.079834
0	0
1	0
2	0
3	0
4	0
5	0
6	0
PERF_DUMP 2396455 1607118559420.319092
0	0
1	0
2	0
3	0
4	0
5	0
6	0
PERF_DUMP 2396483 1607118559446.708496
0	0
1	0
2	0
3	0
4	0
5	0
6	0
(/home/rock/chrome78/chrome+0x3a34c9b)
[end of stack trace]
Calling _exit(1). Core file will not be generated.
from experimenter.cc, logging performance counters at end of experiment
0	0
1	0
2	0
3	0
4	0
5	0
6	0
PERF_DUMP 2396618 1607118559513.329834
0	0
1	0
2	0
3	0
4	0
5	0
6	0
from experimenter.cc, logging performance counters at end of experiment
0	0
1	0
2	0
3	0
4	0
5	0
6	0
PERF_DUMP 2396483 1607118559548.798340
0	3562
1	665193
2	9014
3	218153
4	1318959
5	1231751
6	2463505
from experimenter.cc, logging performance counters at end of experiment
0	25060
1	6134546
2	72685
3	2011202
4	12178350
5	10090333
6	20180427
