1607156790 4.7
1607156792 4.5
1607156799 5.7
1607156800 5.9
1607156801 5.9
1607156802 6.0
1607156803 6.1
1607156804 6.1
1607156805 6.2
1607156806 6.2
1607156807 6.2
1607156808 6.3
1607156809 6.3
1607156810 6.3
1607156811 6.2
1607156812 6.3
1607156813 6.3
1607156814 6.3
1607156815 6.3
1607156816 6.3
1607156817 6.3
1607156818 6.3
1607156819 6.3
1607156820 6.2
1607156821 5.9
1607156822 5.7
1607156823 5.4
1607156824 5.2
1607156825 5.2
1607156826 5.4
1607156827 5.6
1607156828 5.7
1607156829 5.8
1607156830 5.9
1607156831 6.0
1607156832 6.0
1607156833 6.1
1607156834 6.1
1607156835 6.1
1607156836 6.1
1607156837 5.8
1607156838 5.6
1607156839 5.4
1607156840 5.1
1607156841 5.2
1607156842 5.4
1607156843 5.6
1607156844 5.7
1607156845 5.8
1607156846 5.9
1607156847 6.0
1607156848 6.0
1607156849 6.1
1607156850 6.1
1607156851 6.1
1607156852 6.1
1607156853 6.1
1607156854 6.1
1607156855 6.1
1607156856 6.1
1607156857 6.1
1607156858 6.1
1607156859 6.1
1607156860 6.1
1607156861 6.1
1607156862 5.9
1607156863 5.7
1607156864 5.5
1607156865 5.3
1607156866 5.2
1607156867 5.4
1607156868 5.6
1607156869 5.7
1607156870 5.8
1607156871 5.8
1607156872 5.9
1607156873 5.9
1607156874 6.0
1607156875 6.0
1607156876 6.0
1607156877 6.0
1607156878 6.0
1607156879 6.0
1607156880 6.0
1607156881 5.9
1607156882 6.0
1607156883 6.0
1607156884 5.9
1607156885 5.6
1607156886 5.7
1607156887 5.8
1607156888 5.9
1607156889 6.0
1607156890 6.0
1607156891 6.0
1607156892 6.0
1607156893 5.8
1607156894 5.5
1607156895 5.3
1607156896 5.2
1607156897 5.1
1607156898 5.2
1607156899 5.4
1607156900 5.5
1607156901 5.6
1607156902 5.7
1607156903 5.8
1607156904 5.8
1607156905 5.9
1607156906 5.9
1607156907 5.9
1607156908 6.0
1607156909 6.0
1607156910 5.7
1607156911 5.5
1607156912 5.4
1607156913 5.4
1607156914 5.4
1607156915 5.6
1607156916 5.7
1607156917 5.7
1607156918 5.8
1607156919 5.9
1607156920 5.9
1607156921 6.0
1607156922 6.0
1607156923 6.0
1607156924 6.0
1607156925 5.8
1607156926 5.6
1607156927 5.6
1607156928 5.4
1607156929 5.1
1607156930 5.3
1607156931 5.5
1607156932 5.3
1607156933 5.1
1607156934 4.9
1607156935 4.9
1607156936 4.8
1607156937 5.1
1607156938 5.3
1607156939 5.4
1607156940 5.6
1607156941 5.7
1607156942 5.8
1607156943 5.9
1607156944 5.9
1607156945 6.0
1607156946 6.0
1607156947 6.1
1607156948 6.1
1607156949 6.1
1607156950 6.1
1607156951 6.2
1607156952 6.2
1607156953 6.2
1607156954 6.1
1607156955 6.1
1607156956 6.0
1607156957 5.9
1607156958 6.0
1607156959 6.0
1607156960 6.0
1607156961 5.9
1607156962 5.9
1607156963 5.9
1607156964 5.9
1607156965 5.9
1607156966 5.9
1607156967 5.8
1607156968 5.9
1607156969 5.9
1607156970 5.8
1607156971 5.8
1607156972 5.8
1607156973 5.8
1607156974 5.7
1607156975 5.7
1607156976 5.7
1607156977 5.7
1607156978 5.8
1607156979 5.7
1607156980 5.7
1607156981 5.7
1607156982 5.7
1607156983 5.9
1607156984 5.7
1607156985 5.5
1607156986 5.3
1607156987 5.0
1607156988 4.9
1607156989 5.2
1607156990 5.3
1607156991 5.5
1607156992 5.6
1607156993 5.7
1607156994 5.8
1607156995 5.8
1607156996 5.9
1607156997 6.0
1607156998 5.9
1607156999 5.7
1607157000 5.6
1607157001 5.4
1607157002 5.3
1607157003 5.4
1607157004 5.5
1607157005 5.7
1607157006 5.7
1607157007 5.8
1607157008 5.9
1607157009 6.0
1607157010 6.0
1607157011 6.0
1607157012 6.0
1607157013 6.0
1607157014 5.8
1607157015 5.7
1607157016 5.6
1607157017 5.4
1607157018 5.2
1607157019 5.0
1607157020 4.9
1607157021 4.7
1607157022 4.5
1607157023 4.9
1607157024 5.0
1607157025 4.9
1607157026 4.9
1607157027 4.7
1607157028 4.5
1607157029 4.4
1607157030 4.3
1607157031 4.1
1607157032 4.0
1607157033 3.9
1607157034 3.8
1607157035 3.8
1607157036 3.7
1607157037 3.6
1607157038 3.6
1607157039 3.5
1607157040 3.5
1607157041 3.4
1607157042 3.4
1607157043 3.4
1607157044 3.4
1607157045 3.3
1607157046 3.3
1607157047 3.3
1607157048 3.3
1607157049 3.3
1607157050 3.2
1607157051 3.2
1607157052 3.2
1607157053 3.2
1607157054 3.2
1607157055 3.2
1607157056 3.2
1607157057 3.2
1607157058 3.1
1607157059 3.1
1607157060 3.1
1607157061 3.1
1607157062 3.1
1607157063 3.1
1607157064 3.1
1607157065 3.1
1607157066 3.1
1607157067 3.1
1607157068 3.1
1607157069 3.1
1607157070 3.1
1607157071 3.1
1607157072 3.1
1607157073 3.1
1607157074 3.1
1607157075 3.1
1607157076 3.1
1607157077 3.1
1607157078 3.2
1607157079 3.3
1607157080 3.4
1607157081 3.5
1607157082 3.4
1607157083 3.4
1607157084 3.3
1607157085 3.3
1607157086 3.3
1607157087 3.2
1607157088 3.2
1607157089 3.2
1607157090 3.2
1607157091 3.1
1607157092 3.1
1607157093 3.1
1607157094 3.1
1607157095 3.1
1607157096 3.1
1607157097 3.1
1607157098 3.1
1607157099 3.1
1607157100 3.1
1607157101 3.0
1607157102 3.0
1607157103 3.0
1607157104 3.0
1607157105 3.0
1607157106 3.0
1607157107 3.0
1607157108 3.0
1607157109 3.0
1607157110 3.0
1607157111 3.0
1607157112 3.0
1607157113 3.0
1607157114 3.0
1607157115 3.0
1607157116 3.0
1607157117 3.0
1607157118 3.0
1607157119 3.0
1607157120 3.0
1607157121 3.0
1607157122 3.0
1607157123 3.0
1607157124 3.0
1607157125 3.0
1607157126 3.0
1607157127 2.9
1607157128 3.0
1607157129 3.0
1607157130 2.9
1607157131 3.0
1607157132 3.0
1607157133 2.9
1607157134 2.9
1607157135 2.9
1607157136 3.0
1607157137 3.0
1607157138 2.9
1607157139 3.0
1607157140 3.0
1607157141 3.0
1607157142 3.2
1607157143 3.3
1607157144 3.3
1607157145 3.3
1607157146 3.2
1607157147 3.2
1607157148 3.1
1607157149 3.1
1607157150 3.1
1607157151 3.1
1607157152 3.1
1607157153 3.0
1607157154 3.0
1607157155 3.0
1607157156 3.0
1607157157 3.0
1607157158 3.0
1607157159 3.0
1607157160 3.0
1607157161 3.0
1607157162 3.0
1607157163 2.9
1607157164 2.9
1607157165 2.9
1607157166 2.9
1607157167 2.9
1607157168 2.9
1607157169 2.9
1607157170 2.9
1607157171 2.9
1607157172 2.9
1607157173 2.9
1607157174 2.9
1607157175 2.9
1607157176 2.9
1607157177 2.9
1607157178 2.9
1607157179 2.9
1607157180 2.9
1607157181 2.9
1607157182 2.9
1607157183 2.9
1607157184 2.9
1607157185 2.9
1607157186 2.9
1607157187 2.9
1607157188 2.9
1607157189 2.9
1607157190 2.9
1607157191 2.9
1607157192 2.9
1607157193 2.9
1607157194 2.9
1607157195 2.9
1607157196 2.9
1607157197 2.9
1607157198 2.9
1607157199 2.9
1607157200 2.9
1607157201 2.9
1607157202 2.9
1607157203 3.0
1607157204 3.0
1607157205 3.1
1607157206 3.2
1607157207 3.2
1607157208 3.2
1607157209 3.2
1607157210 3.1
1607157211 3.1
1607157212 3.0
1607157213 3.0
1607157214 3.0
1607157215 3.0
1607157216 3.0
1607157217 3.0
1607157218 2.9
1607157219 2.9
1607157220 2.9
1607157221 2.9
1607157222 2.9
1607157223 2.9
1607157224 2.9
1607157225 2.9