1607141023 4.9
1607141024 4.7
1607141025 4.5
1607141026 4.8
1607141027 5.0
1607141028 5.3
1607141029 5.5
1607141030 5.6
1607141031 5.7
1607141032 5.8
1607141033 5.8
1607141034 5.9
1607141035 5.9
1607141036 6.0
1607141037 6.1
1607141038 6.2
1607141039 6.2
1607141040 6.2
1607141041 6.2
1607141042 6.0
1607141043 5.7
1607141044 5.6
1607141045 5.3
1607141046 5.1
1607141047 5.5
1607141048 5.6
1607141049 5.8
1607141050 5.9
1607141051 6.0
1607141052 6.0
1607141053 6.0
1607141054 5.7
1607141055 5.4
1607141056 5.1
1607141057 4.9
1607141058 4.8
1607141059 5.1
1607141060 5.4
1607141061 5.6
1607141062 5.7
1607141063 5.9
1607141064 6.0
1607141065 6.0
1607141066 6.1
1607141067 6.2
1607141068 6.2
1607141069 6.2
1607141070 6.2
1607141071 6.2
1607141072 6.2
1607141073 6.2
1607141074 6.3
1607141075 6.3
1607141076 6.3
1607141077 6.3
1607141078 6.3
1607141079 6.2
1607141080 6.2
1607141081 5.9
1607141082 5.6
1607141083 5.5
1607141084 5.4
1607141085 5.5
1607141086 5.6
1607141087 5.7
1607141088 5.8
1607141089 5.9
1607141090 6.0
1607141091 6.0
1607141092 6.0
1607141093 6.0
1607141094 6.1
1607141095 6.1
1607141096 6.1
1607141097 6.1
1607141098 6.1
1607141099 6.1
1607141100 6.1
1607141101 5.8
1607141102 5.5
1607141103 5.5
1607141104 5.5
1607141105 5.4
1607141106 5.6
1607141107 5.7
1607141108 5.8
1607141109 5.9
1607141110 5.9
1607141111 6.0
1607141112 6.0
1607141113 6.0
1607141114 6.0
1607141115 6.0
1607141116 6.0
1607141117 5.9
1607141118 5.8
1607141119 5.6
1607141120 5.3
1607141121 5.1
1607141122 4.9
1607141123 5.1
1607141124 5.4
1607141125 5.5
1607141126 5.6
1607141127 5.7
1607141128 5.8
1607141129 5.9
1607141130 6.0
1607141131 6.0
1607141132 6.0
1607141133 6.0
1607141134 5.8
1607141135 5.6
1607141136 5.5
1607141137 5.4
1607141138 5.5
1607141139 5.7
1607141140 5.8
1607141141 5.9
1607141142 5.9
1607141143 6.0
1607141144 6.0
1607141145 6.0
1607141146 6.0
1607141147 6.1
1607141148 6.0
1607141149 6.0
1607141150 6.0
1607141151 6.0
1607141152 6.0
1607141153 6.1
1607141154 6.1
1607141155 5.9
1607141156 5.9
1607141157 5.9
1607141158 6.0
1607141159 6.0
1607141160 6.0
1607141161 6.0
1607141162 6.0
1607141163 6.0
1607141164 6.0
1607141165 6.0
1607141166 6.0
1607141167 6.0
1607141168 6.0
1607141169 6.0
1607141170 6.0
1607141171 6.0
1607141172 6.0
1607141173 6.0
1607141174 6.0
1607141175 6.0
1607141176 6.0
1607141177 5.9
1607141178 5.9
1607141179 5.8
1607141180 5.7
1607141181 5.8
1607141182 5.8
1607141183 5.8
1607141184 5.7
1607141185 5.8
1607141186 5.8
1607141187 5.8
1607141188 5.8
1607141189 5.8
1607141190 5.7
1607141191 5.7
1607141192 5.7
1607141193 5.7
1607141194 5.7
1607141195 5.7
1607141196 5.7
1607141197 5.7
1607141198 5.6
1607141199 5.7
1607141200 5.7
1607141201 5.8
1607141202 5.8
1607141203 5.8
1607141204 5.8
1607141205 5.8
1607141206 5.8
1607141207 5.8
1607141208 5.5
1607141209 5.2
1607141210 5.0
1607141211 4.9
1607141212 5.1
1607141213 5.3
1607141214 5.5
1607141215 5.6
1607141216 5.6
1607141217 5.7
1607141218 5.8
1607141219 5.9
1607141220 5.9
1607141221 5.9
1607141222 6.0
1607141223 6.0
1607141224 5.8
1607141225 5.5
1607141226 5.4
1607141227 5.3
1607141228 5.2
1607141229 5.4
1607141230 5.5
1607141231 5.6
1607141232 5.7
1607141233 5.8
1607141234 5.9
1607141235 5.9
1607141236 5.9
1607141237 5.9
1607141238 6.0
1607141239 5.9
1607141240 5.9
1607141241 5.7
1607141242 5.5
1607141243 5.4
1607141244 5.2
1607141245 5.0
1607141246 5.3
1607141247 5.5
1607141248 5.5
1607141249 5.6
1607141250 5.7
1607141251 5.8
1607141252 5.9
1607141253 5.9
1607141254 5.9
1607141255 5.9
1607141256 5.7
1607141257 5.5
1607141258 5.5
1607141259 5.3
1607141260 5.0
1607141261 4.8
1607141262 4.6
1607141263 4.7
1607141264 4.7
1607141265 4.9
1607141266 5.1
1607141267 5.1
1607141268 5.1
1607141276 4.8