1607114935 4.7
1607114936 4.6
1607114937 4.5
1607114938 4.7
1607114939 5.0
1607114940 5.2
1607114941 5.4
1607114942 5.5
1607114943 5.6
1607114944 5.7
1607114945 5.8
1607114946 5.8
1607114947 5.9
1607114948 5.9
1607114949 6.1
1607114950 6.1
1607114951 6.1
1607114952 6.1
1607114953 6.2
1607114954 5.9
1607114955 5.7
1607114956 5.5
1607114957 5.3
1607114958 5.3
1607114959 5.6
1607114960 5.7
1607114961 5.8
1607114962 5.9
1607114963 6.0
1607114964 6.0
1607114965 6.1
1607114966 6.1
1607114967 6.2
1607114968 6.2
1607114969 6.0
1607114970 5.8
1607114971 5.6
1607114972 5.5
1607114973 5.5
1607114974 5.7
1607114975 5.8
1607114976 5.9
1607114977 5.9
1607114978 5.9
1607114979 6.0
1607114980 5.9
1607114981 5.6
1607114982 5.4
1607114983 5.3
1607114984 5.2
1607114985 5.4
1607114986 5.6
1607114987 5.7
1607114988 5.8
1607114989 5.9
1607114990 5.9
1607114991 6.0
1607114992 6.1
1607114993 6.1
1607114994 6.2
1607114995 6.2
1607114996 6.0
1607114997 5.8
1607114998 5.7
1607114999 5.5
1607115000 5.2
1607115001 5.5
1607115002 5.7
1607115003 5.8
1607115004 5.9
1607115005 5.9
1607115006 6.0
1607115007 6.1
1607115008 6.1
1607115009 6.1
1607115010 6.2
1607115011 6.2
1607115012 6.2
1607115013 6.2
1607115014 6.2
1607115015 6.2
1607115016 5.9
1607115017 5.7
1607115018 5.7
1607115019 5.6
1607115020 5.5
1607115021 5.6
1607115022 5.7
1607115023 5.8
1607115024 5.9
1607115025 5.9
1607115026 6.0
1607115027 6.0
1607115028 6.0
1607115029 6.0
1607115030 6.1
1607115031 6.0
1607115032 6.1
1607115033 6.1
1607115034 6.0
1607115035 6.1
1607115036 6.1
1607115037 6.1
1607115038 5.8
1607115039 5.9
1607115040 5.9
1607115041 5.9
1607115042 6.0
1607115043 6.0
1607115044 6.0
1607115045 6.1
1607115046 6.1
1607115047 6.1
1607115048 6.1
1607115049 6.1
1607115050 6.1
1607115051 6.1
1607115052 6.1
1607115053 6.1
1607115054 6.1
1607115055 6.1
1607115056 6.1
1607115057 6.2
1607115058 6.2
1607115059 6.2
1607115060 6.1
1607115061 6.1
1607115062 5.8
1607115063 5.6
1607115064 5.5
1607115065 5.3
1607115066 5.3
1607115067 5.5
1607115068 5.6
1607115069 5.7
1607115070 5.7
1607115071 5.8
1607115072 5.9
1607115073 5.9
1607115074 6.0
1607115075 6.0
1607115076 6.0
1607115077 6.0
1607115078 5.8
1607115079 5.6
1607115080 5.5
1607115081 5.3
1607115082 5.1
1607115083 5.2
1607115084 5.4
1607115085 5.6
1607115086 5.7
1607115087 5.8
1607115088 5.8
1607115089 5.8
1607115090 5.9
1607115091 5.9
1607115092 6.0
1607115093 5.9
1607115094 5.9
1607115095 5.6
1607115096 5.4
1607115097 5.3
1607115098 5.2
1607115099 5.3
1607115100 5.5
1607115101 5.6
1607115102 5.7
1607115103 5.7
1607115104 5.8
1607115105 5.9
1607115106 6.0
1607115107 6.0
1607115108 6.0
1607115109 5.7
1607115110 5.5
1607115111 5.2
1607115112 5.0
1607115113 5.1
1607115114 5.4
1607115115 5.5
1607115116 5.6
1607115117 5.7
1607115118 5.8
1607115119 5.9
1607115120 6.0
1607115121 6.1
1607115122 6.1
1607115123 6.1
1607115124 6.1
1607115125 6.1
1607115126 6.1
1607115127 6.1
1607115128 6.1
1607115129 6.1
1607115130 6.1
1607115131 6.0
1607115132 6.0
1607115133 6.0
1607115134 6.0
1607115135 6.0
1607115136 6.0
1607115137 6.0
1607115138 5.9
1607115139 5.8
1607115140 5.8
1607115141 5.8
1607115142 5.9
1607115143 5.9
1607115144 5.8
1607115145 5.9
1607115146 5.9
1607115147 5.8
1607115148 5.9
1607115149 5.9
1607115150 5.8
1607115151 5.8
1607115152 5.8
1607115153 5.7
1607115154 5.8
1607115155 5.8
1607115156 5.8
1607115157 5.8
1607115158 5.7
1607115159 5.7
1607115160 5.8
1607115161 5.9
1607115162 5.7
1607115163 5.5
1607115164 5.4
1607115165 5.1
1607115166 5.2
1607115167 5.0
1607115168 4.8
1607115169 4.7
1607115170 4.5
1607115171 4.5
1607115172 4.8
1607115173 4.8
1607115174 4.8
1607115175 5.1
1607115176 5.3
1607115177 5.2