1607130440 5.0
1607130441 4.8
1607130442 4.6
1607130443 4.6
1607130444 4.9
1607130445 5.1
1607130446 5.3
1607130447 5.4
1607130448 5.5
1607130449 5.6
1607130450 5.7
1607130451 5.8
1607130452 5.8
1607130453 5.9
1607130454 6.0
1607130455 6.0
1607130456 6.1
1607130457 6.1
1607130458 6.1
1607130459 6.2
1607130460 6.2
1607130461 6.2
1607130462 6.3
1607130463 6.3
1607130464 6.2
1607130465 6.2
1607130466 6.2
1607130467 6.2
1607130468 6.2
1607130469 6.2
1607130470 6.2
1607130471 6.2
1607130472 6.2
1607130473 6.2
1607130474 6.1
1607130475 6.0
1607130476 5.8
1607130477 5.9
1607130478 5.9
1607130479 6.0
1607130480 6.0
1607130481 6.1
1607130482 6.1
1607130483 6.0
1607130484 6.1
1607130485 6.1
1607130486 6.1
1607130487 6.1
1607130488 6.1
1607130489 6.1
1607130490 6.2
1607130491 6.2
1607130492 6.2
1607130493 6.2
1607130494 6.1
1607130495 6.1
1607130496 6.1
1607130497 6.0
1607130498 5.9
1607130499 5.9
1607130500 5.8
1607130501 5.9
1607130502 5.9
1607130503 5.9
1607130504 5.8
1607130505 5.8
1607130506 5.8
1607130507 5.8
1607130508 5.8
1607130509 5.8
1607130510 5.8
1607130511 5.8
1607130512 5.8
1607130513 5.9
1607130514 5.8
1607130515 5.8
1607130516 5.7
1607130517 5.7
1607130518 5.7
1607130519 5.8
1607130520 5.8
1607130521 5.7
1607130522 5.7
1607130523 5.7
1607130524 5.7
1607130525 5.8
1607130526 5.7
1607130527 5.4
1607130528 5.2
1607130529 4.9
1607130530 4.8
1607130531 5.1
1607130532 5.3
1607130533 5.5
1607130534 5.6
1607130535 5.7
1607130536 5.8
1607130537 5.8
1607130538 5.9
1607130539 6.0
1607130540 6.0
1607130541 6.0
1607130542 5.9
1607130543 5.7
1607130544 5.5
1607130545 5.3
1607130546 5.1
1607130547 5.2
1607130548 5.4
1607130549 5.6
1607130550 5.7
1607130551 5.8
1607130552 5.8
1607130553 5.9
1607130554 5.7
1607130555 5.5
1607130556 5.4
1607130557 5.3
1607130558 5.1
1607130559 5.4
1607130560 5.6
1607130561 5.7
1607130562 5.8
1607130563 5.9
1607130564 6.0
1607130565 6.0
1607130566 6.0
1607130567 6.0
1607130568 6.1
1607130569 6.1
1607130570 6.0
1607130571 5.8
1607130572 5.6
1607130573 5.5
1607130574 5.2
1607130575 5.2
1607130576 5.4
1607130577 5.4
1607130578 5.1
1607130579 4.9
1607130580 4.8
1607130581 4.8
1607130582 4.9
1607130583 5.2
1607130584 5.4
1607130585 5.6
1607130586 5.8
1607130587 5.9
1607130588 5.9
1607130589 6.0
1607130590 6.1
1607130591 6.1
1607130592 6.1
1607130593 5.8
1607130594 5.5
1607130595 5.3
1607130596 5.1
1607130597 5.3
1607130598 5.6
1607130599 5.7
1607130600 5.9
1607130601 5.9
1607130602 6.0
1607130603 6.1
1607130604 6.2
1607130605 6.2
1607130606 6.2
1607130607 6.2
1607130608 6.2
1607130609 6.0
1607130610 5.7
1607130611 5.4
1607130612 5.2
1607130613 5.0
1607130614 5.4
1607130615 5.6
1607130616 5.8
1607130617 5.9
1607130618 6.0
1607130619 6.1
1607130620 6.1
1607130621 6.2
1607130622 6.2
1607130623 6.2
1607130624 5.8
1607130625 5.5
1607130626 5.3
1607130627 5.0
1607130628 5.1
1607130629 5.4
1607130630 5.6
1607130631 5.7
1607130632 5.9
1607130633 6.0
1607130634 6.0
1607130635 6.1
1607130636 6.1
1607130637 6.1
1607130638 6.2
1607130639 6.2
1607130640 6.2
1607130641 6.2
1607130642 6.3
1607130643 6.2
1607130644 6.2
1607130645 6.2
1607130646 6.2
1607130647 6.2
1607130648 6.2
1607130649 6.1
1607130650 5.9
1607130651 5.6
1607130652 5.3
1607130653 5.1
1607130654 5.2
1607130655 5.5
1607130656 5.6
1607130657 5.7
1607130658 5.8
1607130659 5.8
1607130660 5.9
1607130661 6.0
1607130662 6.1
1607130663 6.1
1607130664 6.1
1607130665 6.1
1607130666 6.1
1607130667 6.1
1607130668 6.1
1607130669 6.1
1607130670 5.9
1607130671 5.7
1607130672 5.6
1607130673 5.5
1607130674 5.3
1607130675 5.1
1607130676 4.9
1607130677 4.7
1607130678 4.5
1607130679 4.5
1607130680 4.8
1607130681 4.8
1607130682 4.7
1607130683 5.1
1607130685 5.2
1607130687 4.9