1607150433 5.2
1607150434 4.9
1607150435 4.7
1607150436 4.7
1607150437 4.9
1607150438 5.2
1607150439 5.4
1607150440 5.5
1607150441 5.7
1607150442 5.8
1607150443 5.8
1607150444 5.9
1607150445 6.0
1607150446 6.0
1607150447 6.1
1607150448 6.2
1607150449 6.2
1607150450 6.3
1607150451 6.3
1607150452 6.4
1607150453 6.4
1607150454 6.4
1607150455 6.4
1607150456 6.4
1607150457 6.4
1607150458 6.4
1607150459 6.5
1607150460 6.4
1607150461 6.5
1607150462 6.5
1607150463 6.5
1607150464 6.5
1607150465 6.2
1607150466 5.8
1607150467 5.5
1607150468 5.2
1607150469 5.1
1607150470 5.4
1607150471 5.6
1607150472 5.7
1607150473 5.9
1607150474 5.9
1607150475 6.0
1607150476 6.1
1607150477 6.1
1607150478 6.1
1607150479 6.1
1607150480 6.1
1607150481 6.1
1607150482 5.9
1607150483 5.6
1607150484 5.3
1607150485 5.1
1607150486 5.1
1607150487 5.4
1607150488 5.6
1607150489 5.8
1607150490 5.9
1607150491 6.0
1607150492 6.0
1607150493 6.1
1607150494 6.1
1607150495 6.2
1607150496 6.2
1607150497 6.2
1607150498 6.2
1607150499 6.3
1607150500 6.3
1607150501 6.3
1607150502 6.2
1607150503 6.2
1607150504 6.2
1607150505 6.2
1607150506 6.2
1607150507 6.1
1607150508 6.2
1607150509 6.2
1607150510 6.2
1607150511 6.1
1607150512 6.1
1607150513 6.1
1607150514 5.9
1607150515 5.6
1607150516 5.4
1607150517 5.1
1607150518 4.9
1607150519 5.0
1607150520 5.2
1607150521 5.5
1607150522 5.6
1607150523 5.7
1607150524 5.8
1607150525 5.9
1607150526 6.0
1607150527 5.8
1607150528 5.6
1607150529 5.3
1607150530 5.1
1607150531 5.1
1607150532 5.3
1607150533 5.5
1607150534 5.7
1607150535 5.8
1607150536 5.9
1607150537 6.0
1607150538 6.0
1607150539 6.1
1607150540 5.9
1607150541 5.6
1607150542 5.3
1607150543 5.1
1607150544 5.0
1607150545 5.3
1607150546 5.5
1607150547 5.7
1607150548 5.8
1607150549 5.9
1607150550 6.0
1607150551 6.0
1607150552 6.1
1607150553 6.1
1607150554 6.1
1607150555 5.9
1607150556 5.6
1607150557 5.4
1607150558 5.3
1607150559 5.5
1607150560 5.7
1607150561 5.7
1607150562 5.4
1607150563 5.2
1607150564 5.2
1607150565 5.1
1607150566 5.2
1607150567 5.4
1607150568 5.6
1607150569 5.7
1607150570 5.9
1607150571 6.0
1607150572 6.1
1607150573 6.1
1607150574 6.1
1607150575 6.2
1607150576 6.2
1607150577 6.2
1607150578 6.2
1607150579 6.2
1607150580 6.2
1607150581 6.2
1607150582 6.2
1607150583 6.2
1607150584 6.1
1607150585 6.1
1607150586 6.1
1607150587 6.1
1607150588 6.1
1607150589 6.2
1607150590 6.1
1607150591 6.1
1607150592 6.1
1607150593 6.1
1607150594 6.1
1607150595 6.1
1607150596 6.1
1607150597 6.0
1607150598 5.9
1607150599 6.0
1607150600 5.9
1607150601 5.9
1607150602 5.9
1607150603 5.9
1607150604 5.9
1607150605 5.9
1607150606 5.9
1607150607 5.9
1607150608 6.0
1607150609 5.9
1607150610 5.9
1607150611 6.0
1607150612 6.0
1607150613 5.7
1607150614 5.5
1607150615 5.3
1607150616 5.0
1607150617 5.1
1607150618 5.3
1607150619 5.5
1607150620 5.7
1607150621 5.8
1607150622 5.9
1607150623 5.9
1607150624 5.9
1607150625 6.0
1607150626 6.0
1607150627 6.0
1607150628 6.1
1607150629 5.9
1607150630 5.6
1607150631 5.5
1607150632 5.4
1607150633 5.4
1607150634 5.6
1607150635 5.7
1607150636 5.8
1607150637 5.9
1607150638 5.9
1607150639 6.0
1607150640 6.0
1607150641 6.1
1607150642 6.1
1607150643 6.1
1607150644 6.1
1607150645 6.1
1607150646 6.2
1607150647 6.1
1607150648 6.2
1607150649 6.1
1607150650 6.2
1607150651 6.2
1607150652 6.2
1607150653 6.2
1607150654 6.0
1607150655 5.7
1607150656 5.4
1607150657 5.2
1607150658 5.0
1607150659 4.7
1607150660 4.9
1607150661 4.9
1607150662 4.7
1607150663 4.7
1607150664 5.0
1607150665 5.0
1607150666 5.0
1607150667 5.3
1607150668 5.4
1607150669 5.3
1607150671 5.0
1607150678 5.5
1607150679 5.6
1607150680 5.7
1607150681 5.8
1607150682 5.8
1607150683 5.9
1607150684 6.0
1607150685 6.1
1607150686 6.2
1607150687 6.2
1607150688 6.2
1607150689 6.3
1607150690 6.3
1607150691 6.3
1607150692 6.3
1607150693 6.3
1607150694 6.3
1607150695 6.3
1607150696 6.3
1607150697 6.3
1607150698 6.3
1607150699 6.3
1607150700 6.3
1607150701 6.3
1607150702 6.3
1607150703 6.2
1607150704 6.2
1607150705 6.1
1607150706 6.1
1607150707 6.0
1607150708 6.0
1607150709 6.0
1607150710 6.1
1607150711 6.0
1607150712 5.9
1607150713 5.9
1607150714 5.9
1607150715 6.0
1607150716 6.0
1607150717 6.0
1607150718 6.0
1607150719 6.0
1607150720 5.9
1607150721 5.9
1607150722 5.9
1607150723 5.9
1607150724 5.9
1607150725 5.8
1607150726 5.8
1607150727 5.9
1607150728 5.9
1607150729 5.9
1607150730 5.8
1607150731 5.8
1607150732 5.8
1607150733 5.9
1607150734 6.0
1607150735 5.8
1607150736 5.5
1607150737 5.2
1607150738 5.1
1607150739 5.2
1607150740 5.4
1607150741 5.5
1607150742 5.5
1607150743 5.3
1607150744 5.0
1607150745 4.9
1607150746 4.8
1607150747 5.0
1607150748 5.3
1607150749 5.5
1607150750 5.6
1607150751 5.7
1607150752 5.9
1607150753 5.9
1607150754 6.0
1607150755 6.0
1607150756 6.0
1607150757 5.7
1607150758 5.4
1607150759 5.2
1607150760 4.9
1607150761 5.1
1607150762 5.4
1607150763 5.5
1607150764 5.7
1607150765 5.9
1607150766 6.0
1607150767 6.1
1607150768 6.1
1607150769 6.1
1607150770 6.1
1607150771 6.2
1607150772 6.2
1607150773 6.2
1607150774 6.2
1607150775 6.2
1607150776 6.2
1607150777 6.3
1607150778 6.3
1607150779 6.3
1607150780 6.3
1607150781 6.2
1607150782 6.1
1607150783 5.9
1607150784 5.8
1607150785 5.6
1607150786 5.5
1607150787 5.7
1607150788 5.8
1607150789 5.8
1607150790 5.9
1607150791 6.0
1607150792 6.0
1607150793 6.0
1607150794 6.1
1607150795 6.1
1607150796 6.1
1607150797 6.1
1607150798 6.1
1607150799 6.1
1607150800 6.1
1607150801 6.0
1607150802 5.7
1607150803 5.5
1607150804 5.6
1607150805 5.4
1607150806 5.5
1607150807 5.6
1607150808 5.7
1607150809 5.8
1607150810 5.9
1607150811 6.0
1607150812 6.0
1607150813 6.0
1607150814 6.0
1607150815 6.0
1607150816 6.1
1607150817 6.1
1607150818 6.1
1607150819 6.1
1607150820 6.1
1607150821 6.1
1607150822 6.1
1607150823 6.1
1607150824 6.1
1607150825 6.0
1607150826 6.0
1607150827 6.0
1607150828 6.0
1607150829 5.9
1607150830 5.9
1607150831 5.9
1607150832 5.9
1607150833 5.9
1607150834 5.8
1607150835 5.6
1607150836 5.4
1607150837 5.1
1607150838 5.0
1607150839 5.0
1607150840 5.1
1607150841 5.4
1607150842 5.5
1607150843 5.7
1607150844 5.7
1607150845 5.8
1607150846 5.9
1607150847 5.9
1607150848 6.0
1607150849 6.0
1607150850 6.1
1607150851 5.9
1607150852 5.7
1607150853 5.5
1607150854 5.3
1607150855 5.3
1607150856 5.4
1607150857 5.6
1607150858 5.7
1607150859 5.8
1607150860 5.8
1607150861 5.9
1607150862 5.9
1607150863 5.6
1607150864 5.5
1607150865 5.5
1607150866 5.4
1607150867 5.3
1607150868 5.6
1607150869 5.7
1607150870 5.7
1607150871 5.8
1607150872 5.9
1607150873 5.9
1607150874 6.0
1607150875 6.0
1607150876 6.0
1607150877 6.0
1607150878 6.0
1607150879 5.9
1607150880 5.7
1607150881 5.5
1607150882 5.3
1607150883 5.1
1607150884 5.2
1607150885 5.4
1607150886 5.6
1607150887 5.7
1607150888 5.8
1607150889 5.9
1607150890 5.9
1607150891 6.0
1607150892 6.0
1607150893 6.0
1607150894 6.0
1607150895 5.9
1607150896 5.6
1607150897 5.4
1607150898 5.2
1607150899 5.1
1607150900 5.0
1607150901 4.8
1607150902 4.7
1607150903 4.6
1607150904 4.7
1607150905 4.9
1607150906 4.9
1607150907 4.9
1607150908 5.0
1607150911 5.3