1607116830 5.4
1607116837 5.6
1607116838 5.8
1607116839 5.8
1607116840 5.9
1607116841 5.9
1607116842 5.9
1607116843 6.0
1607116844 6.0
1607116845 6.1
1607116846 6.1
1607116847 6.1
1607116848 6.2
1607116849 6.2
1607116850 6.2
1607116851 6.2
1607116852 6.3
1607116853 6.2
1607116854 6.2
1607116855 6.3
1607116856 6.3
1607116857 6.1
1607116858 5.8
1607116859 5.5
1607116860 5.3
1607116861 5.2
1607116862 5.4
1607116863 5.6
1607116864 5.4
1607116865 5.2
1607116866 5.0
1607116867 5.0
1607116868 4.9
1607116869 5.2
1607116870 5.5
1607116871 5.6
1607116872 5.8
1607116873 5.9
1607116874 5.9
1607116875 6.0
1607116876 6.1
1607116877 6.1
1607116878 6.1
1607116879 6.1
1607116880 6.0
1607116881 5.7
1607116882 5.6
1607116883 5.5
1607116884 5.4
1607116885 5.5
1607116886 5.7
1607116887 5.8
1607116888 5.9
1607116889 6.0
1607116890 6.0
1607116891 6.1
1607116892 6.1
1607116893 6.2
1607116894 6.2
1607116895 6.2
1607116896 6.2
1607116897 6.2
1607116898 6.2
1607116899 6.2
1607116900 6.2
1607116901 6.2
1607116902 6.2
1607116903 6.2
1607116904 6.2
1607116905 6.2
1607116906 6.2
1607116907 6.1
1607116908 6.1
1607116909 6.1
1607116910 6.0
1607116911 6.1
1607116912 6.1
1607116913 6.1
1607116914 6.0
1607116915 6.0
1607116916 6.0
1607116917 6.0
1607116918 5.9
1607116919 5.9
1607116920 5.9
1607116921 5.8
1607116922 5.8
1607116923 5.5
1607116924 5.3
1607116925 5.0
1607116926 4.8
1607116927 5.0
1607116928 5.2
1607116929 5.4
1607116930 5.6
1607116931 5.7
1607116932 5.8
1607116933 5.9
1607116934 5.8
1607116935 5.7
1607116936 5.4
1607116937 5.2
1607116938 5.0
1607116939 5.3
1607116940 5.5
1607116941 5.7
1607116942 5.8
1607116943 5.8
1607116944 5.9
1607116945 6.0
1607116946 6.1
1607116947 6.1
1607116948 5.9
1607116949 5.6
1607116950 5.4
1607116951 5.1
1607116952 5.3
1607116953 5.5
1607116954 5.6
1607116955 5.8
1607116956 5.9
1607116957 6.0
1607116958 6.0
1607116959 6.0
1607116960 6.1
1607116961 6.1
1607116962 6.1
1607116963 6.1
1607116964 6.2
1607116965 6.2
1607116966 6.1
1607116967 6.2
1607116968 6.1
1607116969 6.1
1607116970 6.1
1607116971 6.1
1607116972 6.0
1607116973 6.0
1607116974 6.0
1607116975 6.0
1607116976 5.9
1607116977 5.9
1607116978 5.8
1607116979 5.9
1607116980 5.9
1607116981 5.8
1607116982 5.8
1607116983 5.8
1607116984 5.8
1607116985 5.8
1607116986 5.8
1607116987 5.8
1607116988 5.8
1607116989 5.8
1607116990 5.8
1607116991 5.8
1607116992 5.8
1607116993 5.8
1607116994 5.8
1607116995 5.8
1607116996 5.8
1607116997 5.8
1607116998 5.9
1607116999 5.8
1607117000 5.5
1607117001 5.2
1607117002 5.0
1607117003 4.9
1607117004 5.1
1607117005 5.3
1607117006 5.5
1607117007 5.7
1607117008 5.8
1607117009 6.0
1607117010 6.0
1607117011 6.1
1607117012 6.1
1607117013 6.1
1607117014 6.1
1607117015 6.1
1607117016 6.1
1607117017 5.9
1607117018 5.7
1607117019 5.4
1607117020 5.2
1607117021 5.3
1607117022 5.5
1607117023 5.7
1607117024 5.8
1607117025 5.9
1607117026 6.0
1607117027 6.0
1607117028 6.1
1607117029 6.1
1607117030 6.1
1607117031 6.1
1607117032 6.2
1607117033 6.2
1607117034 6.2
1607117035 6.1
1607117036 5.9
1607117037 5.6
1607117038 5.3
1607117039 5.1
1607117040 5.3
1607117041 5.4
1607117042 5.6
1607117043 5.7
1607117044 5.8
1607117045 5.9
1607117046 5.9
1607117047 6.0
1607117048 6.0
1607117049 6.0
1607117050 6.0
1607117051 6.0
1607117052 5.8
1607117053 5.6
1607117054 5.5
1607117055 5.4
1607117056 5.2
1607117057 4.9
1607117058 4.7
1607117059 4.5
1607117060 4.4
1607117061 4.2
1607117062 4.6
1607117063 4.7
1607117064 4.6
1607117065 4.9
1607117067 5.0