1607119788 3.7
1607119795 5.1
1607119796 5.3
1607119797 5.6
1607119798 5.9
1607119799 6.0
1607119800 6.2
1607119801 6.5
1607119802 6.7
1607119803 6.9
1607119804 7.0
1607119805 7.1
1607119806 7.2
1607119807 7.2
1607119808 7.2
1607119809 7.3
1607119810 7.3
1607119811 7.3
1607119812 7.4
1607119813 7.4
1607119814 7.2
1607119815 6.8
1607119816 6.4
1607119817 6.0
1607119818 5.6
1607119819 5.7
1607119820 6.0
1607119821 6.3
1607119822 6.5
1607119823 6.8
1607119824 6.9
1607119825 7.0
1607119826 7.2
1607119827 7.3
1607119828 7.4
1607119829 7.5
1607119830 7.5
1607119831 7.6
1607119832 7.6
1607119833 7.7
1607119834 7.7
1607119835 7.8
1607119836 7.7
1607119837 7.8
1607119838 7.8
1607119839 7.8
1607119840 7.4
1607119841 7.0
1607119842 6.6
1607119843 6.2
1607119844 6.2
1607119845 6.5
1607119846 6.8
1607119847 7.0
1607119848 7.2
1607119849 7.4
1607119850 7.3
1607119851 7.0
1607119852 6.6
1607119853 6.2
1607119854 5.8
1607119855 5.9
1607119856 6.2
1607119857 6.5
1607119858 6.8
1607119859 7.0
1607119860 7.2
1607119861 7.4
1607119862 7.5
1607119863 7.6
1607119864 7.6
1607119865 7.7
1607119866 7.7
1607119867 7.7
1607119868 7.7
1607119869 7.4
1607119870 7.0
1607119871 6.6
1607119872 6.2
1607119873 5.9
1607119874 6.2
1607119875 6.5
1607119876 6.7
1607119877 6.9
1607119878 7.0
1607119879 7.1
1607119880 7.1
1607119881 7.2
1607119882 7.2
1607119883 7.3
1607119884 7.3
1607119885 7.3
1607119886 7.3
1607119887 7.3
1607119888 7.3
1607119889 7.3
1607119890 7.3
1607119891 7.2
1607119892 7.2
1607119893 7.1
1607119894 7.0
1607119895 6.9
1607119896 6.9
1607119897 6.9
1607119898 6.8
1607119899 6.8
1607119900 6.7
1607119901 6.6
1607119902 6.6
1607119903 6.7
1607119904 6.7
1607119905 6.6
1607119906 6.7
1607119907 6.7
1607119908 6.7
1607119909 6.7
1607119910 6.7
1607119911 6.7
1607119912 6.6
1607119913 6.5
1607119914 6.5
1607119915 6.5
1607119916 6.5
1607119917 6.4
1607119918 6.4
1607119919 6.4
1607119920 6.4
1607119921 6.5
1607119922 6.5
1607119923 6.1
1607119924 5.7
1607119925 5.4
1607119926 5.3
1607119927 5.6
1607119928 5.8
1607119929 6.1
1607119930 6.2
1607119931 6.3
1607119932 6.4
1607119933 6.4
1607119934 6.5
1607119935 6.5
1607119936 6.5
1607119937 6.5
1607119938 6.5
1607119939 6.6
1607119940 6.2
1607119941 5.9
1607119942 5.7
1607119943 5.5
1607119944 5.5
1607119945 5.8
1607119946 6.0
1607119947 6.2
1607119948 6.3
1607119949 6.4
1607119950 6.5
1607119951 6.5
1607119952 6.6
1607119953 6.6
1607119954 6.6
1607119955 6.4
1607119956 6.0
1607119957 5.7
1607119958 5.4
1607119959 5.4
1607119960 5.6
1607119961 5.8
1607119962 6.0
1607119963 6.1
1607119964 6.3
1607119965 6.3
1607119966 6.4
1607119967 6.4
1607119968 6.5
1607119969 6.5
1607119970 6.6
1607119971 6.6
1607119972 6.7
1607119973 6.6
1607119974 6.6
1607119975 6.6
1607119976 6.6
1607119977 6.6
1607119978 6.6
1607119979 6.6
1607119980 6.5
1607119981 6.5
1607119982 6.4
1607119983 6.4
1607119984 6.4
1607119985 6.4
1607119986 6.5
1607119987 6.5
1607119988 6.3
1607119989 6.1
1607119990 6.0
1607119991 5.7
1607119992 5.5
1607119993 5.8
1607119994 5.9
1607119995 5.6
1607119996 5.4
1607119997 5.1
1607119998 4.9
1607119999 4.9
1607120000 5.3
1607120001 5.5
1607120002 5.7
1607120003 5.9
1607120004 5.9
1607120005 6.0
1607120006 6.1
1607120007 6.1
1607120008 6.2
1607120009 6.1
1607120010 5.9
1607120011 5.5
1607120012 5.2
1607120013 5.0
1607120014 4.8
1607120015 4.6
1607120016 4.4
1607120017 4.3
1607120018 4.3
1607120019 4.6
1607120020 4.5
1607120021 4.6
1607120022 5.1
1607120023 5.2
1607120024 5.2
1607120026 4.8
1607120033 6.0
1607120034 6.2
1607120035 6.3
1607120036 6.4
1607120037 6.4
1607120038 6.5
1607120039 6.6
1607120040 6.6
1607120041 6.7
1607120042 6.6
1607120043 6.6
1607120044 6.3
1607120045 6.3
1607120046 6.0
1607120047 5.8
1607120048 5.6
1607120049 5.8
1607120050 6.0
1607120051 6.1
1607120052 6.2
1607120053 6.3
1607120054 6.4
1607120055 6.4
1607120056 6.4
1607120057 6.5
1607120058 6.4
1607120059 6.4
1607120060 6.4
1607120061 6.1
1607120062 5.7
1607120063 5.4
1607120064 5.1
1607120065 5.2
1607120066 5.5
1607120067 5.7
1607120068 6.0
1607120069 6.2
1607120070 6.3
1607120071 6.3
1607120072 6.4
1607120073 6.4
1607120074 6.5
1607120075 6.5
1607120076 6.6
1607120077 6.5
1607120078 6.5
1607120079 6.5
1607120080 6.5
1607120081 6.5
1607120082 6.5
1607120083 6.5
1607120084 6.5
1607120085 6.5
1607120086 6.2
1607120087 5.9
1607120088 5.6
1607120089 5.3
1607120090 5.4
1607120091 5.7
1607120092 5.8
1607120093 6.0
1607120094 6.1
1607120095 6.2
1607120096 6.2
1607120097 6.3
1607120098 6.3
1607120099 6.3
1607120100 6.3
1607120101 6.3
1607120102 6.2
1607120103 5.9
1607120104 5.8
1607120105 5.6
1607120106 5.4
1607120107 5.6
1607120108 5.8
1607120109 5.9
1607120110 5.9
1607120111 6.0
1607120112 6.0
1607120113 6.0
1607120114 6.1
1607120115 6.2
1607120116 6.2
1607120117 6.2
1607120118 6.2
1607120119 6.3
1607120120 6.3
1607120121 6.2
1607120122 6.2
1607120123 6.3
1607120124 6.3
1607120125 6.3
1607120126 6.3
1607120127 6.3
1607120128 6.3
1607120129 6.3
1607120130 6.3
1607120131 6.3
1607120132 6.3
1607120133 6.3
1607120134 6.3
1607120135 6.1
1607120136 5.9
1607120137 5.7
1607120138 5.6
1607120139 5.6
1607120140 5.7
1607120141 5.8
1607120142 5.9
1607120143 5.9
1607120144 6.0
1607120145 6.0
1607120146 6.0
1607120147 5.8
1607120148 5.5
1607120149 5.2
1607120150 5.1
1607120151 5.1
1607120152 5.4
1607120153 5.5
1607120154 5.7
1607120155 5.8
1607120156 5.8
1607120157 6.0
1607120158 6.0
1607120159 6.1
1607120160 6.2
1607120161 6.2
1607120162 6.2
1607120163 6.2
1607120164 6.0
1607120165 5.9
1607120166 5.6
1607120167 5.3
1607120168 5.4
1607120169 5.6
1607120170 5.8
1607120171 5.8
1607120172 5.9
1607120173 6.0
1607120174 6.0
1607120175 6.1
1607120176 6.1
1607120177 6.1
1607120178 6.1
1607120179 6.1
1607120180 6.2
1607120181 6.1
1607120182 6.1
1607120183 6.2
1607120184 6.0
1607120185 5.8
1607120186 5.5
1607120187 5.2
1607120188 4.9
1607120189 5.2
1607120190 5.4
1607120191 5.6
1607120192 5.7
1607120193 5.8
1607120194 5.9
1607120195 6.0
1607120196 6.0
1607120197 6.0
1607120198 6.0
1607120199 5.8
1607120200 5.5
1607120201 5.2
1607120202 4.9
1607120203 4.9
1607120204 5.2
1607120205 5.4
1607120206 5.5
1607120207 5.7
1607120208 5.8
1607120209 5.9
1607120210 6.0
1607120211 6.1
1607120212 6.1
1607120213 6.1
1607120214 6.1
1607120215 6.1
1607120216 6.1
1607120217 6.2
1607120218 6.1
1607120219 6.2
1607120220 6.1
1607120221 6.2
1607120222 6.2
1607120223 6.2
1607120224 6.3
1607120225 6.2
1607120226 6.2
1607120227 6.1
1607120228 6.1
1607120229 6.1
1607120230 6.1
1607120231 6.0
1607120232 6.0
1607120233 5.9
1607120234 6.0
1607120235 6.0
1607120236 6.0
1607120237 6.0
1607120238 6.0
1607120239 6.0
1607120240 6.0
1607120241 6.0
1607120242 6.0
1607120243 5.9
1607120244 5.9
1607120245 5.9
1607120246 5.9
1607120247 5.9
1607120248 5.9
1607120249 5.9
1607120250 5.9
1607120251 5.8
1607120252 5.8
1607120253 5.9
1607120254 5.9
1607120255 5.7
1607120256 5.4
1607120257 5.1
1607120258 4.9
1607120259 4.9
1607120260 4.9
1607120261 4.8
1607120262 4.6
1607120263 4.4
1607120264 4.4
1607120265 4.7
1607120266 4.7
1607120267 4.7
1607120268 5.1
1607120269 5.2
1607120270 5.2
1607120272 4.9