1607129228 3.6
1607129229 3.5
1607129230 3.4
1607129231 3.8
1607129232 4.2
1607129233 4.7
1607129234 5.0
1607129235 5.3
1607129236 5.7
1607129237 5.9
1607129238 6.1
1607129239 6.3
1607129240 6.5
1607129241 6.7
1607129242 6.9
1607129243 7.0
1607129244 7.2
1607129245 7.2
1607129246 7.3
1607129247 7.4
1607129248 7.5
1607129249 7.5
1607129250 7.5
1607129251 7.5
1607129252 7.6
1607129253 7.4
1607129254 6.9
1607129255 6.6
1607129256 6.2
1607129257 5.8
1607129258 5.8
1607129259 6.1
1607129260 6.4
1607129261 6.6
1607129262 6.8
1607129263 6.8
1607129264 6.9
1607129265 7.1
1607129266 7.2
1607129267 7.3
1607129268 7.3
1607129269 6.9
1607129270 6.6
1607129271 6.2
1607129272 5.8
1607129273 5.6
1607129274 5.9
1607129275 5.9
1607129276 5.8
1607129277 5.5
1607129278 5.4
1607129279 5.2
1607129280 5.2
1607129281 5.6
1607129282 5.9
1607129283 6.1
1607129284 6.2
1607129285 6.4
1607129286 6.6
1607129287 6.8
1607129288 6.9
1607129289 7.1
1607129290 6.8
1607129291 6.5
1607129292 6.2
1607129293 5.9
1607129294 6.1
1607129295 6.5
1607129296 6.7
1607129297 7.0
1607129298 7.2
1607129299 7.4
1607129300 7.4
1607129301 7.5
1607129302 7.6
1607129303 7.8
1607129304 7.9
1607129305 7.9
1607129306 7.9
1607129307 8.0
1607129308 8.0
1607129309 8.0
1607129310 8.0
1607129311 8.1
1607129312 8.0
1607129313 7.7
1607129314 7.4
1607129315 6.8
1607129316 6.4
1607129317 6.0
1607129318 6.3
1607129319 6.6
1607129320 6.8
1607129321 7.0
1607129322 7.1
1607129323 7.2
1607129324 7.3
1607129325 7.4
1607129326 7.4
1607129327 7.5
1607129328 7.5
1607129329 7.5
1607129330 7.6
1607129331 7.6
1607129332 7.4
1607129333 7.0
1607129334 6.7
1607129335 6.3
1607129336 5.9
1607129337 6.0
1607129338 6.3
1607129339 6.4
1607129340 6.6
1607129341 6.8
1607129342 6.9
1607129343 6.7
1607129344 6.4
1607129345 6.1
1607129346 5.8
1607129347 5.5
1607129348 5.6
1607129349 6.0
1607129350 6.2
1607129351 6.4
1607129352 6.6
1607129353 6.7
1607129354 6.8
1607129355 6.9
1607129356 6.9
1607129357 6.6
1607129358 6.3
1607129359 6.2
1607129360 6.0
1607129361 5.8
1607129362 6.1
1607129363 6.4
1607129364 6.5
1607129365 6.6
1607129366 6.8
1607129367 6.8
1607129368 6.9
1607129369 7.0
1607129370 6.9
1607129371 6.9
1607129372 6.8
1607129373 6.6
1607129374 6.3
1607129375 5.9
1607129376 5.6
1607129377 5.7
1607129378 6.0
1607129379 6.2
1607129380 6.4
1607129381 6.5
1607129382 6.6
1607129383 6.6
1607129384 6.7
1607129385 6.8
1607129386 6.8
1607129387 6.8
1607129388 6.9
1607129389 6.9
1607129390 6.9
1607129391 6.9
1607129392 6.9
1607129393 6.8
1607129394 6.8
1607129395 6.8
1607129396 6.7
1607129397 6.6
1607129398 6.5
1607129399 6.5
1607129400 6.6
1607129401 6.5
1607129402 6.5
1607129403 6.4
1607129404 6.4
1607129405 6.4
1607129406 6.4
1607129407 6.5
1607129408 6.4
1607129409 6.3
1607129410 6.3
1607129411 6.3
1607129412 6.4
1607129413 6.4
1607129414 6.3
1607129415 6.3
1607129416 6.3
1607129417 6.2
1607129418 6.3
1607129419 6.4
1607129420 6.3
1607129421 6.3
1607129422 6.4
1607129423 6.4
1607129424 6.4
1607129425 6.3
1607129426 5.9
1607129427 5.6
1607129428 5.3
1607129429 5.1
1607129430 5.4
1607129431 5.7
1607129432 5.9
1607129433 6.0
1607129434 6.2
1607129435 6.3
1607129436 6.4
1607129437 6.4
1607129438 6.5
1607129439 6.6
1607129440 6.6
1607129441 6.6
1607129442 6.6
1607129443 6.6
1607129444 6.6
1607129445 6.7
1607129446 6.5
1607129447 6.2
1607129448 6.0
1607129449 5.9
1607129450 5.8
1607129451 5.7
1607129452 5.6
1607129453 5.5
1607129454 5.7
1607129455 5.6
1607129456 5.5
1607129457 5.7
1607129459 5.7
1607129466 5.4