1607102470 3.8
1607102471 3.6
1607102472 3.5
1607102473 3.8
1607102474 4.3
1607102475 4.6
1607102476 5.0
1607102477 5.3
1607102478 5.5
1607102479 5.8
1607102480 6.0
1607102481 6.2
1607102482 6.4
1607102483 6.6
1607102484 6.8
1607102485 7.0
1607102486 7.1
1607102487 6.7
1607102488 6.4
1607102489 5.9
1607102490 5.6
1607102491 5.3
1607102492 5.6
1607102493 5.9
1607102494 6.2
1607102495 6.4
1607102496 6.6
1607102497 6.7
1607102498 6.9
1607102499 7.0
1607102500 7.1
1607102501 7.1
1607102502 7.1
1607102503 6.7
1607102504 6.4
1607102505 6.1
1607102506 5.7
1607102507 5.6
1607102508 5.9
1607102509 6.2
1607102510 6.4
1607102511 6.6
1607102512 6.7
1607102513 6.8
1607102514 6.9
1607102515 7.1
1607102516 7.3
1607102517 7.2
1607102518 6.9
1607102519 6.6
1607102520 6.2
1607102521 6.1
1607102522 6.3
1607102523 6.6
1607102524 6.8
1607102525 7.1
1607102526 7.3
1607102527 7.4
1607102528 7.5
1607102529 7.6
1607102530 7.7
1607102531 7.8
1607102532 7.8
1607102533 7.9
1607102534 8.0
1607102535 8.0
1607102536 8.0
1607102537 8.0
1607102538 8.0
1607102539 8.0
1607102540 8.0
1607102541 8.0
1607102542 7.6
1607102543 7.2
1607102544 6.7
1607102545 6.3
1607102546 6.0
1607102547 6.3
1607102548 6.6
1607102549 6.8
1607102550 7.1
1607102551 7.2
1607102552 7.3
1607102553 7.3
1607102554 7.4
1607102555 7.5
1607102556 7.5
1607102557 7.5
1607102558 7.5
1607102559 7.5
1607102560 7.5
1607102561 7.4
1607102562 7.4
1607102563 7.4
1607102564 7.3
1607102565 7.1
1607102566 7.0
1607102567 6.9
1607102568 7.0
1607102569 6.9
1607102570 6.8
1607102571 6.7
1607102572 6.7
1607102573 6.7
1607102574 6.7
1607102575 6.7
1607102576 6.7
1607102577 6.6
1607102578 6.6
1607102579 6.6
1607102580 6.6
1607102581 6.6
1607102582 6.6
1607102583 6.6
1607102584 6.6
1607102585 6.6
1607102586 6.6
1607102587 6.6
1607102588 6.6
1607102589 6.6
1607102590 6.5
1607102591 6.5
1607102592 6.6
1607102593 6.5
1607102594 6.2
1607102595 6.0
1607102596 5.7
1607102597 5.5
1607102598 5.8
1607102599 6.0
1607102600 6.2
1607102601 6.4
1607102602 6.4
1607102603 6.5
1607102604 6.5
1607102605 6.6
1607102606 6.7
1607102607 6.7
1607102608 6.7
1607102609 6.7
1607102610 6.8
1607102611 6.8
1607102612 6.8
1607102613 6.8
1607102614 6.8
1607102615 6.8
1607102616 6.7
1607102617 6.7
1607102618 6.8
1607102619 6.7
1607102620 6.6
1607102621 6.6
1607102622 6.6
1607102623 6.6
1607102624 6.6
1607102625 6.6
1607102626 6.5
1607102627 6.2
1607102628 5.9
1607102629 5.6
1607102630 5.3
1607102631 5.4
1607102632 5.7
1607102633 5.8
1607102634 5.9
1607102635 6.0
1607102636 6.1
1607102637 6.2
1607102638 6.2
1607102639 5.9
1607102640 5.6
1607102641 5.4
1607102642 5.2
1607102643 5.1
1607102644 5.5
1607102645 5.8
1607102646 6.0
1607102647 6.1
1607102648 6.2
1607102649 6.3
1607102650 6.3
1607102651 6.3
1607102652 6.4
1607102653 6.4
1607102654 6.4
1607102655 6.5
1607102656 6.3
1607102657 6.1
1607102658 5.8
1607102659 5.5
1607102660 5.3
1607102661 5.6
1607102662 5.9
1607102663 6.0
1607102664 6.1
1607102665 6.2
1607102666 6.2
1607102667 6.3
1607102668 6.3
1607102669 6.4
1607102670 6.4
1607102671 6.5
1607102672 6.2
1607102673 6.0
1607102674 5.8
1607102675 5.6
1607102676 5.3
1607102677 5.6
1607102678 5.8
1607102679 6.0
1607102680 6.1
1607102681 6.2
1607102682 6.2
1607102683 6.3
1607102684 6.3
1607102685 6.3
1607102686 6.4
1607102687 6.4
1607102688 6.5
1607102689 6.4
1607102690 6.4
1607102691 6.5
1607102692 6.4
1607102693 6.1
1607102694 5.9
1607102695 5.7
1607102696 5.4
1607102697 5.1
1607102698 4.9
1607102699 4.7
1607102700 4.6
1607102701 4.6
1607102702 4.7
1607102703 4.9
1607102704 4.8
1607102705 4.8
1607102708 5.3
1607102710 5.2