1607110924 3.9
1607110925 3.9
1607110926 3.8
1607110927 4.0
1607110928 4.4
1607110929 4.8
1607110930 5.2
1607110931 5.5
1607110932 5.8
1607110933 6.1
1607110934 6.3
1607110935 6.5
1607110936 6.7
1607110937 6.9
1607110938 7.1
1607110939 7.3
1607110940 7.5
1607110941 7.6
1607110942 7.7
1607110943 7.7
1607110944 7.7
1607110945 7.7
1607110946 7.8
1607110947 7.9
1607110948 7.9
1607110949 7.8
1607110950 7.4
1607110951 6.9
1607110952 6.4
1607110953 6.0
1607110954 5.9
1607110955 6.2
1607110956 6.5
1607110957 6.8
1607110958 7.0
1607110959 7.2
1607110960 7.3
1607110961 7.5
1607110962 7.6
1607110963 7.6
1607110964 7.7
1607110965 7.7
1607110966 7.7
1607110967 7.7
1607110968 7.7
1607110969 7.8
1607110970 7.7
1607110971 7.7
1607110972 7.5
1607110973 7.5
1607110974 7.3
1607110975 7.4
1607110976 7.3
1607110977 7.2
1607110978 7.0
1607110979 7.0
1607110980 7.0
1607110981 7.0
1607110982 7.0
1607110983 7.0
1607110984 6.9
1607110985 6.8
1607110986 6.8
1607110987 6.6
1607110988 6.4
1607110989 6.0
1607110990 5.8
1607110991 5.7
1607110992 5.8
1607110993 5.6
1607110994 5.4
1607110995 5.1
1607110996 5.3
1607110997 5.2
1607110998 5.3
1607110999 5.3
1607111000 5.1
1607111001 5.2
1607111002 5.0
1607111003 4.8
1607111004 4.9
1607111005 4.8
1607111006 4.6
1607111007 4.4
1607111008 4.3
1607111009 4.2
1607111010 4.4
1607111011 4.4
1607111012 4.3
1607111013 4.3
1607111014 4.2
1607111015 4.1
1607111016 4.3
1607111017 4.5
1607111018 4.7
1607111019 4.6
1607111020 4.5
1607111021 4.3
1607111022 4.5
1607111023 5.0
1607111024 5.4
1607111025 5.9
1607111026 6.2
1607111027 6.4
1607111028 6.6
1607111029 6.7
1607111030 6.8
1607111031 6.9
1607111032 7.0
1607111033 7.1
1607111034 7.1
1607111035 7.1
1607111036 7.1
1607111037 6.9
1607111038 6.6
1607111039 6.3
1607111040 6.0
1607111041 5.9
1607111042 6.0
1607111043 6.3
1607111044 6.4
1607111045 6.5
1607111046 6.6
1607111047 6.6
1607111048 6.5
1607111049 6.2
1607111050 5.8
1607111051 5.5
1607111052 5.3
1607111053 5.4
1607111054 5.7
1607111055 5.6
1607111056 5.4
1607111057 5.2
1607111058 5.2
1607111059 5.0
1607111060 5.2
1607111061 5.5
1607111062 5.8
1607111063 6.1
1607111064 6.2
1607111065 6.3
1607111066 6.5
1607111067 6.6
1607111068 6.6
1607111069 6.6
1607111070 6.5
1607111071 6.1
1607111072 6.0
1607111073 5.8
1607111074 5.4
1607111075 5.6
1607111076 5.8
1607111077 6.0
1607111078 6.1
1607111079 6.2
1607111080 6.3
1607111081 6.4
1607111082 6.5
1607111083 6.5
1607111084 6.6
1607111085 6.5
1607111086 6.3
1607111087 6.2
1607111088 5.9
1607111089 5.9
1607111090 6.1
1607111091 6.2
1607111092 6.3
1607111093 6.4
1607111094 6.5
1607111095 6.5
1607111096 6.5
1607111097 6.5
1607111098 6.6
1607111099 6.6
1607111100 6.6
1607111101 6.6
1607111102 6.3
1607111103 6.0
1607111104 5.7
1607111105 5.4
1607111106 5.3
1607111107 5.5
1607111108 5.7
1607111109 5.9
1607111110 6.1
1607111111 6.2
1607111112 6.3
1607111113 6.3
1607111114 6.3
1607111115 6.4
1607111116 6.4
1607111117 6.4
1607111118 6.4
1607111119 6.4
1607111120 6.4
1607111121 6.4
1607111122 6.4
1607111123 6.3
1607111124 6.3
1607111125 6.3
1607111126 6.4
1607111127 6.4
1607111128 6.3
1607111129 6.3
1607111130 6.1
1607111131 5.9
1607111132 5.7
1607111133 5.4
1607111134 5.6
1607111135 5.8
1607111136 5.9
1607111137 5.9
1607111138 6.0
1607111139 6.0
1607111140 6.0
1607111141 6.1
1607111142 6.1
1607111143 6.2
1607111144 6.0
1607111145 5.9
1607111146 5.6
1607111147 5.4
1607111148 5.1
1607111149 4.9
1607111150 4.7
1607111151 4.6
1607111152 4.5
1607111153 4.7
1607111154 4.9
1607111155 4.8
1607111156 4.8
1607111158 5.3
1607111160 4.9