1607069497 5.1
1607069498 4.8
1607069499 4.7
1607069500 4.9
1607069501 5.1
1607069502 5.3
1607069503 5.4
1607069504 5.5
1607069505 5.6
1607069506 5.7
1607069507 5.8
1607069508 5.9
1607069509 6.0
1607069510 6.0
1607069511 6.1
1607069512 6.1
1607069513 6.1
1607069514 6.1
1607069515 6.1
1607069516 5.9
1607069517 5.7
1607069518 5.6
1607069519 5.4
1607069520 5.2
1607069521 5.5
1607069522 5.6
1607069523 5.7
1607069524 5.8
1607069525 5.8
1607069526 5.9
1607069527 5.9
1607069528 5.9
1607069529 5.9
1607069530 6.0
1607069531 6.0
1607069532 6.0
1607069533 6.0
1607069534 6.0
1607069535 6.0
1607069536 6.0
1607069537 5.9
1607069538 5.7
1607069539 5.4
1607069540 5.1
1607069541 4.9
1607069542 5.0
1607069543 5.2
1607069544 5.4
1607069545 5.5
1607069546 5.6
1607069547 5.7
1607069548 5.7
1607069549 5.8
1607069550 5.8
1607069551 5.9
1607069552 6.0
1607069553 5.9
1607069554 5.6
1607069555 5.4
1607069556 5.2
1607069557 5.0
1607069558 5.3
1607069559 5.5
1607069560 5.5
1607069561 5.6
1607069562 5.7
1607069563 5.8
1607069564 5.8
1607069565 5.6
1607069566 5.5
1607069567 5.4
1607069568 5.2
1607069569 5.1
1607069570 5.5
1607069571 5.6
1607069572 5.7
1607069573 5.7
1607069574 5.8
1607069575 5.9
1607069576 5.9
1607069577 6.0
1607069578 6.0
1607069579 6.0
1607069580 6.0
1607069581 6.0
1607069582 6.0
1607069583 6.0
1607069584 6.1
1607069585 6.1
1607069586 6.1
1607069587 6.1
1607069588 6.1
1607069589 6.0
1607069590 5.9
1607069591 5.9
1607069592 5.9
1607069593 5.9
1607069594 5.9
1607069595 5.8
1607069596 5.7
1607069597 5.7
1607069598 5.7
1607069599 5.8
1607069600 5.8
1607069601 5.7
1607069602 5.7
1607069603 5.7
1607069604 5.7
1607069605 5.8
1607069606 5.8
1607069607 5.7
1607069608 5.7
1607069609 5.7
1607069610 5.7
1607069611 5.7
1607069612 5.7
1607069613 5.7
1607069614 5.6
1607069615 5.6
1607069616 5.6
1607069617 5.7
1607069618 5.7
1607069619 5.6
1607069620 5.3
1607069621 5.1
1607069622 4.9
1607069623 5.0
1607069624 5.2
1607069625 5.4
1607069626 5.5
1607069627 5.6
1607069628 5.7
1607069629 5.7
1607069630 5.8
1607069631 5.8
1607069632 5.8
1607069633 5.9
1607069634 6.0
1607069635 6.1
1607069636 6.1
1607069637 6.0
1607069638 6.0
1607069639 6.1
1607069640 6.1
1607069641 6.1
1607069642 6.1
1607069643 6.1
1607069644 6.1
1607069645 6.0
1607069646 6.0
1607069647 6.0
1607069648 6.0
1607069649 6.0
1607069650 5.9
1607069651 5.9
1607069652 5.9
1607069653 5.7
1607069654 5.5
1607069655 5.3
1607069656 5.0
1607069657 4.9
1607069658 5.1
1607069659 5.3
1607069660 5.5
1607069661 5.5
1607069662 5.6
1607069663 5.7
1607069664 5.7
1607069665 5.8
1607069666 5.8
1607069667 5.9
1607069668 5.9
1607069669 5.9
1607069670 5.9
1607069671 5.9
1607069672 5.8
1607069673 5.5
1607069674 5.3
1607069675 5.1
1607069676 5.0
1607069677 5.2
1607069678 5.4
1607069679 5.5
1607069680 5.6
1607069681 5.6
1607069682 5.7
1607069683 5.8
1607069684 5.8
1607069685 5.9
1607069686 5.9
1607069687 5.9
1607069688 5.9
1607069689 5.6
1607069690 5.3
1607069691 5.2
1607069692 5.1
1607069693 5.3
1607069694 5.4
1607069695 5.6
1607069696 5.7
1607069697 5.8
1607069698 5.9
1607069699 5.9
1607069700 5.9
1607069701 5.9
1607069702 6.0
1607069703 5.9
1607069704 5.7
1607069705 5.4
1607069706 5.1
1607069707 4.9
1607069708 5.0
1607069709 5.2
1607069710 5.3
1607069711 5.5
1607069712 5.6
1607069713 5.7
1607069714 5.7
1607069715 5.8
1607069716 5.9
1607069717 5.9
1607069718 5.9
1607069719 5.9
1607069720 6.0
1607069721 6.0
1607069722 6.0
1607069723 6.0
1607069724 6.0
1607069725 6.0
1607069726 6.0
1607069727 6.0
1607069728 6.0
1607069729 6.0
1607069730 6.0
1607069731 6.0
1607069732 5.7
1607069733 5.4
1607069734 5.3
1607069735 5.2
1607069736 5.0
1607069737 4.7
1607069738 4.6
1607069739 4.4
1607069740 4.4
1607069741 4.6
1607069742 4.7
1607069743 4.7
1607069744 4.8
1607069747 5.1
1607069749 4.8