1607152342 4.8
1607152343 4.6
1607152344 4.5
1607152345 4.7
1607152346 5.1
1607152347 5.3
1607152348 5.5
1607152349 5.6
1607152350 5.7
1607152351 5.9
1607152352 5.9
1607152353 6.0
1607152354 6.1
1607152355 6.2
1607152356 6.2
1607152357 6.3
1607152358 6.3
1607152359 6.3
1607152360 6.4
1607152361 6.3
1607152362 6.3
1607152363 6.4
1607152364 6.4
1607152365 6.4
1607152366 6.3
1607152367 6.3
1607152368 6.2
1607152369 6.2
1607152370 6.1
1607152371 5.9
1607152372 5.7
1607152373 5.4
1607152374 5.2
1607152375 5.2
1607152376 5.5
1607152377 5.4
1607152378 5.2
1607152379 5.0
1607152380 4.9
1607152381 4.8
1607152382 4.9
1607152383 5.3
1607152384 5.5
1607152385 5.7
1607152386 5.8
1607152387 5.8
1607152388 6.0
1607152389 6.0
1607152390 6.1
1607152391 6.1
1607152392 6.1
1607152393 6.1
1607152394 6.2
1607152395 6.2
1607152396 6.1
1607152397 6.2
1607152398 6.3
1607152399 6.1
1607152400 5.9
1607152401 6.0
1607152402 6.0
1607152403 6.1
1607152404 6.2
1607152405 6.2
1607152406 6.2
1607152407 6.2
1607152408 6.2
1607152409 6.2
1607152410 6.2
1607152411 6.2
1607152412 6.2
1607152413 6.2
1607152414 6.2
1607152415 6.3
1607152416 6.1
1607152417 6.0
1607152418 5.8
1607152419 5.5
1607152420 5.2
1607152421 5.4
1607152422 5.6
1607152423 5.7
1607152424 5.8
1607152425 5.8
1607152426 5.9
1607152427 5.9
1607152428 5.9
1607152429 5.7
1607152430 5.4
1607152431 5.1
1607152432 5.2
1607152433 5.4
1607152434 5.6
1607152435 5.8
1607152436 5.8
1607152437 5.9
1607152438 6.0
1607152439 6.1
1607152440 6.1
1607152441 5.8
1607152442 5.6
1607152443 5.3
1607152444 5.0
1607152445 5.0
1607152446 5.2
1607152447 5.5
1607152448 5.7
1607152449 5.8
1607152450 5.8
1607152451 5.9
1607152452 6.0
1607152453 6.1
1607152454 6.1
1607152455 6.1
1607152456 6.1
1607152457 5.8
1607152458 5.6
1607152459 5.5
1607152460 5.3
1607152461 5.3
1607152462 5.5
1607152463 5.7
1607152464 5.8
1607152465 5.9
1607152466 6.0
1607152467 6.0
1607152468 6.1
1607152469 6.1
1607152470 6.1
1607152471 6.1
1607152472 6.1
1607152473 6.2
1607152474 6.2
1607152475 6.1
1607152476 6.2
1607152477 6.2
1607152478 6.2
1607152479 6.3
1607152480 6.2
1607152481 6.2
1607152482 6.2
1607152483 6.0
1607152484 5.8
1607152485 5.5
1607152486 5.2
1607152487 5.1
1607152488 5.3
1607152489 5.5
1607152490 5.6
1607152491 5.8
1607152492 5.8
1607152493 5.9
1607152494 5.9
1607152495 6.0
1607152496 6.0
1607152497 6.0
1607152498 6.0
1607152499 6.0
1607152500 5.7
1607152501 5.5
1607152502 5.4
1607152503 5.2
1607152504 5.1
1607152505 5.3
1607152506 5.5
1607152507 5.6
1607152508 5.8
1607152509 5.9
1607152510 5.9
1607152511 6.0
1607152512 6.0
1607152513 6.1
1607152514 6.1
1607152515 6.1
1607152516 6.1
1607152517 6.1
1607152518 6.2
1607152519 6.2
1607152520 6.1
1607152521 6.1
1607152522 6.1
1607152523 6.1
1607152524 6.0
1607152525 6.0
1607152526 5.9
1607152527 6.0
1607152528 5.9
1607152529 5.9
1607152530 5.8
1607152531 5.8
1607152532 5.8
1607152533 5.9
1607152534 5.9
1607152535 5.9
1607152536 5.9
1607152537 5.9
1607152538 5.8
1607152539 5.9
1607152540 5.9
1607152541 5.9
1607152542 5.9
1607152543 6.0
1607152544 6.0
1607152545 5.9
1607152546 5.9
1607152547 5.9
1607152548 5.8
1607152549 5.8
1607152550 5.8
1607152551 5.9
1607152552 5.9
1607152553 5.7
1607152554 5.4
1607152555 5.1
1607152556 4.9
1607152557 5.0
1607152558 5.3
1607152559 5.4
1607152560 5.6
1607152561 5.7
1607152562 5.8
1607152563 5.8
1607152564 5.9
1607152565 6.0
1607152566 6.0
1607152567 5.9
1607152568 5.8
1607152569 5.5
1607152570 5.3
1607152571 5.1
1607152572 4.9
1607152573 4.8
1607152574 4.7
1607152575 4.7
1607152576 4.8
1607152577 5.0
1607152578 5.0
1607152579 4.8
1607152580 5.1
1607152583 5.2