1607118287 5.1
1607118288 4.9
1607118289 4.7
1607118290 4.8
1607118291 5.0
1607118292 5.2
1607118293 5.4
1607118294 5.5
1607118295 5.6
1607118296 5.7
1607118297 5.8
1607118298 5.8
1607118299 5.9
1607118300 5.9
1607118301 6.0
1607118302 6.0
1607118303 6.1
1607118304 6.1
1607118305 6.1
1607118306 6.2
1607118307 6.2
1607118308 6.2
1607118309 6.2
1607118310 6.2
1607118311 6.2
1607118312 6.2
1607118313 6.1
1607118314 5.8
1607118315 5.6
1607118316 5.3
1607118317 5.0
1607118318 5.1
1607118319 5.4
1607118320 5.5
1607118321 5.7
1607118322 5.8
1607118323 5.8
1607118324 5.9
1607118326 6.0
1607118328 6.1
1607118330 6.1
1607118332 6.2
1607118334 6.3
1607118336 6.1
1607118338 6.1
1607118345 6.0
