1607122709 5.2
1607122710 5.0
1607122711 4.8
1607122712 4.7
1607122713 5.0
1607122714 5.3
1607122715 5.4
1607122716 5.6
1607122717 5.7
1607122718 5.8
1607122719 5.9
1607122720 6.0
1607122721 6.0
1607122722 6.0
1607122723 6.1
1607122724 6.2
1607122725 6.3
1607122726 6.3
1607122727 6.3
1607122728 6.3
1607122729 6.3
1607122730 6.4
1607122731 6.4
1607122732 6.4
1607122733 6.4
1607122734 6.4
1607122735 6.4
1607122736 6.4
1607122737 6.3
1607122738 6.2
1607122739 5.8
1607122740 5.5
1607122741 5.3
1607122742 5.1
1607122743 5.3
1607122744 5.6
1607122745 5.6
1607122746 5.3
1607122747 5.1
1607122748 5.0
1607122749 4.9
1607122750 4.9
1607122751 5.3
1607122752 5.5
1607122753 5.7
1607122754 5.8
1607122755 5.9
1607122756 6.1
1607122757 6.1
1607122758 6.2
1607122759 6.2
1607122760 6.3
1607122761 6.3
1607122762 6.3
1607122763 6.3
1607122764 6.3
1607122765 6.3
1607122766 6.1
1607122767 5.8
1607122768 5.5
1607122769 5.2
1607122770 5.2
1607122771 5.5
1607122772 5.7
1607122773 5.8
1607122774 5.9
1607122775 6.0
1607122776 6.1
1607122777 6.1
1607122778 6.2
1607122779 6.2
1607122780 6.1
1607122781 5.7
1607122782 5.4
1607122783 5.1
1607122784 4.9
1607122785 5.2
1607122786 5.5
1607122787 5.6
1607122788 5.7
1607122789 5.8
1607122790 6.0
1607122791 6.0
1607122792 5.7
1607122793 5.4
1607122794 5.3
1607122795 5.2
1607122796 5.2
1607122797 5.4
1607122798 5.7
1607122799 5.8
1607122800 5.9
1607122801 6.0
1607122802 6.0
1607122803 6.1
1607122804 6.2
1607122805 6.3
1607122806 6.4
1607122807 6.3
1607122808 6.1
1607122809 5.8
1607122810 5.7
1607122811 5.5
1607122812 5.3
1607122813 5.5
1607122814 5.7
1607122815 5.8
1607122816 5.9
1607122817 6.1
1607122818 6.1
1607122819 6.2
1607122820 6.2
1607122821 6.3
1607122822 6.2
1607122823 6.3
1607122824 6.3
1607122825 6.2
1607122826 6.3
1607122827 6.3
1607122828 6.2
1607122829 6.2
1607122830 6.3
1607122831 6.3
1607122832 6.2
1607122833 6.1
1607122834 6.1
1607122835 6.1
1607122836 6.1
1607122837 6.1
1607122838 6.1
1607122839 6.0
1607122840 6.0
1607122841 5.9
1607122842 6.0
1607122843 6.0
1607122844 5.9
1607122845 5.9
1607122846 5.9
1607122847 5.9
1607122848 5.9
1607122849 5.9
1607122850 5.9
1607122851 5.9
1607122852 5.9
1607122853 5.8
1607122854 5.9
1607122855 5.9
1607122856 5.9
1607122857 5.9
1607122858 5.9
1607122859 5.9
1607122860 5.9
1607122861 6.0
1607122862 5.9
1607122863 5.6
1607122864 5.3
1607122865 5.1
1607122866 5.0
1607122867 5.2
1607122868 5.5
1607122869 5.7
1607122870 5.8
1607122871 5.9
1607122872 6.0
1607122873 6.0
1607122874 6.1
1607122875 6.0
1607122876 6.1
1607122877 6.1
1607122878 6.0
1607122879 6.1
1607122880 5.9
1607122881 5.8
1607122882 5.6
1607122883 5.4
1607122884 5.2
1607122885 5.5
1607122886 5.7
1607122887 5.8
1607122888 5.9
1607122889 5.9
1607122890 5.9
1607122891 6.0
1607122892 6.1
1607122893 6.1
1607122894 6.1
1607122895 6.0
1607122896 5.7
1607122897 5.5
1607122898 5.2
1607122899 5.1
1607122900 5.4
1607122901 5.6
1607122902 5.7
1607122903 5.8
1607122904 5.9
1607122905 5.9
1607122906 5.9
1607122907 6.0
1607122908 6.0
1607122909 6.0
1607122910 6.1
1607122911 6.1
1607122912 6.1
1607122913 6.1
1607122914 6.1
1607122915 6.1
1607122916 6.1
1607122917 6.1
1607122918 5.8
1607122919 5.7
1607122920 5.8
1607122921 5.9
1607122922 6.0
1607122923 6.0
1607122924 6.0
1607122925 6.0
1607122926 6.1
1607122927 6.1
1607122928 6.1
1607122929 6.1
1607122930 6.1
1607122931 6.0
1607122932 6.1
1607122933 6.1
1607122934 6.1
1607122935 6.2
1607122936 6.1
1607122937 6.1
1607122938 6.1
1607122939 6.1
1607122940 6.1
1607122941 6.1
1607122942 6.0
1607122943 6.0
1607122944 6.0
1607122945 5.7
1607122946 5.5
1607122947 5.2
1607122948 5.0
1607122949 4.9
1607122950 4.8
1607122951 4.8
1607122952 4.6
1607122953 4.5
1607122954 4.8
1607122955 4.8
1607122956 4.6
1607122957 5.0
1607122959 5.1
1607122966 5.2