		g3log created log at: Fri Dec 04 08:47:57 2020
		LOG format: [YYYY/MM/DD hh:mm:ss uuu* LEVEL FILE->FUNCTION:LINE] messagen
		(uuu*: microseconds fractions of the seconds value)

2020/12/04 08:47:57 492414	INFO [experimenter.cc->experiment_fentry:301]	2363926:	UpdateStyleAndLayoutTree	11110000	3
2020/12/04 08:47:57 505686	INFO [experimenter.cc->experiment_fentry:301]	2363926:	ParseSheet	11110000	3
2020/12/04 08:47:57 731249	INFO [experimenter.cc->experiment_fexit:326]	2363926:	ParseSheet	11110101	3	225.054
2020/12/04 08:47:57 732212	INFO [experimenter.cc->experiment_fentry:301]	2363926:	ParseSheet	11110000	3
2020/12/04 08:47:57 735330	INFO [experimenter.cc->experiment_fexit:326]	2363926:	ParseSheet	11110101	3	2.98732
2020/12/04 08:47:57 835809	INFO [experimenter.cc->experiment_fexit:326]	2363926:	UpdateStyleAndLayoutTree	11110101	3	342.783
2020/12/04 08:47:57 836454	INFO [experimenter.cc->experiment_fentry:301]	2363926:	UpdateStyleAndLayoutTree	11110000	3
2020/12/04 08:47:57 836574	INFO [experimenter.cc->experiment_fexit:326]	2363926:	UpdateStyleAndLayoutTree	11110101	3	0.0542517
2020/12/04 08:47:58 471162	INFO [experimenter.cc->experiment_fentry:301]	2363926:	ResumeParsingAfterYield	11110000	0
2020/12/04 08:47:58 602634	INFO [experimenter.cc->experiment_fexit:326]	2363926:	ResumeParsingAfterYield	11110101	0	131.297
2020/12/04 08:47:58 644501	INFO [experimenter.cc->experiment_fentry:301]	2363926:	ExecuteScriptInMainWorld	00000110	5
2020/12/04 08:47:58 650467	INFO [experimenter.cc->experiment_fexit:326]	2363926:	ExecuteScriptInMainWorld	11110101	5	5.86467
2020/12/04 08:47:58 652460	INFO [experimenter.cc->experiment_fentry:301]	2363926:	ExecuteScriptInMainWorld	00000110	5
2020/12/04 08:47:58 654873	INFO [experimenter.cc->experiment_fexit:326]	2363926:	ExecuteScriptInMainWorld	11110101	5	2.30801
2020/12/04 08:47:58 683622	INFO [experimenter.cc->experiment_fentry:301]	2363926:	UpdateStyleAndLayoutTree	11110000	3
2020/12/04 08:47:58 693051	INFO [experimenter.cc->experiment_fexit:326]	2363926:	UpdateStyleAndLayoutTree	11110101	3	9.24108
2020/12/04 08:47:58 693434	INFO [experimenter.cc->experiment_fentry:301]	2363926:	UpdateStyleAndLayoutTree	11110000	3
2020/12/04 08:47:58 693534	INFO [experimenter.cc->experiment_fexit:326]	2363926:	UpdateStyleAndLayoutTree	11110101	3	0.0455008
2020/12/04 08:47:58 890608	INFO [experimenter.cc->experiment_fentry:301]	2363926:	ParseSheet	11110000	3
2020/12/04 08:47:58 903271	INFO [experimenter.cc->experiment_fexit:326]	2363926:	ParseSheet	11110101	3	12.4679
2020/12/04 08:47:59 042443	INFO [experimenter.cc->experiment_fentry:301]	2363926:	ParseSheet	11110000	3
2020/12/04 08:47:59 045074	INFO [experimenter.cc->experiment_fexit:326]	2363926:	ParseSheet	11110101	3	2.51597
2020/12/04 08:47:59 057308	INFO [experimenter.cc->experiment_fentry:301]	2363926:	ParseSheet	11110000	3
2020/12/04 08:47:59 094305	INFO [experimenter.cc->experiment_fexit:326]	2363926:	ParseSheet	11110101	3	36.8234
2020/12/04 08:47:59 109782	INFO [experimenter.cc->experiment_fentry:301]	2363926:	ParseSheet	11110000	3
2020/12/04 08:47:59 129535	INFO [experimenter.cc->experiment_fexit:326]	2363926:	ParseSheet	11110101	3	19.5675
2020/12/04 08:47:59 150923	INFO [experimenter.cc->experiment_fentry:301]	2363926:	ParseSheet	11110000	3
2020/12/04 08:47:59 151544	INFO [experimenter.cc->experiment_fexit:326]	2363926:	ParseSheet	11110101	3	0.507511
2020/12/04 08:47:59 163679	INFO [experimenter.cc->experiment_fentry:301]	2363926:	ParseSheet	11110000	3
2020/12/04 08:47:59 185701	INFO [experimenter.cc->experiment_fexit:326]	2363926:	ParseSheet	11110101	3	21.8172
2020/12/04 08:47:59 248571	INFO [experimenter.cc->experiment_fentry:301]	2363926:	ParseSheet	11110000	3
2020/12/04 08:47:59 343674	INFO [experimenter.cc->experiment_fexit:326]	2363926:	ParseSheet	11110101	3	94.9032
2020/12/04 08:47:59 390288	INFO [experimenter.cc->experiment_fentry:301]	2363926:	ExecuteScriptInMainWorld	00000110	5
2020/12/04 08:47:59 392297	INFO [experimenter.cc->experiment_fexit:326]	2363926:	ExecuteScriptInMainWorld	11110101	5	1.90579
2020/12/04 08:47:59 440183	INFO [experimenter.cc->experiment_fentry:301]	2363926:	ExecuteScriptInMainWorld	00000110	5
2020/12/04 08:47:59 441939	INFO [experimenter.cc->experiment_fexit:326]	2363926:	ExecuteScriptInMainWorld	11110101	5	1.6567
2020/12/04 08:47:59 473632	INFO [experimenter.cc->experiment_fentry:301]	2363926:	ExecuteScriptInMainWorld	00000110	5
2020/12/04 08:47:59 477298	INFO [experimenter.cc->experiment_fexit:326]	2363926:	ExecuteScriptInMainWorld	11110101	5	3.55958
2020/12/04 08:47:59 489039	INFO [experimenter.cc->experiment_fentry:301]	2363926:	ExecuteScriptInMainWorld	00000110	5
2020/12/04 08:47:59 516074	INFO [experimenter.cc->experiment_fexit:326]	2363926:	ExecuteScriptInMainWorld	11110101	5	26.9232
2020/12/04 08:47:59 524398	INFO [experimenter.cc->experiment_fentry:301]	2363926:	UpdateStyleAndLayoutTree	11110000	1
2020/12/04 08:47:59 608186	INFO [experimenter.cc->experiment_fexit:326]	2363926:	UpdateStyleAndLayoutTree	11110101	1	83.6186
2020/12/04 08:47:59 608488	INFO [experimenter.cc->experiment_fentry:301]	2363926:	UpdateStyleAndLayoutTree	11110000	1
2020/12/04 08:47:59 608578	INFO [experimenter.cc->experiment_fexit:326]	2363926:	UpdateStyleAndLayoutTree	11110101	1	0.0411263
2020/12/04 08:47:59 640284	INFO [experimenter.cc->experiment_fentry:301]	2363926:	ExecuteScriptInMainWorld	00000110	5
2020/12/04 08:47:59 645469	INFO [experimenter.cc->experiment_fexit:326]	2363926:	ExecuteScriptInMainWorld	11110101	5	4.95815
