		g3log created log at: Sat Dec 05 04:57:37 2020
		LOG format: [YYYY/MM/DD hh:mm:ss uuu* LEVEL FILE->FUNCTION:LINE] messagen
		(uuu*: microseconds fractions of the seconds value)

2020/12/05 04:57:37 743472	INFO [experimenter.cc->experiment_fentry:301]	2424408:	UpdateStyleAndLayoutTree	00000101	5
2020/12/05 04:57:37 748220	INFO [experimenter.cc->experiment_fentry:301]	2424408:	ParseSheet	00000101	5
2020/12/05 04:57:37 852733	INFO [experimenter.cc->experiment_fexit:326]	2424408:	ParseSheet	11111100	5	104.114
2020/12/05 04:57:37 853588	INFO [experimenter.cc->experiment_fentry:301]	2424408:	ParseSheet	00000101	5
2020/12/05 04:57:37 856114	INFO [experimenter.cc->experiment_fexit:326]	2424408:	ParseSheet	11111100	5	2.29838
2020/12/05 04:57:38 071390	INFO [experimenter.cc->experiment_fexit:326]	2424408:	UpdateStyleAndLayoutTree	11111100	0	327.055
2020/12/05 04:57:38 075935	INFO [experimenter.cc->experiment_fentry:301]	2424408:	UpdateStyleAndLayoutTree	00000101	5
2020/12/05 04:57:38 076145	INFO [experimenter.cc->experiment_fexit:326]	2424408:	UpdateStyleAndLayoutTree	11111100	5	0.0530844
2020/12/05 04:57:38 744969	INFO [experimenter.cc->experiment_fentry:301]	2424408:	ResumeParsingAfterYield	00000101	5
2020/12/05 04:57:39 005897	INFO [experimenter.cc->experiment_fexit:326]	2424408:	ResumeParsingAfterYield	11111100	5	260.694
2020/12/05 04:57:39 065273	INFO [experimenter.cc->experiment_fentry:301]	2424408:	ExecuteScriptInMainWorld	11110000	3
2020/12/05 04:57:39 069314	INFO [experimenter.cc->experiment_fexit:326]	2424408:	ExecuteScriptInMainWorld	11111100	3	3.85942
2020/12/05 04:57:39 071881	INFO [experimenter.cc->experiment_fentry:301]	2424408:	ExecuteScriptInMainWorld	11110000	3
2020/12/05 04:57:39 073321	INFO [experimenter.cc->experiment_fexit:326]	2424408:	ExecuteScriptInMainWorld	11111100	3	1.28132
2020/12/05 04:57:39 107514	INFO [experimenter.cc->experiment_fentry:301]	2424408:	UpdateStyleAndLayoutTree	00000101	5
2020/12/05 04:57:39 114422	INFO [experimenter.cc->experiment_fexit:326]	2424408:	UpdateStyleAndLayoutTree	11111100	5	6.55214
2020/12/05 04:57:39 131234	INFO [experimenter.cc->experiment_fentry:301]	2424408:	UpdateStyleAndLayoutTree	00000101	5
2020/12/05 04:57:39 131468	INFO [experimenter.cc->experiment_fexit:326]	2424408:	UpdateStyleAndLayoutTree	11111100	5	0.0530853
2020/12/05 04:57:39 327376	INFO [experimenter.cc->experiment_fentry:301]	2424408:	ParseSheet	00000101	5
2020/12/05 04:57:39 347390	INFO [experimenter.cc->experiment_fexit:326]	2424408:	ParseSheet	11111100	5	19.7795
2020/12/05 04:57:39 435578	INFO [experimenter.cc->experiment_fentry:301]	2424408:	ParseSheet	00000101	5
2020/12/05 04:57:39 437827	INFO [experimenter.cc->experiment_fexit:326]	2424408:	ParseSheet	11111100	5	2.02421
2020/12/05 04:57:39 461656	INFO [experimenter.cc->experiment_fentry:301]	2424408:	ParseSheet	00000101	5
2020/12/05 04:57:39 558818	INFO [experimenter.cc->experiment_fexit:326]	2424408:	ParseSheet	11111100	5	96.9384
2020/12/05 04:57:39 605655	INFO [experimenter.cc->experiment_fentry:301]	2424408:	ParseSheet	00000101	5
2020/12/05 04:57:39 634207	INFO [experimenter.cc->experiment_fexit:326]	2424408:	ParseSheet	11111100	5	28.3226
2020/12/05 04:57:39 651576	INFO [experimenter.cc->experiment_fentry:301]	2424408:	ParseSheet	00000101	5
2020/12/05 04:57:39 662064	INFO [experimenter.cc->experiment_fexit:326]	2424408:	ParseSheet	11111100	5	0.355841
2020/12/05 04:57:39 671114	INFO [experimenter.cc->experiment_fentry:301]	2424408:	ParseSheet	00000101	5
2020/12/05 04:57:39 742581	INFO [experimenter.cc->experiment_fexit:326]	2424408:	ParseSheet	11111100	5	61.0553
2020/12/05 04:57:39 792611	INFO [experimenter.cc->experiment_fentry:301]	2424408:	ParseSheet	00000101	5
2020/12/05 04:57:39 887006	INFO [experimenter.cc->experiment_fexit:326]	2424408:	ParseSheet	11111100	5	94.2845
2020/12/05 04:57:39 901592	INFO [experimenter.cc->experiment_fentry:301]	2424408:	ExecuteScriptInMainWorld	11110000	1
2020/12/05 04:57:39 904789	INFO [experimenter.cc->experiment_fexit:326]	2424408:	ExecuteScriptInMainWorld	11111100	1	3.01502
2020/12/05 04:57:39 938718	INFO [experimenter.cc->experiment_fentry:301]	2424408:	ExecuteScriptInMainWorld	11110000	0
2020/12/05 04:57:39 941724	INFO [experimenter.cc->experiment_fexit:326]	2424408:	ExecuteScriptInMainWorld	11111100	0	2.79306
2020/12/05 04:57:39 977420	INFO [experimenter.cc->experiment_fentry:301]	2424408:	UpdateStyleAndLayoutTree	00000101	5
2020/12/05 04:57:40 054592	INFO [experimenter.cc->experiment_fexit:326]	2424408:	UpdateStyleAndLayoutTree	11111100	5	77.0586
2020/12/05 04:57:40 054826	INFO [experimenter.cc->experiment_fentry:301]	2424408:	UpdateStyleAndLayoutTree	00000101	5
2020/12/05 04:57:40 054988	INFO [experimenter.cc->experiment_fexit:326]	2424408:	UpdateStyleAndLayoutTree	11111100	5	0.0440435
2020/12/05 04:57:40 076100	INFO [experimenter.cc->experiment_fentry:301]	2424408:	ExecuteScriptInMainWorld	11110000	0
2020/12/05 04:57:40 080087	INFO [experimenter.cc->experiment_fexit:326]	2424408:	ExecuteScriptInMainWorld	11111100	0	3.81654
