1607144244 5.1
1607144245 4.8
1607144246 4.6
1607144247 4.7
1607144248 4.9
1607144249 5.2
1607144250 5.4
1607144251 5.5
1607144252 5.6
1607144253 5.7
1607144254 5.8
1607144255 5.9
1607144256 5.9
1607144257 5.9
1607144258 6.0
1607144259 6.1
1607144260 6.1
1607144261 6.1
1607144262 6.1
1607144263 6.1
1607144264 6.1
1607144265 6.2
1607144266 6.2
1607144267 6.2
1607144268 6.1
1607144269 6.1
1607144270 5.7
1607144271 5.4
1607144272 5.2
1607144273 4.9
1607144274 5.3
1607144275 5.5
1607144276 5.6
1607144277 5.8
1607144278 5.9
1607144279 5.9
1607144280 5.9
1607144281 6.0
1607144282 6.0
1607144283 6.1
1607144284 6.1
1607144285 6.0
1607144286 5.8
1607144287 5.7
1607144288 5.6
1607144289 5.5
1607144290 5.8
1607144291 5.9
1607144292 5.9
1607144293 6.0
1607144294 5.9
1607144295 6.0
1607144296 6.0
1607144297 6.1
1607144298 6.1
1607144299 6.1
1607144300 6.1
1607144301 6.1
1607144302 5.8
1607144303 5.6
1607144304 5.4
1607144305 5.3
1607144306 5.1
1607144307 5.4
1607144308 5.5
1607144309 5.6
1607144310 5.7
1607144311 5.7
1607144312 5.8
1607144313 5.9
1607144314 5.9
1607144315 5.9
1607144316 6.0
1607144317 6.0
1607144318 6.0
1607144319 6.0
1607144320 6.0
1607144321 6.1
1607144322 6.1
1607144323 6.1
1607144324 6.1
1607144325 6.1
1607144326 6.1
1607144327 6.1
1607144328 6.1
1607144329 6.1
1607144330 6.1
1607144331 6.1
1607144332 6.1
1607144333 6.0
1607144334 6.1
1607144335 6.1
1607144336 6.1
1607144337 6.1
1607144338 6.0
1607144339 6.0
1607144340 6.0
1607144341 6.0
1607144342 6.0
1607144343 5.8
1607144344 5.5
1607144345 5.3
1607144346 5.0
1607144347 4.8
1607144348 4.9
1607144349 4.8
1607144350 4.8
1607144351 4.7
1607144352 4.6
1607144353 4.6
1607144354 4.9
1607144355 4.7
1607144356 4.5
1607144357 4.5
1607144358 4.6
1607144359 4.7
1607144360 5.0
1607144361 4.8
1607144362 4.6
1607144363 4.4
1607144364 4.3
1607144365 4.3
1607144366 4.5
1607144367 4.5
1607144368 4.5
1607144369 4.3
1607144370 4.2
1607144371 4.0
1607144372 4.3
1607144373 4.6
1607144374 4.6
1607144375 4.6
1607144376 4.4
1607144377 4.2
1607144378 4.6
1607144379 5.0
1607144380 5.2
1607144381 5.1
1607144382 5.0
1607144383 4.8
1607144384 4.8
1607144385 4.8
1607144386 5.2
1607144387 5.5
1607144388 5.8
1607144389 6.0
1607144390 6.1
1607144391 6.2
1607144392 6.2
1607144393 6.3
1607144394 6.4
1607144395 6.4
1607144396 6.4
1607144397 6.3
1607144398 6.1
1607144399 5.8
1607144400 5.5
1607144401 5.2
1607144402 5.3
1607144403 5.6
1607144404 5.8
1607144405 5.9
1607144406 6.0
1607144407 6.2
1607144408 6.2
1607144409 6.2
1607144410 6.3
1607144411 6.3
1607144412 6.3
1607144413 6.4
1607144414 6.4
1607144415 6.4
1607144416 6.5
1607144417 6.4
1607144418 6.4
1607144419 6.4
1607144420 6.4
1607144421 6.3
1607144422 6.3
1607144423 6.3
1607144424 6.3
1607144425 6.2
1607144426 6.1
1607144427 5.8
1607144428 5.5
1607144429 5.2
1607144430 5.1
1607144431 5.4
1607144432 5.5
1607144433 5.6
1607144434 5.8
1607144435 5.8
1607144436 5.8
1607144437 5.9
1607144438 6.0
1607144439 6.0
1607144440 6.0
1607144441 6.1
1607144442 6.1
1607144443 6.0
1607144444 5.7
1607144445 5.4
1607144446 5.2
1607144447 5.2
1607144448 5.4
1607144449 5.6
1607144450 5.8
1607144451 5.8
1607144452 5.9
1607144453 5.9
1607144454 6.0
1607144455 6.1
1607144456 6.1
1607144457 6.1
1607144458 6.1
1607144459 6.1
1607144460 6.1
1607144461 6.2
1607144462 6.2
1607144463 6.2
1607144464 6.0
1607144465 5.7
1607144466 5.5
1607144467 5.4
1607144468 5.4
1607144469 5.6
1607144470 5.7
1607144471 5.8
1607144472 5.9
1607144473 6.0
1607144474 6.0
1607144475 6.1
1607144476 6.1
1607144477 6.2
1607144478 6.0
1607144479 5.8
1607144480 5.7
1607144481 5.5
1607144482 5.2
1607144483 5.0
1607144484 4.8
1607144485 4.6
1607144486 4.7
1607144487 4.9
1607144488 5.0
1607144489 4.9
1607144490 4.9
1607144491 5.2
1607144493 5.3
1607144495 5.0
1607144503 5.7
1607144504 5.8
1607144505 5.8
1607144506 5.9
1607144507 5.9
1607144508 6.0
1607144509 6.0
1607144510 6.1
1607144511 6.1
1607144512 6.2
1607144513 6.2
1607144514 6.2
1607144515 6.2
1607144516 6.2
1607144517 6.2
1607144518 6.2
1607144519 6.2
1607144520 6.2
1607144521 6.2
1607144522 6.2
1607144523 6.2
1607144524 6.2
1607144525 6.1
1607144526 6.1
1607144527 6.2
1607144528 6.1
1607144529 6.1
1607144530 6.1
1607144531 6.1
1607144532 6.1
1607144533 6.1
1607144534 6.1
1607144535 6.1
1607144536 6.1
1607144537 5.8
1607144538 5.5
1607144539 5.3
1607144540 5.1
1607144541 5.1
1607144542 5.4
1607144543 5.5
1607144544 5.6
1607144545 5.7
1607144546 5.8
1607144547 5.9
1607144548 6.0
1607144549 6.0
1607144550 6.1
1607144551 6.1
1607144552 6.1
1607144553 6.1
1607144554 6.1
1607144555 6.1
1607144556 6.1
1607144557 6.1
1607144558 6.1
1607144559 6.1
1607144560 6.1
1607144561 6.1
1607144562 6.0
1607144563 6.0
1607144564 5.9
1607144565 5.9
1607144566 6.0
1607144567 6.0
1607144568 5.9
1607144569 5.8
1607144570 5.8
1607144571 5.8
1607144572 5.9
1607144573 5.8
1607144574 5.8
1607144575 5.7
1607144576 5.7
1607144577 5.7
1607144578 5.8
1607144579 5.8
1607144580 5.8
1607144581 5.8
1607144582 5.8
1607144583 5.8
1607144584 5.8
1607144585 5.8
1607144586 5.8
1607144587 5.8
1607144588 5.8
1607144589 5.8
1607144590 5.8
1607144591 5.7
1607144592 5.4
1607144593 5.2
1607144594 5.0
1607144595 4.9
1607144596 5.2
1607144597 5.4
1607144598 5.5
1607144599 5.6
1607144600 5.7
1607144601 5.8
1607144602 5.8
1607144603 5.9
1607144604 6.0
1607144605 6.1
1607144606 6.0
1607144607 6.1
1607144608 6.1
1607144609 6.0
1607144610 6.0
1607144611 6.0
1607144612 5.9
1607144613 5.6
1607144614 5.5
1607144615 5.3
1607144616 5.0
1607144617 5.1
1607144618 5.4
1607144619 5.5
1607144620 5.7
1607144621 5.8
1607144622 5.8
1607144623 5.8
1607144624 5.9
1607144625 5.9
1607144626 6.0
1607144627 6.0
1607144628 6.0
1607144629 5.7
1607144630 5.5
1607144631 5.5
1607144632 5.4
1607144633 5.6
1607144634 5.7
1607144635 5.7
1607144636 5.7
1607144637 5.8
1607144638 5.8
1607144639 5.9
1607144640 5.6
1607144641 5.3
1607144642 5.2
1607144643 5.1
1607144644 5.0
1607144645 5.2
1607144646 5.4
1607144647 5.1
1607144648 4.9
1607144649 4.8
1607144650 4.9
1607144651 4.9
1607144652 5.2
1607144653 5.4
1607144654 5.5
1607144655 5.7
1607144656 5.8
1607144657 5.9
1607144658 5.9
1607144659 6.0
1607144660 6.0
1607144661 6.0
1607144662 6.0
1607144663 6.0
1607144664 5.9
1607144665 5.6
1607144666 5.4
1607144667 5.3
1607144668 5.2
1607144669 5.5
1607144670 5.7
1607144671 5.7
1607144672 5.8
1607144673 5.9
1607144674 5.9
1607144675 6.0
1607144676 6.0
1607144677 6.0
1607144678 6.0
1607144679 6.0
1607144680 6.0
1607144681 6.1
1607144682 6.1
1607144683 6.1
1607144684 6.0
1607144685 6.1
1607144686 6.1
1607144687 5.8
1607144688 5.8
1607144689 5.9
1607144690 5.9
1607144691 5.9
1607144692 6.0
1607144693 6.0
1607144694 6.0
1607144695 6.0
1607144696 6.0
1607144697 6.0
1607144698 6.0
1607144699 6.0
1607144700 6.0
1607144701 5.6
1607144702 5.5
1607144703 5.5
1607144704 5.3
1607144705 5.1
1607144706 5.3
1607144707 5.5
1607144708 5.6
1607144709 5.7
1607144710 5.8
1607144711 5.8
1607144712 5.9
1607144713 5.9
1607144714 5.9
1607144715 5.9
1607144716 5.8
1607144717 5.5
1607144718 5.2
1607144719 5.0
1607144720 4.8
1607144721 5.1
1607144722 5.3
1607144723 5.4
1607144724 5.6
1607144725 5.7
1607144726 5.8
1607144727 5.8
1607144728 6.0
1607144729 6.0
1607144730 6.2
1607144731 6.2
1607144732 6.1
1607144733 5.9
1607144734 5.6
1607144735 5.5
1607144736 5.5
1607144737 5.2
1607144738 5.0
1607144739 4.8
1607144740 4.6
1607144741 4.4
1607144742 4.3
1607144743 4.7
1607144744 4.8
1607144745 4.7
1607144746 5.1
1607144748 5.2
1607144750 4.9