1607135655 5.1
1607135656 5.0
1607135657 4.8
1607135658 4.9
1607135659 5.2
1607135660 5.3
1607135661 5.5
1607135662 5.6
1607135663 5.7
1607135664 5.7
1607135665 5.8
1607135666 5.9
1607135667 5.9
1607135668 5.9
1607135669 6.0
1607135670 6.0
1607135671 6.1
1607135672 6.1
1607135673 6.2
1607135674 6.0
1607135675 5.8
1607135676 5.6
1607135677 5.4
1607135678 5.2
1607135679 5.4
1607135680 5.5
1607135681 5.7
1607135682 5.8
1607135683 5.9
1607135684 5.9
1607135685 6.0
1607135686 6.1
1607135687 6.0
1607135688 6.0
1607135689 5.9
1607135690 5.8
1607135691 5.4
1607135692 5.3
1607135693 5.3
1607135694 5.6
1607135695 5.7
1607135696 5.8
1607135697 5.9
1607135698 5.9
1607135699 6.0
1607135700 6.0
1607135701 6.0
1607135702 6.0
1607135703 6.1
1607135704 6.1
1607135705 6.1
1607135706 6.1
1607135707 6.1
1607135708 6.1
1607135709 6.1
1607135710 6.1
1607135711 6.1
1607135712 6.1
1607135713 6.0
1607135714 6.1
1607135715 6.0
1607135716 6.0
1607135717 5.9
1607135718 5.6
1607135719 5.4
1607135720 5.2
1607135721 5.1
1607135722 5.4
1607135723 5.6
1607135724 5.7
1607135725 5.7
1607135726 5.8
1607135727 5.9
1607135728 5.9
1607135729 6.0
1607135730 6.0
1607135731 6.1
1607135732 6.1
1607135733 6.1
1607135734 6.1
1607135735 5.8
1607135736 5.5
1607135737 5.5
1607135738 5.4
1607135739 5.3
1607135740 5.5
1607135741 5.6
1607135742 5.7
1607135743 5.8
1607135744 5.9
1607135745 5.9
1607135746 6.0
1607135747 6.0
1607135748 6.0
1607135749 6.0
1607135750 6.1
1607135751 6.0
1607135752 6.1
1607135753 6.1
1607135754 6.1
1607135755 6.1
1607135756 6.1
1607135757 6.1
1607135758 6.1
1607135759 6.1
1607135760 6.0
1607135761 6.0
1607135762 6.0
1607135763 6.0
1607135764 6.0
1607135765 6.0
1607135766 5.8
1607135767 5.5
1607135768 5.3
1607135769 5.0
1607135770 5.1
1607135771 5.3
1607135772 5.5
1607135773 5.6
1607135774 5.7
1607135775 5.8
1607135776 5.8
1607135777 5.9
1607135778 6.0
1607135779 6.0
1607135780 5.9
1607135781 6.0
1607135782 6.0
1607135783 6.1
1607135784 5.9
1607135785 5.8
1607135786 5.6
1607135787 5.3
1607135788 5.4
1607135789 5.6
1607135790 5.7
1607135791 5.8
1607135792 5.8
1607135793 5.8
1607135794 5.9
1607135795 5.9
1607135796 5.6
1607135797 5.5
1607135798 5.5
1607135799 5.4
1607135800 5.4
1607135801 5.6
1607135802 5.7
1607135803 5.8
1607135804 5.9
1607135805 6.0
1607135806 6.0
1607135807 6.1
1607135808 6.1
1607135809 6.2
1607135810 6.2
1607135811 6.1
1607135812 5.8
1607135813 5.5
1607135814 5.4
1607135815 5.3
1607135816 5.5
1607135817 5.6
1607135818 5.8
1607135819 5.9
1607135820 5.9
1607135821 5.9
1607135822 6.0
1607135823 6.1
1607135824 6.2
1607135825 6.2
1607135826 6.1
1607135827 6.1
1607135828 6.1
1607135829 5.8
1607135830 5.5
1607135831 5.2
1607135832 5.0
1607135833 5.1
1607135834 5.3
1607135835 5.5
1607135836 5.6
1607135837 5.8
1607135838 5.9
1607135839 6.0
1607135840 6.0
1607135841 6.1
1607135842 6.1
1607135843 6.1
1607135844 6.2
1607135845 6.2
1607135846 6.3
1607135847 6.3
1607135848 6.3
1607135849 6.2
1607135850 5.9
1607135851 5.8
1607135852 5.7
1607135853 5.6
1607135854 5.7
1607135855 5.8
1607135856 5.9
1607135857 5.9
1607135858 5.9
1607135859 6.0
1607135860 6.0
1607135861 6.0
1607135862 6.0
1607135863 6.0
1607135864 6.1
1607135865 6.1
1607135866 6.1
1607135867 6.1
1607135868 6.1
1607135869 6.1
1607135870 6.1
1607135871 5.9
1607135872 5.6
1607135873 5.6
1607135874 5.4
1607135875 5.1
1607135876 4.9
1607135877 4.7
1607135878 5.0
1607135879 5.1
1607135880 5.0
1607135881 5.3
1607135884 5.4